
        <html>
        <head>
            <title>junit-complex_suites.xml - Junit Test Report</title>
            <style type="text/css">
              h1 {
    font-family: sans-serif;
}
h2 {
    font-family: sans-serif;
}

li > a {
    font-family: monospace;
}

.testclass > div {
    padding-left: 1em;
}

.testclass > a > div {
    font-size: 1.3em;
    font-family: sans-serif;
}

.testcase > div {
    border-left: 3px solid black;
    padding-left: 1em;
}

.testcase pre {
    display: block;
    padding: 4px;
    margin-right: 1em;
    background-color: #121212;
    color: #dedede;
    white-space: pre-wrap;
}

.testcase .details b {
    font-size: 1.2em;
}

.stdout, .stderr, .property {
    margin-left: 1em;
}

.skipped {
    background-color: #eeee00;
}

.failure {
    background-color: #eeaaaa;
}
            </style>
        </head><body><h1>Test Report</h1><ul><li><a href="#ff7522c5-2fc8-4151-8c87-5be45ecfcd12">Untitled suite in /Users/niko/Sites/casperjs/tests/suites/casper/agent.js</a></li><li><a href="#5da7fed5-af35-4f95-a45b-400797089184">Untitled suite in /Users/niko/Sites/casperjs/tests/suites/casper/alert.js</a></li><li><a href="#4600516e-e544-417c-9454-e9810a80a59f">Untitled suite in /Users/niko/Sites/casperjs/tests/suites/casper/auth.js</a></li><li><a href="#245015a5-220c-45a4-a68b-66d04c202be7">Untitled suite in /Users/niko/Sites/casperjs/tests/suites/casper/capture.js</a></li><li><a href="#372391e5-ab5e-4eef-95cc-35c79dab0562">Untitled suite in /Users/niko/Sites/casperjs/tests/suites/casper/click.js</a></li><li><a href="#aae36aef-3398-4fa7-9cc4-7cb4045758fe">Untitled suite in /Users/niko/Sites/casperjs/tests/suites/casper/confirm.js</a></li><li><a href="#62f881c6-0c9a-496b-9acf-a7d9f592a833">Untitled suite in /Users/niko/Sites/casperjs/tests/suites/casper/debug.js</a></li><li><a href="#f3946619-ac6d-4358-a6a7-a090a04accd0">Untitled suite in /Users/niko/Sites/casperjs/tests/suites/casper/elementattribute.js</a></li><li><a href="#d0a16786-e120-43e9-92ff-4963550de10a">Untitled suite in /Users/niko/Sites/casperjs/tests/suites/casper/encode.js</a></li><li><a href="#eacb6e3e-c85f-4d1d-adce-c877f0234d57">Untitled suite in /Users/niko/Sites/casperjs/tests/suites/casper/evaluate.js</a></li><li><a href="#ddfe3aea-cb61-4c8b-86ff-ea0cb228974b">Untitled suite in /Users/niko/Sites/casperjs/tests/suites/casper/events.js</a></li><li><a href="#c20c9808-8482-4b94-8446-cd141e61935f">Untitled suite in /Users/niko/Sites/casperjs/tests/suites/casper/exists.js</a></li><li><a href="#c00e72aa-f668-4c57-9b23-e4fb0eacc83f">Untitled suite in /Users/niko/Sites/casperjs/tests/suites/casper/fetchtext.js</a></li><li><a href="#719ab343-57a9-4f88-8207-efe6a7054890">Untitled suite in /Users/niko/Sites/casperjs/tests/suites/casper/flow.coffee</a></li><li><a href="#2fa5d025-da6f-4132-81cb-c09eb0dab487">Untitled suite in /Users/niko/Sites/casperjs/tests/suites/casper/formfill.js</a></li><li><a href="#c1534fe9-8989-43f0-8b3a-19b060d21975">Untitled suite in /Users/niko/Sites/casperjs/tests/suites/casper/frames.js</a></li><li><a href="#6916b376-fdb1-42a0-a20f-eb3b968d3491">Untitled suite in /Users/niko/Sites/casperjs/tests/suites/casper/global.js</a></li><li><a href="#89e89e22-87e2-49fd-9a56-10800dc75999">Untitled suite in /Users/niko/Sites/casperjs/tests/suites/casper/headers.js</a></li><li><a href="#7ffda8ad-8373-4b30-9cb6-1376e73b606d">Untitled suite in /Users/niko/Sites/casperjs/tests/suites/casper/history.js</a></li><li><a href="#17199138-31a6-4670-9cc9-5a8aaf81bbb8">Untitled suite in /Users/niko/Sites/casperjs/tests/suites/casper/hooks.js</a></li><li><a href="#b2d67815-a078-4878-8902-3e232a9ced44">Untitled suite in /Users/niko/Sites/casperjs/tests/suites/casper/keys.js</a></li><li><a href="#52b86e65-4a9b-466f-bc60-0db51bf33544">Untitled suite in /Users/niko/Sites/casperjs/tests/suites/casper/logging.js</a></li><li><a href="#bc7aa038-b213-4361-a1f6-6f81e2c3e283">Untitled suite in /Users/niko/Sites/casperjs/tests/suites/casper/mouseevents.js</a></li><li><a href="#c24c3235-bd4b-45f5-99e9-d7961bf65e68">Untitled suite in /Users/niko/Sites/casperjs/tests/suites/casper/onerror.js</a></li><li><a href="#8e2cb6f9-c319-4259-995a-ee7037befd8f">Untitled suite in /Users/niko/Sites/casperjs/tests/suites/casper/open.js</a></li><li><a href="#8c3dfb7f-5077-44e0-84e1-d644f7c7a890">Untitled suite in /Users/niko/Sites/casperjs/tests/suites/casper/popup.js</a></li><li><a href="#ed6c81d7-02fe-44e1-82ae-a45cc3641705">Untitled suite in /Users/niko/Sites/casperjs/tests/suites/casper/prompt.js</a></li><li><a href="#55906b6c-17b1-4290-be75-577f0291341d">Untitled suite in /Users/niko/Sites/casperjs/tests/suites/casper/request.js</a></li><li><a href="#57d49f55-8ad3-46de-a0fa-ac543baa5126">Untitled suite in /Users/niko/Sites/casperjs/tests/suites/casper/resources.coffee</a></li><li><a href="#158c6bc4-1008-431f-be9e-fe2d4685d7cd">Untitled suite in /Users/niko/Sites/casperjs/tests/suites/casper/scripts.js</a></li><li><a href="#ea24f6c8-3053-4926-9020-d47b232ae61a">Untitled suite in /Users/niko/Sites/casperjs/tests/suites/casper/start.js</a></li><li><a href="#2f415561-99fa-4d37-8152-cd1781364d4e">Untitled suite in /Users/niko/Sites/casperjs/tests/suites/casper/steps.js</a></li><li><a href="#81e6b217-1a33-4a6b-a5cd-9d98474cc656">Untitled suite in /Users/niko/Sites/casperjs/tests/suites/casper/urls.js</a></li><li><a href="#e939c5b4-8a52-429d-ac98-48f77585f25a">Untitled suite in /Users/niko/Sites/casperjs/tests/suites/casper/viewport.js</a></li><li><a href="#9565800d-2fa5-4397-9933-3d1147c7444f">Untitled suite in /Users/niko/Sites/casperjs/tests/suites/casper/visible.js</a></li><li><a href="#f3ea0c86-29e0-449d-80d8-17839f28a0a7">Untitled suite in /Users/niko/Sites/casperjs/tests/suites/casper/wait.js</a></li><li><a href="#725d742d-5172-403f-b346-0fee274f6f4f">Untitled suite in /Users/niko/Sites/casperjs/tests/suites/casper/xpath.js</a></li><li><a href="#643939c8-d2d0-4ad1-a90a-7a45ec21f6b6">Untitled suite in /Users/niko/Sites/casperjs/tests/suites/cli.js</a></li><li><a href="#d4c3083a-c496-4ba9-8883-90017d12840c">Untitled suite in /Users/niko/Sites/casperjs/tests/suites/clientutils.js</a></li><li><a href="#81f85d77-115d-4b66-8d02-a0868dcdfee0">Untitled suite in /Users/niko/Sites/casperjs/tests/suites/coffee.coffee</a></li><li><a href="#457d588c-cc6a-4285-8a45-8e405fc65852">Untitled suite in /Users/niko/Sites/casperjs/tests/suites/fs.js</a></li><li><a href="#d9413886-a35d-4ef6-8fc2-e2d2ac278ca3">Untitled suite in /Users/niko/Sites/casperjs/tests/suites/http_status.js</a></li><li><a href="#a83e0cfa-408a-4a42-9ad3-b7c012a89533">Untitled suite in /Users/niko/Sites/casperjs/tests/suites/injector.js</a></li><li><a href="#3bf584a9-3b74-4fe3-a68c-ca44ebc8b81a">Untitled suite in /Users/niko/Sites/casperjs/tests/suites/popup.js</a></li><li><a href="#60acac97-010a-4d11-b1cd-66ce1c5f6528">Untitled suite in /Users/niko/Sites/casperjs/tests/suites/require.js</a></li><li><a href="#f2c6ae99-e304-483e-8460-ffbeac383b2f">Untitled suite in /Users/niko/Sites/casperjs/tests/suites/tester.js</a></li><li><a href="#e51c6f22-e092-4234-9754-a515b2014afa">utils.betterTypeOf() tests</a></li><li><a href="#be3cbc1b-a5b1-43ea-a67e-83261f8a7915">utils.cleanUrl() tests</a></li><li><a href="#5bc0c2c2-1ed2-44e8-be7e-917be5956394">utils.clone() tests</a></li><li><a href="#0b2de742-6bb8-4ef8-a694-3615e3380a14">equals() tests</a></li><li><a href="#e6a45f7d-97f3-4861-967e-e8937e1da43d">fileExt() tests</a></li><li><a href="#3088a9bf-ac7f-440a-8d0f-a88b1552158c">fillBlanks() tests</a></li><li><a href="#0f73bf26-19ea-4a07-bd1d-a5668b8cb5bc">getPropertyPath() tests</a></li><li><a href="#e8728dd4-5e3e-4f3d-a95e-3402c5b1255a">isArray() tests</a></li><li><a href="#13a729d5-4790-4af3-8e39-dcdb289facc9">isClipRect() tests</a></li><li><a href="#44b85cdd-dd37-4e15-b7b4-c5a9d4762398">isHTTPResource() tests</a></li><li><a href="#4cfa23b8-b137-4625-aaa5-070e0218c639">isObject() tests</a></li><li><a href="#5939c018-b5b3-4941-a901-bbc8d812aedc">isValidSelector() tests</a></li><li><a href="#87e3224e-06e5-4c44-9be1-908b29ef35c7">isWebPage() tests</a></li><li><a href="#21d70213-6b1a-41bb-bff4-6b23a0ecf05b">isJsFile() tests</a></li><li><a href="#5f851f4e-19e3-4e24-9297-a45f251e6310">mergeObjects() tests</a></li><li><a href="#6e02569c-3512-4ea8-85fc-d8e47d1d5094">unique() tests</a></li><li><a href="#ae996284-ec5b-4ad3-90c0-1900b5951511">XUnitReporter() initialization</a></li><li><a href="#96454a86-6647-4a0c-9a9e-cc17514ca257">XUnitReporter() can hold test suites</a></li><li><a href="#d9c2609b-dbfe-43b9-97bb-6aa45223bc51">XUnitReporter() can hold a suite with a succesful test</a></li><li><a href="#bfe74f7a-d14a-4dd4-a2c8-0f5cff2e775f">XUnitReporter() can handle a failed test</a></li></ul>
        <div class="testsuite">
            <h2>Test Suite: Untitled suite in /Users/niko/Sites/casperjs/tests/suites/casper/agent.js</h2><a name="ff7522c5-2fc8-4151-8c87-5be45ecfcd12">
            Package: tests/suites/casper/agent<br/>
            
            <table>
            <tr><th align="left">Duration</th><td align="right">0.256 sec</td></tr>
            <tr><th align="left">Test Cases</th><td align="right">3</td></tr>
            <tr><th align="left">Failures</th><td align="right">0</td></tr>
            </table>
            <a name="toc"></a>
            <h2>Results Index</h2>
            
        <ul>
            
            
            <li>All Test Classes
            <ul>
            <li>
                <a href="#0ea5655a-c4f9-46b2-88cf-224fdd1fb334">tests/suites/casper/agent</a>
                <ul>
                
                    <li>
                        <a href="#1bb1629d-cc0a-4d2e-ad8a-c63269b686b8">Default user agent matches /CasperJS/</a>
                    </li>
                    
                    <li>
                        <a href="#d9663745-452c-4904-9f4b-f77dd453a6e7">Default user agent matches /plop/</a>
                    </li>
                    
                    <li>
                        <a href="#a4506eed-90ab-4bee-a31e-00a63b072aea">Default user agent matches /plop/</a>
                    </li>
                    
                </ul>
            </li>
            </ul>
            </li>
        </ul>
        
            <hr size="2"/>
            <h2>Test Results</h2>
            <div class="testclasses">
            
        <hr size="2"/>
        <a name="0ea5655a-c4f9-46b2-88cf-224fdd1fb334">
        <div class="testclass">
            <div>Test Class: tests/suites/casper/agent</div>
            <div class="testcases">
            
    <a name="1bb1629d-cc0a-4d2e-ad8a-c63269b686b8">
        <div class="testcase">
            <div class="details">
                <span class="testname"><b>Default user agent matches /CasperJS/</b></span><br/>
                <span class="testclassname">tests/suites/casper/agent</span><br/>
                <span class="duration">Time Taken: 0.103s</span>
            </div>
            None
            
            <hr size="1"/>
            
            <div class="stdout"><i>Stdout</i><br/>
                <pre></pre></div>
            <hr size="1"/>
            <div class="stderr"><i>Stderr</i><br/>
                <pre></pre></div>
        </div>
    </a>
        
    <a name="d9663745-452c-4904-9f4b-f77dd453a6e7">
        <div class="testcase">
            <div class="details">
                <span class="testname"><b>Default user agent matches /plop/</b></span><br/>
                <span class="testclassname">tests/suites/casper/agent</span><br/>
                <span class="duration">Time Taken: 0.146s</span>
            </div>
            None
            
            <hr size="1"/>
            
            <div class="stdout"><i>Stdout</i><br/>
                <pre></pre></div>
            <hr size="1"/>
            <div class="stderr"><i>Stderr</i><br/>
                <pre></pre></div>
        </div>
    </a>
        
    <a name="a4506eed-90ab-4bee-a31e-00a63b072aea">
        <div class="testcase">
            <div class="details">
                <span class="testname"><b>Default user agent matches /plop/</b></span><br/>
                <span class="testclassname">tests/suites/casper/agent</span><br/>
                <span class="duration">Time Taken: 0.007s</span>
            </div>
            None
            
            <hr size="1"/>
            
            <div class="stdout"><i>Stdout</i><br/>
                <pre></pre></div>
            <hr size="1"/>
            <div class="stderr"><i>Stderr</i><br/>
                <pre></pre></div>
        </div>
    </a>
        
            </div>
        </div>
        </a>
        
            </div>
        </div>
        
        <div class="testsuite">
            <h2>Test Suite: Untitled suite in /Users/niko/Sites/casperjs/tests/suites/casper/alert.js</h2><a name="5da7fed5-af35-4f95-a45b-400797089184">
            Package: tests/suites/casper/alert<br/>
            
            <table>
            <tr><th align="left">Duration</th><td align="right">0.449 sec</td></tr>
            <tr><th align="left">Test Cases</th><td align="right">1</td></tr>
            <tr><th align="left">Failures</th><td align="right">0</td></tr>
            </table>
            <a name="toc"></a>
            <h2>Results Index</h2>
            
        <ul>
            
            
            <li>All Test Classes
            <ul>
            <li>
                <a href="#bb6e2a29-013b-4a00-9f10-dc0832a84211">tests/suites/casper/alert</a>
                <ul>
                
                    <li>
                        <a href="#d08992ea-41ec-4703-a143-f5b9c96ac1fe">alert event has been intercepted</a>
                    </li>
                    
                </ul>
            </li>
            </ul>
            </li>
        </ul>
        
            <hr size="2"/>
            <h2>Test Results</h2>
            <div class="testclasses">
            
        <hr size="2"/>
        <a name="bb6e2a29-013b-4a00-9f10-dc0832a84211">
        <div class="testclass">
            <div>Test Class: tests/suites/casper/alert</div>
            <div class="testcases">
            
    <a name="d08992ea-41ec-4703-a143-f5b9c96ac1fe">
        <div class="testcase">
            <div class="details">
                <span class="testname"><b>alert event has been intercepted</b></span><br/>
                <span class="testclassname">tests/suites/casper/alert</span><br/>
                <span class="duration">Time Taken: 0.449s</span>
            </div>
            None
            
            <hr size="1"/>
            
            <div class="stdout"><i>Stdout</i><br/>
                <pre></pre></div>
            <hr size="1"/>
            <div class="stderr"><i>Stderr</i><br/>
                <pre></pre></div>
        </div>
    </a>
        
            </div>
        </div>
        </a>
        
            </div>
        </div>
        
        <div class="testsuite">
            <h2>Test Suite: Untitled suite in /Users/niko/Sites/casperjs/tests/suites/casper/auth.js</h2><a name="4600516e-e544-417c-9454-e9810a80a59f">
            Package: tests/suites/casper/auth<br/>
            
            <table>
            <tr><th align="left">Duration</th><td align="right">0.101 sec</td></tr>
            <tr><th align="left">Test Cases</th><td align="right">8</td></tr>
            <tr><th align="left">Failures</th><td align="right">0</td></tr>
            </table>
            <a name="toc"></a>
            <h2>Results Index</h2>
            
        <ul>
            
            
            <li>All Test Classes
            <ul>
            <li>
                <a href="#aa72a2f6-e169-46a4-b5e4-f3a70da3af33">tests/suites/casper/auth</a>
                <ul>
                
                    <li>
                        <a href="#64b077c1-b36d-46fa-8609-e17e39167b64">Subject equals the expected value</a>
                    </li>
                    
                    <li>
                        <a href="#498d03d1-5835-42a9-9dd6-25756a5bca18">Subject equals the expected value</a>
                    </li>
                    
                    <li>
                        <a href="#9c6dcbb7-c2b1-4945-afdf-b9d021db86e7">Subject equals the expected value</a>
                    </li>
                    
                    <li>
                        <a href="#ad0cebec-1c78-4caf-aa7b-7c56ecd79d54">Subject equals the expected value</a>
                    </li>
                    
                    <li>
                        <a href="#eebb8f27-a363-467d-8b9e-c5dc72f45d31">Subject equals the expected value</a>
                    </li>
                    
                    <li>
                        <a href="#bd5c2b18-0e19-4951-b831-faeafe6cc087">Subject equals the expected value</a>
                    </li>
                    
                    <li>
                        <a href="#94aa5d4c-a718-4ade-9e80-8a86ace16e2a">Subject equals the expected value</a>
                    </li>
                    
                    <li>
                        <a href="#c5fe683d-9ea9-4646-84bd-0ddae9b22f7e">Subject equals the expected value</a>
                    </li>
                    
                </ul>
            </li>
            </ul>
            </li>
        </ul>
        
            <hr size="2"/>
            <h2>Test Results</h2>
            <div class="testclasses">
            
        <hr size="2"/>
        <a name="aa72a2f6-e169-46a4-b5e4-f3a70da3af33">
        <div class="testclass">
            <div>Test Class: tests/suites/casper/auth</div>
            <div class="testcases">
            
    <a name="64b077c1-b36d-46fa-8609-e17e39167b64">
        <div class="testcase">
            <div class="details">
                <span class="testname"><b>Subject equals the expected value</b></span><br/>
                <span class="testclassname">tests/suites/casper/auth</span><br/>
                <span class="duration">Time Taken: 0.1s</span>
            </div>
            None
            
            <hr size="1"/>
            
            <div class="stdout"><i>Stdout</i><br/>
                <pre></pre></div>
            <hr size="1"/>
            <div class="stderr"><i>Stderr</i><br/>
                <pre></pre></div>
        </div>
    </a>
        
    <a name="498d03d1-5835-42a9-9dd6-25756a5bca18">
        <div class="testcase">
            <div class="details">
                <span class="testname"><b>Subject equals the expected value</b></span><br/>
                <span class="testclassname">tests/suites/casper/auth</span><br/>
                <span class="duration">Time Taken: 0.0s</span>
            </div>
            None
            
            <hr size="1"/>
            
            <div class="stdout"><i>Stdout</i><br/>
                <pre></pre></div>
            <hr size="1"/>
            <div class="stderr"><i>Stderr</i><br/>
                <pre></pre></div>
        </div>
    </a>
        
    <a name="9c6dcbb7-c2b1-4945-afdf-b9d021db86e7">
        <div class="testcase">
            <div class="details">
                <span class="testname"><b>Subject equals the expected value</b></span><br/>
                <span class="testclassname">tests/suites/casper/auth</span><br/>
                <span class="duration">Time Taken: 0.0s</span>
            </div>
            None
            
            <hr size="1"/>
            
            <div class="stdout"><i>Stdout</i><br/>
                <pre></pre></div>
            <hr size="1"/>
            <div class="stderr"><i>Stderr</i><br/>
                <pre></pre></div>
        </div>
    </a>
        
    <a name="ad0cebec-1c78-4caf-aa7b-7c56ecd79d54">
        <div class="testcase">
            <div class="details">
                <span class="testname"><b>Subject equals the expected value</b></span><br/>
                <span class="testclassname">tests/suites/casper/auth</span><br/>
                <span class="duration">Time Taken: 0.001s</span>
            </div>
            None
            
            <hr size="1"/>
            
            <div class="stdout"><i>Stdout</i><br/>
                <pre></pre></div>
            <hr size="1"/>
            <div class="stderr"><i>Stderr</i><br/>
                <pre></pre></div>
        </div>
    </a>
        
    <a name="eebb8f27-a363-467d-8b9e-c5dc72f45d31">
        <div class="testcase">
            <div class="details">
                <span class="testname"><b>Subject equals the expected value</b></span><br/>
                <span class="testclassname">tests/suites/casper/auth</span><br/>
                <span class="duration">Time Taken: 0.0s</span>
            </div>
            None
            
            <hr size="1"/>
            
            <div class="stdout"><i>Stdout</i><br/>
                <pre></pre></div>
            <hr size="1"/>
            <div class="stderr"><i>Stderr</i><br/>
                <pre></pre></div>
        </div>
    </a>
        
    <a name="bd5c2b18-0e19-4951-b831-faeafe6cc087">
        <div class="testcase">
            <div class="details">
                <span class="testname"><b>Subject equals the expected value</b></span><br/>
                <span class="testclassname">tests/suites/casper/auth</span><br/>
                <span class="duration">Time Taken: 0.0s</span>
            </div>
            None
            
            <hr size="1"/>
            
            <div class="stdout"><i>Stdout</i><br/>
                <pre></pre></div>
            <hr size="1"/>
            <div class="stderr"><i>Stderr</i><br/>
                <pre></pre></div>
        </div>
    </a>
        
    <a name="94aa5d4c-a718-4ade-9e80-8a86ace16e2a">
        <div class="testcase">
            <div class="details">
                <span class="testname"><b>Subject equals the expected value</b></span><br/>
                <span class="testclassname">tests/suites/casper/auth</span><br/>
                <span class="duration">Time Taken: 0.0s</span>
            </div>
            None
            
            <hr size="1"/>
            
            <div class="stdout"><i>Stdout</i><br/>
                <pre></pre></div>
            <hr size="1"/>
            <div class="stderr"><i>Stderr</i><br/>
                <pre></pre></div>
        </div>
    </a>
        
    <a name="c5fe683d-9ea9-4646-84bd-0ddae9b22f7e">
        <div class="testcase">
            <div class="details">
                <span class="testname"><b>Subject equals the expected value</b></span><br/>
                <span class="testclassname">tests/suites/casper/auth</span><br/>
                <span class="duration">Time Taken: 0.0s</span>
            </div>
            None
            
            <hr size="1"/>
            
            <div class="stdout"><i>Stdout</i><br/>
                <pre></pre></div>
            <hr size="1"/>
            <div class="stderr"><i>Stderr</i><br/>
                <pre></pre></div>
        </div>
    </a>
        
            </div>
        </div>
        </a>
        
            </div>
        </div>
        
        <div class="testsuite">
            <h2>Test Suite: Untitled suite in /Users/niko/Sites/casperjs/tests/suites/casper/capture.js</h2><a name="245015a5-220c-45a4-a68b-66d04c202be7">
            Package: tests/suites/casper/capture<br/>
            
            <table>
            <tr><th align="left">Duration</th><td align="right">0.945 sec</td></tr>
            <tr><th align="left">Test Cases</th><td align="right">4</td></tr>
            <tr><th align="left">Failures</th><td align="right">0</td></tr>
            </table>
            <a name="toc"></a>
            <h2>Results Index</h2>
            
        <ul>
            
            
            <li>All Test Classes
            <ul>
            <li>
                <a href="#3d45860b-2c32-4c38-8eb0-69fbe5d01e13">tests/suites/casper/capture</a>
                <ul>
                
                    <li>
                        <a href="#7c115748-3301-44bf-9419-5c5042e210d2">Casper.capture() captured a screenshot</a>
                    </li>
                    
                    <li>
                        <a href="#fc0baf9b-b089-49b5-baf2-ee14d5b9a6e0">Casper.captureBase64() rendered a page capture as base64</a>
                    </li>
                    
                    <li>
                        <a href="#fb51c1d9-c005-465c-9bf3-b07c7d24ebcf">Casper.captureBase64() rendered a capture from a selector as base64</a>
                    </li>
                    
                    <li>
                        <a href="#8775cf4f-3b61-4069-9b7f-52b191f81772">Casper.captureBase64() rendered a capture from a clipRect as base64</a>
                    </li>
                    
                </ul>
            </li>
            </ul>
            </li>
        </ul>
        
            <hr size="2"/>
            <h2>Test Results</h2>
            <div class="testclasses">
            
        <hr size="2"/>
        <a name="3d45860b-2c32-4c38-8eb0-69fbe5d01e13">
        <div class="testclass">
            <div>Test Class: tests/suites/casper/capture</div>
            <div class="testcases">
            
    <a name="7c115748-3301-44bf-9419-5c5042e210d2">
        <div class="testcase">
            <div class="details">
                <span class="testname"><b>Casper.capture() captured a screenshot</b></span><br/>
                <span class="testclassname">tests/suites/casper/capture</span><br/>
                <span class="duration">Time Taken: 0.681s</span>
            </div>
            None
            
            <hr size="1"/>
            
            <div class="stdout"><i>Stdout</i><br/>
                <pre></pre></div>
            <hr size="1"/>
            <div class="stderr"><i>Stderr</i><br/>
                <pre></pre></div>
        </div>
    </a>
        
    <a name="fc0baf9b-b089-49b5-baf2-ee14d5b9a6e0">
        <div class="testcase">
            <div class="details">
                <span class="testname"><b>Casper.captureBase64() rendered a page capture as base64</b></span><br/>
                <span class="testclassname">tests/suites/casper/capture</span><br/>
                <span class="duration">Time Taken: 0.174s</span>
            </div>
            None
            
            <hr size="1"/>
            
            <div class="stdout"><i>Stdout</i><br/>
                <pre></pre></div>
            <hr size="1"/>
            <div class="stderr"><i>Stderr</i><br/>
                <pre></pre></div>
        </div>
    </a>
        
    <a name="fb51c1d9-c005-465c-9bf3-b07c7d24ebcf">
        <div class="testcase">
            <div class="details">
                <span class="testname"><b>Casper.captureBase64() rendered a capture from a selector as base64</b></span><br/>
                <span class="testclassname">tests/suites/casper/capture</span><br/>
                <span class="duration">Time Taken: 0.046s</span>
            </div>
            None
            
            <hr size="1"/>
            
            <div class="stdout"><i>Stdout</i><br/>
                <pre></pre></div>
            <hr size="1"/>
            <div class="stderr"><i>Stderr</i><br/>
                <pre></pre></div>
        </div>
    </a>
        
    <a name="8775cf4f-3b61-4069-9b7f-52b191f81772">
        <div class="testcase">
            <div class="details">
                <span class="testname"><b>Casper.captureBase64() rendered a capture from a clipRect as base64</b></span><br/>
                <span class="testclassname">tests/suites/casper/capture</span><br/>
                <span class="duration">Time Taken: 0.044s</span>
            </div>
            None
            
            <hr size="1"/>
            
            <div class="stdout"><i>Stdout</i><br/>
                <pre></pre></div>
            <hr size="1"/>
            <div class="stderr"><i>Stderr</i><br/>
                <pre></pre></div>
        </div>
    </a>
        
            </div>
        </div>
        </a>
        
            </div>
        </div>
        
        <div class="testsuite">
            <h2>Test Suite: Untitled suite in /Users/niko/Sites/casperjs/tests/suites/casper/click.js</h2><a name="372391e5-ab5e-4eef-95cc-35c79dab0562">
            Package: tests/suites/casper/click<br/>
            
            <table>
            <tr><th align="left">Duration</th><td align="right">1.211 sec</td></tr>
            <tr><th align="left">Test Cases</th><td align="right">22</td></tr>
            <tr><th align="left">Failures</th><td align="right">0</td></tr>
            </table>
            <a name="toc"></a>
            <h2>Results Index</h2>
            
        <ul>
            
            
            <li>All Test Classes
            <ul>
            <li>
                <a href="#d38b4437-89ad-4669-9ccf-74d160b2f2eb">tests/suites/casper/click</a>
                <ul>
                
                    <li>
                        <a href="#1f1e1a63-4e13-45d2-aedb-7838e4ecee33">Casper.click() can click on a link</a>
                    </li>
                    
                    <li>
                        <a href="#c0bcdf85-9863-488e-bd9e-99402a00cbb4">Casper.thenClick() can click on a link</a>
                    </li>
                    
                    <li>
                        <a href="#b8cdaab9-cb94-41eb-8934-bb8213c4ee43">Casper.click() can click an `href="javascript:` link</a>
                    </li>
                    
                    <li>
                        <a href="#7310ff0a-322c-4068-b111-2569f3357e93">Casper.click() can click an `href="#"` link</a>
                    </li>
                    
                    <li>
                        <a href="#cb23a259-c162-4ff4-b470-cb78db1e7e0d">Casper.click() can click an `onclick=".*; return false"` link</a>
                    </li>
                    
                    <li>
                        <a href="#a2396ef7-3f75-45fe-b1f2-0156ea224544">Casper.click() can click an unobstrusive js handled link</a>
                    </li>
                    
                    <li>
                        <a href="#e7a07a3c-ced4-4180-96d9-5b01925122bc">Casper.click() has clicked an `href="javascript:` link</a>
                    </li>
                    
                    <li>
                        <a href="#a1af0ed1-2958-4a3a-9af1-f91ea4d8f94e">Casper.click() has clicked an `href="#"` link</a>
                    </li>
                    
                    <li>
                        <a href="#35a80424-a1e9-43a2-a0c4-0d0fa0a12144">Casper.click() has clicked an `onclick=".*; return false"` link</a>
                    </li>
                    
                    <li>
                        <a href="#199a18f7-85d5-4fa0-9040-3a213eea854a">Casper.click() has clicked an unobstrusive js handled link</a>
                    </li>
                    
                    <li>
                        <a href="#ee55922a-733c-4e28-95f4-564c4a4b0bf1">Casper.clickLabel() can click an `href="javascript:` link</a>
                    </li>
                    
                    <li>
                        <a href="#2612e647-aac4-43a7-88ed-a94f689934b8">Casper.clickLabel() can click an `href="#"` link</a>
                    </li>
                    
                    <li>
                        <a href="#981d8442-4353-4f1f-b171-ae3735d63163">Casper.clickLabel() can click an `onclick=".*; return false"` link</a>
                    </li>
                    
                    <li>
                        <a href="#c1e33b35-1112-4eff-8091-2b5aa44601cf">Casper.clickLabel() can click an unobstrusive js handled link</a>
                    </li>
                    
                    <li>
                        <a href="#b3ecf138-e313-42e5-b4d1-241aaaac9f53">Casper.clickLabel() has clicked an `href="javascript:` link</a>
                    </li>
                    
                    <li>
                        <a href="#c906f201-bb84-4e94-931a-3b0a990365fa">Casper.clickLabel() has clicked an `href="#"` link</a>
                    </li>
                    
                    <li>
                        <a href="#883f3e6c-6692-4015-beb9-6981318cf341">Casper.clickLabel() has clicked an `onclick=".*; return false"` link</a>
                    </li>
                    
                    <li>
                        <a href="#e5a2573d-151a-4c44-ad47-b225ab8e4ff3">Casper.clickLabel() has clicked an unobstrusive js handled link</a>
                    </li>
                    
                    <li>
                        <a href="#385ba59c-0ce6-4c38-ade4-9a3afcfb0d2e">Mouse.down() has pressed button to the specified position</a>
                    </li>
                    
                    <li>
                        <a href="#8e2aa9de-537d-4203-8c63-319ef29199c2">Mouse.up() has released button to the specified position</a>
                    </li>
                    
                    <li>
                        <a href="#b8f2e80c-428d-4927-9292-95b2ab3287f4">Mouse.move() has moved to the specified position</a>
                    </li>
                    
                    <li>
                        <a href="#b6caa22b-ba07-47a8-a6a0-7e22f09e0394">Casper.click() sets the focus on clicked element</a>
                    </li>
                    
                </ul>
            </li>
            </ul>
            </li>
        </ul>
        
            <hr size="2"/>
            <h2>Test Results</h2>
            <div class="testclasses">
            
        <hr size="2"/>
        <a name="d38b4437-89ad-4669-9ccf-74d160b2f2eb">
        <div class="testclass">
            <div>Test Class: tests/suites/casper/click</div>
            <div class="testcases">
            
    <a name="1f1e1a63-4e13-45d2-aedb-7838e4ecee33">
        <div class="testcase">
            <div class="details">
                <span class="testname"><b>Casper.click() can click on a link</b></span><br/>
                <span class="testclassname">tests/suites/casper/click</span><br/>
                <span class="duration">Time Taken: 0.405s</span>
            </div>
            None
            
            <hr size="1"/>
            
            <div class="stdout"><i>Stdout</i><br/>
                <pre></pre></div>
            <hr size="1"/>
            <div class="stderr"><i>Stderr</i><br/>
                <pre></pre></div>
        </div>
    </a>
        
    <a name="c0bcdf85-9863-488e-bd9e-99402a00cbb4">
        <div class="testcase">
            <div class="details">
                <span class="testname"><b>Casper.thenClick() can click on a link</b></span><br/>
                <span class="testclassname">tests/suites/casper/click</span><br/>
                <span class="duration">Time Taken: 0.2s</span>
            </div>
            None
            
            <hr size="1"/>
            
            <div class="stdout"><i>Stdout</i><br/>
                <pre></pre></div>
            <hr size="1"/>
            <div class="stderr"><i>Stderr</i><br/>
                <pre></pre></div>
        </div>
    </a>
        
    <a name="b8cdaab9-cb94-41eb-8934-bb8213c4ee43">
        <div class="testcase">
            <div class="details">
                <span class="testname"><b>Casper.click() can click an `href="javascript:` link</b></span><br/>
                <span class="testclassname">tests/suites/casper/click</span><br/>
                <span class="duration">Time Taken: 0.204s</span>
            </div>
            None
            
            <hr size="1"/>
            
            <div class="stdout"><i>Stdout</i><br/>
                <pre></pre></div>
            <hr size="1"/>
            <div class="stderr"><i>Stderr</i><br/>
                <pre></pre></div>
        </div>
    </a>
        
    <a name="7310ff0a-322c-4068-b111-2569f3357e93">
        <div class="testcase">
            <div class="details">
                <span class="testname"><b>Casper.click() can click an `href="#"` link</b></span><br/>
                <span class="testclassname">tests/suites/casper/click</span><br/>
                <span class="duration">Time Taken: 0.002s</span>
            </div>
            None
            
            <hr size="1"/>
            
            <div class="stdout"><i>Stdout</i><br/>
                <pre></pre></div>
            <hr size="1"/>
            <div class="stderr"><i>Stderr</i><br/>
                <pre></pre></div>
        </div>
    </a>
        
    <a name="cb23a259-c162-4ff4-b470-cb78db1e7e0d">
        <div class="testcase">
            <div class="details">
                <span class="testname"><b>Casper.click() can click an `onclick=".*; return false"` link</b></span><br/>
                <span class="testclassname">tests/suites/casper/click</span><br/>
                <span class="duration">Time Taken: 0.001s</span>
            </div>
            None
            
            <hr size="1"/>
            
            <div class="stdout"><i>Stdout</i><br/>
                <pre></pre></div>
            <hr size="1"/>
            <div class="stderr"><i>Stderr</i><br/>
                <pre></pre></div>
        </div>
    </a>
        
    <a name="a2396ef7-3f75-45fe-b1f2-0156ea224544">
        <div class="testcase">
            <div class="details">
                <span class="testname"><b>Casper.click() can click an unobstrusive js handled link</b></span><br/>
                <span class="testclassname">tests/suites/casper/click</span><br/>
                <span class="duration">Time Taken: 0.001s</span>
            </div>
            None
            
            <hr size="1"/>
            
            <div class="stdout"><i>Stdout</i><br/>
                <pre></pre></div>
            <hr size="1"/>
            <div class="stderr"><i>Stderr</i><br/>
                <pre></pre></div>
        </div>
    </a>
        
    <a name="e7a07a3c-ced4-4180-96d9-5b01925122bc">
        <div class="testcase">
            <div class="details">
                <span class="testname"><b>Casper.click() has clicked an `href="javascript:` link</b></span><br/>
                <span class="testclassname">tests/suites/casper/click</span><br/>
                <span class="duration">Time Taken: 0.0s</span>
            </div>
            None
            
            <hr size="1"/>
            
            <div class="stdout"><i>Stdout</i><br/>
                <pre></pre></div>
            <hr size="1"/>
            <div class="stderr"><i>Stderr</i><br/>
                <pre></pre></div>
        </div>
    </a>
        
    <a name="a1af0ed1-2958-4a3a-9af1-f91ea4d8f94e">
        <div class="testcase">
            <div class="details">
                <span class="testname"><b>Casper.click() has clicked an `href="#"` link</b></span><br/>
                <span class="testclassname">tests/suites/casper/click</span><br/>
                <span class="duration">Time Taken: 0.0s</span>
            </div>
            None
            
            <hr size="1"/>
            
            <div class="stdout"><i>Stdout</i><br/>
                <pre></pre></div>
            <hr size="1"/>
            <div class="stderr"><i>Stderr</i><br/>
                <pre></pre></div>
        </div>
    </a>
        
    <a name="35a80424-a1e9-43a2-a0c4-0d0fa0a12144">
        <div class="testcase">
            <div class="details">
                <span class="testname"><b>Casper.click() has clicked an `onclick=".*; return false"` link</b></span><br/>
                <span class="testclassname">tests/suites/casper/click</span><br/>
                <span class="duration">Time Taken: 0.001s</span>
            </div>
            None
            
            <hr size="1"/>
            
            <div class="stdout"><i>Stdout</i><br/>
                <pre></pre></div>
            <hr size="1"/>
            <div class="stderr"><i>Stderr</i><br/>
                <pre></pre></div>
        </div>
    </a>
        
    <a name="199a18f7-85d5-4fa0-9040-3a213eea854a">
        <div class="testcase">
            <div class="details">
                <span class="testname"><b>Casper.click() has clicked an unobstrusive js handled link</b></span><br/>
                <span class="testclassname">tests/suites/casper/click</span><br/>
                <span class="duration">Time Taken: 0.0s</span>
            </div>
            None
            
            <hr size="1"/>
            
            <div class="stdout"><i>Stdout</i><br/>
                <pre></pre></div>
            <hr size="1"/>
            <div class="stderr"><i>Stderr</i><br/>
                <pre></pre></div>
        </div>
    </a>
        
    <a name="ee55922a-733c-4e28-95f4-564c4a4b0bf1">
        <div class="testcase">
            <div class="details">
                <span class="testname"><b>Casper.clickLabel() can click an `href="javascript:` link</b></span><br/>
                <span class="testclassname">tests/suites/casper/click</span><br/>
                <span class="duration">Time Taken: 0.193s</span>
            </div>
            None
            
            <hr size="1"/>
            
            <div class="stdout"><i>Stdout</i><br/>
                <pre></pre></div>
            <hr size="1"/>
            <div class="stderr"><i>Stderr</i><br/>
                <pre></pre></div>
        </div>
    </a>
        
    <a name="2612e647-aac4-43a7-88ed-a94f689934b8">
        <div class="testcase">
            <div class="details">
                <span class="testname"><b>Casper.clickLabel() can click an `href="#"` link</b></span><br/>
                <span class="testclassname">tests/suites/casper/click</span><br/>
                <span class="duration">Time Taken: 0.001s</span>
            </div>
            None
            
            <hr size="1"/>
            
            <div class="stdout"><i>Stdout</i><br/>
                <pre></pre></div>
            <hr size="1"/>
            <div class="stderr"><i>Stderr</i><br/>
                <pre></pre></div>
        </div>
    </a>
        
    <a name="981d8442-4353-4f1f-b171-ae3735d63163">
        <div class="testcase">
            <div class="details">
                <span class="testname"><b>Casper.clickLabel() can click an `onclick=".*; return false"` link</b></span><br/>
                <span class="testclassname">tests/suites/casper/click</span><br/>
                <span class="duration">Time Taken: 0.001s</span>
            </div>
            None
            
            <hr size="1"/>
            
            <div class="stdout"><i>Stdout</i><br/>
                <pre></pre></div>
            <hr size="1"/>
            <div class="stderr"><i>Stderr</i><br/>
                <pre></pre></div>
        </div>
    </a>
        
    <a name="c1e33b35-1112-4eff-8091-2b5aa44601cf">
        <div class="testcase">
            <div class="details">
                <span class="testname"><b>Casper.clickLabel() can click an unobstrusive js handled link</b></span><br/>
                <span class="testclassname">tests/suites/casper/click</span><br/>
                <span class="duration">Time Taken: 0.001s</span>
            </div>
            None
            
            <hr size="1"/>
            
            <div class="stdout"><i>Stdout</i><br/>
                <pre></pre></div>
            <hr size="1"/>
            <div class="stderr"><i>Stderr</i><br/>
                <pre></pre></div>
        </div>
    </a>
        
    <a name="b3ecf138-e313-42e5-b4d1-241aaaac9f53">
        <div class="testcase">
            <div class="details">
                <span class="testname"><b>Casper.clickLabel() has clicked an `href="javascript:` link</b></span><br/>
                <span class="testclassname">tests/suites/casper/click</span><br/>
                <span class="duration">Time Taken: 0.001s</span>
            </div>
            None
            
            <hr size="1"/>
            
            <div class="stdout"><i>Stdout</i><br/>
                <pre></pre></div>
            <hr size="1"/>
            <div class="stderr"><i>Stderr</i><br/>
                <pre></pre></div>
        </div>
    </a>
        
    <a name="c906f201-bb84-4e94-931a-3b0a990365fa">
        <div class="testcase">
            <div class="details">
                <span class="testname"><b>Casper.clickLabel() has clicked an `href="#"` link</b></span><br/>
                <span class="testclassname">tests/suites/casper/click</span><br/>
                <span class="duration">Time Taken: 0.0s</span>
            </div>
            None
            
            <hr size="1"/>
            
            <div class="stdout"><i>Stdout</i><br/>
                <pre></pre></div>
            <hr size="1"/>
            <div class="stderr"><i>Stderr</i><br/>
                <pre></pre></div>
        </div>
    </a>
        
    <a name="883f3e6c-6692-4015-beb9-6981318cf341">
        <div class="testcase">
            <div class="details">
                <span class="testname"><b>Casper.clickLabel() has clicked an `onclick=".*; return false"` link</b></span><br/>
                <span class="testclassname">tests/suites/casper/click</span><br/>
                <span class="duration">Time Taken: 0.0s</span>
            </div>
            None
            
            <hr size="1"/>
            
            <div class="stdout"><i>Stdout</i><br/>
                <pre></pre></div>
            <hr size="1"/>
            <div class="stderr"><i>Stderr</i><br/>
                <pre></pre></div>
        </div>
    </a>
        
    <a name="e5a2573d-151a-4c44-ad47-b225ab8e4ff3">
        <div class="testcase">
            <div class="details">
                <span class="testname"><b>Casper.clickLabel() has clicked an unobstrusive js handled link</b></span><br/>
                <span class="testclassname">tests/suites/casper/click</span><br/>
                <span class="duration">Time Taken: 0.0s</span>
            </div>
            None
            
            <hr size="1"/>
            
            <div class="stdout"><i>Stdout</i><br/>
                <pre></pre></div>
            <hr size="1"/>
            <div class="stderr"><i>Stderr</i><br/>
                <pre></pre></div>
        </div>
    </a>
        
    <a name="385ba59c-0ce6-4c38-ade4-9a3afcfb0d2e">
        <div class="testcase">
            <div class="details">
                <span class="testname"><b>Mouse.down() has pressed button to the specified position</b></span><br/>
                <span class="testclassname">tests/suites/casper/click</span><br/>
                <span class="duration">Time Taken: 0.095s</span>
            </div>
            None
            
            <hr size="1"/>
            
            <div class="stdout"><i>Stdout</i><br/>
                <pre></pre></div>
            <hr size="1"/>
            <div class="stderr"><i>Stderr</i><br/>
                <pre></pre></div>
        </div>
    </a>
        
    <a name="8e2aa9de-537d-4203-8c63-319ef29199c2">
        <div class="testcase">
            <div class="details">
                <span class="testname"><b>Mouse.up() has released button to the specified position</b></span><br/>
                <span class="testclassname">tests/suites/casper/click</span><br/>
                <span class="duration">Time Taken: 0.002s</span>
            </div>
            None
            
            <hr size="1"/>
            
            <div class="stdout"><i>Stdout</i><br/>
                <pre></pre></div>
            <hr size="1"/>
            <div class="stderr"><i>Stderr</i><br/>
                <pre></pre></div>
        </div>
    </a>
        
    <a name="b8f2e80c-428d-4927-9292-95b2ab3287f4">
        <div class="testcase">
            <div class="details">
                <span class="testname"><b>Mouse.move() has moved to the specified position</b></span><br/>
                <span class="testclassname">tests/suites/casper/click</span><br/>
                <span class="duration">Time Taken: 0.001s</span>
            </div>
            None
            
            <hr size="1"/>
            
            <div class="stdout"><i>Stdout</i><br/>
                <pre></pre></div>
            <hr size="1"/>
            <div class="stderr"><i>Stderr</i><br/>
                <pre></pre></div>
        </div>
    </a>
        
    <a name="b6caa22b-ba07-47a8-a6a0-7e22f09e0394">
        <div class="testcase">
            <div class="details">
                <span class="testname"><b>Casper.click() sets the focus on clicked element</b></span><br/>
                <span class="testclassname">tests/suites/casper/click</span><br/>
                <span class="duration">Time Taken: 0.102s</span>
            </div>
            None
            
            <hr size="1"/>
            
            <div class="stdout"><i>Stdout</i><br/>
                <pre></pre></div>
            <hr size="1"/>
            <div class="stderr"><i>Stderr</i><br/>
                <pre></pre></div>
        </div>
    </a>
        
            </div>
        </div>
        </a>
        
            </div>
        </div>
        
        <div class="testsuite">
            <h2>Test Suite: Untitled suite in /Users/niko/Sites/casperjs/tests/suites/casper/confirm.js</h2><a name="aae36aef-3398-4fa7-9cc4-7cb4045758fe">
            Package: tests/suites/casper/confirm<br/>
            
            <table>
            <tr><th align="left">Duration</th><td align="right">0.496 sec</td></tr>
            <tr><th align="left">Test Cases</th><td align="right">2</td></tr>
            <tr><th align="left">Failures</th><td align="right">0</td></tr>
            </table>
            <a name="toc"></a>
            <h2>Results Index</h2>
            
        <ul>
            
            
            <li>All Test Classes
            <ul>
            <li>
                <a href="#19b73945-5986-4be4-90c7-0f58785795cd">tests/suites/casper/confirm</a>
                <ul>
                
                    <li>
                        <a href="#c02704bf-c966-48b5-9fc6-9ec03507cfef">confirmation received</a>
                    </li>
                    
                    <li>
                        <a href="#28f158bb-4205-4d7e-8308-1cb273947c5b">confirmation message is ok</a>
                    </li>
                    
                </ul>
            </li>
            </ul>
            </li>
        </ul>
        
            <hr size="2"/>
            <h2>Test Results</h2>
            <div class="testclasses">
            
        <hr size="2"/>
        <a name="19b73945-5986-4be4-90c7-0f58785795cd">
        <div class="testclass">
            <div>Test Class: tests/suites/casper/confirm</div>
            <div class="testcases">
            
    <a name="c02704bf-c966-48b5-9fc6-9ec03507cfef">
        <div class="testcase">
            <div class="details">
                <span class="testname"><b>confirmation received</b></span><br/>
                <span class="testclassname">tests/suites/casper/confirm</span><br/>
                <span class="duration">Time Taken: 0.398s</span>
            </div>
            None
            
            <hr size="1"/>
            
            <div class="stdout"><i>Stdout</i><br/>
                <pre></pre></div>
            <hr size="1"/>
            <div class="stderr"><i>Stderr</i><br/>
                <pre></pre></div>
        </div>
    </a>
        
    <a name="28f158bb-4205-4d7e-8308-1cb273947c5b">
        <div class="testcase">
            <div class="details">
                <span class="testname"><b>confirmation message is ok</b></span><br/>
                <span class="testclassname">tests/suites/casper/confirm</span><br/>
                <span class="duration">Time Taken: 0.098s</span>
            </div>
            None
            
            <hr size="1"/>
            
            <div class="stdout"><i>Stdout</i><br/>
                <pre></pre></div>
            <hr size="1"/>
            <div class="stderr"><i>Stderr</i><br/>
                <pre></pre></div>
        </div>
    </a>
        
            </div>
        </div>
        </a>
        
            </div>
        </div>
        
        <div class="testsuite">
            <h2>Test Suite: Untitled suite in /Users/niko/Sites/casperjs/tests/suites/casper/debug.js</h2><a name="62f881c6-0c9a-496b-9acf-a7d9f592a833">
            Package: tests/suites/casper/debug<br/>
            
            <table>
            <tr><th align="left">Duration</th><td align="right">0.303 sec</td></tr>
            <tr><th align="left">Test Cases</th><td align="right">2</td></tr>
            <tr><th align="left">Failures</th><td align="right">0</td></tr>
            </table>
            <a name="toc"></a>
            <h2>Results Index</h2>
            
        <ul>
            
            
            <li>All Test Classes
            <ul>
            <li>
                <a href="#0a86d2bc-4f98-4108-bd37-64c967822c80">tests/suites/casper/debug</a>
                <ul>
                
                    <li>
                        <a href="#8882d8d6-c6d2-4d2d-a39b-aef4b00b28a5">Casper.getHTML() retrieves inner HTML by default</a>
                    </li>
                    
                    <li>
                        <a href="#493aaeec-8e58-459a-acc2-e556abeff3fb">Casper.getHTML() can retrieve outer HTML</a>
                    </li>
                    
                </ul>
            </li>
            </ul>
            </li>
        </ul>
        
            <hr size="2"/>
            <h2>Test Results</h2>
            <div class="testclasses">
            
        <hr size="2"/>
        <a name="0a86d2bc-4f98-4108-bd37-64c967822c80">
        <div class="testclass">
            <div>Test Class: tests/suites/casper/debug</div>
            <div class="testcases">
            
    <a name="8882d8d6-c6d2-4d2d-a39b-aef4b00b28a5">
        <div class="testcase">
            <div class="details">
                <span class="testname"><b>Casper.getHTML() retrieves inner HTML by default</b></span><br/>
                <span class="testclassname">tests/suites/casper/debug</span><br/>
                <span class="duration">Time Taken: 0.302s</span>
            </div>
            None
            
            <hr size="1"/>
            
            <div class="stdout"><i>Stdout</i><br/>
                <pre></pre></div>
            <hr size="1"/>
            <div class="stderr"><i>Stderr</i><br/>
                <pre></pre></div>
        </div>
    </a>
        
    <a name="493aaeec-8e58-459a-acc2-e556abeff3fb">
        <div class="testcase">
            <div class="details">
                <span class="testname"><b>Casper.getHTML() can retrieve outer HTML</b></span><br/>
                <span class="testclassname">tests/suites/casper/debug</span><br/>
                <span class="duration">Time Taken: 0.001s</span>
            </div>
            None
            
            <hr size="1"/>
            
            <div class="stdout"><i>Stdout</i><br/>
                <pre></pre></div>
            <hr size="1"/>
            <div class="stderr"><i>Stderr</i><br/>
                <pre></pre></div>
        </div>
    </a>
        
            </div>
        </div>
        </a>
        
            </div>
        </div>
        
        <div class="testsuite">
            <h2>Test Suite: Untitled suite in /Users/niko/Sites/casperjs/tests/suites/casper/elementattribute.js</h2><a name="f3946619-ac6d-4358-a6a7-a090a04accd0">
            Package: tests/suites/casper/elementattribute<br/>
            
            <table>
            <tr><th align="left">Duration</th><td align="right">0.4 sec</td></tr>
            <tr><th align="left">Test Cases</th><td align="right">1</td></tr>
            <tr><th align="left">Failures</th><td align="right">0</td></tr>
            </table>
            <a name="toc"></a>
            <h2>Results Index</h2>
            
        <ul>
            
            
            <li>All Test Classes
            <ul>
            <li>
                <a href="#3b6ea79c-0004-45a1-9f34-a7954e947124">tests/suites/casper/elementattribute</a>
                <ul>
                
                    <li>
                        <a href="#fa5a4937-392b-415c-98b0-d614ae6f831e">Casper.getElementAttribute() works as intended</a>
                    </li>
                    
                </ul>
            </li>
            </ul>
            </li>
        </ul>
        
            <hr size="2"/>
            <h2>Test Results</h2>
            <div class="testclasses">
            
        <hr size="2"/>
        <a name="3b6ea79c-0004-45a1-9f34-a7954e947124">
        <div class="testclass">
            <div>Test Class: tests/suites/casper/elementattribute</div>
            <div class="testcases">
            
    <a name="fa5a4937-392b-415c-98b0-d614ae6f831e">
        <div class="testcase">
            <div class="details">
                <span class="testname"><b>Casper.getElementAttribute() works as intended</b></span><br/>
                <span class="testclassname">tests/suites/casper/elementattribute</span><br/>
                <span class="duration">Time Taken: 0.4s</span>
            </div>
            None
            
            <hr size="1"/>
            
            <div class="stdout"><i>Stdout</i><br/>
                <pre></pre></div>
            <hr size="1"/>
            <div class="stderr"><i>Stderr</i><br/>
                <pre></pre></div>
        </div>
    </a>
        
            </div>
        </div>
        </a>
        
            </div>
        </div>
        
        <div class="testsuite">
            <h2>Test Suite: Untitled suite in /Users/niko/Sites/casperjs/tests/suites/casper/encode.js</h2><a name="d0a16786-e120-43e9-92ff-4963550de10a">
            Package: tests/suites/casper/encode<br/>
            
            <table>
            <tr><th align="left">Duration</th><td align="right">0.41 sec</td></tr>
            <tr><th align="left">Test Cases</th><td align="right">2</td></tr>
            <tr><th align="left">Failures</th><td align="right">0</td></tr>
            </table>
            <a name="toc"></a>
            <h2>Results Index</h2>
            
        <ul>
            
            
            <li>All Test Classes
            <ul>
            <li>
                <a href="#fd3a5f0f-be5a-4dce-9e2e-ac5c4eaca0fb">tests/suites/casper/encode</a>
                <ul>
                
                    <li>
                        <a href="#4528d1ea-e796-43cd-885a-ae1d6bffcda5">Casper.base64encode() can retrieve base64 contents</a>
                    </li>
                    
                    <li>
                        <a href="#bbecddc0-d2c3-4fc5-94ae-ecdc75810cac">Casper.download() downloads a file</a>
                    </li>
                    
                </ul>
            </li>
            </ul>
            </li>
        </ul>
        
            <hr size="2"/>
            <h2>Test Results</h2>
            <div class="testclasses">
            
        <hr size="2"/>
        <a name="fd3a5f0f-be5a-4dce-9e2e-ac5c4eaca0fb">
        <div class="testclass">
            <div>Test Class: tests/suites/casper/encode</div>
            <div class="testcases">
            
    <a name="4528d1ea-e796-43cd-885a-ae1d6bffcda5">
        <div class="testcase">
            <div class="details">
                <span class="testname"><b>Casper.base64encode() can retrieve base64 contents</b></span><br/>
                <span class="testclassname">tests/suites/casper/encode</span><br/>
                <span class="duration">Time Taken: 0.405s</span>
            </div>
            None
            
            <hr size="1"/>
            
            <div class="stdout"><i>Stdout</i><br/>
                <pre></pre></div>
            <hr size="1"/>
            <div class="stderr"><i>Stderr</i><br/>
                <pre></pre></div>
        </div>
    </a>
        
    <a name="bbecddc0-d2c3-4fc5-94ae-ecdc75810cac">
        <div class="testcase">
            <div class="details">
                <span class="testname"><b>Casper.download() downloads a file</b></span><br/>
                <span class="testclassname">tests/suites/casper/encode</span><br/>
                <span class="duration">Time Taken: 0.005s</span>
            </div>
            None
            
            <hr size="1"/>
            
            <div class="stdout"><i>Stdout</i><br/>
                <pre></pre></div>
            <hr size="1"/>
            <div class="stderr"><i>Stderr</i><br/>
                <pre></pre></div>
        </div>
    </a>
        
            </div>
        </div>
        </a>
        
            </div>
        </div>
        
        <div class="testsuite">
            <h2>Test Suite: Untitled suite in /Users/niko/Sites/casperjs/tests/suites/casper/evaluate.js</h2><a name="eacb6e3e-c85f-4d1d-adce-c877f0234d57">
            Package: tests/suites/casper/evaluate<br/>
            
            <table>
            <tr><th align="left">Duration</th><td align="right">0.395 sec</td></tr>
            <tr><th align="left">Test Cases</th><td align="right">13</td></tr>
            <tr><th align="left">Failures</th><td align="right">0</td></tr>
            </table>
            <a name="toc"></a>
            <h2>Results Index</h2>
            
        <ul>
            
            
            <li>All Test Classes
            <ul>
            <li>
                <a href="#80b64724-52f8-475b-83fd-1a6ddc3b4f3d">tests/suites/casper/evaluate</a>
                <ul>
                
                    <li>
                        <a href="#ea0bca3a-0ac4-41b7-8c11-62f20c3f9594">Casper.evaluate() handles passed argument context correcly</a>
                    </li>
                    
                    <li>
                        <a href="#24021af7-7405-4a7f-9d77-ca61db291299">Casper.evaluate() handles evaluation with no context passed</a>
                    </li>
                    
                    <li>
                        <a href="#a5206145-0783-4e9b-bbe6-61abbf25d190">Casper.evaluate() accepts an object as arguments context</a>
                    </li>
                    
                    <li>
                        <a href="#89a97991-bef3-47d4-b9f4-c0c68bf245b3">Casper.evaluate() accepts an object as arguments context</a>
                    </li>
                    
                    <li>
                        <a href="#82ff9138-67a3-4b78-8f43-5b6955d0d04e">Casper.evaluate() accepts an object as arguments context</a>
                    </li>
                    
                    <li>
                        <a href="#105acd3a-53a5-4192-9d92-bee1f060329e">Casper.evaluate() accepts an array as arguments context</a>
                    </li>
                    
                    <li>
                        <a href="#16dd4940-b56d-4cd6-b16f-0fae129971e7">Casper.evaluate() accepts an array as arguments context</a>
                    </li>
                    
                    <li>
                        <a href="#1f64aefa-6330-4128-b23d-b60cf65ed22f">Casper.evaluate() accepts an array as arguments context</a>
                    </li>
                    
                    <li>
                        <a href="#b06b604b-5391-4124-be57-4766ae772725">Casper.evaluate() accepts natural arguments context</a>
                    </li>
                    
                    <li>
                        <a href="#dced492b-7093-4bdb-b0e8-3310ea45f1d6">Casper.evaluate() accepts natural arguments context</a>
                    </li>
                    
                    <li>
                        <a href="#0761ff0f-5e8c-445e-9043-c023dc2bb46d">Casper.evaluate() accepts natural arguments context</a>
                    </li>
                    
                    <li>
                        <a href="#f73912ea-4af0-4ec9-abdb-97e24b57d895">Casper.thenEvaluate() sets args</a>
                    </li>
                    
                    <li>
                        <a href="#b1903c09-998a-48c8-b697-7cafd79e3326">Casper.thenEvaluate() sets args the same way evaluate() does</a>
                    </li>
                    
                </ul>
            </li>
            </ul>
            </li>
        </ul>
        
            <hr size="2"/>
            <h2>Test Results</h2>
            <div class="testclasses">
            
        <hr size="2"/>
        <a name="80b64724-52f8-475b-83fd-1a6ddc3b4f3d">
        <div class="testclass">
            <div>Test Class: tests/suites/casper/evaluate</div>
            <div class="testcases">
            
    <a name="ea0bca3a-0ac4-41b7-8c11-62f20c3f9594">
        <div class="testcase">
            <div class="details">
                <span class="testname"><b>Casper.evaluate() handles passed argument context correcly</b></span><br/>
                <span class="testclassname">tests/suites/casper/evaluate</span><br/>
                <span class="duration">Time Taken: 0.189s</span>
            </div>
            None
            
            <hr size="1"/>
            
            <div class="stdout"><i>Stdout</i><br/>
                <pre></pre></div>
            <hr size="1"/>
            <div class="stderr"><i>Stderr</i><br/>
                <pre></pre></div>
        </div>
    </a>
        
    <a name="24021af7-7405-4a7f-9d77-ca61db291299">
        <div class="testcase">
            <div class="details">
                <span class="testname"><b>Casper.evaluate() handles evaluation with no context passed</b></span><br/>
                <span class="testclassname">tests/suites/casper/evaluate</span><br/>
                <span class="duration">Time Taken: 0.0s</span>
            </div>
            None
            
            <hr size="1"/>
            
            <div class="stdout"><i>Stdout</i><br/>
                <pre></pre></div>
            <hr size="1"/>
            <div class="stderr"><i>Stderr</i><br/>
                <pre></pre></div>
        </div>
    </a>
        
    <a name="a5206145-0783-4e9b-bbe6-61abbf25d190">
        <div class="testcase">
            <div class="details">
                <span class="testname"><b>Casper.evaluate() accepts an object as arguments context</b></span><br/>
                <span class="testclassname">tests/suites/casper/evaluate</span><br/>
                <span class="duration">Time Taken: 0.0s</span>
            </div>
            None
            
            <hr size="1"/>
            
            <div class="stdout"><i>Stdout</i><br/>
                <pre></pre></div>
            <hr size="1"/>
            <div class="stderr"><i>Stderr</i><br/>
                <pre></pre></div>
        </div>
    </a>
        
    <a name="89a97991-bef3-47d4-b9f4-c0c68bf245b3">
        <div class="testcase">
            <div class="details">
                <span class="testname"><b>Casper.evaluate() accepts an object as arguments context</b></span><br/>
                <span class="testclassname">tests/suites/casper/evaluate</span><br/>
                <span class="duration">Time Taken: 0.001s</span>
            </div>
            None
            
            <hr size="1"/>
            
            <div class="stdout"><i>Stdout</i><br/>
                <pre></pre></div>
            <hr size="1"/>
            <div class="stderr"><i>Stderr</i><br/>
                <pre></pre></div>
        </div>
    </a>
        
    <a name="82ff9138-67a3-4b78-8f43-5b6955d0d04e">
        <div class="testcase">
            <div class="details">
                <span class="testname"><b>Casper.evaluate() accepts an object as arguments context</b></span><br/>
                <span class="testclassname">tests/suites/casper/evaluate</span><br/>
                <span class="duration">Time Taken: 0.0s</span>
            </div>
            None
            
            <hr size="1"/>
            
            <div class="stdout"><i>Stdout</i><br/>
                <pre></pre></div>
            <hr size="1"/>
            <div class="stderr"><i>Stderr</i><br/>
                <pre></pre></div>
        </div>
    </a>
        
    <a name="105acd3a-53a5-4192-9d92-bee1f060329e">
        <div class="testcase">
            <div class="details">
                <span class="testname"><b>Casper.evaluate() accepts an array as arguments context</b></span><br/>
                <span class="testclassname">tests/suites/casper/evaluate</span><br/>
                <span class="duration">Time Taken: 0.001s</span>
            </div>
            None
            
            <hr size="1"/>
            
            <div class="stdout"><i>Stdout</i><br/>
                <pre></pre></div>
            <hr size="1"/>
            <div class="stderr"><i>Stderr</i><br/>
                <pre></pre></div>
        </div>
    </a>
        
    <a name="16dd4940-b56d-4cd6-b16f-0fae129971e7">
        <div class="testcase">
            <div class="details">
                <span class="testname"><b>Casper.evaluate() accepts an array as arguments context</b></span><br/>
                <span class="testclassname">tests/suites/casper/evaluate</span><br/>
                <span class="duration">Time Taken: 0.0s</span>
            </div>
            None
            
            <hr size="1"/>
            
            <div class="stdout"><i>Stdout</i><br/>
                <pre></pre></div>
            <hr size="1"/>
            <div class="stderr"><i>Stderr</i><br/>
                <pre></pre></div>
        </div>
    </a>
        
    <a name="1f64aefa-6330-4128-b23d-b60cf65ed22f">
        <div class="testcase">
            <div class="details">
                <span class="testname"><b>Casper.evaluate() accepts an array as arguments context</b></span><br/>
                <span class="testclassname">tests/suites/casper/evaluate</span><br/>
                <span class="duration">Time Taken: 0.0s</span>
            </div>
            None
            
            <hr size="1"/>
            
            <div class="stdout"><i>Stdout</i><br/>
                <pre></pre></div>
            <hr size="1"/>
            <div class="stderr"><i>Stderr</i><br/>
                <pre></pre></div>
        </div>
    </a>
        
    <a name="b06b604b-5391-4124-be57-4766ae772725">
        <div class="testcase">
            <div class="details">
                <span class="testname"><b>Casper.evaluate() accepts natural arguments context</b></span><br/>
                <span class="testclassname">tests/suites/casper/evaluate</span><br/>
                <span class="duration">Time Taken: 0.001s</span>
            </div>
            None
            
            <hr size="1"/>
            
            <div class="stdout"><i>Stdout</i><br/>
                <pre></pre></div>
            <hr size="1"/>
            <div class="stderr"><i>Stderr</i><br/>
                <pre></pre></div>
        </div>
    </a>
        
    <a name="dced492b-7093-4bdb-b0e8-3310ea45f1d6">
        <div class="testcase">
            <div class="details">
                <span class="testname"><b>Casper.evaluate() accepts natural arguments context</b></span><br/>
                <span class="testclassname">tests/suites/casper/evaluate</span><br/>
                <span class="duration">Time Taken: 0.0s</span>
            </div>
            None
            
            <hr size="1"/>
            
            <div class="stdout"><i>Stdout</i><br/>
                <pre></pre></div>
            <hr size="1"/>
            <div class="stderr"><i>Stderr</i><br/>
                <pre></pre></div>
        </div>
    </a>
        
    <a name="0761ff0f-5e8c-445e-9043-c023dc2bb46d">
        <div class="testcase">
            <div class="details">
                <span class="testname"><b>Casper.evaluate() accepts natural arguments context</b></span><br/>
                <span class="testclassname">tests/suites/casper/evaluate</span><br/>
                <span class="duration">Time Taken: 0.001s</span>
            </div>
            None
            
            <hr size="1"/>
            
            <div class="stdout"><i>Stdout</i><br/>
                <pre></pre></div>
            <hr size="1"/>
            <div class="stderr"><i>Stderr</i><br/>
                <pre></pre></div>
        </div>
    </a>
        
    <a name="f73912ea-4af0-4ec9-abdb-97e24b57d895">
        <div class="testcase">
            <div class="details">
                <span class="testname"><b>Casper.thenEvaluate() sets args</b></span><br/>
                <span class="testclassname">tests/suites/casper/evaluate</span><br/>
                <span class="duration">Time Taken: 0.202s</span>
            </div>
            None
            
            <hr size="1"/>
            
            <div class="stdout"><i>Stdout</i><br/>
                <pre></pre></div>
            <hr size="1"/>
            <div class="stderr"><i>Stderr</i><br/>
                <pre></pre></div>
        </div>
    </a>
        
    <a name="b1903c09-998a-48c8-b697-7cafd79e3326">
        <div class="testcase">
            <div class="details">
                <span class="testname"><b>Casper.thenEvaluate() sets args the same way evaluate() does</b></span><br/>
                <span class="testclassname">tests/suites/casper/evaluate</span><br/>
                <span class="duration">Time Taken: 0.0s</span>
            </div>
            None
            
            <hr size="1"/>
            
            <div class="stdout"><i>Stdout</i><br/>
                <pre></pre></div>
            <hr size="1"/>
            <div class="stderr"><i>Stderr</i><br/>
                <pre></pre></div>
        </div>
    </a>
        
            </div>
        </div>
        </a>
        
            </div>
        </div>
        
        <div class="testsuite">
            <h2>Test Suite: Untitled suite in /Users/niko/Sites/casperjs/tests/suites/casper/events.js</h2><a name="ddfe3aea-cb61-4c8b-86ff-ea0cb228974b">
            Package: tests/suites/casper/events<br/>
            
            <table>
            <tr><th align="left">Duration</th><td align="right">0.194 sec</td></tr>
            <tr><th align="left">Test Cases</th><td align="right">5</td></tr>
            <tr><th align="left">Failures</th><td align="right">0</td></tr>
            </table>
            <a name="toc"></a>
            <h2>Results Index</h2>
            
        <ul>
            
            
            <li>All Test Classes
            <ul>
            <li>
                <a href="#2ef70c8a-e81f-40b9-b822-00690dbc73fe">tests/suites/casper/events</a>
                <ul>
                
                    <li>
                        <a href="#868488a2-10df-4b17-91ec-83faf3b10f58">on() has set an event handler</a>
                    </li>
                    
                    <li>
                        <a href="#c61fc905-ef96-45e3-a884-19d3f9c1082a">emit() emits an event</a>
                    </li>
                    
                    <li>
                        <a href="#127f5d00-09e0-48f1-8738-705165868e2f">setFilter() has set a filter</a>
                    </li>
                    
                    <li>
                        <a href="#9af6e408-33ab-44ce-819d-7240c27312e1">filter() filters a value</a>
                    </li>
                    
                    <li>
                        <a href="#fefefa4c-d492-4e7c-b625-c280199a23a8">filter() applies the correct context</a>
                    </li>
                    
                </ul>
            </li>
            </ul>
            </li>
        </ul>
        
            <hr size="2"/>
            <h2>Test Results</h2>
            <div class="testclasses">
            
        <hr size="2"/>
        <a name="2ef70c8a-e81f-40b9-b822-00690dbc73fe">
        <div class="testclass">
            <div>Test Class: tests/suites/casper/events</div>
            <div class="testcases">
            
    <a name="868488a2-10df-4b17-91ec-83faf3b10f58">
        <div class="testcase">
            <div class="details">
                <span class="testname"><b>on() has set an event handler</b></span><br/>
                <span class="testclassname">tests/suites/casper/events</span><br/>
                <span class="duration">Time Taken: 0.193s</span>
            </div>
            None
            
            <hr size="1"/>
            
            <div class="stdout"><i>Stdout</i><br/>
                <pre></pre></div>
            <hr size="1"/>
            <div class="stderr"><i>Stderr</i><br/>
                <pre></pre></div>
        </div>
    </a>
        
    <a name="c61fc905-ef96-45e3-a884-19d3f9c1082a">
        <div class="testcase">
            <div class="details">
                <span class="testname"><b>emit() emits an event</b></span><br/>
                <span class="testclassname">tests/suites/casper/events</span><br/>
                <span class="duration">Time Taken: 0.0s</span>
            </div>
            None
            
            <hr size="1"/>
            
            <div class="stdout"><i>Stdout</i><br/>
                <pre></pre></div>
            <hr size="1"/>
            <div class="stderr"><i>Stderr</i><br/>
                <pre></pre></div>
        </div>
    </a>
        
    <a name="127f5d00-09e0-48f1-8738-705165868e2f">
        <div class="testcase">
            <div class="details">
                <span class="testname"><b>setFilter() has set a filter</b></span><br/>
                <span class="testclassname">tests/suites/casper/events</span><br/>
                <span class="duration">Time Taken: 0.001s</span>
            </div>
            None
            
            <hr size="1"/>
            
            <div class="stdout"><i>Stdout</i><br/>
                <pre></pre></div>
            <hr size="1"/>
            <div class="stderr"><i>Stderr</i><br/>
                <pre></pre></div>
        </div>
    </a>
        
    <a name="9af6e408-33ab-44ce-819d-7240c27312e1">
        <div class="testcase">
            <div class="details">
                <span class="testname"><b>filter() filters a value</b></span><br/>
                <span class="testclassname">tests/suites/casper/events</span><br/>
                <span class="duration">Time Taken: 0.0s</span>
            </div>
            None
            
            <hr size="1"/>
            
            <div class="stdout"><i>Stdout</i><br/>
                <pre></pre></div>
            <hr size="1"/>
            <div class="stderr"><i>Stderr</i><br/>
                <pre></pre></div>
        </div>
    </a>
        
    <a name="fefefa4c-d492-4e7c-b625-c280199a23a8">
        <div class="testcase">
            <div class="details">
                <span class="testname"><b>filter() applies the correct context</b></span><br/>
                <span class="testclassname">tests/suites/casper/events</span><br/>
                <span class="duration">Time Taken: 0.0s</span>
            </div>
            None
            
            <hr size="1"/>
            
            <div class="stdout"><i>Stdout</i><br/>
                <pre></pre></div>
            <hr size="1"/>
            <div class="stderr"><i>Stderr</i><br/>
                <pre></pre></div>
        </div>
    </a>
        
            </div>
        </div>
        </a>
        
            </div>
        </div>
        
        <div class="testsuite">
            <h2>Test Suite: Untitled suite in /Users/niko/Sites/casperjs/tests/suites/casper/exists.js</h2><a name="c20c9808-8482-4b94-8446-cd141e61935f">
            Package: tests/suites/casper/exists<br/>
            
            <table>
            <tr><th align="left">Duration</th><td align="right">0.302 sec</td></tr>
            <tr><th align="left">Test Cases</th><td align="right">1</td></tr>
            <tr><th align="left">Failures</th><td align="right">0</td></tr>
            </table>
            <a name="toc"></a>
            <h2>Results Index</h2>
            
        <ul>
            
            
            <li>All Test Classes
            <ul>
            <li>
                <a href="#b24962d8-3549-48e1-b53c-f5cf72bd507b">tests/suites/casper/exists</a>
                <ul>
                
                    <li>
                        <a href="#2a5087db-662d-435f-a3be-a04b1c74e9db">Casper.exists() can check if an element exists</a>
                    </li>
                    
                </ul>
            </li>
            </ul>
            </li>
        </ul>
        
            <hr size="2"/>
            <h2>Test Results</h2>
            <div class="testclasses">
            
        <hr size="2"/>
        <a name="b24962d8-3549-48e1-b53c-f5cf72bd507b">
        <div class="testclass">
            <div>Test Class: tests/suites/casper/exists</div>
            <div class="testcases">
            
    <a name="2a5087db-662d-435f-a3be-a04b1c74e9db">
        <div class="testcase">
            <div class="details">
                <span class="testname"><b>Casper.exists() can check if an element exists</b></span><br/>
                <span class="testclassname">tests/suites/casper/exists</span><br/>
                <span class="duration">Time Taken: 0.302s</span>
            </div>
            None
            
            <hr size="1"/>
            
            <div class="stdout"><i>Stdout</i><br/>
                <pre></pre></div>
            <hr size="1"/>
            <div class="stderr"><i>Stderr</i><br/>
                <pre></pre></div>
        </div>
    </a>
        
            </div>
        </div>
        </a>
        
            </div>
        </div>
        
        <div class="testsuite">
            <h2>Test Suite: Untitled suite in /Users/niko/Sites/casperjs/tests/suites/casper/fetchtext.js</h2><a name="c00e72aa-f668-4c57-9b23-e4fb0eacc83f">
            Package: tests/suites/casper/fetchtext<br/>
            
            <table>
            <tr><th align="left">Duration</th><td align="right">0.401 sec</td></tr>
            <tr><th align="left">Test Cases</th><td align="right">1</td></tr>
            <tr><th align="left">Failures</th><td align="right">0</td></tr>
            </table>
            <a name="toc"></a>
            <h2>Results Index</h2>
            
        <ul>
            
            
            <li>All Test Classes
            <ul>
            <li>
                <a href="#a9a9f42b-3a4c-45ef-ae16-7955544f79fa">tests/suites/casper/fetchtext</a>
                <ul>
                
                    <li>
                        <a href="#cce8ed97-f9d3-44e0-8ed8-7d68b45fd294">Casper.fetchText() can retrieve text contents</a>
                    </li>
                    
                </ul>
            </li>
            </ul>
            </li>
        </ul>
        
            <hr size="2"/>
            <h2>Test Results</h2>
            <div class="testclasses">
            
        <hr size="2"/>
        <a name="a9a9f42b-3a4c-45ef-ae16-7955544f79fa">
        <div class="testclass">
            <div>Test Class: tests/suites/casper/fetchtext</div>
            <div class="testcases">
            
    <a name="cce8ed97-f9d3-44e0-8ed8-7d68b45fd294">
        <div class="testcase">
            <div class="details">
                <span class="testname"><b>Casper.fetchText() can retrieve text contents</b></span><br/>
                <span class="testclassname">tests/suites/casper/fetchtext</span><br/>
                <span class="duration">Time Taken: 0.401s</span>
            </div>
            None
            
            <hr size="1"/>
            
            <div class="stdout"><i>Stdout</i><br/>
                <pre></pre></div>
            <hr size="1"/>
            <div class="stderr"><i>Stderr</i><br/>
                <pre></pre></div>
        </div>
    </a>
        
            </div>
        </div>
        </a>
        
            </div>
        </div>
        
        <div class="testsuite">
            <h2>Test Suite: Untitled suite in /Users/niko/Sites/casperjs/tests/suites/casper/flow.coffee</h2><a name="719ab343-57a9-4f88-8207-efe6a7054890">
            Package: tests/suites/casper/flow<br/>
            
            <table>
            <tr><th align="left">Duration</th><td align="right">4.775 sec</td></tr>
            <tr><th align="left">Test Cases</th><td align="right">13</td></tr>
            <tr><th align="left">Failures</th><td align="right">0</td></tr>
            </table>
            <a name="toc"></a>
            <h2>Results Index</h2>
            
        <ul>
            
            
            <li>All Test Classes
            <ul>
            <li>
                <a href="#31af585b-38c5-4fa3-bddc-d5e2395572a0">tests/suites/casper/flow</a>
                <ul>
                
                    <li>
                        <a href="#bf4cfa71-580f-465b-ab74-bf92dc264be0">step 1</a>
                    </li>
                    
                    <li>
                        <a href="#d828b731-a8db-49a1-8e12-79cb3da88a55">step 1.1</a>
                    </li>
                    
                    <li>
                        <a href="#eceae775-1c7f-4b50-ab82-9221371d85a9">step 1.1.1</a>
                    </li>
                    
                    <li>
                        <a href="#a36965bc-480c-4e97-a6d4-47dbda99f40a">step 1.1.1.1</a>
                    </li>
                    
                    <li>
                        <a href="#bf8f73ec-f3ad-4001-92ab-01174099b521">step 1.1.2.1</a>
                    </li>
                    
                    <li>
                        <a href="#78f0f9a7-055a-4988-bd8e-2b8dd6f85f7a">step 1.2</a>
                    </li>
                    
                    <li>
                        <a href="#4e7a1a16-0762-4ccf-b0ec-c6c69e4d3ea1">step 2</a>
                    </li>
                    
                    <li>
                        <a href="#822207cb-0272-4b83-9c00-8f799a49ab42">step 3 sucessfully timed out</a>
                    </li>
                    
                    <li>
                        <a href="#ecf57e40-4493-4d46-9eea-62e5a6e5f080">step 4</a>
                    </li>
                    
                    <li>
                        <a href="#f5175ecb-a252-41d4-b9b5-f2473248117c">step 4.1</a>
                    </li>
                    
                    <li>
                        <a href="#f532666c-81db-4de7-9439-f2cfd752c30f">step 4.1.1</a>
                    </li>
                    
                    <li>
                        <a href="#dc3834d3-fd06-4c74-94c4-fe251cfd0119">step 5.2</a>
                    </li>
                    
                    <li>
                        <a href="#4e702552-2889-4ea4-a688-c87d6cf5b639">last step</a>
                    </li>
                    
                </ul>
            </li>
            </ul>
            </li>
        </ul>
        
            <hr size="2"/>
            <h2>Test Results</h2>
            <div class="testclasses">
            
        <hr size="2"/>
        <a name="31af585b-38c5-4fa3-bddc-d5e2395572a0">
        <div class="testclass">
            <div>Test Class: tests/suites/casper/flow</div>
            <div class="testcases">
            
    <a name="bf4cfa71-580f-465b-ab74-bf92dc264be0">
        <div class="testcase">
            <div class="details">
                <span class="testname"><b>step 1</b></span><br/>
                <span class="testclassname">tests/suites/casper/flow</span><br/>
                <span class="duration">Time Taken: 0.467s</span>
            </div>
            None
            
            <hr size="1"/>
            
            <div class="stdout"><i>Stdout</i><br/>
                <pre></pre></div>
            <hr size="1"/>
            <div class="stderr"><i>Stderr</i><br/>
                <pre></pre></div>
        </div>
    </a>
        
    <a name="d828b731-a8db-49a1-8e12-79cb3da88a55">
        <div class="testcase">
            <div class="details">
                <span class="testname"><b>step 1.1</b></span><br/>
                <span class="testclassname">tests/suites/casper/flow</span><br/>
                <span class="duration">Time Taken: 0.501s</span>
            </div>
            None
            
            <hr size="1"/>
            
            <div class="stdout"><i>Stdout</i><br/>
                <pre></pre></div>
            <hr size="1"/>
            <div class="stderr"><i>Stderr</i><br/>
                <pre></pre></div>
        </div>
    </a>
        
    <a name="eceae775-1c7f-4b50-ab82-9221371d85a9">
        <div class="testcase">
            <div class="details">
                <span class="testname"><b>step 1.1.1</b></span><br/>
                <span class="testclassname">tests/suites/casper/flow</span><br/>
                <span class="duration">Time Taken: 0.3s</span>
            </div>
            None
            
            <hr size="1"/>
            
            <div class="stdout"><i>Stdout</i><br/>
                <pre></pre></div>
            <hr size="1"/>
            <div class="stderr"><i>Stderr</i><br/>
                <pre></pre></div>
        </div>
    </a>
        
    <a name="a36965bc-480c-4e97-a6d4-47dbda99f40a">
        <div class="testcase">
            <div class="details">
                <span class="testname"><b>step 1.1.1.1</b></span><br/>
                <span class="testclassname">tests/suites/casper/flow</span><br/>
                <span class="duration">Time Taken: 0.301s</span>
            </div>
            None
            
            <hr size="1"/>
            
            <div class="stdout"><i>Stdout</i><br/>
                <pre></pre></div>
            <hr size="1"/>
            <div class="stderr"><i>Stderr</i><br/>
                <pre></pre></div>
        </div>
    </a>
        
    <a name="bf8f73ec-f3ad-4001-92ab-01174099b521">
        <div class="testcase">
            <div class="details">
                <span class="testname"><b>step 1.1.2.1</b></span><br/>
                <span class="testclassname">tests/suites/casper/flow</span><br/>
                <span class="duration">Time Taken: 0.101s</span>
            </div>
            None
            
            <hr size="1"/>
            
            <div class="stdout"><i>Stdout</i><br/>
                <pre></pre></div>
            <hr size="1"/>
            <div class="stderr"><i>Stderr</i><br/>
                <pre></pre></div>
        </div>
    </a>
        
    <a name="78f0f9a7-055a-4988-bd8e-2b8dd6f85f7a">
        <div class="testcase">
            <div class="details">
                <span class="testname"><b>step 1.2</b></span><br/>
                <span class="testclassname">tests/suites/casper/flow</span><br/>
                <span class="duration">Time Taken: 0.5s</span>
            </div>
            None
            
            <hr size="1"/>
            
            <div class="stdout"><i>Stdout</i><br/>
                <pre></pre></div>
            <hr size="1"/>
            <div class="stderr"><i>Stderr</i><br/>
                <pre></pre></div>
        </div>
    </a>
        
    <a name="4e7a1a16-0762-4ccf-b0ec-c6c69e4d3ea1">
        <div class="testcase">
            <div class="details">
                <span class="testname"><b>step 2</b></span><br/>
                <span class="testclassname">tests/suites/casper/flow</span><br/>
                <span class="duration">Time Taken: 0.301s</span>
            </div>
            None
            
            <hr size="1"/>
            
            <div class="stdout"><i>Stdout</i><br/>
                <pre></pre></div>
            <hr size="1"/>
            <div class="stderr"><i>Stderr</i><br/>
                <pre></pre></div>
        </div>
    </a>
        
    <a name="822207cb-0272-4b83-9c00-8f799a49ab42">
        <div class="testcase">
            <div class="details">
                <span class="testname"><b>step 3 sucessfully timed out</b></span><br/>
                <span class="testclassname">tests/suites/casper/flow</span><br/>
                <span class="duration">Time Taken: 1.103s</span>
            </div>
            None
            
            <hr size="1"/>
            
            <div class="stdout"><i>Stdout</i><br/>
                <pre></pre></div>
            <hr size="1"/>
            <div class="stderr"><i>Stderr</i><br/>
                <pre></pre></div>
        </div>
    </a>
        
    <a name="ecf57e40-4493-4d46-9eea-62e5a6e5f080">
        <div class="testcase">
            <div class="details">
                <span class="testname"><b>step 4</b></span><br/>
                <span class="testclassname">tests/suites/casper/flow</span><br/>
                <span class="duration">Time Taken: 0.1s</span>
            </div>
            None
            
            <hr size="1"/>
            
            <div class="stdout"><i>Stdout</i><br/>
                <pre></pre></div>
            <hr size="1"/>
            <div class="stderr"><i>Stderr</i><br/>
                <pre></pre></div>
        </div>
    </a>
        
    <a name="f5175ecb-a252-41d4-b9b5-f2473248117c">
        <div class="testcase">
            <div class="details">
                <span class="testname"><b>step 4.1</b></span><br/>
                <span class="testclassname">tests/suites/casper/flow</span><br/>
                <span class="duration">Time Taken: 0.4s</span>
            </div>
            None
            
            <hr size="1"/>
            
            <div class="stdout"><i>Stdout</i><br/>
                <pre></pre></div>
            <hr size="1"/>
            <div class="stderr"><i>Stderr</i><br/>
                <pre></pre></div>
        </div>
    </a>
        
    <a name="f532666c-81db-4de7-9439-f2cfd752c30f">
        <div class="testcase">
            <div class="details">
                <span class="testname"><b>step 4.1.1</b></span><br/>
                <span class="testclassname">tests/suites/casper/flow</span><br/>
                <span class="duration">Time Taken: 0.4s</span>
            </div>
            None
            
            <hr size="1"/>
            
            <div class="stdout"><i>Stdout</i><br/>
                <pre></pre></div>
            <hr size="1"/>
            <div class="stderr"><i>Stderr</i><br/>
                <pre></pre></div>
        </div>
    </a>
        
    <a name="dc3834d3-fd06-4c74-94c4-fe251cfd0119">
        <div class="testcase">
            <div class="details">
                <span class="testname"><b>step 5.2</b></span><br/>
                <span class="testclassname">tests/suites/casper/flow</span><br/>
                <span class="duration">Time Taken: 0.201s</span>
            </div>
            None
            
            <hr size="1"/>
            
            <div class="stdout"><i>Stdout</i><br/>
                <pre></pre></div>
            <hr size="1"/>
            <div class="stderr"><i>Stderr</i><br/>
                <pre></pre></div>
        </div>
    </a>
        
    <a name="4e702552-2889-4ea4-a688-c87d6cf5b639">
        <div class="testcase">
            <div class="details">
                <span class="testname"><b>last step</b></span><br/>
                <span class="testclassname">tests/suites/casper/flow</span><br/>
                <span class="duration">Time Taken: 0.1s</span>
            </div>
            None
            
            <hr size="1"/>
            
            <div class="stdout"><i>Stdout</i><br/>
                <pre></pre></div>
            <hr size="1"/>
            <div class="stderr"><i>Stderr</i><br/>
                <pre></pre></div>
        </div>
    </a>
        
            </div>
        </div>
        </a>
        
            </div>
        </div>
        
        <div class="testsuite">
            <h2>Test Suite: Untitled suite in /Users/niko/Sites/casperjs/tests/suites/casper/formfill.js</h2><a name="2fa5d025-da6f-4132-81cb-c09eb0dab487">
            Package: tests/suites/casper/formfill<br/>
            
            <table>
            <tr><th align="left">Duration</th><td align="right">1.341 sec</td></tr>
            <tr><th align="left">Test Cases</th><td align="right">19</td></tr>
            <tr><th align="left">Failures</th><td align="right">0</td></tr>
            </table>
            <a name="toc"></a>
            <h2>Results Index</h2>
            
        <ul>
            
            
            <li>All Test Classes
            <ul>
            <li>
                <a href="#ad49a7de-661f-48ae-ac72-ec3ac7ec80f9">tests/suites/casper/formfill</a>
                <ul>
                
                    <li>
                        <a href="#0932b27a-9feb-4ebd-95c5-6b94e3e96711">Casper.fill() can fill an input[type=text] form field</a>
                    </li>
                    
                    <li>
                        <a href="#27dcd564-6dda-44ce-b502-81260abb1481">Casper.fill() can fill an input[type=password] form field</a>
                    </li>
                    
                    <li>
                        <a href="#a84b7f28-1cf3-4739-9e6d-5969a4544960">Casper.fill() can fill a textarea form field</a>
                    </li>
                    
                    <li>
                        <a href="#18e030b7-38e8-47fc-ae9c-1a78709a605b">Casper.fill() can pick a value from a select form field</a>
                    </li>
                    
                    <li>
                        <a href="#4ff89ba3-73ff-45d6-872f-0c86eb57f62d">Casper.fill() can check a form checkbox</a>
                    </li>
                    
                    <li>
                        <a href="#605c779a-2fdd-4cd2-9a27-b66d47b041df">Casper.fill() can check a form radio button 1/2</a>
                    </li>
                    
                    <li>
                        <a href="#5d4a089b-9d9b-4092-8394-88bf5f9af089">Casper.fill() can check a form radio button 2/2</a>
                    </li>
                    
                    <li>
                        <a href="#f5ccb71d-2a92-4240-9f96-128bb37c8753">Casper.fill() can select a file to upload</a>
                    </li>
                    
                    <li>
                        <a href="#3bf10f9a-3774-49d1-9cee-7e13ebab1e87">Casper.fill() can fill a list of checkboxes</a>
                    </li>
                    
                    <li>
                        <a href="#bd931500-aff5-4dad-a8ab-674df557a125">Casper.getFormValues() retrieves filled values</a>
                    </li>
                    
                    <li>
                        <a href="#acfd2ec8-e798-4b14-80df-6a96f7cca6cf">Casper.fill() input[type=email] field was submitted</a>
                    </li>
                    
                    <li>
                        <a href="#9e1990f9-470b-4044-bf97-254eb96117ba">Casper.fill() input[type=password] field was submitted</a>
                    </li>
                    
                    <li>
                        <a href="#06e90867-363f-4963-9bb7-112e2ee6147b">Casper.fill() textarea field was submitted</a>
                    </li>
                    
                    <li>
                        <a href="#45f80ab9-aa9d-408e-914c-c970bed490a9">Casper.fill() input[type=checkbox] field was submitted</a>
                    </li>
                    
                    <li>
                        <a href="#89329c50-5eed-41a0-bf32-2b070799d832">Casper.fill() input[type=radio] field was submitted</a>
                    </li>
                    
                    <li>
                        <a href="#22a446c8-0fbf-4939-a25a-7b1b8f3a4d21">Casper.fill() select field was submitted</a>
                    </li>
                    
                    <li>
                        <a href="#bdc29846-e753-475a-b9dc-12b86c0a1e13">Casper.fill() raises an exception when unable to fill a form</a>
                    </li>
                    
                    <li>
                        <a href="#4074aab1-6ad0-4924-9dbf-94d65f15d8d6">Casper.fill() handles multiple forms</a>
                    </li>
                    
                    <li>
                        <a href="#3fe5005e-54d1-4356-8834-0582c41e33d1">Casper.fill() handles array syntax field names</a>
                    </li>
                    
                </ul>
            </li>
            </ul>
            </li>
        </ul>
        
            <hr size="2"/>
            <h2>Test Results</h2>
            <div class="testclasses">
            
        <hr size="2"/>
        <a name="ad49a7de-661f-48ae-ac72-ec3ac7ec80f9">
        <div class="testclass">
            <div>Test Class: tests/suites/casper/formfill</div>
            <div class="testcases">
            
    <a name="0932b27a-9feb-4ebd-95c5-6b94e3e96711">
        <div class="testcase">
            <div class="details">
                <span class="testname"><b>Casper.fill() can fill an input[type=text] form field</b></span><br/>
                <span class="testclassname">tests/suites/casper/formfill</span><br/>
                <span class="duration">Time Taken: 0.346s</span>
            </div>
            None
            
            <hr size="1"/>
            
            <div class="stdout"><i>Stdout</i><br/>
                <pre></pre></div>
            <hr size="1"/>
            <div class="stderr"><i>Stderr</i><br/>
                <pre></pre></div>
        </div>
    </a>
        
    <a name="27dcd564-6dda-44ce-b502-81260abb1481">
        <div class="testcase">
            <div class="details">
                <span class="testname"><b>Casper.fill() can fill an input[type=password] form field</b></span><br/>
                <span class="testclassname">tests/suites/casper/formfill</span><br/>
                <span class="duration">Time Taken: 0.001s</span>
            </div>
            None
            
            <hr size="1"/>
            
            <div class="stdout"><i>Stdout</i><br/>
                <pre></pre></div>
            <hr size="1"/>
            <div class="stderr"><i>Stderr</i><br/>
                <pre></pre></div>
        </div>
    </a>
        
    <a name="a84b7f28-1cf3-4739-9e6d-5969a4544960">
        <div class="testcase">
            <div class="details">
                <span class="testname"><b>Casper.fill() can fill a textarea form field</b></span><br/>
                <span class="testclassname">tests/suites/casper/formfill</span><br/>
                <span class="duration">Time Taken: 0.0s</span>
            </div>
            None
            
            <hr size="1"/>
            
            <div class="stdout"><i>Stdout</i><br/>
                <pre></pre></div>
            <hr size="1"/>
            <div class="stderr"><i>Stderr</i><br/>
                <pre></pre></div>
        </div>
    </a>
        
    <a name="18e030b7-38e8-47fc-ae9c-1a78709a605b">
        <div class="testcase">
            <div class="details">
                <span class="testname"><b>Casper.fill() can pick a value from a select form field</b></span><br/>
                <span class="testclassname">tests/suites/casper/formfill</span><br/>
                <span class="duration">Time Taken: 0.001s</span>
            </div>
            None
            
            <hr size="1"/>
            
            <div class="stdout"><i>Stdout</i><br/>
                <pre></pre></div>
            <hr size="1"/>
            <div class="stderr"><i>Stderr</i><br/>
                <pre></pre></div>
        </div>
    </a>
        
    <a name="4ff89ba3-73ff-45d6-872f-0c86eb57f62d">
        <div class="testcase">
            <div class="details">
                <span class="testname"><b>Casper.fill() can check a form checkbox</b></span><br/>
                <span class="testclassname">tests/suites/casper/formfill</span><br/>
                <span class="duration">Time Taken: 0.0s</span>
            </div>
            None
            
            <hr size="1"/>
            
            <div class="stdout"><i>Stdout</i><br/>
                <pre></pre></div>
            <hr size="1"/>
            <div class="stderr"><i>Stderr</i><br/>
                <pre></pre></div>
        </div>
    </a>
        
    <a name="605c779a-2fdd-4cd2-9a27-b66d47b041df">
        <div class="testcase">
            <div class="details">
                <span class="testname"><b>Casper.fill() can check a form radio button 1/2</b></span><br/>
                <span class="testclassname">tests/suites/casper/formfill</span><br/>
                <span class="duration">Time Taken: 0.001s</span>
            </div>
            None
            
            <hr size="1"/>
            
            <div class="stdout"><i>Stdout</i><br/>
                <pre></pre></div>
            <hr size="1"/>
            <div class="stderr"><i>Stderr</i><br/>
                <pre></pre></div>
        </div>
    </a>
        
    <a name="5d4a089b-9d9b-4092-8394-88bf5f9af089">
        <div class="testcase">
            <div class="details">
                <span class="testname"><b>Casper.fill() can check a form radio button 2/2</b></span><br/>
                <span class="testclassname">tests/suites/casper/formfill</span><br/>
                <span class="duration">Time Taken: 0.0s</span>
            </div>
            None
            
            <hr size="1"/>
            
            <div class="stdout"><i>Stdout</i><br/>
                <pre></pre></div>
            <hr size="1"/>
            <div class="stderr"><i>Stderr</i><br/>
                <pre></pre></div>
        </div>
    </a>
        
    <a name="f5ccb71d-2a92-4240-9f96-128bb37c8753">
        <div class="testcase">
            <div class="details">
                <span class="testname"><b>Casper.fill() can select a file to upload</b></span><br/>
                <span class="testclassname">tests/suites/casper/formfill</span><br/>
                <span class="duration">Time Taken: 0.0s</span>
            </div>
            None
            
            <hr size="1"/>
            
            <div class="stdout"><i>Stdout</i><br/>
                <pre></pre></div>
            <hr size="1"/>
            <div class="stderr"><i>Stderr</i><br/>
                <pre></pre></div>
        </div>
    </a>
        
    <a name="3bf10f9a-3774-49d1-9cee-7e13ebab1e87">
        <div class="testcase">
            <div class="details">
                <span class="testname"><b>Casper.fill() can fill a list of checkboxes</b></span><br/>
                <span class="testclassname">tests/suites/casper/formfill</span><br/>
                <span class="duration">Time Taken: 0.001s</span>
            </div>
            None
            
            <hr size="1"/>
            
            <div class="stdout"><i>Stdout</i><br/>
                <pre></pre></div>
            <hr size="1"/>
            <div class="stderr"><i>Stderr</i><br/>
                <pre></pre></div>
        </div>
    </a>
        
    <a name="bd931500-aff5-4dad-a8ab-674df557a125">
        <div class="testcase">
            <div class="details">
                <span class="testname"><b>Casper.getFormValues() retrieves filled values</b></span><br/>
                <span class="testclassname">tests/suites/casper/formfill</span><br/>
                <span class="duration">Time Taken: 0.089s</span>
            </div>
            None
            
            <hr size="1"/>
            
            <div class="stdout"><i>Stdout</i><br/>
                <pre></pre></div>
            <hr size="1"/>
            <div class="stderr"><i>Stderr</i><br/>
                <pre></pre></div>
        </div>
    </a>
        
    <a name="acfd2ec8-e798-4b14-80df-6a96f7cca6cf">
        <div class="testcase">
            <div class="details">
                <span class="testname"><b>Casper.fill() input[type=email] field was submitted</b></span><br/>
                <span class="testclassname">tests/suites/casper/formfill</span><br/>
                <span class="duration">Time Taken: 0.102s</span>
            </div>
            None
            
            <hr size="1"/>
            
            <div class="stdout"><i>Stdout</i><br/>
                <pre></pre></div>
            <hr size="1"/>
            <div class="stderr"><i>Stderr</i><br/>
                <pre></pre></div>
        </div>
    </a>
        
    <a name="9e1990f9-470b-4044-bf97-254eb96117ba">
        <div class="testcase">
            <div class="details">
                <span class="testname"><b>Casper.fill() input[type=password] field was submitted</b></span><br/>
                <span class="testclassname">tests/suites/casper/formfill</span><br/>
                <span class="duration">Time Taken: 0.001s</span>
            </div>
            None
            
            <hr size="1"/>
            
            <div class="stdout"><i>Stdout</i><br/>
                <pre></pre></div>
            <hr size="1"/>
            <div class="stderr"><i>Stderr</i><br/>
                <pre></pre></div>
        </div>
    </a>
        
    <a name="06e90867-363f-4963-9bb7-112e2ee6147b">
        <div class="testcase">
            <div class="details">
                <span class="testname"><b>Casper.fill() textarea field was submitted</b></span><br/>
                <span class="testclassname">tests/suites/casper/formfill</span><br/>
                <span class="duration">Time Taken: 0.001s</span>
            </div>
            None
            
            <hr size="1"/>
            
            <div class="stdout"><i>Stdout</i><br/>
                <pre></pre></div>
            <hr size="1"/>
            <div class="stderr"><i>Stderr</i><br/>
                <pre></pre></div>
        </div>
    </a>
        
    <a name="45f80ab9-aa9d-408e-914c-c970bed490a9">
        <div class="testcase">
            <div class="details">
                <span class="testname"><b>Casper.fill() input[type=checkbox] field was submitted</b></span><br/>
                <span class="testclassname">tests/suites/casper/formfill</span><br/>
                <span class="duration">Time Taken: 0.0s</span>
            </div>
            None
            
            <hr size="1"/>
            
            <div class="stdout"><i>Stdout</i><br/>
                <pre></pre></div>
            <hr size="1"/>
            <div class="stderr"><i>Stderr</i><br/>
                <pre></pre></div>
        </div>
    </a>
        
    <a name="89329c50-5eed-41a0-bf32-2b070799d832">
        <div class="testcase">
            <div class="details">
                <span class="testname"><b>Casper.fill() input[type=radio] field was submitted</b></span><br/>
                <span class="testclassname">tests/suites/casper/formfill</span><br/>
                <span class="duration">Time Taken: 0.001s</span>
            </div>
            None
            
            <hr size="1"/>
            
            <div class="stdout"><i>Stdout</i><br/>
                <pre></pre></div>
            <hr size="1"/>
            <div class="stderr"><i>Stderr</i><br/>
                <pre></pre></div>
        </div>
    </a>
        
    <a name="22a446c8-0fbf-4939-a25a-7b1b8f3a4d21">
        <div class="testcase">
            <div class="details">
                <span class="testname"><b>Casper.fill() select field was submitted</b></span><br/>
                <span class="testclassname">tests/suites/casper/formfill</span><br/>
                <span class="duration">Time Taken: 0.0s</span>
            </div>
            None
            
            <hr size="1"/>
            
            <div class="stdout"><i>Stdout</i><br/>
                <pre></pre></div>
            <hr size="1"/>
            <div class="stderr"><i>Stderr</i><br/>
                <pre></pre></div>
        </div>
    </a>
        
    <a name="bdc29846-e753-475a-b9dc-12b86c0a1e13">
        <div class="testcase">
            <div class="details">
                <span class="testname"><b>Casper.fill() raises an exception when unable to fill a form</b></span><br/>
                <span class="testclassname">tests/suites/casper/formfill</span><br/>
                <span class="duration">Time Taken: 0.197s</span>
            </div>
            None
            
            <hr size="1"/>
            
            <div class="stdout"><i>Stdout</i><br/>
                <pre></pre></div>
            <hr size="1"/>
            <div class="stderr"><i>Stderr</i><br/>
                <pre></pre></div>
        </div>
    </a>
        
    <a name="4074aab1-6ad0-4924-9dbf-94d65f15d8d6">
        <div class="testcase">
            <div class="details">
                <span class="testname"><b>Casper.fill() handles multiple forms</b></span><br/>
                <span class="testclassname">tests/suites/casper/formfill</span><br/>
                <span class="duration">Time Taken: 0.299s</span>
            </div>
            None
            
            <hr size="1"/>
            
            <div class="stdout"><i>Stdout</i><br/>
                <pre></pre></div>
            <hr size="1"/>
            <div class="stderr"><i>Stderr</i><br/>
                <pre></pre></div>
        </div>
    </a>
        
    <a name="3fe5005e-54d1-4356-8834-0582c41e33d1">
        <div class="testcase">
            <div class="details">
                <span class="testname"><b>Casper.fill() handles array syntax field names</b></span><br/>
                <span class="testclassname">tests/suites/casper/formfill</span><br/>
                <span class="duration">Time Taken: 0.301s</span>
            </div>
            None
            
            <hr size="1"/>
            
            <div class="stdout"><i>Stdout</i><br/>
                <pre></pre></div>
            <hr size="1"/>
            <div class="stderr"><i>Stderr</i><br/>
                <pre></pre></div>
        </div>
    </a>
        
            </div>
        </div>
        </a>
        
            </div>
        </div>
        
        <div class="testsuite">
            <h2>Test Suite: Untitled suite in /Users/niko/Sites/casperjs/tests/suites/casper/frames.js</h2><a name="c1534fe9-8989-43f0-8b3a-19b060d21975">
            Package: tests/suites/casper/frames<br/>
            
            <table>
            <tr><th align="left">Duration</th><td align="right">2.002 sec</td></tr>
            <tr><th align="left">Test Cases</th><td align="right">14</td></tr>
            <tr><th align="left">Failures</th><td align="right">0</td></tr>
            </table>
            <a name="toc"></a>
            <h2>Results Index</h2>
            
        <ul>
            
            
            <li>All Test Classes
            <ul>
            <li>
                <a href="#17770258-2320-4c64-b4ee-52417131c76e">tests/suites/casper/frames</a>
                <ul>
                
                    <li>
                        <a href="#07e0104c-9c53-431e-b8be-6b0fec14352f">Page title is: "CasperJS frame 1"</a>
                    </li>
                    
                    <li>
                        <a href="#6e72dca3-8fbd-49d9-923f-027b83a1e88d">Found an element matching: #f1</a>
                    </li>
                    
                    <li>
                        <a href="#8d0c645e-5dac-4b00-8838-fdec3eb19fb4">No element found matching selector: #f2</a>
                    </li>
                    
                    <li>
                        <a href="#be0b558c-8a69-4244-9be9-b3673eeb5c1d">__utils__ object is available in child frame</a>
                    </li>
                    
                    <li>
                        <a href="#656254aa-6428-4636-afa7-4cd315f7a870">Page title is: "CasperJS frame 2"</a>
                    </li>
                    
                    <li>
                        <a href="#3e5e62c0-9e96-4a01-8aa6-5fbccb15e863">Found an element matching: #f2</a>
                    </li>
                    
                    <li>
                        <a href="#d008cb39-17f2-4b7c-a17c-1805b9c9ea60">No element found matching selector: #f1</a>
                    </li>
                    
                    <li>
                        <a href="#87d84e5c-96f9-49ba-8686-cb7f7ff1538e">__utils__ object is available in other child frame</a>
                    </li>
                    
                    <li>
                        <a href="#289546d9-aa89-4dcb-98bb-7cb9a3e3228d">Page title is: "CasperJS frame 3"</a>
                    </li>
                    
                    <li>
                        <a href="#59140c63-0662-410a-86fc-e04e95e4f72d">Page title is: "CasperJS frame 1"</a>
                    </li>
                    
                    <li>
                        <a href="#857f81fb-8e0a-4387-8a51-f9a47e5adb72">Found an element matching: #f1</a>
                    </li>
                    
                    <li>
                        <a href="#aae1d9ac-8591-4075-b65b-4a0001bc45cd">No element found matching selector: #f2</a>
                    </li>
                    
                    <li>
                        <a href="#16b7547e-3817-4892-99e7-c6fbd11486f0">Page title is: "CasperJS frame 3"</a>
                    </li>
                    
                    <li>
                        <a href="#96e66e16-fa16-4d85-9b56-6687cd08f552">Page title is: "CasperJS test frames"</a>
                    </li>
                    
                </ul>
            </li>
            </ul>
            </li>
        </ul>
        
            <hr size="2"/>
            <h2>Test Results</h2>
            <div class="testclasses">
            
        <hr size="2"/>
        <a name="17770258-2320-4c64-b4ee-52417131c76e">
        <div class="testclass">
            <div>Test Class: tests/suites/casper/frames</div>
            <div class="testcases">
            
    <a name="07e0104c-9c53-431e-b8be-6b0fec14352f">
        <div class="testcase">
            <div class="details">
                <span class="testname"><b>Page title is: "CasperJS frame 1"</b></span><br/>
                <span class="testclassname">tests/suites/casper/frames</span><br/>
                <span class="duration">Time Taken: 0.604s</span>
            </div>
            None
            
            <hr size="1"/>
            
            <div class="stdout"><i>Stdout</i><br/>
                <pre></pre></div>
            <hr size="1"/>
            <div class="stderr"><i>Stderr</i><br/>
                <pre></pre></div>
        </div>
    </a>
        
    <a name="6e72dca3-8fbd-49d9-923f-027b83a1e88d">
        <div class="testcase">
            <div class="details">
                <span class="testname"><b>Found an element matching: #f1</b></span><br/>
                <span class="testclassname">tests/suites/casper/frames</span><br/>
                <span class="duration">Time Taken: 0.0s</span>
            </div>
            None
            
            <hr size="1"/>
            
            <div class="stdout"><i>Stdout</i><br/>
                <pre></pre></div>
            <hr size="1"/>
            <div class="stderr"><i>Stderr</i><br/>
                <pre></pre></div>
        </div>
    </a>
        
    <a name="8d0c645e-5dac-4b00-8838-fdec3eb19fb4">
        <div class="testcase">
            <div class="details">
                <span class="testname"><b>No element found matching selector: #f2</b></span><br/>
                <span class="testclassname">tests/suites/casper/frames</span><br/>
                <span class="duration">Time Taken: 0.001s</span>
            </div>
            None
            
            <hr size="1"/>
            
            <div class="stdout"><i>Stdout</i><br/>
                <pre></pre></div>
            <hr size="1"/>
            <div class="stderr"><i>Stderr</i><br/>
                <pre></pre></div>
        </div>
    </a>
        
    <a name="be0b558c-8a69-4244-9be9-b3673eeb5c1d">
        <div class="testcase">
            <div class="details">
                <span class="testname"><b>__utils__ object is available in child frame</b></span><br/>
                <span class="testclassname">tests/suites/casper/frames</span><br/>
                <span class="duration">Time Taken: 0.0s</span>
            </div>
            None
            
            <hr size="1"/>
            
            <div class="stdout"><i>Stdout</i><br/>
                <pre></pre></div>
            <hr size="1"/>
            <div class="stderr"><i>Stderr</i><br/>
                <pre></pre></div>
        </div>
    </a>
        
    <a name="656254aa-6428-4636-afa7-4cd315f7a870">
        <div class="testcase">
            <div class="details">
                <span class="testname"><b>Page title is: "CasperJS frame 2"</b></span><br/>
                <span class="testclassname">tests/suites/casper/frames</span><br/>
                <span class="duration">Time Taken: 0.298s</span>
            </div>
            None
            
            <hr size="1"/>
            
            <div class="stdout"><i>Stdout</i><br/>
                <pre></pre></div>
            <hr size="1"/>
            <div class="stderr"><i>Stderr</i><br/>
                <pre></pre></div>
        </div>
    </a>
        
    <a name="3e5e62c0-9e96-4a01-8aa6-5fbccb15e863">
        <div class="testcase">
            <div class="details">
                <span class="testname"><b>Found an element matching: #f2</b></span><br/>
                <span class="testclassname">tests/suites/casper/frames</span><br/>
                <span class="duration">Time Taken: 0.001s</span>
            </div>
            None
            
            <hr size="1"/>
            
            <div class="stdout"><i>Stdout</i><br/>
                <pre></pre></div>
            <hr size="1"/>
            <div class="stderr"><i>Stderr</i><br/>
                <pre></pre></div>
        </div>
    </a>
        
    <a name="d008cb39-17f2-4b7c-a17c-1805b9c9ea60">
        <div class="testcase">
            <div class="details">
                <span class="testname"><b>No element found matching selector: #f1</b></span><br/>
                <span class="testclassname">tests/suites/casper/frames</span><br/>
                <span class="duration">Time Taken: 0.0s</span>
            </div>
            None
            
            <hr size="1"/>
            
            <div class="stdout"><i>Stdout</i><br/>
                <pre></pre></div>
            <hr size="1"/>
            <div class="stderr"><i>Stderr</i><br/>
                <pre></pre></div>
        </div>
    </a>
        
    <a name="87d84e5c-96f9-49ba-8686-cb7f7ff1538e">
        <div class="testcase">
            <div class="details">
                <span class="testname"><b>__utils__ object is available in other child frame</b></span><br/>
                <span class="testclassname">tests/suites/casper/frames</span><br/>
                <span class="duration">Time Taken: 0.001s</span>
            </div>
            None
            
            <hr size="1"/>
            
            <div class="stdout"><i>Stdout</i><br/>
                <pre></pre></div>
            <hr size="1"/>
            <div class="stderr"><i>Stderr</i><br/>
                <pre></pre></div>
        </div>
    </a>
        
    <a name="289546d9-aa89-4dcb-98bb-7cb9a3e3228d">
        <div class="testcase">
            <div class="details">
                <span class="testname"><b>Page title is: "CasperJS frame 3"</b></span><br/>
                <span class="testclassname">tests/suites/casper/frames</span><br/>
                <span class="duration">Time Taken: 0.297s</span>
            </div>
            None
            
            <hr size="1"/>
            
            <div class="stdout"><i>Stdout</i><br/>
                <pre></pre></div>
            <hr size="1"/>
            <div class="stderr"><i>Stderr</i><br/>
                <pre></pre></div>
        </div>
    </a>
        
    <a name="59140c63-0662-410a-86fc-e04e95e4f72d">
        <div class="testcase">
            <div class="details">
                <span class="testname"><b>Page title is: "CasperJS frame 1"</b></span><br/>
                <span class="testclassname">tests/suites/casper/frames</span><br/>
                <span class="duration">Time Taken: 0.301s</span>
            </div>
            None
            
            <hr size="1"/>
            
            <div class="stdout"><i>Stdout</i><br/>
                <pre></pre></div>
            <hr size="1"/>
            <div class="stderr"><i>Stderr</i><br/>
                <pre></pre></div>
        </div>
    </a>
        
    <a name="857f81fb-8e0a-4387-8a51-f9a47e5adb72">
        <div class="testcase">
            <div class="details">
                <span class="testname"><b>Found an element matching: #f1</b></span><br/>
                <span class="testclassname">tests/suites/casper/frames</span><br/>
                <span class="duration">Time Taken: 0.001s</span>
            </div>
            None
            
            <hr size="1"/>
            
            <div class="stdout"><i>Stdout</i><br/>
                <pre></pre></div>
            <hr size="1"/>
            <div class="stderr"><i>Stderr</i><br/>
                <pre></pre></div>
        </div>
    </a>
        
    <a name="aae1d9ac-8591-4075-b65b-4a0001bc45cd">
        <div class="testcase">
            <div class="details">
                <span class="testname"><b>No element found matching selector: #f2</b></span><br/>
                <span class="testclassname">tests/suites/casper/frames</span><br/>
                <span class="duration">Time Taken: 0.0s</span>
            </div>
            None
            
            <hr size="1"/>
            
            <div class="stdout"><i>Stdout</i><br/>
                <pre></pre></div>
            <hr size="1"/>
            <div class="stderr"><i>Stderr</i><br/>
                <pre></pre></div>
        </div>
    </a>
        
    <a name="16b7547e-3817-4892-99e7-c6fbd11486f0">
        <div class="testcase">
            <div class="details">
                <span class="testname"><b>Page title is: "CasperJS frame 3"</b></span><br/>
                <span class="testclassname">tests/suites/casper/frames</span><br/>
                <span class="duration">Time Taken: 0.298s</span>
            </div>
            None
            
            <hr size="1"/>
            
            <div class="stdout"><i>Stdout</i><br/>
                <pre></pre></div>
            <hr size="1"/>
            <div class="stderr"><i>Stderr</i><br/>
                <pre></pre></div>
        </div>
    </a>
        
    <a name="96e66e16-fa16-4d85-9b56-6687cd08f552">
        <div class="testcase">
            <div class="details">
                <span class="testname"><b>Page title is: "CasperJS test frames"</b></span><br/>
                <span class="testclassname">tests/suites/casper/frames</span><br/>
                <span class="duration">Time Taken: 0.2s</span>
            </div>
            None
            
            <hr size="1"/>
            
            <div class="stdout"><i>Stdout</i><br/>
                <pre></pre></div>
            <hr size="1"/>
            <div class="stderr"><i>Stderr</i><br/>
                <pre></pre></div>
        </div>
    </a>
        
            </div>
        </div>
        </a>
        
            </div>
        </div>
        
        <div class="testsuite">
            <h2>Test Suite: Untitled suite in /Users/niko/Sites/casperjs/tests/suites/casper/global.js</h2><a name="6916b376-fdb1-42a0-a20f-eb3b968d3491">
            Package: tests/suites/casper/global<br/>
            
            <table>
            <tr><th align="left">Duration</th><td align="right">0.309 sec</td></tr>
            <tr><th align="left">Test Cases</th><td align="right">3</td></tr>
            <tr><th align="left">Failures</th><td align="right">0</td></tr>
            </table>
            <a name="toc"></a>
            <h2>Results Index</h2>
            
        <ul>
            
            
            <li>All Test Classes
            <ul>
            <li>
                <a href="#5e4d0b98-53e1-45b8-bd9d-a13a4baaf2a6">tests/suites/casper/global</a>
                <ul>
                
                    <li>
                        <a href="#cbd033f9-cfd1-4294-ad8d-37f2c999b5f5">Casper.getGlobal() can retrieve a remote global variable</a>
                    </li>
                    
                    <li>
                        <a href="#dafa6551-05ee-4d5a-9371-cd51c4de49b5">Casper.getGlobal() can retrieves a serializable object</a>
                    </li>
                    
                    <li>
                        <a href="#92bbbe6f-d1dd-4c3f-95a6-1b1ced5a9ab2">Casper.getGlobal() does not fail trying to encode an unserializable global</a>
                    </li>
                    
                </ul>
            </li>
            </ul>
            </li>
        </ul>
        
            <hr size="2"/>
            <h2>Test Results</h2>
            <div class="testclasses">
            
        <hr size="2"/>
        <a name="5e4d0b98-53e1-45b8-bd9d-a13a4baaf2a6">
        <div class="testclass">
            <div>Test Class: tests/suites/casper/global</div>
            <div class="testcases">
            
    <a name="cbd033f9-cfd1-4294-ad8d-37f2c999b5f5">
        <div class="testcase">
            <div class="details">
                <span class="testname"><b>Casper.getGlobal() can retrieve a remote global variable</b></span><br/>
                <span class="testclassname">tests/suites/casper/global</span><br/>
                <span class="duration">Time Taken: 0.307s</span>
            </div>
            None
            
            <hr size="1"/>
            
            <div class="stdout"><i>Stdout</i><br/>
                <pre></pre></div>
            <hr size="1"/>
            <div class="stderr"><i>Stderr</i><br/>
                <pre></pre></div>
        </div>
    </a>
        
    <a name="dafa6551-05ee-4d5a-9371-cd51c4de49b5">
        <div class="testcase">
            <div class="details">
                <span class="testname"><b>Casper.getGlobal() can retrieves a serializable object</b></span><br/>
                <span class="testclassname">tests/suites/casper/global</span><br/>
                <span class="duration">Time Taken: 0.001s</span>
            </div>
            None
            
            <hr size="1"/>
            
            <div class="stdout"><i>Stdout</i><br/>
                <pre></pre></div>
            <hr size="1"/>
            <div class="stderr"><i>Stderr</i><br/>
                <pre></pre></div>
        </div>
    </a>
        
    <a name="92bbbe6f-d1dd-4c3f-95a6-1b1ced5a9ab2">
        <div class="testcase">
            <div class="details">
                <span class="testname"><b>Casper.getGlobal() does not fail trying to encode an unserializable global</b></span><br/>
                <span class="testclassname">tests/suites/casper/global</span><br/>
                <span class="duration">Time Taken: 0.001s</span>
            </div>
            None
            
            <hr size="1"/>
            
            <div class="stdout"><i>Stdout</i><br/>
                <pre></pre></div>
            <hr size="1"/>
            <div class="stderr"><i>Stderr</i><br/>
                <pre></pre></div>
        </div>
    </a>
        
            </div>
        </div>
        </a>
        
            </div>
        </div>
        
        <div class="testsuite">
            <h2>Test Suite: Untitled suite in /Users/niko/Sites/casperjs/tests/suites/casper/headers.js</h2><a name="89e89e22-87e2-49fd-9a56-10800dc75999">
            Package: tests/suites/casper/headers<br/>
            
            <table>
            <tr><th align="left">Duration</th><td align="right">0.599 sec</td></tr>
            <tr><th align="left">Test Cases</th><td align="right">4</td></tr>
            <tr><th align="left">Failures</th><td align="right">0</td></tr>
            </table>
            <a name="toc"></a>
            <h2>Results Index</h2>
            
        <ul>
            
            
            <li>All Test Classes
            <ul>
            <li>
                <a href="#2c137448-d3d3-4af4-b6ae-bf3dc3703200">tests/suites/casper/headers</a>
                <ul>
                
                    <li>
                        <a href="#8d876650-33ff-43fd-881b-536b9fa34a2d">No response available on local page</a>
                    </li>
                    
                    <li>
                        <a href="#459bbb55-fe10-4e0a-8ce6-e598484b1fb4">Checking existing header (case sensitive)</a>
                    </li>
                    
                    <li>
                        <a href="#0189e15e-cdba-4782-96e3-a1a027ff9dcf">Checking existing header (case insensitive)</a>
                    </li>
                    
                    <li>
                        <a href="#776f16a4-146a-4782-89b1-b7eec7c71f0c">Checking unexisting header</a>
                    </li>
                    
                </ul>
            </li>
            </ul>
            </li>
        </ul>
        
            <hr size="2"/>
            <h2>Test Results</h2>
            <div class="testclasses">
            
        <hr size="2"/>
        <a name="2c137448-d3d3-4af4-b6ae-bf3dc3703200">
        <div class="testclass">
            <div>Test Class: tests/suites/casper/headers</div>
            <div class="testcases">
            
    <a name="8d876650-33ff-43fd-881b-536b9fa34a2d">
        <div class="testcase">
            <div class="details">
                <span class="testname"><b>No response available on local page</b></span><br/>
                <span class="testclassname">tests/suites/casper/headers</span><br/>
                <span class="duration">Time Taken: 0.395s</span>
            </div>
            None
            
            <hr size="1"/>
            
            <div class="stdout"><i>Stdout</i><br/>
                <pre></pre></div>
            <hr size="1"/>
            <div class="stderr"><i>Stderr</i><br/>
                <pre></pre></div>
        </div>
    </a>
        
    <a name="459bbb55-fe10-4e0a-8ce6-e598484b1fb4">
        <div class="testcase">
            <div class="details">
                <span class="testname"><b>Checking existing header (case sensitive)</b></span><br/>
                <span class="testclassname">tests/suites/casper/headers</span><br/>
                <span class="duration">Time Taken: 0.203s</span>
            </div>
            None
            
            <hr size="1"/>
            
            <div class="stdout"><i>Stdout</i><br/>
                <pre></pre></div>
            <hr size="1"/>
            <div class="stderr"><i>Stderr</i><br/>
                <pre></pre></div>
        </div>
    </a>
        
    <a name="0189e15e-cdba-4782-96e3-a1a027ff9dcf">
        <div class="testcase">
            <div class="details">
                <span class="testname"><b>Checking existing header (case insensitive)</b></span><br/>
                <span class="testclassname">tests/suites/casper/headers</span><br/>
                <span class="duration">Time Taken: 0.001s</span>
            </div>
            None
            
            <hr size="1"/>
            
            <div class="stdout"><i>Stdout</i><br/>
                <pre></pre></div>
            <hr size="1"/>
            <div class="stderr"><i>Stderr</i><br/>
                <pre></pre></div>
        </div>
    </a>
        
    <a name="776f16a4-146a-4782-89b1-b7eec7c71f0c">
        <div class="testcase">
            <div class="details">
                <span class="testname"><b>Checking unexisting header</b></span><br/>
                <span class="testclassname">tests/suites/casper/headers</span><br/>
                <span class="duration">Time Taken: 0.0s</span>
            </div>
            None
            
            <hr size="1"/>
            
            <div class="stdout"><i>Stdout</i><br/>
                <pre></pre></div>
            <hr size="1"/>
            <div class="stderr"><i>Stderr</i><br/>
                <pre></pre></div>
        </div>
    </a>
        
            </div>
        </div>
        </a>
        
            </div>
        </div>
        
        <div class="testsuite">
            <h2>Test Suite: Untitled suite in /Users/niko/Sites/casperjs/tests/suites/casper/history.js</h2><a name="7ffda8ad-8373-4b30-9cb6-1376e73b606d">
            Package: tests/suites/casper/history<br/>
            
            <table>
            <tr><th align="left">Duration</th><td align="right">1.098 sec</td></tr>
            <tr><th align="left">Test Cases</th><td align="right">4</td></tr>
            <tr><th align="left">Failures</th><td align="right">0</td></tr>
            </table>
            <a name="toc"></a>
            <h2>Results Index</h2>
            
        <ul>
            
            
            <li>All Test Classes
            <ul>
            <li>
                <a href="#78874073-e537-45cd-8254-645abcf8e093">tests/suites/casper/history</a>
                <ul>
                
                    <li>
                        <a href="#d0d80117-9584-49a6-b62a-2a3e591c0817">Casper.back() can go back an history step</a>
                    </li>
                    
                    <li>
                        <a href="#9747517f-78ca-41e3-968b-7d6bc10d14c3">Casper.forward() can go forward an history step</a>
                    </li>
                    
                    <li>
                        <a href="#b35937a4-ca56-4667-9d1a-8ff03221361c">Casper.history contains urls</a>
                    </li>
                    
                    <li>
                        <a href="#e8568fbd-1783-45fc-9cdf-1bdd434e8be0">Casper.history has the correct first url</a>
                    </li>
                    
                </ul>
            </li>
            </ul>
            </li>
        </ul>
        
            <hr size="2"/>
            <h2>Test Results</h2>
            <div class="testclasses">
            
        <hr size="2"/>
        <a name="78874073-e537-45cd-8254-645abcf8e093">
        <div class="testclass">
            <div>Test Class: tests/suites/casper/history</div>
            <div class="testcases">
            
    <a name="d0d80117-9584-49a6-b62a-2a3e591c0817">
        <div class="testcase">
            <div class="details">
                <span class="testname"><b>Casper.back() can go back an history step</b></span><br/>
                <span class="testclassname">tests/suites/casper/history</span><br/>
                <span class="duration">Time Taken: 0.801s</span>
            </div>
            None
            
            <hr size="1"/>
            
            <div class="stdout"><i>Stdout</i><br/>
                <pre></pre></div>
            <hr size="1"/>
            <div class="stderr"><i>Stderr</i><br/>
                <pre></pre></div>
        </div>
    </a>
        
    <a name="9747517f-78ca-41e3-968b-7d6bc10d14c3">
        <div class="testcase">
            <div class="details">
                <span class="testname"><b>Casper.forward() can go forward an history step</b></span><br/>
                <span class="testclassname">tests/suites/casper/history</span><br/>
                <span class="duration">Time Taken: 0.2s</span>
            </div>
            None
            
            <hr size="1"/>
            
            <div class="stdout"><i>Stdout</i><br/>
                <pre></pre></div>
            <hr size="1"/>
            <div class="stderr"><i>Stderr</i><br/>
                <pre></pre></div>
        </div>
    </a>
        
    <a name="b35937a4-ca56-4667-9d1a-8ff03221361c">
        <div class="testcase">
            <div class="details">
                <span class="testname"><b>Casper.history contains urls</b></span><br/>
                <span class="testclassname">tests/suites/casper/history</span><br/>
                <span class="duration">Time Taken: 0.097s</span>
            </div>
            None
            
            <hr size="1"/>
            
            <div class="stdout"><i>Stdout</i><br/>
                <pre></pre></div>
            <hr size="1"/>
            <div class="stderr"><i>Stderr</i><br/>
                <pre></pre></div>
        </div>
    </a>
        
    <a name="e8568fbd-1783-45fc-9cdf-1bdd434e8be0">
        <div class="testcase">
            <div class="details">
                <span class="testname"><b>Casper.history has the correct first url</b></span><br/>
                <span class="testclassname">tests/suites/casper/history</span><br/>
                <span class="duration">Time Taken: 0.0s</span>
            </div>
            None
            
            <hr size="1"/>
            
            <div class="stdout"><i>Stdout</i><br/>
                <pre></pre></div>
            <hr size="1"/>
            <div class="stderr"><i>Stderr</i><br/>
                <pre></pre></div>
        </div>
    </a>
        
            </div>
        </div>
        </a>
        
            </div>
        </div>
        
        <div class="testsuite">
            <h2>Test Suite: Untitled suite in /Users/niko/Sites/casperjs/tests/suites/casper/hooks.js</h2><a name="17199138-31a6-4670-9cc9-5a8aaf81bbb8">
            Package: tests/suites/casper/hooks<br/>
            
            <table>
            <tr><th align="left">Duration</th><td align="right">0.505 sec</td></tr>
            <tr><th align="left">Test Cases</th><td align="right">5</td></tr>
            <tr><th align="left">Failures</th><td align="right">0</td></tr>
            </table>
            <a name="toc"></a>
            <h2>Results Index</h2>
            
        <ul>
            
            
            <li>All Test Classes
            <ul>
            <li>
                <a href="#eb654b77-efdd-4383-b844-517f44b4f5ec">tests/suites/casper/hooks</a>
                <ul>
                
                    <li>
                        <a href="#941a23d8-4fda-4b78-b7ec-ba07510e055b">Casper.options.onStepComplete() is called on step complete</a>
                    </li>
                    
                    <li>
                        <a href="#ceba91f9-1605-47e1-86d1-be7f45208500">Casper.options.onResourceRequested() retrieve a request object</a>
                    </li>
                    
                    <li>
                        <a href="#de8a27a7-23e1-4033-b996-ba2afaedeaf2">Casper.options.onResourceRequested() retrieve a valid request object</a>
                    </li>
                    
                    <li>
                        <a href="#bfcf1ad8-4eb6-40ed-90f6-6697045dfa52">Casper.options.onResourceReceived() retrieve a resource object</a>
                    </li>
                    
                    <li>
                        <a href="#deadfe1e-1eda-4512-b017-2ab985582c63">Casper.options.onResourceReceived() retrieve a valid resource object</a>
                    </li>
                    
                </ul>
            </li>
            </ul>
            </li>
        </ul>
        
            <hr size="2"/>
            <h2>Test Results</h2>
            <div class="testclasses">
            
        <hr size="2"/>
        <a name="eb654b77-efdd-4383-b844-517f44b4f5ec">
        <div class="testclass">
            <div>Test Class: tests/suites/casper/hooks</div>
            <div class="testcases">
            
    <a name="941a23d8-4fda-4b78-b7ec-ba07510e055b">
        <div class="testcase">
            <div class="details">
                <span class="testname"><b>Casper.options.onStepComplete() is called on step complete</b></span><br/>
                <span class="testclassname">tests/suites/casper/hooks</span><br/>
                <span class="duration">Time Taken: 0.305s</span>
            </div>
            None
            
            <hr size="1"/>
            
            <div class="stdout"><i>Stdout</i><br/>
                <pre></pre></div>
            <hr size="1"/>
            <div class="stderr"><i>Stderr</i><br/>
                <pre></pre></div>
        </div>
    </a>
        
    <a name="ceba91f9-1605-47e1-86d1-be7f45208500">
        <div class="testcase">
            <div class="details">
                <span class="testname"><b>Casper.options.onResourceRequested() retrieve a request object</b></span><br/>
                <span class="testclassname">tests/suites/casper/hooks</span><br/>
                <span class="duration">Time Taken: 0.198s</span>
            </div>
            None
            
            <hr size="1"/>
            
            <div class="stdout"><i>Stdout</i><br/>
                <pre></pre></div>
            <hr size="1"/>
            <div class="stderr"><i>Stderr</i><br/>
                <pre></pre></div>
        </div>
    </a>
        
    <a name="de8a27a7-23e1-4033-b996-ba2afaedeaf2">
        <div class="testcase">
            <div class="details">
                <span class="testname"><b>Casper.options.onResourceRequested() retrieve a valid request object</b></span><br/>
                <span class="testclassname">tests/suites/casper/hooks</span><br/>
                <span class="duration">Time Taken: 0.001s</span>
            </div>
            None
            
            <hr size="1"/>
            
            <div class="stdout"><i>Stdout</i><br/>
                <pre></pre></div>
            <hr size="1"/>
            <div class="stderr"><i>Stderr</i><br/>
                <pre></pre></div>
        </div>
    </a>
        
    <a name="bfcf1ad8-4eb6-40ed-90f6-6697045dfa52">
        <div class="testcase">
            <div class="details">
                <span class="testname"><b>Casper.options.onResourceReceived() retrieve a resource object</b></span><br/>
                <span class="testclassname">tests/suites/casper/hooks</span><br/>
                <span class="duration">Time Taken: 0.001s</span>
            </div>
            None
            
            <hr size="1"/>
            
            <div class="stdout"><i>Stdout</i><br/>
                <pre></pre></div>
            <hr size="1"/>
            <div class="stderr"><i>Stderr</i><br/>
                <pre></pre></div>
        </div>
    </a>
        
    <a name="deadfe1e-1eda-4512-b017-2ab985582c63">
        <div class="testcase">
            <div class="details">
                <span class="testname"><b>Casper.options.onResourceReceived() retrieve a valid resource object</b></span><br/>
                <span class="testclassname">tests/suites/casper/hooks</span><br/>
                <span class="duration">Time Taken: 0.0s</span>
            </div>
            None
            
            <hr size="1"/>
            
            <div class="stdout"><i>Stdout</i><br/>
                <pre></pre></div>
            <hr size="1"/>
            <div class="stderr"><i>Stderr</i><br/>
                <pre></pre></div>
        </div>
    </a>
        
            </div>
        </div>
        </a>
        
            </div>
        </div>
        
        <div class="testsuite">
            <h2>Test Suite: Untitled suite in /Users/niko/Sites/casperjs/tests/suites/casper/keys.js</h2><a name="b2d67815-a078-4878-8902-3e232a9ced44">
            Package: tests/suites/casper/keys<br/>
            
            <table>
            <tr><th align="left">Duration</th><td align="right">0.522 sec</td></tr>
            <tr><th align="left">Test Cases</th><td align="right">2</td></tr>
            <tr><th align="left">Failures</th><td align="right">0</td></tr>
            </table>
            <a name="toc"></a>
            <h2>Results Index</h2>
            
        <ul>
            
            
            <li>All Test Classes
            <ul>
            <li>
                <a href="#7ddfc280-d0c7-4fd1-80e0-0ced18d9b9d7">tests/suites/casper/keys</a>
                <ul>
                
                    <li>
                        <a href="#c630fe9e-2428-44b3-8836-1f26c8a86e9a">Casper.sendKeys() sends keys to given input</a>
                    </li>
                    
                    <li>
                        <a href="#a40953ea-a22b-490b-963f-659878aa3ea8">Casper.sendKeys() sends keys to given textarea</a>
                    </li>
                    
                </ul>
            </li>
            </ul>
            </li>
        </ul>
        
            <hr size="2"/>
            <h2>Test Results</h2>
            <div class="testclasses">
            
        <hr size="2"/>
        <a name="7ddfc280-d0c7-4fd1-80e0-0ced18d9b9d7">
        <div class="testclass">
            <div>Test Class: tests/suites/casper/keys</div>
            <div class="testcases">
            
    <a name="c630fe9e-2428-44b3-8836-1f26c8a86e9a">
        <div class="testcase">
            <div class="details">
                <span class="testname"><b>Casper.sendKeys() sends keys to given input</b></span><br/>
                <span class="testclassname">tests/suites/casper/keys</span><br/>
                <span class="duration">Time Taken: 0.522s</span>
            </div>
            None
            
            <hr size="1"/>
            
            <div class="stdout"><i>Stdout</i><br/>
                <pre></pre></div>
            <hr size="1"/>
            <div class="stderr"><i>Stderr</i><br/>
                <pre></pre></div>
        </div>
    </a>
        
    <a name="a40953ea-a22b-490b-963f-659878aa3ea8">
        <div class="testcase">
            <div class="details">
                <span class="testname"><b>Casper.sendKeys() sends keys to given textarea</b></span><br/>
                <span class="testclassname">tests/suites/casper/keys</span><br/>
                <span class="duration">Time Taken: 0.0s</span>
            </div>
            None
            
            <hr size="1"/>
            
            <div class="stdout"><i>Stdout</i><br/>
                <pre></pre></div>
            <hr size="1"/>
            <div class="stderr"><i>Stderr</i><br/>
                <pre></pre></div>
        </div>
    </a>
        
            </div>
        </div>
        </a>
        
            </div>
        </div>
        
        <div class="testsuite">
            <h2>Test Suite: Untitled suite in /Users/niko/Sites/casperjs/tests/suites/casper/logging.js</h2><a name="52b86e65-4a9b-466f-bc60-0db51bf33544">
            Package: tests/suites/casper/logging<br/>
            
            <table>
            <tr><th align="left">Duration</th><td align="right">0.578 sec</td></tr>
            <tr><th align="left">Test Cases</th><td align="right">4</td></tr>
            <tr><th align="left">Failures</th><td align="right">0</td></tr>
            </table>
            <a name="toc"></a>
            <h2>Results Index</h2>
            
        <ul>
            
            
            <li>All Test Classes
            <ul>
            <li>
                <a href="#bafdb123-ea60-4701-83f7-775059caf321">tests/suites/casper/logging</a>
                <ul>
                
                    <li>
                        <a href="#acd63811-c46e-48be-aef0-ec27dbbde6dc">Casper.log() adds a log entry</a>
                    </li>
                    
                    <li>
                        <a href="#aba1efe3-3e64-4cbb-98bb-386b95c6c491">ClientUtils.log() adds a log entry</a>
                    </li>
                    
                    <li>
                        <a href="#ed584de1-3bd5-4222-9859-a9b0c15fea16">ClientUtils.log() adds a log entry at a given level</a>
                    </li>
                    
                    <li>
                        <a href="#95c8d2ea-e22d-4aef-8c6d-e07904bfc7da">Casper.log() logged messages</a>
                    </li>
                    
                </ul>
            </li>
            </ul>
            </li>
        </ul>
        
            <hr size="2"/>
            <h2>Test Results</h2>
            <div class="testclasses">
            
        <hr size="2"/>
        <a name="bafdb123-ea60-4701-83f7-775059caf321">
        <div class="testclass">
            <div>Test Class: tests/suites/casper/logging</div>
            <div class="testcases">
            
    <a name="acd63811-c46e-48be-aef0-ec27dbbde6dc">
        <div class="testcase">
            <div class="details">
                <span class="testname"><b>Casper.log() adds a log entry</b></span><br/>
                <span class="testclassname">tests/suites/casper/logging</span><br/>
                <span class="duration">Time Taken: 0.177s</span>
            </div>
            None
            
            <hr size="1"/>
            
            <div class="stdout"><i>Stdout</i><br/>
                <pre></pre></div>
            <hr size="1"/>
            <div class="stderr"><i>Stderr</i><br/>
                <pre></pre></div>
        </div>
    </a>
        
    <a name="aba1efe3-3e64-4cbb-98bb-386b95c6c491">
        <div class="testcase">
            <div class="details">
                <span class="testname"><b>ClientUtils.log() adds a log entry</b></span><br/>
                <span class="testclassname">tests/suites/casper/logging</span><br/>
                <span class="duration">Time Taken: 0.304s</span>
            </div>
            None
            
            <hr size="1"/>
            
            <div class="stdout"><i>Stdout</i><br/>
                <pre></pre></div>
            <hr size="1"/>
            <div class="stderr"><i>Stderr</i><br/>
                <pre></pre></div>
        </div>
    </a>
        
    <a name="ed584de1-3bd5-4222-9859-a9b0c15fea16">
        <div class="testcase">
            <div class="details">
                <span class="testname"><b>ClientUtils.log() adds a log entry at a given level</b></span><br/>
                <span class="testclassname">tests/suites/casper/logging</span><br/>
                <span class="duration">Time Taken: 0.001s</span>
            </div>
            None
            
            <hr size="1"/>
            
            <div class="stdout"><i>Stdout</i><br/>
                <pre></pre></div>
            <hr size="1"/>
            <div class="stderr"><i>Stderr</i><br/>
                <pre></pre></div>
        </div>
    </a>
        
    <a name="95c8d2ea-e22d-4aef-8c6d-e07904bfc7da">
        <div class="testcase">
            <div class="details">
                <span class="testname"><b>Casper.log() logged messages</b></span><br/>
                <span class="testclassname">tests/suites/casper/logging</span><br/>
                <span class="duration">Time Taken: 0.096s</span>
            </div>
            None
            
            <hr size="1"/>
            
            <div class="stdout"><i>Stdout</i><br/>
                <pre></pre></div>
            <hr size="1"/>
            <div class="stderr"><i>Stderr</i><br/>
                <pre></pre></div>
        </div>
    </a>
        
            </div>
        </div>
        </a>
        
            </div>
        </div>
        
        <div class="testsuite">
            <h2>Test Suite: Untitled suite in /Users/niko/Sites/casperjs/tests/suites/casper/mouseevents.js</h2><a name="bc7aa038-b213-4361-a1f6-6f81e2c3e283">
            Package: tests/suites/casper/mouseevents<br/>
            
            <table>
            <tr><th align="left">Duration</th><td align="right">0.41 sec</td></tr>
            <tr><th align="left">Test Cases</th><td align="right">16</td></tr>
            <tr><th align="left">Failures</th><td align="right">0</td></tr>
            </table>
            <a name="toc"></a>
            <h2>Results Index</h2>
            
        <ul>
            
            
            <li>All Test Classes
            <ul>
            <li>
                <a href="#7e0d2d42-c078-41b6-a581-7681f1532850">tests/suites/casper/mouseevents</a>
                <ul>
                
                    <li>
                        <a href="#7de2ecc0-52ff-457f-98d5-8c49bbdf050d">CasperUtils.mouseEvent() can dispatch a mousedown event</a>
                    </li>
                    
                    <li>
                        <a href="#f5790599-59a6-42ab-aef9-c0bf0211b744">CasperUtils.mouseEvent() can dispatch a mousedown event handled by unobstrusive js</a>
                    </li>
                    
                    <li>
                        <a href="#dd579e4d-2d48-4a89-8ee4-ef3b4957dc22">CasperUtils.mouseEvent() can dispatch a mouseup event</a>
                    </li>
                    
                    <li>
                        <a href="#88de3d5d-fddb-473b-b394-f6b7a39846d7">CasperUtils.mouseEvent() can dispatch a mouseup event handled by unobstrusive js</a>
                    </li>
                    
                    <li>
                        <a href="#91a92798-a604-4cb6-bbfe-4aff6a9f2497">CasperUtils.mouseEvent() can dispatch a mouseover event</a>
                    </li>
                    
                    <li>
                        <a href="#1b1490f6-b75d-43c2-a665-44ca13586f29">CasperUtils.mouseEvent() can dispatch a mouseover event handled by unobstrusive js</a>
                    </li>
                    
                    <li>
                        <a href="#f094e50b-3034-48dd-9658-f3ebc3c35dc9">CasperUtils.mouseEvent() can dispatch a mouseout event</a>
                    </li>
                    
                    <li>
                        <a href="#6c6e7f17-22c4-4492-84ec-a8e699494946">CasperUtils.mouseEvent() can dispatch a mouseout event handled by unobstrusive js</a>
                    </li>
                    
                    <li>
                        <a href="#d2ca591c-5821-497d-a4a6-dbde3e3c60b3">CasperUtils.mouseEvent() triggered mousedown</a>
                    </li>
                    
                    <li>
                        <a href="#f33fa5bb-4b95-4316-8419-48541ef15aa9">CasperUtils.mouseEvent() triggered mousedown via unobstrusive js</a>
                    </li>
                    
                    <li>
                        <a href="#4da85d65-9b9a-4dee-8877-a9ff6aec0b62">CasperUtils.mouseEvent() triggered mouseup</a>
                    </li>
                    
                    <li>
                        <a href="#151db6e8-76a6-4656-be03-41f75f6bae39">CasperUtils.mouseEvent() triggered mouseup via unobstrusive js</a>
                    </li>
                    
                    <li>
                        <a href="#294c4f5a-09e4-4bb9-a44a-06a8394c7e7b">CasperUtils.mouseEvent() triggered mouseover</a>
                    </li>
                    
                    <li>
                        <a href="#c0777d0f-1698-4563-a4b8-73e69a80a48d">CasperUtils.mouseEvent() triggered mouseover via unobstrusive js</a>
                    </li>
                    
                    <li>
                        <a href="#21e5fa9f-d7ce-4c4c-a4b3-be6eb08a9fdb">CasperUtils.mouseEvent() triggered mouseout</a>
                    </li>
                    
                    <li>
                        <a href="#e89eb21d-5172-4cba-828f-9d1d5f56ec6c">CasperUtils.mouseEvent() triggered mouseout via unobstrusive js</a>
                    </li>
                    
                </ul>
            </li>
            </ul>
            </li>
        </ul>
        
            <hr size="2"/>
            <h2>Test Results</h2>
            <div class="testclasses">
            
        <hr size="2"/>
        <a name="7e0d2d42-c078-41b6-a581-7681f1532850">
        <div class="testclass">
            <div>Test Class: tests/suites/casper/mouseevents</div>
            <div class="testcases">
            
    <a name="7de2ecc0-52ff-457f-98d5-8c49bbdf050d">
        <div class="testcase">
            <div class="details">
                <span class="testname"><b>CasperUtils.mouseEvent() can dispatch a mousedown event</b></span><br/>
                <span class="testclassname">tests/suites/casper/mouseevents</span><br/>
                <span class="duration">Time Taken: 0.403s</span>
            </div>
            None
            
            <hr size="1"/>
            
            <div class="stdout"><i>Stdout</i><br/>
                <pre></pre></div>
            <hr size="1"/>
            <div class="stderr"><i>Stderr</i><br/>
                <pre></pre></div>
        </div>
    </a>
        
    <a name="f5790599-59a6-42ab-aef9-c0bf0211b744">
        <div class="testcase">
            <div class="details">
                <span class="testname"><b>CasperUtils.mouseEvent() can dispatch a mousedown event handled by unobstrusive js</b></span><br/>
                <span class="testclassname">tests/suites/casper/mouseevents</span><br/>
                <span class="duration">Time Taken: 0.001s</span>
            </div>
            None
            
            <hr size="1"/>
            
            <div class="stdout"><i>Stdout</i><br/>
                <pre></pre></div>
            <hr size="1"/>
            <div class="stderr"><i>Stderr</i><br/>
                <pre></pre></div>
        </div>
    </a>
        
    <a name="dd579e4d-2d48-4a89-8ee4-ef3b4957dc22">
        <div class="testcase">
            <div class="details">
                <span class="testname"><b>CasperUtils.mouseEvent() can dispatch a mouseup event</b></span><br/>
                <span class="testclassname">tests/suites/casper/mouseevents</span><br/>
                <span class="duration">Time Taken: 0.001s</span>
            </div>
            None
            
            <hr size="1"/>
            
            <div class="stdout"><i>Stdout</i><br/>
                <pre></pre></div>
            <hr size="1"/>
            <div class="stderr"><i>Stderr</i><br/>
                <pre></pre></div>
        </div>
    </a>
        
    <a name="88de3d5d-fddb-473b-b394-f6b7a39846d7">
        <div class="testcase">
            <div class="details">
                <span class="testname"><b>CasperUtils.mouseEvent() can dispatch a mouseup event handled by unobstrusive js</b></span><br/>
                <span class="testclassname">tests/suites/casper/mouseevents</span><br/>
                <span class="duration">Time Taken: 0.001s</span>
            </div>
            None
            
            <hr size="1"/>
            
            <div class="stdout"><i>Stdout</i><br/>
                <pre></pre></div>
            <hr size="1"/>
            <div class="stderr"><i>Stderr</i><br/>
                <pre></pre></div>
        </div>
    </a>
        
    <a name="91a92798-a604-4cb6-bbfe-4aff6a9f2497">
        <div class="testcase">
            <div class="details">
                <span class="testname"><b>CasperUtils.mouseEvent() can dispatch a mouseover event</b></span><br/>
                <span class="testclassname">tests/suites/casper/mouseevents</span><br/>
                <span class="duration">Time Taken: 0.0s</span>
            </div>
            None
            
            <hr size="1"/>
            
            <div class="stdout"><i>Stdout</i><br/>
                <pre></pre></div>
            <hr size="1"/>
            <div class="stderr"><i>Stderr</i><br/>
                <pre></pre></div>
        </div>
    </a>
        
    <a name="1b1490f6-b75d-43c2-a665-44ca13586f29">
        <div class="testcase">
            <div class="details">
                <span class="testname"><b>CasperUtils.mouseEvent() can dispatch a mouseover event handled by unobstrusive js</b></span><br/>
                <span class="testclassname">tests/suites/casper/mouseevents</span><br/>
                <span class="duration">Time Taken: 0.001s</span>
            </div>
            None
            
            <hr size="1"/>
            
            <div class="stdout"><i>Stdout</i><br/>
                <pre></pre></div>
            <hr size="1"/>
            <div class="stderr"><i>Stderr</i><br/>
                <pre></pre></div>
        </div>
    </a>
        
    <a name="f094e50b-3034-48dd-9658-f3ebc3c35dc9">
        <div class="testcase">
            <div class="details">
                <span class="testname"><b>CasperUtils.mouseEvent() can dispatch a mouseout event</b></span><br/>
                <span class="testclassname">tests/suites/casper/mouseevents</span><br/>
                <span class="duration">Time Taken: 0.001s</span>
            </div>
            None
            
            <hr size="1"/>
            
            <div class="stdout"><i>Stdout</i><br/>
                <pre></pre></div>
            <hr size="1"/>
            <div class="stderr"><i>Stderr</i><br/>
                <pre></pre></div>
        </div>
    </a>
        
    <a name="6c6e7f17-22c4-4492-84ec-a8e699494946">
        <div class="testcase">
            <div class="details">
                <span class="testname"><b>CasperUtils.mouseEvent() can dispatch a mouseout event handled by unobstrusive js</b></span><br/>
                <span class="testclassname">tests/suites/casper/mouseevents</span><br/>
                <span class="duration">Time Taken: 0.0s</span>
            </div>
            None
            
            <hr size="1"/>
            
            <div class="stdout"><i>Stdout</i><br/>
                <pre></pre></div>
            <hr size="1"/>
            <div class="stderr"><i>Stderr</i><br/>
                <pre></pre></div>
        </div>
    </a>
        
    <a name="d2ca591c-5821-497d-a4a6-dbde3e3c60b3">
        <div class="testcase">
            <div class="details">
                <span class="testname"><b>CasperUtils.mouseEvent() triggered mousedown</b></span><br/>
                <span class="testclassname">tests/suites/casper/mouseevents</span><br/>
                <span class="duration">Time Taken: 0.001s</span>
            </div>
            None
            
            <hr size="1"/>
            
            <div class="stdout"><i>Stdout</i><br/>
                <pre></pre></div>
            <hr size="1"/>
            <div class="stderr"><i>Stderr</i><br/>
                <pre></pre></div>
        </div>
    </a>
        
    <a name="f33fa5bb-4b95-4316-8419-48541ef15aa9">
        <div class="testcase">
            <div class="details">
                <span class="testname"><b>CasperUtils.mouseEvent() triggered mousedown via unobstrusive js</b></span><br/>
                <span class="testclassname">tests/suites/casper/mouseevents</span><br/>
                <span class="duration">Time Taken: 0.0s</span>
            </div>
            None
            
            <hr size="1"/>
            
            <div class="stdout"><i>Stdout</i><br/>
                <pre></pre></div>
            <hr size="1"/>
            <div class="stderr"><i>Stderr</i><br/>
                <pre></pre></div>
        </div>
    </a>
        
    <a name="4da85d65-9b9a-4dee-8877-a9ff6aec0b62">
        <div class="testcase">
            <div class="details">
                <span class="testname"><b>CasperUtils.mouseEvent() triggered mouseup</b></span><br/>
                <span class="testclassname">tests/suites/casper/mouseevents</span><br/>
                <span class="duration">Time Taken: 0.0s</span>
            </div>
            None
            
            <hr size="1"/>
            
            <div class="stdout"><i>Stdout</i><br/>
                <pre></pre></div>
            <hr size="1"/>
            <div class="stderr"><i>Stderr</i><br/>
                <pre></pre></div>
        </div>
    </a>
        
    <a name="151db6e8-76a6-4656-be03-41f75f6bae39">
        <div class="testcase">
            <div class="details">
                <span class="testname"><b>CasperUtils.mouseEvent() triggered mouseup via unobstrusive js</b></span><br/>
                <span class="testclassname">tests/suites/casper/mouseevents</span><br/>
                <span class="duration">Time Taken: 0.001s</span>
            </div>
            None
            
            <hr size="1"/>
            
            <div class="stdout"><i>Stdout</i><br/>
                <pre></pre></div>
            <hr size="1"/>
            <div class="stderr"><i>Stderr</i><br/>
                <pre></pre></div>
        </div>
    </a>
        
    <a name="294c4f5a-09e4-4bb9-a44a-06a8394c7e7b">
        <div class="testcase">
            <div class="details">
                <span class="testname"><b>CasperUtils.mouseEvent() triggered mouseover</b></span><br/>
                <span class="testclassname">tests/suites/casper/mouseevents</span><br/>
                <span class="duration">Time Taken: 0.0s</span>
            </div>
            None
            
            <hr size="1"/>
            
            <div class="stdout"><i>Stdout</i><br/>
                <pre></pre></div>
            <hr size="1"/>
            <div class="stderr"><i>Stderr</i><br/>
                <pre></pre></div>
        </div>
    </a>
        
    <a name="c0777d0f-1698-4563-a4b8-73e69a80a48d">
        <div class="testcase">
            <div class="details">
                <span class="testname"><b>CasperUtils.mouseEvent() triggered mouseover via unobstrusive js</b></span><br/>
                <span class="testclassname">tests/suites/casper/mouseevents</span><br/>
                <span class="duration">Time Taken: 0.0s</span>
            </div>
            None
            
            <hr size="1"/>
            
            <div class="stdout"><i>Stdout</i><br/>
                <pre></pre></div>
            <hr size="1"/>
            <div class="stderr"><i>Stderr</i><br/>
                <pre></pre></div>
        </div>
    </a>
        
    <a name="21e5fa9f-d7ce-4c4c-a4b3-be6eb08a9fdb">
        <div class="testcase">
            <div class="details">
                <span class="testname"><b>CasperUtils.mouseEvent() triggered mouseout</b></span><br/>
                <span class="testclassname">tests/suites/casper/mouseevents</span><br/>
                <span class="duration">Time Taken: 0.0s</span>
            </div>
            None
            
            <hr size="1"/>
            
            <div class="stdout"><i>Stdout</i><br/>
                <pre></pre></div>
            <hr size="1"/>
            <div class="stderr"><i>Stderr</i><br/>
                <pre></pre></div>
        </div>
    </a>
        
    <a name="e89eb21d-5172-4cba-828f-9d1d5f56ec6c">
        <div class="testcase">
            <div class="details">
                <span class="testname"><b>CasperUtils.mouseEvent() triggered mouseout via unobstrusive js</b></span><br/>
                <span class="testclassname">tests/suites/casper/mouseevents</span><br/>
                <span class="duration">Time Taken: 0.0s</span>
            </div>
            None
            
            <hr size="1"/>
            
            <div class="stdout"><i>Stdout</i><br/>
                <pre></pre></div>
            <hr size="1"/>
            <div class="stderr"><i>Stderr</i><br/>
                <pre></pre></div>
        </div>
    </a>
        
            </div>
        </div>
        </a>
        
            </div>
        </div>
        
        <div class="testsuite">
            <h2>Test Suite: Untitled suite in /Users/niko/Sites/casperjs/tests/suites/casper/onerror.js</h2><a name="c24c3235-bd4b-45f5-99e9-d7961bf65e68">
            Package: tests/suites/casper/onerror<br/>
            
            <table>
            <tr><th align="left">Duration</th><td align="right">0.395 sec</td></tr>
            <tr><th align="left">Test Cases</th><td align="right">2</td></tr>
            <tr><th align="left">Failures</th><td align="right">0</td></tr>
            </table>
            <a name="toc"></a>
            <h2>Results Index</h2>
            
        <ul>
            
            
            <li>All Test Classes
            <ul>
            <li>
                <a href="#d787bd7b-eea8-4735-a881-16ab1938d2e2">tests/suites/casper/onerror</a>
                <ul>
                
                    <li>
                        <a href="#55fc3ffc-55c8-4fa6-8bf0-cbb8cdb79040">page.error event has been caught OK</a>
                    </li>
                    
                    <li>
                        <a href="#c44b63d7-512c-4b6c-bc90-e307cd4b6b64">page.error retrieves correct stack trace</a>
                    </li>
                    
                </ul>
            </li>
            </ul>
            </li>
        </ul>
        
            <hr size="2"/>
            <h2>Test Results</h2>
            <div class="testclasses">
            
        <hr size="2"/>
        <a name="d787bd7b-eea8-4735-a881-16ab1938d2e2">
        <div class="testclass">
            <div>Test Class: tests/suites/casper/onerror</div>
            <div class="testcases">
            
    <a name="55fc3ffc-55c8-4fa6-8bf0-cbb8cdb79040">
        <div class="testcase">
            <div class="details">
                <span class="testname"><b>page.error event has been caught OK</b></span><br/>
                <span class="testclassname">tests/suites/casper/onerror</span><br/>
                <span class="duration">Time Taken: 0.395s</span>
            </div>
            None
            
            <hr size="1"/>
            
            <div class="stdout"><i>Stdout</i><br/>
                <pre></pre></div>
            <hr size="1"/>
            <div class="stderr"><i>Stderr</i><br/>
                <pre></pre></div>
        </div>
    </a>
        
    <a name="c44b63d7-512c-4b6c-bc90-e307cd4b6b64">
        <div class="testcase">
            <div class="details">
                <span class="testname"><b>page.error retrieves correct stack trace</b></span><br/>
                <span class="testclassname">tests/suites/casper/onerror</span><br/>
                <span class="duration">Time Taken: 0.0s</span>
            </div>
            None
            
            <hr size="1"/>
            
            <div class="stdout"><i>Stdout</i><br/>
                <pre></pre></div>
            <hr size="1"/>
            <div class="stderr"><i>Stderr</i><br/>
                <pre></pre></div>
        </div>
    </a>
        
            </div>
        </div>
        </a>
        
            </div>
        </div>
        
        <div class="testsuite">
            <h2>Test Suite: Untitled suite in /Users/niko/Sites/casperjs/tests/suites/casper/open.js</h2><a name="8e2cb6f9-c319-4259-995a-ee7037befd8f">
            Package: tests/suites/casper/open<br/>
            
            <table>
            <tr><th align="left">Duration</th><td align="right">1.406 sec</td></tr>
            <tr><th align="left">Test Cases</th><td align="right">16</td></tr>
            <tr><th align="left">Failures</th><td align="right">0</td></tr>
            </table>
            <a name="toc"></a>
            <h2>Results Index</h2>
            
        <ul>
            
            
            <li>All Test Classes
            <ul>
            <li>
                <a href="#8593e80f-0391-4f82-9d22-915bf2cba07d">tests/suites/casper/open</a>
                <ul>
                
                    <li>
                        <a href="#0f6fd453-0d10-4f4c-bc69-aa5fbe207b3c">Casper.open() used the expected GET settings</a>
                    </li>
                    
                    <li>
                        <a href="#81440abe-84e9-4557-a310-e8d4b99a3dce">Casper.open() used the expected POST settings</a>
                    </li>
                    
                    <li>
                        <a href="#07487552-ff04-44c4-a82b-c7d7686ad085">Casper.open() used the expected PUT settings</a>
                    </li>
                    
                    <li>
                        <a href="#97faa193-78e9-4e85-9c21-c05a03bd150c">Casper.open() used the expected HTTP auth settings</a>
                    </li>
                    
                    <li>
                        <a href="#215a2087-8808-4027-9b3c-1f9a9cf7698c">Casper.open() can open and load a location using GET</a>
                    </li>
                    
                    <li>
                        <a href="#ee87b797-d74a-4c15-ab6d-a0432e23c76d">Casper.open() can open and load a location using POST</a>
                    </li>
                    
                    <li>
                        <a href="#1805617f-5216-441f-bd01-6a0a8c58753d">Casper.open() can open and load a location using PUT</a>
                    </li>
                    
                    <li>
                        <a href="#9d7f1cd5-32ae-4070-8934-887cec4e18c0">Casper.open() can open and load a location using HTTP auth</a>
                    </li>
                    
                    <li>
                        <a href="#3f33324b-3fb8-4620-82ab-d26a8e4e6132">Casper.thenOpen() used the expected GET settings</a>
                    </li>
                    
                    <li>
                        <a href="#3c58835a-8638-42bc-b8f9-d7ba2d85804b">Casper.thenOpen() can open and load a location using GET</a>
                    </li>
                    
                    <li>
                        <a href="#66087f73-8851-4ac1-bfe9-79655719674c">Casper.thenOpen() used the expected POST settings</a>
                    </li>
                    
                    <li>
                        <a href="#557e8367-20ec-4db3-9f9a-7f72e9743f99">Casper.thenOpen() can open and load a location using POST</a>
                    </li>
                    
                    <li>
                        <a href="#0ffa6e00-0ea4-4727-b835-20793fb57792">Casper.thenOpen() used the expected PUT settings</a>
                    </li>
                    
                    <li>
                        <a href="#6ded0092-73ea-403d-879e-564facf8b323">Casper.thenOpen() can open and load a location using PUT</a>
                    </li>
                    
                    <li>
                        <a href="#64ace024-4d8a-4845-b20f-01cbf3812718">Casper.thenOpen() used the expected HTTP auth settings</a>
                    </li>
                    
                    <li>
                        <a href="#1b329c63-72e2-4c95-af77-5ba6d579c1d7">Casper.thenOpen() can open and load a location using HTTP auth</a>
                    </li>
                    
                </ul>
            </li>
            </ul>
            </li>
        </ul>
        
            <hr size="2"/>
            <h2>Test Results</h2>
            <div class="testclasses">
            
        <hr size="2"/>
        <a name="8593e80f-0391-4f82-9d22-915bf2cba07d">
        <div class="testclass">
            <div>Test Class: tests/suites/casper/open</div>
            <div class="testcases">
            
    <a name="0f6fd453-0d10-4f4c-bc69-aa5fbe207b3c">
        <div class="testcase">
            <div class="details">
                <span class="testname"><b>Casper.open() used the expected GET settings</b></span><br/>
                <span class="testclassname">tests/suites/casper/open</span><br/>
                <span class="duration">Time Taken: 0.198s</span>
            </div>
            None
            
            <hr size="1"/>
            
            <div class="stdout"><i>Stdout</i><br/>
                <pre></pre></div>
            <hr size="1"/>
            <div class="stderr"><i>Stderr</i><br/>
                <pre></pre></div>
        </div>
    </a>
        
    <a name="81440abe-84e9-4557-a310-e8d4b99a3dce">
        <div class="testcase">
            <div class="details">
                <span class="testname"><b>Casper.open() used the expected POST settings</b></span><br/>
                <span class="testclassname">tests/suites/casper/open</span><br/>
                <span class="duration">Time Taken: 0.002s</span>
            </div>
            None
            
            <hr size="1"/>
            
            <div class="stdout"><i>Stdout</i><br/>
                <pre></pre></div>
            <hr size="1"/>
            <div class="stderr"><i>Stderr</i><br/>
                <pre></pre></div>
        </div>
    </a>
        
    <a name="07487552-ff04-44c4-a82b-c7d7686ad085">
        <div class="testcase">
            <div class="details">
                <span class="testname"><b>Casper.open() used the expected PUT settings</b></span><br/>
                <span class="testclassname">tests/suites/casper/open</span><br/>
                <span class="duration">Time Taken: 0.001s</span>
            </div>
            None
            
            <hr size="1"/>
            
            <div class="stdout"><i>Stdout</i><br/>
                <pre></pre></div>
            <hr size="1"/>
            <div class="stderr"><i>Stderr</i><br/>
                <pre></pre></div>
        </div>
    </a>
        
    <a name="97faa193-78e9-4e85-9c21-c05a03bd150c">
        <div class="testcase">
            <div class="details">
                <span class="testname"><b>Casper.open() used the expected HTTP auth settings</b></span><br/>
                <span class="testclassname">tests/suites/casper/open</span><br/>
                <span class="duration">Time Taken: 0.001s</span>
            </div>
            None
            
            <hr size="1"/>
            
            <div class="stdout"><i>Stdout</i><br/>
                <pre></pre></div>
            <hr size="1"/>
            <div class="stderr"><i>Stderr</i><br/>
                <pre></pre></div>
        </div>
    </a>
        
    <a name="215a2087-8808-4027-9b3c-1f9a9cf7698c">
        <div class="testcase">
            <div class="details">
                <span class="testname"><b>Casper.open() can open and load a location using GET</b></span><br/>
                <span class="testclassname">tests/suites/casper/open</span><br/>
                <span class="duration">Time Taken: 0.103s</span>
            </div>
            None
            
            <hr size="1"/>
            
            <div class="stdout"><i>Stdout</i><br/>
                <pre></pre></div>
            <hr size="1"/>
            <div class="stderr"><i>Stderr</i><br/>
                <pre></pre></div>
        </div>
    </a>
        
    <a name="ee87b797-d74a-4c15-ab6d-a0432e23c76d">
        <div class="testcase">
            <div class="details">
                <span class="testname"><b>Casper.open() can open and load a location using POST</b></span><br/>
                <span class="testclassname">tests/suites/casper/open</span><br/>
                <span class="duration">Time Taken: 0.099s</span>
            </div>
            None
            
            <hr size="1"/>
            
            <div class="stdout"><i>Stdout</i><br/>
                <pre></pre></div>
            <hr size="1"/>
            <div class="stderr"><i>Stderr</i><br/>
                <pre></pre></div>
        </div>
    </a>
        
    <a name="1805617f-5216-441f-bd01-6a0a8c58753d">
        <div class="testcase">
            <div class="details">
                <span class="testname"><b>Casper.open() can open and load a location using PUT</b></span><br/>
                <span class="testclassname">tests/suites/casper/open</span><br/>
                <span class="duration">Time Taken: 0.1s</span>
            </div>
            None
            
            <hr size="1"/>
            
            <div class="stdout"><i>Stdout</i><br/>
                <pre></pre></div>
            <hr size="1"/>
            <div class="stderr"><i>Stderr</i><br/>
                <pre></pre></div>
        </div>
    </a>
        
    <a name="9d7f1cd5-32ae-4070-8934-887cec4e18c0">
        <div class="testcase">
            <div class="details">
                <span class="testname"><b>Casper.open() can open and load a location using HTTP auth</b></span><br/>
                <span class="testclassname">tests/suites/casper/open</span><br/>
                <span class="duration">Time Taken: 0.1s</span>
            </div>
            None
            
            <hr size="1"/>
            
            <div class="stdout"><i>Stdout</i><br/>
                <pre></pre></div>
            <hr size="1"/>
            <div class="stderr"><i>Stderr</i><br/>
                <pre></pre></div>
        </div>
    </a>
        
    <a name="3f33324b-3fb8-4620-82ab-d26a8e4e6132">
        <div class="testcase">
            <div class="details">
                <span class="testname"><b>Casper.thenOpen() used the expected GET settings</b></span><br/>
                <span class="testclassname">tests/suites/casper/open</span><br/>
                <span class="duration">Time Taken: 0.101s</span>
            </div>
            None
            
            <hr size="1"/>
            
            <div class="stdout"><i>Stdout</i><br/>
                <pre></pre></div>
            <hr size="1"/>
            <div class="stderr"><i>Stderr</i><br/>
                <pre></pre></div>
        </div>
    </a>
        
    <a name="3c58835a-8638-42bc-b8f9-d7ba2d85804b">
        <div class="testcase">
            <div class="details">
                <span class="testname"><b>Casper.thenOpen() can open and load a location using GET</b></span><br/>
                <span class="testclassname">tests/suites/casper/open</span><br/>
                <span class="duration">Time Taken: 0.1s</span>
            </div>
            None
            
            <hr size="1"/>
            
            <div class="stdout"><i>Stdout</i><br/>
                <pre></pre></div>
            <hr size="1"/>
            <div class="stderr"><i>Stderr</i><br/>
                <pre></pre></div>
        </div>
    </a>
        
    <a name="66087f73-8851-4ac1-bfe9-79655719674c">
        <div class="testcase">
            <div class="details">
                <span class="testname"><b>Casper.thenOpen() used the expected POST settings</b></span><br/>
                <span class="testclassname">tests/suites/casper/open</span><br/>
                <span class="duration">Time Taken: 0.101s</span>
            </div>
            None
            
            <hr size="1"/>
            
            <div class="stdout"><i>Stdout</i><br/>
                <pre></pre></div>
            <hr size="1"/>
            <div class="stderr"><i>Stderr</i><br/>
                <pre></pre></div>
        </div>
    </a>
        
    <a name="557e8367-20ec-4db3-9f9a-7f72e9743f99">
        <div class="testcase">
            <div class="details">
                <span class="testname"><b>Casper.thenOpen() can open and load a location using POST</b></span><br/>
                <span class="testclassname">tests/suites/casper/open</span><br/>
                <span class="duration">Time Taken: 0.101s</span>
            </div>
            None
            
            <hr size="1"/>
            
            <div class="stdout"><i>Stdout</i><br/>
                <pre></pre></div>
            <hr size="1"/>
            <div class="stderr"><i>Stderr</i><br/>
                <pre></pre></div>
        </div>
    </a>
        
    <a name="0ffa6e00-0ea4-4727-b835-20793fb57792">
        <div class="testcase">
            <div class="details">
                <span class="testname"><b>Casper.thenOpen() used the expected PUT settings</b></span><br/>
                <span class="testclassname">tests/suites/casper/open</span><br/>
                <span class="duration">Time Taken: 0.098s</span>
            </div>
            None
            
            <hr size="1"/>
            
            <div class="stdout"><i>Stdout</i><br/>
                <pre></pre></div>
            <hr size="1"/>
            <div class="stderr"><i>Stderr</i><br/>
                <pre></pre></div>
        </div>
    </a>
        
    <a name="6ded0092-73ea-403d-879e-564facf8b323">
        <div class="testcase">
            <div class="details">
                <span class="testname"><b>Casper.thenOpen() can open and load a location using PUT</b></span><br/>
                <span class="testclassname">tests/suites/casper/open</span><br/>
                <span class="duration">Time Taken: 0.102s</span>
            </div>
            None
            
            <hr size="1"/>
            
            <div class="stdout"><i>Stdout</i><br/>
                <pre></pre></div>
            <hr size="1"/>
            <div class="stderr"><i>Stderr</i><br/>
                <pre></pre></div>
        </div>
    </a>
        
    <a name="64ace024-4d8a-4845-b20f-01cbf3812718">
        <div class="testcase">
            <div class="details">
                <span class="testname"><b>Casper.thenOpen() used the expected HTTP auth settings</b></span><br/>
                <span class="testclassname">tests/suites/casper/open</span><br/>
                <span class="duration">Time Taken: 0.098s</span>
            </div>
            None
            
            <hr size="1"/>
            
            <div class="stdout"><i>Stdout</i><br/>
                <pre></pre></div>
            <hr size="1"/>
            <div class="stderr"><i>Stderr</i><br/>
                <pre></pre></div>
        </div>
    </a>
        
    <a name="1b329c63-72e2-4c95-af77-5ba6d579c1d7">
        <div class="testcase">
            <div class="details">
                <span class="testname"><b>Casper.thenOpen() can open and load a location using HTTP auth</b></span><br/>
                <span class="testclassname">tests/suites/casper/open</span><br/>
                <span class="duration">Time Taken: 0.101s</span>
            </div>
            None
            
            <hr size="1"/>
            
            <div class="stdout"><i>Stdout</i><br/>
                <pre></pre></div>
            <hr size="1"/>
            <div class="stderr"><i>Stderr</i><br/>
                <pre></pre></div>
        </div>
    </a>
        
            </div>
        </div>
        </a>
        
            </div>
        </div>
        
        <div class="testsuite">
            <h2>Test Suite: Untitled suite in /Users/niko/Sites/casperjs/tests/suites/casper/popup.js</h2><a name="8c3dfb7f-5077-44e0-84e1-d644f7c7a890">
            Package: tests/suites/casper/popup<br/>
            
            <table>
            <tr><th align="left">Duration</th><td align="right">3.11 sec</td></tr>
            <tr><th align="left">Test Cases</th><td align="right">25</td></tr>
            <tr><th align="left">Failures</th><td align="right">0</td></tr>
            </table>
            <a name="toc"></a>
            <h2>Results Index</h2>
            
        <ul>
            
            
            <li>All Test Classes
            <ul>
            <li>
                <a href="#91e956b0-5452-47c8-9d32-b91e72c08166">tests/suites/casper/popup</a>
                <ul>
                
                    <li>
                        <a href="#26a529c7-50b2-4517-b6e3-2f0465853d1c">"popup.created" event is fired</a>
                    </li>
                    
                    <li>
                        <a href="#93df22d0-3121-4112-956a-8151aebc751f">"popup.created" event callback get a popup page instance</a>
                    </li>
                    
                    <li>
                        <a href="#555777d0-1098-456c-859d-e4e0396a0b62">"popup.loaded" event is fired</a>
                    </li>
                    
                    <li>
                        <a href="#65a4c2b3-8455-4550-b6a4-980b200ee6d5">"popup.loaded" is triggered when popup content is actually loaded</a>
                    </li>
                    
                    <li>
                        <a href="#0bf92111-4108-47cd-b142-17a3eb207f4b">Casper.waitForPopup() waits for a popup being created</a>
                    </li>
                    
                    <li>
                        <a href="#410b40c5-cefa-494e-a759-5edfa1c0e9a0">A popup has been added</a>
                    </li>
                    
                    <li>
                        <a href="#ff45bd84-a09e-41dd-9a67-16f690505cb1">A popup is a WebPage</a>
                    </li>
                    
                    <li>
                        <a href="#dc28b1b0-d13b-4616-94b4-b6f8a18fa8ea">Casper.withPopup() switched to popup as current active one</a>
                    </li>
                    
                    <li>
                        <a href="#f6ff8682-364c-4059-8c54-cb06178c2355">Casper.withPopup() has client utils injected</a>
                    </li>
                    
                    <li>
                        <a href="#87ec2e41-e8cb-43c8-ae93-9bc65aee4e17">Casper.withPopup() can perform assertions on the DOM</a>
                    </li>
                    
                    <li>
                        <a href="#9eff3bfd-c312-4d80-98c0-1ccf54490f98">Casper.withPopup() can perform assertions on the DOM using XPath</a>
                    </li>
                    
                    <li>
                        <a href="#455bdc56-7224-4c59-9297-d32d44cd3e98">Casper.withPopup() has reverted to main page after using the popup</a>
                    </li>
                    
                    <li>
                        <a href="#5cf74e65-435a-438c-9ba3-6355df526701">"popup.closed" event is fired</a>
                    </li>
                    
                    <li>
                        <a href="#afe39904-504f-4735-b949-58abb307c459">Popup is removed when closed</a>
                    </li>
                    
                    <li>
                        <a href="#26d8b0c1-4234-4ded-8935-f231fa4b1894">"popup.created" event is fired</a>
                    </li>
                    
                    <li>
                        <a href="#75dd79b8-0a66-4607-a3d2-be9aa27b48db">"popup.created" event callback get a popup page instance</a>
                    </li>
                    
                    <li>
                        <a href="#82120d3c-3332-4056-a6f6-ad94d7ae5857">"popup.loaded" event is fired</a>
                    </li>
                    
                    <li>
                        <a href="#41cb1ea5-cdd9-4177-806f-3069c061e7c0">"popup.loaded" is triggered when popup content is actually loaded</a>
                    </li>
                    
                    <li>
                        <a href="#1623a341-d1b3-454a-aab1-98335cc7cebd">Casper.waitForPopup() waits for a popup being created</a>
                    </li>
                    
                    <li>
                        <a href="#360f54a8-e76e-49d7-949b-769510f2750f">Casper.withPopup() can use a regexp to identify popup</a>
                    </li>
                    
                    <li>
                        <a href="#f23bea84-e50f-44b3-a984-e33068e1b5c9">"popup.closed" event is fired</a>
                    </li>
                    
                    <li>
                        <a href="#ceed4a3b-3b5a-4bd2-8947-1db870b17a3c">Casper.withPopup() has reverted to main page after using the popup</a>
                    </li>
                    
                    <li>
                        <a href="#21a80d31-4609-4103-b707-c6b6bdf9d17a">Popup is removed when closed</a>
                    </li>
                    
                    <li>
                        <a href="#00854c37-a07e-4d65-bbfb-6cfc1572e105">Casper.waitForPopup() waits when clicked on a link with target=_blank</a>
                    </li>
                    
                    <li>
                        <a href="#55f13ab4-492d-4e8f-927b-d735b901c7ec">Page title is: "CasperJS test form"</a>
                    </li>
                    
                </ul>
            </li>
            </ul>
            </li>
        </ul>
        
            <hr size="2"/>
            <h2>Test Results</h2>
            <div class="testclasses">
            
        <hr size="2"/>
        <a name="91e956b0-5452-47c8-9d32-b91e72c08166">
        <div class="testclass">
            <div>Test Class: tests/suites/casper/popup</div>
            <div class="testcases">
            
    <a name="26a529c7-50b2-4517-b6e3-2f0465853d1c">
        <div class="testcase">
            <div class="details">
                <span class="testname"><b>"popup.created" event is fired</b></span><br/>
                <span class="testclassname">tests/suites/casper/popup</span><br/>
                <span class="duration">Time Taken: 0.308s</span>
            </div>
            None
            
            <hr size="1"/>
            
            <div class="stdout"><i>Stdout</i><br/>
                <pre></pre></div>
            <hr size="1"/>
            <div class="stderr"><i>Stderr</i><br/>
                <pre></pre></div>
        </div>
    </a>
        
    <a name="93df22d0-3121-4112-956a-8151aebc751f">
        <div class="testcase">
            <div class="details">
                <span class="testname"><b>"popup.created" event callback get a popup page instance</b></span><br/>
                <span class="testclassname">tests/suites/casper/popup</span><br/>
                <span class="duration">Time Taken: 0.001s</span>
            </div>
            None
            
            <hr size="1"/>
            
            <div class="stdout"><i>Stdout</i><br/>
                <pre></pre></div>
            <hr size="1"/>
            <div class="stderr"><i>Stderr</i><br/>
                <pre></pre></div>
        </div>
    </a>
        
    <a name="555777d0-1098-456c-859d-e4e0396a0b62">
        <div class="testcase">
            <div class="details">
                <span class="testname"><b>"popup.loaded" event is fired</b></span><br/>
                <span class="testclassname">tests/suites/casper/popup</span><br/>
                <span class="duration">Time Taken: 0.022s</span>
            </div>
            None
            
            <hr size="1"/>
            
            <div class="stdout"><i>Stdout</i><br/>
                <pre></pre></div>
            <hr size="1"/>
            <div class="stderr"><i>Stderr</i><br/>
                <pre></pre></div>
        </div>
    </a>
        
    <a name="65a4c2b3-8455-4550-b6a4-980b200ee6d5">
        <div class="testcase">
            <div class="details">
                <span class="testname"><b>"popup.loaded" is triggered when popup content is actually loaded</b></span><br/>
                <span class="testclassname">tests/suites/casper/popup</span><br/>
                <span class="duration">Time Taken: 0.0s</span>
            </div>
            None
            
            <hr size="1"/>
            
            <div class="stdout"><i>Stdout</i><br/>
                <pre></pre></div>
            <hr size="1"/>
            <div class="stderr"><i>Stderr</i><br/>
                <pre></pre></div>
        </div>
    </a>
        
    <a name="0bf92111-4108-47cd-b142-17a3eb207f4b">
        <div class="testcase">
            <div class="details">
                <span class="testname"><b>Casper.waitForPopup() waits for a popup being created</b></span><br/>
                <span class="testclassname">tests/suites/casper/popup</span><br/>
                <span class="duration">Time Taken: 0.47s</span>
            </div>
            None
            
            <hr size="1"/>
            
            <div class="stdout"><i>Stdout</i><br/>
                <pre></pre></div>
            <hr size="1"/>
            <div class="stderr"><i>Stderr</i><br/>
                <pre></pre></div>
        </div>
    </a>
        
    <a name="410b40c5-cefa-494e-a759-5edfa1c0e9a0">
        <div class="testcase">
            <div class="details">
                <span class="testname"><b>A popup has been added</b></span><br/>
                <span class="testclassname">tests/suites/casper/popup</span><br/>
                <span class="duration">Time Taken: 0.001s</span>
            </div>
            None
            
            <hr size="1"/>
            
            <div class="stdout"><i>Stdout</i><br/>
                <pre></pre></div>
            <hr size="1"/>
            <div class="stderr"><i>Stderr</i><br/>
                <pre></pre></div>
        </div>
    </a>
        
    <a name="ff45bd84-a09e-41dd-9a67-16f690505cb1">
        <div class="testcase">
            <div class="details">
                <span class="testname"><b>A popup is a WebPage</b></span><br/>
                <span class="testclassname">tests/suites/casper/popup</span><br/>
                <span class="duration">Time Taken: 0.0s</span>
            </div>
            None
            
            <hr size="1"/>
            
            <div class="stdout"><i>Stdout</i><br/>
                <pre></pre></div>
            <hr size="1"/>
            <div class="stderr"><i>Stderr</i><br/>
                <pre></pre></div>
        </div>
    </a>
        
    <a name="dc28b1b0-d13b-4616-94b4-b6f8a18fa8ea">
        <div class="testcase">
            <div class="details">
                <span class="testname"><b>Casper.withPopup() switched to popup as current active one</b></span><br/>
                <span class="testclassname">tests/suites/casper/popup</span><br/>
                <span class="duration">Time Taken: 0.202s</span>
            </div>
            None
            
            <hr size="1"/>
            
            <div class="stdout"><i>Stdout</i><br/>
                <pre></pre></div>
            <hr size="1"/>
            <div class="stderr"><i>Stderr</i><br/>
                <pre></pre></div>
        </div>
    </a>
        
    <a name="f6ff8682-364c-4059-8c54-cb06178c2355">
        <div class="testcase">
            <div class="details">
                <span class="testname"><b>Casper.withPopup() has client utils injected</b></span><br/>
                <span class="testclassname">tests/suites/casper/popup</span><br/>
                <span class="duration">Time Taken: 0.001s</span>
            </div>
            None
            
            <hr size="1"/>
            
            <div class="stdout"><i>Stdout</i><br/>
                <pre></pre></div>
            <hr size="1"/>
            <div class="stderr"><i>Stderr</i><br/>
                <pre></pre></div>
        </div>
    </a>
        
    <a name="87ec2e41-e8cb-43c8-ae93-9bc65aee4e17">
        <div class="testcase">
            <div class="details">
                <span class="testname"><b>Casper.withPopup() can perform assertions on the DOM</b></span><br/>
                <span class="testclassname">tests/suites/casper/popup</span><br/>
                <span class="duration">Time Taken: 0.001s</span>
            </div>
            None
            
            <hr size="1"/>
            
            <div class="stdout"><i>Stdout</i><br/>
                <pre></pre></div>
            <hr size="1"/>
            <div class="stderr"><i>Stderr</i><br/>
                <pre></pre></div>
        </div>
    </a>
        
    <a name="9eff3bfd-c312-4d80-98c0-1ccf54490f98">
        <div class="testcase">
            <div class="details">
                <span class="testname"><b>Casper.withPopup() can perform assertions on the DOM using XPath</b></span><br/>
                <span class="testclassname">tests/suites/casper/popup</span><br/>
                <span class="duration">Time Taken: 0.0s</span>
            </div>
            None
            
            <hr size="1"/>
            
            <div class="stdout"><i>Stdout</i><br/>
                <pre></pre></div>
            <hr size="1"/>
            <div class="stderr"><i>Stderr</i><br/>
                <pre></pre></div>
        </div>
    </a>
        
    <a name="455bdc56-7224-4c59-9297-d32d44cd3e98">
        <div class="testcase">
            <div class="details">
                <span class="testname"><b>Casper.withPopup() has reverted to main page after using the popup</b></span><br/>
                <span class="testclassname">tests/suites/casper/popup</span><br/>
                <span class="duration">Time Taken: 0.196s</span>
            </div>
            None
            
            <hr size="1"/>
            
            <div class="stdout"><i>Stdout</i><br/>
                <pre></pre></div>
            <hr size="1"/>
            <div class="stderr"><i>Stderr</i><br/>
                <pre></pre></div>
        </div>
    </a>
        
    <a name="5cf74e65-435a-438c-9ba3-6355df526701">
        <div class="testcase">
            <div class="details">
                <span class="testname"><b>"popup.closed" event is fired</b></span><br/>
                <span class="testclassname">tests/suites/casper/popup</span><br/>
                <span class="duration">Time Taken: 0.102s</span>
            </div>
            None
            
            <hr size="1"/>
            
            <div class="stdout"><i>Stdout</i><br/>
                <pre></pre></div>
            <hr size="1"/>
            <div class="stderr"><i>Stderr</i><br/>
                <pre></pre></div>
        </div>
    </a>
        
    <a name="afe39904-504f-4735-b949-58abb307c459">
        <div class="testcase">
            <div class="details">
                <span class="testname"><b>Popup is removed when closed</b></span><br/>
                <span class="testclassname">tests/suites/casper/popup</span><br/>
                <span class="duration">Time Taken: 0.103s</span>
            </div>
            None
            
            <hr size="1"/>
            
            <div class="stdout"><i>Stdout</i><br/>
                <pre></pre></div>
            <hr size="1"/>
            <div class="stderr"><i>Stderr</i><br/>
                <pre></pre></div>
        </div>
    </a>
        
    <a name="26d8b0c1-4234-4ded-8935-f231fa4b1894">
        <div class="testcase">
            <div class="details">
                <span class="testname"><b>"popup.created" event is fired</b></span><br/>
                <span class="testclassname">tests/suites/casper/popup</span><br/>
                <span class="duration">Time Taken: 0.103s</span>
            </div>
            None
            
            <hr size="1"/>
            
            <div class="stdout"><i>Stdout</i><br/>
                <pre></pre></div>
            <hr size="1"/>
            <div class="stderr"><i>Stderr</i><br/>
                <pre></pre></div>
        </div>
    </a>
        
    <a name="75dd79b8-0a66-4607-a3d2-be9aa27b48db">
        <div class="testcase">
            <div class="details">
                <span class="testname"><b>"popup.created" event callback get a popup page instance</b></span><br/>
                <span class="testclassname">tests/suites/casper/popup</span><br/>
                <span class="duration">Time Taken: 0.0s</span>
            </div>
            None
            
            <hr size="1"/>
            
            <div class="stdout"><i>Stdout</i><br/>
                <pre></pre></div>
            <hr size="1"/>
            <div class="stderr"><i>Stderr</i><br/>
                <pre></pre></div>
        </div>
    </a>
        
    <a name="82120d3c-3332-4056-a6f6-ad94d7ae5857">
        <div class="testcase">
            <div class="details">
                <span class="testname"><b>"popup.loaded" event is fired</b></span><br/>
                <span class="testclassname">tests/suites/casper/popup</span><br/>
                <span class="duration">Time Taken: 0.021s</span>
            </div>
            None
            
            <hr size="1"/>
            
            <div class="stdout"><i>Stdout</i><br/>
                <pre></pre></div>
            <hr size="1"/>
            <div class="stderr"><i>Stderr</i><br/>
                <pre></pre></div>
        </div>
    </a>
        
    <a name="41cb1ea5-cdd9-4177-806f-3069c061e7c0">
        <div class="testcase">
            <div class="details">
                <span class="testname"><b>"popup.loaded" is triggered when popup content is actually loaded</b></span><br/>
                <span class="testclassname">tests/suites/casper/popup</span><br/>
                <span class="duration">Time Taken: 0.001s</span>
            </div>
            None
            
            <hr size="1"/>
            
            <div class="stdout"><i>Stdout</i><br/>
                <pre></pre></div>
            <hr size="1"/>
            <div class="stderr"><i>Stderr</i><br/>
                <pre></pre></div>
        </div>
    </a>
        
    <a name="1623a341-d1b3-454a-aab1-98335cc7cebd">
        <div class="testcase">
            <div class="details">
                <span class="testname"><b>Casper.waitForPopup() waits for a popup being created</b></span><br/>
                <span class="testclassname">tests/suites/casper/popup</span><br/>
                <span class="duration">Time Taken: 0.373s</span>
            </div>
            None
            
            <hr size="1"/>
            
            <div class="stdout"><i>Stdout</i><br/>
                <pre></pre></div>
            <hr size="1"/>
            <div class="stderr"><i>Stderr</i><br/>
                <pre></pre></div>
        </div>
    </a>
        
    <a name="360f54a8-e76e-49d7-949b-769510f2750f">
        <div class="testcase">
            <div class="details">
                <span class="testname"><b>Casper.withPopup() can use a regexp to identify popup</b></span><br/>
                <span class="testclassname">tests/suites/casper/popup</span><br/>
                <span class="duration">Time Taken: 0.202s</span>
            </div>
            None
            
            <hr size="1"/>
            
            <div class="stdout"><i>Stdout</i><br/>
                <pre></pre></div>
            <hr size="1"/>
            <div class="stderr"><i>Stderr</i><br/>
                <pre></pre></div>
        </div>
    </a>
        
    <a name="f23bea84-e50f-44b3-a984-e33068e1b5c9">
        <div class="testcase">
            <div class="details">
                <span class="testname"><b>"popup.closed" event is fired</b></span><br/>
                <span class="testclassname">tests/suites/casper/popup</span><br/>
                <span class="duration">Time Taken: 0.2s</span>
            </div>
            None
            
            <hr size="1"/>
            
            <div class="stdout"><i>Stdout</i><br/>
                <pre></pre></div>
            <hr size="1"/>
            <div class="stderr"><i>Stderr</i><br/>
                <pre></pre></div>
        </div>
    </a>
        
    <a name="ceed4a3b-3b5a-4bd2-8947-1db870b17a3c">
        <div class="testcase">
            <div class="details">
                <span class="testname"><b>Casper.withPopup() has reverted to main page after using the popup</b></span><br/>
                <span class="testclassname">tests/suites/casper/popup</span><br/>
                <span class="duration">Time Taken: 0.104s</span>
            </div>
            None
            
            <hr size="1"/>
            
            <div class="stdout"><i>Stdout</i><br/>
                <pre></pre></div>
            <hr size="1"/>
            <div class="stderr"><i>Stderr</i><br/>
                <pre></pre></div>
        </div>
    </a>
        
    <a name="21a80d31-4609-4103-b707-c6b6bdf9d17a">
        <div class="testcase">
            <div class="details">
                <span class="testname"><b>Popup is removed when closed</b></span><br/>
                <span class="testclassname">tests/suites/casper/popup</span><br/>
                <span class="duration">Time Taken: 0.0s</span>
            </div>
            None
            
            <hr size="1"/>
            
            <div class="stdout"><i>Stdout</i><br/>
                <pre></pre></div>
            <hr size="1"/>
            <div class="stderr"><i>Stderr</i><br/>
                <pre></pre></div>
        </div>
    </a>
        
    <a name="00854c37-a07e-4d65-bbfb-6cfc1572e105">
        <div class="testcase">
            <div class="details">
                <span class="testname"><b>Casper.waitForPopup() waits when clicked on a link with target=_blank</b></span><br/>
                <span class="testclassname">tests/suites/casper/popup</span><br/>
                <span class="duration">Time Taken: 0.496s</span>
            </div>
            None
            
            <hr size="1"/>
            
            <div class="stdout"><i>Stdout</i><br/>
                <pre></pre></div>
            <hr size="1"/>
            <div class="stderr"><i>Stderr</i><br/>
                <pre></pre></div>
        </div>
    </a>
        
    <a name="55f13ab4-492d-4e8f-927b-d735b901c7ec">
        <div class="testcase">
            <div class="details">
                <span class="testname"><b>Page title is: "CasperJS test form"</b></span><br/>
                <span class="testclassname">tests/suites/casper/popup</span><br/>
                <span class="duration">Time Taken: 0.203s</span>
            </div>
            None
            
            <hr size="1"/>
            
            <div class="stdout"><i>Stdout</i><br/>
                <pre></pre></div>
            <hr size="1"/>
            <div class="stderr"><i>Stderr</i><br/>
                <pre></pre></div>
        </div>
    </a>
        
            </div>
        </div>
        </a>
        
            </div>
        </div>
        
        <div class="testsuite">
            <h2>Test Suite: Untitled suite in /Users/niko/Sites/casperjs/tests/suites/casper/prompt.js</h2><a name="ed6c81d7-02fe-44e1-82ae-a45cc3641705">
            Package: tests/suites/casper/prompt<br/>
            
            <table>
            <tr><th align="left">Duration</th><td align="right">0.501 sec</td></tr>
            <tr><th align="left">Test Cases</th><td align="right">1</td></tr>
            <tr><th align="left">Failures</th><td align="right">0</td></tr>
            </table>
            <a name="toc"></a>
            <h2>Results Index</h2>
            
        <ul>
            
            
            <li>All Test Classes
            <ul>
            <li>
                <a href="#d655ceca-73bf-4d38-978c-97467625754b">tests/suites/casper/prompt</a>
                <ul>
                
                    <li>
                        <a href="#f73409f8-87be-4088-ae07-990495da6aa9">prompted value has been received</a>
                    </li>
                    
                </ul>
            </li>
            </ul>
            </li>
        </ul>
        
            <hr size="2"/>
            <h2>Test Results</h2>
            <div class="testclasses">
            
        <hr size="2"/>
        <a name="d655ceca-73bf-4d38-978c-97467625754b">
        <div class="testclass">
            <div>Test Class: tests/suites/casper/prompt</div>
            <div class="testcases">
            
    <a name="f73409f8-87be-4088-ae07-990495da6aa9">
        <div class="testcase">
            <div class="details">
                <span class="testname"><b>prompted value has been received</b></span><br/>
                <span class="testclassname">tests/suites/casper/prompt</span><br/>
                <span class="duration">Time Taken: 0.501s</span>
            </div>
            None
            
            <hr size="1"/>
            
            <div class="stdout"><i>Stdout</i><br/>
                <pre></pre></div>
            <hr size="1"/>
            <div class="stderr"><i>Stderr</i><br/>
                <pre></pre></div>
        </div>
    </a>
        
            </div>
        </div>
        </a>
        
            </div>
        </div>
        
        <div class="testsuite">
            <h2>Test Suite: Untitled suite in /Users/niko/Sites/casperjs/tests/suites/casper/request.js</h2><a name="55906b6c-17b1-4290-be75-577f0291341d">
            Package: tests/suites/casper/request<br/>
            
            <table>
            <tr><th align="left">Duration</th><td align="right">0.502 sec</td></tr>
            <tr><th align="left">Test Cases</th><td align="right">3</td></tr>
            <tr><th align="left">Failures</th><td align="right">0</td></tr>
            </table>
            <a name="toc"></a>
            <h2>Results Index</h2>
            
        <ul>
            
            
            <li>All Test Classes
            <ul>
            <li>
                <a href="#273e60b5-c072-4771-bae7-3a5c33cb4638">tests/suites/casper/request</a>
                <ul>
                
                    <li>
                        <a href="#a3b0d7ec-bd4d-46a9-8c08-92ca498e712b">Casper.open() sets no custom header by default</a>
                    </li>
                    
                    <li>
                        <a href="#3cbc4140-39f8-43cc-aff1-56891f174a47">Casper.open() can set a custom header</a>
                    </li>
                    
                    <li>
                        <a href="#d033b7c7-35f0-49f8-b4ac-44a1b673c084">Casper.open() custom headers option is not persistent</a>
                    </li>
                    
                </ul>
            </li>
            </ul>
            </li>
        </ul>
        
            <hr size="2"/>
            <h2>Test Results</h2>
            <div class="testclasses">
            
        <hr size="2"/>
        <a name="273e60b5-c072-4771-bae7-3a5c33cb4638">
        <div class="testclass">
            <div>Test Class: tests/suites/casper/request</div>
            <div class="testcases">
            
    <a name="a3b0d7ec-bd4d-46a9-8c08-92ca498e712b">
        <div class="testcase">
            <div class="details">
                <span class="testname"><b>Casper.open() sets no custom header by default</b></span><br/>
                <span class="testclassname">tests/suites/casper/request</span><br/>
                <span class="duration">Time Taken: 0.3s</span>
            </div>
            None
            
            <hr size="1"/>
            
            <div class="stdout"><i>Stdout</i><br/>
                <pre></pre></div>
            <hr size="1"/>
            <div class="stderr"><i>Stderr</i><br/>
                <pre></pre></div>
        </div>
    </a>
        
    <a name="3cbc4140-39f8-43cc-aff1-56891f174a47">
        <div class="testcase">
            <div class="details">
                <span class="testname"><b>Casper.open() can set a custom header</b></span><br/>
                <span class="testclassname">tests/suites/casper/request</span><br/>
                <span class="duration">Time Taken: 0.102s</span>
            </div>
            None
            
            <hr size="1"/>
            
            <div class="stdout"><i>Stdout</i><br/>
                <pre></pre></div>
            <hr size="1"/>
            <div class="stderr"><i>Stderr</i><br/>
                <pre></pre></div>
        </div>
    </a>
        
    <a name="d033b7c7-35f0-49f8-b4ac-44a1b673c084">
        <div class="testcase">
            <div class="details">
                <span class="testname"><b>Casper.open() custom headers option is not persistent</b></span><br/>
                <span class="testclassname">tests/suites/casper/request</span><br/>
                <span class="duration">Time Taken: 0.1s</span>
            </div>
            None
            
            <hr size="1"/>
            
            <div class="stdout"><i>Stdout</i><br/>
                <pre></pre></div>
            <hr size="1"/>
            <div class="stderr"><i>Stderr</i><br/>
                <pre></pre></div>
        </div>
    </a>
        
            </div>
        </div>
        </a>
        
            </div>
        </div>
        
        <div class="testsuite">
            <h2>Test Suite: Untitled suite in /Users/niko/Sites/casperjs/tests/suites/casper/resources.coffee</h2><a name="57d49f55-8ad3-46de-a0fa-ac543baa5126">
            Package: tests/suites/casper/resources<br/>
            
            <table>
            <tr><th align="left">Duration</th><td align="right">1.616 sec</td></tr>
            <tr><th align="left">Test Cases</th><td align="right">5</td></tr>
            <tr><th align="left">Failures</th><td align="right">0</td></tr>
            </table>
            <a name="toc"></a>
            <h2>Results Index</h2>
            
        <ul>
            
            
            <li>All Test Classes
            <ul>
            <li>
                <a href="#e370efae-0470-47ad-8caa-edcfad6279ce">tests/suites/casper/resources</a>
                <ul>
                
                    <li>
                        <a href="#21899e50-f8db-4ab8-83de-81beed9e31e6">only one resource found</a>
                    </li>
                    
                    <li>
                        <a href="#c521af92-5b31-47ac-8788-8e2ac07b9d07">two resources found</a>
                    </li>
                    
                    <li>
                        <a href="#3af8fc47-6956-4d29-9b37-0bb34fb2c647">phantom image found via test RegExp</a>
                    </li>
                    
                    <li>
                        <a href="#08817d98-7cab-41db-8ae0-d3014e935069">phantom image found via test Function</a>
                    </li>
                    
                    <li>
                        <a href="#96585c1d-0fb9-4733-82f6-7443bec008ad">phantom image found via test String</a>
                    </li>
                    
                </ul>
            </li>
            </ul>
            </li>
        </ul>
        
            <hr size="2"/>
            <h2>Test Results</h2>
            <div class="testclasses">
            
        <hr size="2"/>
        <a name="e370efae-0470-47ad-8caa-edcfad6279ce">
        <div class="testclass">
            <div>Test Class: tests/suites/casper/resources</div>
            <div class="testcases">
            
    <a name="21899e50-f8db-4ab8-83de-81beed9e31e6">
        <div class="testcase">
            <div class="details">
                <span class="testname"><b>only one resource found</b></span><br/>
                <span class="testclassname">tests/suites/casper/resources</span><br/>
                <span class="duration">Time Taken: 0.415s</span>
            </div>
            None
            
            <hr size="1"/>
            
            <div class="stdout"><i>Stdout</i><br/>
                <pre></pre></div>
            <hr size="1"/>
            <div class="stderr"><i>Stderr</i><br/>
                <pre></pre></div>
        </div>
    </a>
        
    <a name="c521af92-5b31-47ac-8788-8e2ac07b9d07">
        <div class="testcase">
            <div class="details">
                <span class="testname"><b>two resources found</b></span><br/>
                <span class="testclassname">tests/suites/casper/resources</span><br/>
                <span class="duration">Time Taken: 1.201s</span>
            </div>
            None
            
            <hr size="1"/>
            
            <div class="stdout"><i>Stdout</i><br/>
                <pre></pre></div>
            <hr size="1"/>
            <div class="stderr"><i>Stderr</i><br/>
                <pre></pre></div>
        </div>
    </a>
        
    <a name="3af8fc47-6956-4d29-9b37-0bb34fb2c647">
        <div class="testcase">
            <div class="details">
                <span class="testname"><b>phantom image found via test RegExp</b></span><br/>
                <span class="testclassname">tests/suites/casper/resources</span><br/>
                <span class="duration">Time Taken: 0.0s</span>
            </div>
            None
            
            <hr size="1"/>
            
            <div class="stdout"><i>Stdout</i><br/>
                <pre></pre></div>
            <hr size="1"/>
            <div class="stderr"><i>Stderr</i><br/>
                <pre></pre></div>
        </div>
    </a>
        
    <a name="08817d98-7cab-41db-8ae0-d3014e935069">
        <div class="testcase">
            <div class="details">
                <span class="testname"><b>phantom image found via test Function</b></span><br/>
                <span class="testclassname">tests/suites/casper/resources</span><br/>
                <span class="duration">Time Taken: 0.0s</span>
            </div>
            None
            
            <hr size="1"/>
            
            <div class="stdout"><i>Stdout</i><br/>
                <pre></pre></div>
            <hr size="1"/>
            <div class="stderr"><i>Stderr</i><br/>
                <pre></pre></div>
        </div>
    </a>
        
    <a name="96585c1d-0fb9-4733-82f6-7443bec008ad">
        <div class="testcase">
            <div class="details">
                <span class="testname"><b>phantom image found via test String</b></span><br/>
                <span class="testclassname">tests/suites/casper/resources</span><br/>
                <span class="duration">Time Taken: 0.0s</span>
            </div>
            None
            
            <hr size="1"/>
            
            <div class="stdout"><i>Stdout</i><br/>
                <pre></pre></div>
            <hr size="1"/>
            <div class="stderr"><i>Stderr</i><br/>
                <pre></pre></div>
        </div>
    </a>
        
            </div>
        </div>
        </a>
        
            </div>
        </div>
        
        <div class="testsuite">
            <h2>Test Suite: Untitled suite in /Users/niko/Sites/casperjs/tests/suites/casper/scripts.js</h2><a name="158c6bc4-1008-431f-be9e-fe2d4685d7cd">
            Package: tests/suites/casper/scripts<br/>
            
            <table>
            <tr><th align="left">Duration</th><td align="right">0.993 sec</td></tr>
            <tr><th align="left">Test Cases</th><td align="right">6</td></tr>
            <tr><th align="left">Failures</th><td align="right">0</td></tr>
            </table>
            <a name="toc"></a>
            <h2>Results Index</h2>
            
        <ul>
            
            
            <li>All Test Classes
            <ul>
            <li>
                <a href="#5aca9e74-7c8a-403d-b0d3-4642c7c6f3ff">tests/suites/casper/scripts</a>
                <ul>
                
                    <li>
                        <a href="#ef382dbe-2e7c-4555-90fb-caac3ae3326a">Casper.includeRemoteScripts() includes a first remote script on start</a>
                    </li>
                    
                    <li>
                        <a href="#76a7422a-1917-49d5-880f-2c0621adebc2">Casper.includeRemoteScripts() includes a second remote script on start</a>
                    </li>
                    
                    <li>
                        <a href="#d34a026a-8e89-433b-aef6-ec65881810e4">Casper.includeRemoteScripts() includes a really remote file on first step</a>
                    </li>
                    
                    <li>
                        <a href="#80b270e5-d1c7-42af-9cc6-488f70257596">Casper.includeRemoteScripts() includes a first remote script on second step</a>
                    </li>
                    
                    <li>
                        <a href="#6f61c3dd-2a52-4594-9d17-cc726d5112e7">Casper.includeRemoteScripts() includes a second remote script on second step</a>
                    </li>
                    
                    <li>
                        <a href="#0ef0e80c-302c-4421-96dc-8dc9e4276cf9">Casper.includeRemoteScripts() includes a really remote file on second step</a>
                    </li>
                    
                </ul>
            </li>
            </ul>
            </li>
        </ul>
        
            <hr size="2"/>
            <h2>Test Results</h2>
            <div class="testclasses">
            
        <hr size="2"/>
        <a name="5aca9e74-7c8a-403d-b0d3-4642c7c6f3ff">
        <div class="testclass">
            <div>Test Class: tests/suites/casper/scripts</div>
            <div class="testcases">
            
    <a name="ef382dbe-2e7c-4555-90fb-caac3ae3326a">
        <div class="testcase">
            <div class="details">
                <span class="testname"><b>Casper.includeRemoteScripts() includes a first remote script on start</b></span><br/>
                <span class="testclassname">tests/suites/casper/scripts</span><br/>
                <span class="duration">Time Taken: 0.789s</span>
            </div>
            None
            
            <hr size="1"/>
            
            <div class="stdout"><i>Stdout</i><br/>
                <pre></pre></div>
            <hr size="1"/>
            <div class="stderr"><i>Stderr</i><br/>
                <pre></pre></div>
        </div>
    </a>
        
    <a name="76a7422a-1917-49d5-880f-2c0621adebc2">
        <div class="testcase">
            <div class="details">
                <span class="testname"><b>Casper.includeRemoteScripts() includes a second remote script on start</b></span><br/>
                <span class="testclassname">tests/suites/casper/scripts</span><br/>
                <span class="duration">Time Taken: 0.001s</span>
            </div>
            None
            
            <hr size="1"/>
            
            <div class="stdout"><i>Stdout</i><br/>
                <pre></pre></div>
            <hr size="1"/>
            <div class="stderr"><i>Stderr</i><br/>
                <pre></pre></div>
        </div>
    </a>
        
    <a name="d34a026a-8e89-433b-aef6-ec65881810e4">
        <div class="testcase">
            <div class="details">
                <span class="testname"><b>Casper.includeRemoteScripts() includes a really remote file on first step</b></span><br/>
                <span class="testclassname">tests/suites/casper/scripts</span><br/>
                <span class="duration">Time Taken: 0.0s</span>
            </div>
            None
            
            <hr size="1"/>
            
            <div class="stdout"><i>Stdout</i><br/>
                <pre></pre></div>
            <hr size="1"/>
            <div class="stderr"><i>Stderr</i><br/>
                <pre></pre></div>
        </div>
    </a>
        
    <a name="80b270e5-d1c7-42af-9cc6-488f70257596">
        <div class="testcase">
            <div class="details">
                <span class="testname"><b>Casper.includeRemoteScripts() includes a first remote script on second step</b></span><br/>
                <span class="testclassname">tests/suites/casper/scripts</span><br/>
                <span class="duration">Time Taken: 0.201s</span>
            </div>
            None
            
            <hr size="1"/>
            
            <div class="stdout"><i>Stdout</i><br/>
                <pre></pre></div>
            <hr size="1"/>
            <div class="stderr"><i>Stderr</i><br/>
                <pre></pre></div>
        </div>
    </a>
        
    <a name="6f61c3dd-2a52-4594-9d17-cc726d5112e7">
        <div class="testcase">
            <div class="details">
                <span class="testname"><b>Casper.includeRemoteScripts() includes a second remote script on second step</b></span><br/>
                <span class="testclassname">tests/suites/casper/scripts</span><br/>
                <span class="duration">Time Taken: 0.001s</span>
            </div>
            None
            
            <hr size="1"/>
            
            <div class="stdout"><i>Stdout</i><br/>
                <pre></pre></div>
            <hr size="1"/>
            <div class="stderr"><i>Stderr</i><br/>
                <pre></pre></div>
        </div>
    </a>
        
    <a name="0ef0e80c-302c-4421-96dc-8dc9e4276cf9">
        <div class="testcase">
            <div class="details">
                <span class="testname"><b>Casper.includeRemoteScripts() includes a really remote file on second step</b></span><br/>
                <span class="testclassname">tests/suites/casper/scripts</span><br/>
                <span class="duration">Time Taken: 0.001s</span>
            </div>
            None
            
            <hr size="1"/>
            
            <div class="stdout"><i>Stdout</i><br/>
                <pre></pre></div>
            <hr size="1"/>
            <div class="stderr"><i>Stderr</i><br/>
                <pre></pre></div>
        </div>
    </a>
        
            </div>
        </div>
        </a>
        
            </div>
        </div>
        
        <div class="testsuite">
            <h2>Test Suite: Untitled suite in /Users/niko/Sites/casperjs/tests/suites/casper/start.js</h2><a name="ea24f6c8-3053-4926-9020-d47b232ae61a">
            Package: tests/suites/casper/start<br/>
            
            <table>
            <tr><th align="left">Duration</th><td align="right">0.4 sec</td></tr>
            <tr><th align="left">Test Cases</th><td align="right">4</td></tr>
            <tr><th align="left">Failures</th><td align="right">0</td></tr>
            </table>
            <a name="toc"></a>
            <h2>Results Index</h2>
            
        <ul>
            
            
            <li>All Test Classes
            <ul>
            <li>
                <a href="#66faa1ae-a5d2-4d03-a1e4-194f177c2beb">tests/suites/casper/start</a>
                <ul>
                
                    <li>
                        <a href="#7ff31b5d-17c5-4a54-bd27-740507f4051e">Casper.start() started</a>
                    </li>
                    
                    <li>
                        <a href="#9f8c736e-b95b-4ac2-a4e7-21808919b9a1">Casper.start() can chain a next step</a>
                    </li>
                    
                    <li>
                        <a href="#3268195b-fd6c-4072-9dc5-536ea22f09b9">Casper.start() opened the passed url</a>
                    </li>
                    
                    <li>
                        <a href="#571078c1-9ede-4181-8fa2-dbf4c54986a6">Casper.start() injects ClientUtils instance within remote DOM</a>
                    </li>
                    
                </ul>
            </li>
            </ul>
            </li>
        </ul>
        
            <hr size="2"/>
            <h2>Test Results</h2>
            <div class="testclasses">
            
        <hr size="2"/>
        <a name="66faa1ae-a5d2-4d03-a1e4-194f177c2beb">
        <div class="testclass">
            <div>Test Class: tests/suites/casper/start</div>
            <div class="testcases">
            
    <a name="7ff31b5d-17c5-4a54-bd27-740507f4051e">
        <div class="testcase">
            <div class="details">
                <span class="testname"><b>Casper.start() started</b></span><br/>
                <span class="testclassname">tests/suites/casper/start</span><br/>
                <span class="duration">Time Taken: 0.197s</span>
            </div>
            None
            
            <hr size="1"/>
            
            <div class="stdout"><i>Stdout</i><br/>
                <pre></pre></div>
            <hr size="1"/>
            <div class="stderr"><i>Stderr</i><br/>
                <pre></pre></div>
        </div>
    </a>
        
    <a name="9f8c736e-b95b-4ac2-a4e7-21808919b9a1">
        <div class="testcase">
            <div class="details">
                <span class="testname"><b>Casper.start() can chain a next step</b></span><br/>
                <span class="testclassname">tests/suites/casper/start</span><br/>
                <span class="duration">Time Taken: 0.202s</span>
            </div>
            None
            
            <hr size="1"/>
            
            <div class="stdout"><i>Stdout</i><br/>
                <pre></pre></div>
            <hr size="1"/>
            <div class="stderr"><i>Stderr</i><br/>
                <pre></pre></div>
        </div>
    </a>
        
    <a name="3268195b-fd6c-4072-9dc5-536ea22f09b9">
        <div class="testcase">
            <div class="details">
                <span class="testname"><b>Casper.start() opened the passed url</b></span><br/>
                <span class="testclassname">tests/suites/casper/start</span><br/>
                <span class="duration">Time Taken: 0.001s</span>
            </div>
            None
            
            <hr size="1"/>
            
            <div class="stdout"><i>Stdout</i><br/>
                <pre></pre></div>
            <hr size="1"/>
            <div class="stderr"><i>Stderr</i><br/>
                <pre></pre></div>
        </div>
    </a>
        
    <a name="571078c1-9ede-4181-8fa2-dbf4c54986a6">
        <div class="testcase">
            <div class="details">
                <span class="testname"><b>Casper.start() injects ClientUtils instance within remote DOM</b></span><br/>
                <span class="testclassname">tests/suites/casper/start</span><br/>
                <span class="duration">Time Taken: 0.0s</span>
            </div>
            None
            
            <hr size="1"/>
            
            <div class="stdout"><i>Stdout</i><br/>
                <pre></pre></div>
            <hr size="1"/>
            <div class="stderr"><i>Stderr</i><br/>
                <pre></pre></div>
        </div>
    </a>
        
            </div>
        </div>
        </a>
        
            </div>
        </div>
        
        <div class="testsuite">
            <h2>Test Suite: Untitled suite in /Users/niko/Sites/casperjs/tests/suites/casper/steps.js</h2><a name="2f415561-99fa-4d37-8152-cd1781364d4e">
            Package: tests/suites/casper/steps<br/>
            
            <table>
            <tr><th align="left">Duration</th><td align="right">0.808 sec</td></tr>
            <tr><th align="left">Test Cases</th><td align="right">8</td></tr>
            <tr><th align="left">Failures</th><td align="right">0</td></tr>
            </table>
            <a name="toc"></a>
            <h2>Results Index</h2>
            
        <ul>
            
            
            <li>All Test Classes
            <ul>
            <li>
                <a href="#626fb71d-bd23-4d52-807a-62edbd1ad322">tests/suites/casper/steps</a>
                <ul>
                
                    <li>
                        <a href="#e17f1df2-534d-47b6-bbab-8507cb246a10">Casper.then() can add a new step</a>
                    </li>
                    
                    <li>
                        <a href="#1402257c-7ef6-4595-b2e1-150cf30f3470">Casper.thenOpen() can add a new step</a>
                    </li>
                    
                    <li>
                        <a href="#fb1bf22f-e755-4dc7-9100-7c63f1568c5f">Casper.thenOpen() can add a new step for opening, plus another step</a>
                    </li>
                    
                    <li>
                        <a href="#b23f227a-f4da-4a14-abc8-61c971220bbf">Casper.each() passes a contextualized index</a>
                    </li>
                    
                    <li>
                        <a href="#252c457c-184c-432b-8a14-7953c802c8a2">Casper.each() passes a contextualized index</a>
                    </li>
                    
                    <li>
                        <a href="#647447f7-4c11-45bd-8b6e-79a331baac3e">Casper.each() passes a contextualized index</a>
                    </li>
                    
                    <li>
                        <a href="#a97e4ff8-6327-4922-a0d4-188ced793c77">Casper.then() added a new step</a>
                    </li>
                    
                    <li>
                        <a href="#97f7ed57-ea7f-40aa-b52c-93181ea0ea77">Casper.thenOpen() opened a location and executed a step</a>
                    </li>
                    
                </ul>
            </li>
            </ul>
            </li>
        </ul>
        
            <hr size="2"/>
            <h2>Test Results</h2>
            <div class="testclasses">
            
        <hr size="2"/>
        <a name="626fb71d-bd23-4d52-807a-62edbd1ad322">
        <div class="testclass">
            <div>Test Class: tests/suites/casper/steps</div>
            <div class="testcases">
            
    <a name="e17f1df2-534d-47b6-bbab-8507cb246a10">
        <div class="testcase">
            <div class="details">
                <span class="testname"><b>Casper.then() can add a new step</b></span><br/>
                <span class="testclassname">tests/suites/casper/steps</span><br/>
                <span class="duration">Time Taken: 0.2s</span>
            </div>
            None
            
            <hr size="1"/>
            
            <div class="stdout"><i>Stdout</i><br/>
                <pre></pre></div>
            <hr size="1"/>
            <div class="stderr"><i>Stderr</i><br/>
                <pre></pre></div>
        </div>
    </a>
        
    <a name="1402257c-7ef6-4595-b2e1-150cf30f3470">
        <div class="testcase">
            <div class="details">
                <span class="testname"><b>Casper.thenOpen() can add a new step</b></span><br/>
                <span class="testclassname">tests/suites/casper/steps</span><br/>
                <span class="duration">Time Taken: 0.0s</span>
            </div>
            None
            
            <hr size="1"/>
            
            <div class="stdout"><i>Stdout</i><br/>
                <pre></pre></div>
            <hr size="1"/>
            <div class="stderr"><i>Stderr</i><br/>
                <pre></pre></div>
        </div>
    </a>
        
    <a name="fb1bf22f-e755-4dc7-9100-7c63f1568c5f">
        <div class="testcase">
            <div class="details">
                <span class="testname"><b>Casper.thenOpen() can add a new step for opening, plus another step</b></span><br/>
                <span class="testclassname">tests/suites/casper/steps</span><br/>
                <span class="duration">Time Taken: 0.001s</span>
            </div>
            None
            
            <hr size="1"/>
            
            <div class="stdout"><i>Stdout</i><br/>
                <pre></pre></div>
            <hr size="1"/>
            <div class="stderr"><i>Stderr</i><br/>
                <pre></pre></div>
        </div>
    </a>
        
    <a name="b23f227a-f4da-4a14-abc8-61c971220bbf">
        <div class="testcase">
            <div class="details">
                <span class="testname"><b>Casper.each() passes a contextualized index</b></span><br/>
                <span class="testclassname">tests/suites/casper/steps</span><br/>
                <span class="duration">Time Taken: 0.001s</span>
            </div>
            None
            
            <hr size="1"/>
            
            <div class="stdout"><i>Stdout</i><br/>
                <pre></pre></div>
            <hr size="1"/>
            <div class="stderr"><i>Stderr</i><br/>
                <pre></pre></div>
        </div>
    </a>
        
    <a name="252c457c-184c-432b-8a14-7953c802c8a2">
        <div class="testcase">
            <div class="details">
                <span class="testname"><b>Casper.each() passes a contextualized index</b></span><br/>
                <span class="testclassname">tests/suites/casper/steps</span><br/>
                <span class="duration">Time Taken: 0.0s</span>
            </div>
            None
            
            <hr size="1"/>
            
            <div class="stdout"><i>Stdout</i><br/>
                <pre></pre></div>
            <hr size="1"/>
            <div class="stderr"><i>Stderr</i><br/>
                <pre></pre></div>
        </div>
    </a>
        
    <a name="647447f7-4c11-45bd-8b6e-79a331baac3e">
        <div class="testcase">
            <div class="details">
                <span class="testname"><b>Casper.each() passes a contextualized index</b></span><br/>
                <span class="testclassname">tests/suites/casper/steps</span><br/>
                <span class="duration">Time Taken: 0.0s</span>
            </div>
            None
            
            <hr size="1"/>
            
            <div class="stdout"><i>Stdout</i><br/>
                <pre></pre></div>
            <hr size="1"/>
            <div class="stderr"><i>Stderr</i><br/>
                <pre></pre></div>
        </div>
    </a>
        
    <a name="a97e4ff8-6327-4922-a0d4-188ced793c77">
        <div class="testcase">
            <div class="details">
                <span class="testname"><b>Casper.then() added a new step</b></span><br/>
                <span class="testclassname">tests/suites/casper/steps</span><br/>
                <span class="duration">Time Taken: 0.305s</span>
            </div>
            None
            
            <hr size="1"/>
            
            <div class="stdout"><i>Stdout</i><br/>
                <pre></pre></div>
            <hr size="1"/>
            <div class="stderr"><i>Stderr</i><br/>
                <pre></pre></div>
        </div>
    </a>
        
    <a name="97f7ed57-ea7f-40aa-b52c-93181ea0ea77">
        <div class="testcase">
            <div class="details">
                <span class="testname"><b>Casper.thenOpen() opened a location and executed a step</b></span><br/>
                <span class="testclassname">tests/suites/casper/steps</span><br/>
                <span class="duration">Time Taken: 0.301s</span>
            </div>
            None
            
            <hr size="1"/>
            
            <div class="stdout"><i>Stdout</i><br/>
                <pre></pre></div>
            <hr size="1"/>
            <div class="stderr"><i>Stderr</i><br/>
                <pre></pre></div>
        </div>
    </a>
        
            </div>
        </div>
        </a>
        
            </div>
        </div>
        
        <div class="testsuite">
            <h2>Test Suite: Untitled suite in /Users/niko/Sites/casperjs/tests/suites/casper/urls.js</h2><a name="81e6b217-1a33-4a6b-a5cd-9d98474cc656">
            Package: tests/suites/casper/urls<br/>
            
            <table>
            <tr><th align="left">Duration</th><td align="right">0.696 sec</td></tr>
            <tr><th align="left">Test Cases</th><td align="right">6</td></tr>
            <tr><th align="left">Failures</th><td align="right">0</td></tr>
            </table>
            <a name="toc"></a>
            <h2>Results Index</h2>
            
        <ul>
            
            
            <li>All Test Classes
            <ul>
            <li>
                <a href="#a20fd468-a4e3-459a-815b-358b623e131b">tests/suites/casper/urls</a>
                <ul>
                
                    <li>
                        <a href="#cf6cde8d-aa75-46d2-ad00-58862a8cece4">HTTP status code is: 200</a>
                    </li>
                    
                    <li>
                        <a href="#f3d6af9e-bd1f-47a3-ac5f-acebed30b680">Casper.getCurrentUrl() retrieves a raw unicode URL</a>
                    </li>
                    
                    <li>
                        <a href="#0256e876-8fba-40ab-989f-6b8689974cfe">HTTP status code is: 200</a>
                    </li>
                    
                    <li>
                        <a href="#14201310-66a7-4a1a-a29e-049af36279c1">Casper.getCurrentUrl() retrieves an escaped URL</a>
                    </li>
                    
                    <li>
                        <a href="#9400784c-3d9a-4cf4-b3bc-c52c76c2623c">HTTP status code is: 200</a>
                    </li>
                    
                    <li>
                        <a href="#03765e0c-050d-40ae-8b3e-87147866817c">Casper.getCurrentUrl() retrieves a decoded URL</a>
                    </li>
                    
                </ul>
            </li>
            </ul>
            </li>
        </ul>
        
            <hr size="2"/>
            <h2>Test Results</h2>
            <div class="testclasses">
            
        <hr size="2"/>
        <a name="a20fd468-a4e3-459a-815b-358b623e131b">
        <div class="testclass">
            <div>Test Class: tests/suites/casper/urls</div>
            <div class="testcases">
            
    <a name="cf6cde8d-aa75-46d2-ad00-58862a8cece4">
        <div class="testcase">
            <div class="details">
                <span class="testname"><b>HTTP status code is: 200</b></span><br/>
                <span class="testclassname">tests/suites/casper/urls</span><br/>
                <span class="duration">Time Taken: 0.496s</span>
            </div>
            None
            
            <hr size="1"/>
            
            <div class="stdout"><i>Stdout</i><br/>
                <pre></pre></div>
            <hr size="1"/>
            <div class="stderr"><i>Stderr</i><br/>
                <pre></pre></div>
        </div>
    </a>
        
    <a name="f3d6af9e-bd1f-47a3-ac5f-acebed30b680">
        <div class="testcase">
            <div class="details">
                <span class="testname"><b>Casper.getCurrentUrl() retrieves a raw unicode URL</b></span><br/>
                <span class="testclassname">tests/suites/casper/urls</span><br/>
                <span class="duration">Time Taken: 0.001s</span>
            </div>
            None
            
            <hr size="1"/>
            
            <div class="stdout"><i>Stdout</i><br/>
                <pre></pre></div>
            <hr size="1"/>
            <div class="stderr"><i>Stderr</i><br/>
                <pre></pre></div>
        </div>
    </a>
        
    <a name="0256e876-8fba-40ab-989f-6b8689974cfe">
        <div class="testcase">
            <div class="details">
                <span class="testname"><b>HTTP status code is: 200</b></span><br/>
                <span class="testclassname">tests/suites/casper/urls</span><br/>
                <span class="duration">Time Taken: 0.099s</span>
            </div>
            None
            
            <hr size="1"/>
            
            <div class="stdout"><i>Stdout</i><br/>
                <pre></pre></div>
            <hr size="1"/>
            <div class="stderr"><i>Stderr</i><br/>
                <pre></pre></div>
        </div>
    </a>
        
    <a name="14201310-66a7-4a1a-a29e-049af36279c1">
        <div class="testcase">
            <div class="details">
                <span class="testname"><b>Casper.getCurrentUrl() retrieves an escaped URL</b></span><br/>
                <span class="testclassname">tests/suites/casper/urls</span><br/>
                <span class="duration">Time Taken: 0.001s</span>
            </div>
            None
            
            <hr size="1"/>
            
            <div class="stdout"><i>Stdout</i><br/>
                <pre></pre></div>
            <hr size="1"/>
            <div class="stderr"><i>Stderr</i><br/>
                <pre></pre></div>
        </div>
    </a>
        
    <a name="9400784c-3d9a-4cf4-b3bc-c52c76c2623c">
        <div class="testcase">
            <div class="details">
                <span class="testname"><b>HTTP status code is: 200</b></span><br/>
                <span class="testclassname">tests/suites/casper/urls</span><br/>
                <span class="duration">Time Taken: 0.098s</span>
            </div>
            None
            
            <hr size="1"/>
            
            <div class="stdout"><i>Stdout</i><br/>
                <pre></pre></div>
            <hr size="1"/>
            <div class="stderr"><i>Stderr</i><br/>
                <pre></pre></div>
        </div>
    </a>
        
    <a name="03765e0c-050d-40ae-8b3e-87147866817c">
        <div class="testcase">
            <div class="details">
                <span class="testname"><b>Casper.getCurrentUrl() retrieves a decoded URL</b></span><br/>
                <span class="testclassname">tests/suites/casper/urls</span><br/>
                <span class="duration">Time Taken: 0.001s</span>
            </div>
            None
            
            <hr size="1"/>
            
            <div class="stdout"><i>Stdout</i><br/>
                <pre></pre></div>
            <hr size="1"/>
            <div class="stderr"><i>Stderr</i><br/>
                <pre></pre></div>
        </div>
    </a>
        
            </div>
        </div>
        </a>
        
            </div>
        </div>
        
        <div class="testsuite">
            <h2>Test Suite: Untitled suite in /Users/niko/Sites/casperjs/tests/suites/casper/viewport.js</h2><a name="e939c5b4-8a52-429d-ac98-48f77585f25a">
            Package: tests/suites/casper/viewport<br/>
            
            <table>
            <tr><th align="left">Duration</th><td align="right">0.098 sec</td></tr>
            <tr><th align="left">Test Cases</th><td align="right">3</td></tr>
            <tr><th align="left">Failures</th><td align="right">0</td></tr>
            </table>
            <a name="toc"></a>
            <h2>Results Index</h2>
            
        <ul>
            
            
            <li>All Test Classes
            <ul>
            <li>
                <a href="#43a03d3b-c052-44df-abe9-afa41572b398">tests/suites/casper/viewport</a>
                <ul>
                
                    <li>
                        <a href="#cfb3287a-eb59-47cd-abb3-c8cc364166fc">Casper.viewport() can change the width of page viewport</a>
                    </li>
                    
                    <li>
                        <a href="#ac2e2eff-624f-4935-b325-88b1bc96dcf9">Casper.viewport() can change the height of page viewport</a>
                    </li>
                    
                    <li>
                        <a href="#5542468a-c574-4a11-b97a-5bebe2fa53c7">Casper.viewport() validates viewport size data</a>
                    </li>
                    
                </ul>
            </li>
            </ul>
            </li>
        </ul>
        
            <hr size="2"/>
            <h2>Test Results</h2>
            <div class="testclasses">
            
        <hr size="2"/>
        <a name="43a03d3b-c052-44df-abe9-afa41572b398">
        <div class="testclass">
            <div>Test Class: tests/suites/casper/viewport</div>
            <div class="testcases">
            
    <a name="cfb3287a-eb59-47cd-abb3-c8cc364166fc">
        <div class="testcase">
            <div class="details">
                <span class="testname"><b>Casper.viewport() can change the width of page viewport</b></span><br/>
                <span class="testclassname">tests/suites/casper/viewport</span><br/>
                <span class="duration">Time Taken: 0.097s</span>
            </div>
            None
            
            <hr size="1"/>
            
            <div class="stdout"><i>Stdout</i><br/>
                <pre></pre></div>
            <hr size="1"/>
            <div class="stderr"><i>Stderr</i><br/>
                <pre></pre></div>
        </div>
    </a>
        
    <a name="ac2e2eff-624f-4935-b325-88b1bc96dcf9">
        <div class="testcase">
            <div class="details">
                <span class="testname"><b>Casper.viewport() can change the height of page viewport</b></span><br/>
                <span class="testclassname">tests/suites/casper/viewport</span><br/>
                <span class="duration">Time Taken: 0.0s</span>
            </div>
            None
            
            <hr size="1"/>
            
            <div class="stdout"><i>Stdout</i><br/>
                <pre></pre></div>
            <hr size="1"/>
            <div class="stderr"><i>Stderr</i><br/>
                <pre></pre></div>
        </div>
    </a>
        
    <a name="5542468a-c574-4a11-b97a-5bebe2fa53c7">
        <div class="testcase">
            <div class="details">
                <span class="testname"><b>Casper.viewport() validates viewport size data</b></span><br/>
                <span class="testclassname">tests/suites/casper/viewport</span><br/>
                <span class="duration">Time Taken: 0.001s</span>
            </div>
            None
            
            <hr size="1"/>
            
            <div class="stdout"><i>Stdout</i><br/>
                <pre></pre></div>
            <hr size="1"/>
            <div class="stderr"><i>Stderr</i><br/>
                <pre></pre></div>
        </div>
    </a>
        
            </div>
        </div>
        </a>
        
            </div>
        </div>
        
        <div class="testsuite">
            <h2>Test Suite: Untitled suite in /Users/niko/Sites/casperjs/tests/suites/casper/visible.js</h2><a name="9565800d-2fa5-4397-9933-3d1147c7444f">
            Package: tests/suites/casper/visible<br/>
            
            <table>
            <tr><th align="left">Duration</th><td align="right">1.502 sec</td></tr>
            <tr><th align="left">Test Cases</th><td align="right">4</td></tr>
            <tr><th align="left">Failures</th><td align="right">0</td></tr>
            </table>
            <a name="toc"></a>
            <h2>Results Index</h2>
            
        <ul>
            
            
            <li>All Test Classes
            <ul>
            <li>
                <a href="#a888e828-c86b-4da5-ba99-54fe6b3a7465">tests/suites/casper/visible</a>
                <ul>
                
                    <li>
                        <a href="#11965c14-6292-48ed-8211-3db5e9c73cfb">Casper.visible() can detect if an element is visible</a>
                    </li>
                    
                    <li>
                        <a href="#e5225105-58eb-42b4-a444-1f84476ac957">Casper.visible() can detect if an element is invisible</a>
                    </li>
                    
                    <li>
                        <a href="#77d61872-ad54-4fd3-9461-e31003e6f939">Casper.visible() can detect if an element is invisible</a>
                    </li>
                    
                    <li>
                        <a href="#6cff4e16-5115-46f4-b351-ea061c67cff2">Casper.waitWhileVisible() can wait while an element is visible</a>
                    </li>
                    
                </ul>
            </li>
            </ul>
            </li>
        </ul>
        
            <hr size="2"/>
            <h2>Test Results</h2>
            <div class="testclasses">
            
        <hr size="2"/>
        <a name="a888e828-c86b-4da5-ba99-54fe6b3a7465">
        <div class="testclass">
            <div>Test Class: tests/suites/casper/visible</div>
            <div class="testcases">
            
    <a name="11965c14-6292-48ed-8211-3db5e9c73cfb">
        <div class="testcase">
            <div class="details">
                <span class="testname"><b>Casper.visible() can detect if an element is visible</b></span><br/>
                <span class="testclassname">tests/suites/casper/visible</span><br/>
                <span class="duration">Time Taken: 0.303s</span>
            </div>
            None
            
            <hr size="1"/>
            
            <div class="stdout"><i>Stdout</i><br/>
                <pre></pre></div>
            <hr size="1"/>
            <div class="stderr"><i>Stderr</i><br/>
                <pre></pre></div>
        </div>
    </a>
        
    <a name="e5225105-58eb-42b4-a444-1f84476ac957">
        <div class="testcase">
            <div class="details">
                <span class="testname"><b>Casper.visible() can detect if an element is invisible</b></span><br/>
                <span class="testclassname">tests/suites/casper/visible</span><br/>
                <span class="duration">Time Taken: 0.0s</span>
            </div>
            None
            
            <hr size="1"/>
            
            <div class="stdout"><i>Stdout</i><br/>
                <pre></pre></div>
            <hr size="1"/>
            <div class="stderr"><i>Stderr</i><br/>
                <pre></pre></div>
        </div>
    </a>
        
    <a name="77d61872-ad54-4fd3-9461-e31003e6f939">
        <div class="testcase">
            <div class="details">
                <span class="testname"><b>Casper.visible() can detect if an element is invisible</b></span><br/>
                <span class="testclassname">tests/suites/casper/visible</span><br/>
                <span class="duration">Time Taken: 0.001s</span>
            </div>
            None
            
            <hr size="1"/>
            
            <div class="stdout"><i>Stdout</i><br/>
                <pre></pre></div>
            <hr size="1"/>
            <div class="stderr"><i>Stderr</i><br/>
                <pre></pre></div>
        </div>
    </a>
        
    <a name="6cff4e16-5115-46f4-b351-ea061c67cff2">
        <div class="testcase">
            <div class="details">
                <span class="testname"><b>Casper.waitWhileVisible() can wait while an element is visible</b></span><br/>
                <span class="testclassname">tests/suites/casper/visible</span><br/>
                <span class="duration">Time Taken: 1.198s</span>
            </div>
            None
            
            <hr size="1"/>
            
            <div class="stdout"><i>Stdout</i><br/>
                <pre></pre></div>
            <hr size="1"/>
            <div class="stderr"><i>Stderr</i><br/>
                <pre></pre></div>
        </div>
    </a>
        
            </div>
        </div>
        </a>
        
            </div>
        </div>
        
        <div class="testsuite">
            <h2>Test Suite: Untitled suite in /Users/niko/Sites/casperjs/tests/suites/casper/wait.js</h2><a name="f3ea0c86-29e0-449d-80d8-17839f28a0a7">
            Package: tests/suites/casper/wait<br/>
            
            <table>
            <tr><th align="left">Duration</th><td align="right">6.212 sec</td></tr>
            <tr><th align="left">Test Cases</th><td align="right">3</td></tr>
            <tr><th align="left">Failures</th><td align="right">0</td></tr>
            </table>
            <a name="toc"></a>
            <h2>Results Index</h2>
            
        <ul>
            
            
            <li>All Test Classes
            <ul>
            <li>
                <a href="#7291e203-17d9-4b01-af39-b63fe0647d3d">tests/suites/casper/wait</a>
                <ul>
                
                    <li>
                        <a href="#f82245c7-fd3d-4636-ac98-a8079db9d8d4">Casper.wait() can wait for a given amount of time</a>
                    </li>
                    
                    <li>
                        <a href="#2dcff5bf-c054-4f56-8aa0-23f6f016526a">Casper.waitFor() can wait for something to happen</a>
                    </li>
                    
                    <li>
                        <a href="#3afcc3cd-2d84-42ee-b3e2-7067bc8d67ba">Casper.waitForText() can wait for text</a>
                    </li>
                    
                </ul>
            </li>
            </ul>
            </li>
        </ul>
        
            <hr size="2"/>
            <h2>Test Results</h2>
            <div class="testclasses">
            
        <hr size="2"/>
        <a name="7291e203-17d9-4b01-af39-b63fe0647d3d">
        <div class="testclass">
            <div>Test Class: tests/suites/casper/wait</div>
            <div class="testcases">
            
    <a name="f82245c7-fd3d-4636-ac98-a8079db9d8d4">
        <div class="testcase">
            <div class="details">
                <span class="testname"><b>Casper.wait() can wait for a given amount of time</b></span><br/>
                <span class="testclassname">tests/suites/casper/wait</span><br/>
                <span class="duration">Time Taken: 1.505s</span>
            </div>
            None
            
            <hr size="1"/>
            
            <div class="stdout"><i>Stdout</i><br/>
                <pre></pre></div>
            <hr size="1"/>
            <div class="stderr"><i>Stderr</i><br/>
                <pre></pre></div>
        </div>
    </a>
        
    <a name="2dcff5bf-c054-4f56-8aa0-23f6f016526a">
        <div class="testcase">
            <div class="details">
                <span class="testname"><b>Casper.waitFor() can wait for something to happen</b></span><br/>
                <span class="testclassname">tests/suites/casper/wait</span><br/>
                <span class="duration">Time Taken: 2.303s</span>
            </div>
            None
            
            <hr size="1"/>
            
            <div class="stdout"><i>Stdout</i><br/>
                <pre></pre></div>
            <hr size="1"/>
            <div class="stderr"><i>Stderr</i><br/>
                <pre></pre></div>
        </div>
    </a>
        
    <a name="3afcc3cd-2d84-42ee-b3e2-7067bc8d67ba">
        <div class="testcase">
            <div class="details">
                <span class="testname"><b>Casper.waitForText() can wait for text</b></span><br/>
                <span class="testclassname">tests/suites/casper/wait</span><br/>
                <span class="duration">Time Taken: 2.404s</span>
            </div>
            None
            
            <hr size="1"/>
            
            <div class="stdout"><i>Stdout</i><br/>
                <pre></pre></div>
            <hr size="1"/>
            <div class="stderr"><i>Stderr</i><br/>
                <pre></pre></div>
        </div>
    </a>
        
            </div>
        </div>
        </a>
        
            </div>
        </div>
        
        <div class="testsuite">
            <h2>Test Suite: Untitled suite in /Users/niko/Sites/casperjs/tests/suites/casper/xpath.js</h2><a name="725d742d-5172-403f-b346-0fee274f6f4f">
            Package: tests/suites/casper/xpath<br/>
            
            <table>
            <tr><th align="left">Duration</th><td align="right">0.608 sec</td></tr>
            <tr><th align="left">Test Cases</th><td align="right">6</td></tr>
            <tr><th align="left">Failures</th><td align="right">0</td></tr>
            </table>
            <a name="toc"></a>
            <h2>Results Index</h2>
            
        <ul>
            
            
            <li>All Test Classes
            <ul>
            <li>
                <a href="#666f92c7-0e19-438a-9206-b0785b52fb8b">tests/suites/casper/xpath</a>
                <ul>
                
                    <li>
                        <a href="#5c36c639-8eec-4549-9106-56e83845842b">XPath selector can find an element</a>
                    </li>
                    
                    <li>
                        <a href="#c619235e-5d9e-4227-b564-d8959d0b3f36">XPath selector does not retrieve an unexistent element</a>
                    </li>
                    
                    <li>
                        <a href="#06031d4b-fb4f-4328-b247-200cbeb1df50">selectXPath() shortcut can find an element as well</a>
                    </li>
                    
                    <li>
                        <a href="#37a2b339-72f8-4709-a121-0a457f86a10b">Correct number of elements are found</a>
                    </li>
                    
                    <li>
                        <a href="#a7b90672-8c54-487e-b353-e65f3fcca30a">Clicking XPath works as expected</a>
                    </li>
                    
                    <li>
                        <a href="#39af82d4-eef6-411c-9bb3-0df42d02ab2b">Casper.fill() can fill an input[type=text] form field</a>
                    </li>
                    
                </ul>
            </li>
            </ul>
            </li>
        </ul>
        
            <hr size="2"/>
            <h2>Test Results</h2>
            <div class="testclasses">
            
        <hr size="2"/>
        <a name="666f92c7-0e19-438a-9206-b0785b52fb8b">
        <div class="testclass">
            <div>Test Class: tests/suites/casper/xpath</div>
            <div class="testcases">
            
    <a name="5c36c639-8eec-4549-9106-56e83845842b">
        <div class="testcase">
            <div class="details">
                <span class="testname"><b>XPath selector can find an element</b></span><br/>
                <span class="testclassname">tests/suites/casper/xpath</span><br/>
                <span class="duration">Time Taken: 0.406s</span>
            </div>
            None
            
            <hr size="1"/>
            
            <div class="stdout"><i>Stdout</i><br/>
                <pre></pre></div>
            <hr size="1"/>
            <div class="stderr"><i>Stderr</i><br/>
                <pre></pre></div>
        </div>
    </a>
        
    <a name="c619235e-5d9e-4227-b564-d8959d0b3f36">
        <div class="testcase">
            <div class="details">
                <span class="testname"><b>XPath selector does not retrieve an unexistent element</b></span><br/>
                <span class="testclassname">tests/suites/casper/xpath</span><br/>
                <span class="duration">Time Taken: 0.001s</span>
            </div>
            None
            
            <hr size="1"/>
            
            <div class="stdout"><i>Stdout</i><br/>
                <pre></pre></div>
            <hr size="1"/>
            <div class="stderr"><i>Stderr</i><br/>
                <pre></pre></div>
        </div>
    </a>
        
    <a name="06031d4b-fb4f-4328-b247-200cbeb1df50">
        <div class="testcase">
            <div class="details">
                <span class="testname"><b>selectXPath() shortcut can find an element as well</b></span><br/>
                <span class="testclassname">tests/suites/casper/xpath</span><br/>
                <span class="duration">Time Taken: 0.001s</span>
            </div>
            None
            
            <hr size="1"/>
            
            <div class="stdout"><i>Stdout</i><br/>
                <pre></pre></div>
            <hr size="1"/>
            <div class="stderr"><i>Stderr</i><br/>
                <pre></pre></div>
        </div>
    </a>
        
    <a name="37a2b339-72f8-4709-a121-0a457f86a10b">
        <div class="testcase">
            <div class="details">
                <span class="testname"><b>Correct number of elements are found</b></span><br/>
                <span class="testclassname">tests/suites/casper/xpath</span><br/>
                <span class="duration">Time Taken: 0.001s</span>
            </div>
            None
            
            <hr size="1"/>
            
            <div class="stdout"><i>Stdout</i><br/>
                <pre></pre></div>
            <hr size="1"/>
            <div class="stderr"><i>Stderr</i><br/>
                <pre></pre></div>
        </div>
    </a>
        
    <a name="a7b90672-8c54-487e-b353-e65f3fcca30a">
        <div class="testcase">
            <div class="details">
                <span class="testname"><b>Clicking XPath works as expected</b></span><br/>
                <span class="testclassname">tests/suites/casper/xpath</span><br/>
                <span class="duration">Time Taken: 0.196s</span>
            </div>
            None
            
            <hr size="1"/>
            
            <div class="stdout"><i>Stdout</i><br/>
                <pre></pre></div>
            <hr size="1"/>
            <div class="stderr"><i>Stderr</i><br/>
                <pre></pre></div>
        </div>
    </a>
        
    <a name="39af82d4-eef6-411c-9bb3-0df42d02ab2b">
        <div class="testcase">
            <div class="details">
                <span class="testname"><b>Casper.fill() can fill an input[type=text] form field</b></span><br/>
                <span class="testclassname">tests/suites/casper/xpath</span><br/>
                <span class="duration">Time Taken: 0.003s</span>
            </div>
            None
            
            <hr size="1"/>
            
            <div class="stdout"><i>Stdout</i><br/>
                <pre></pre></div>
            <hr size="1"/>
            <div class="stderr"><i>Stderr</i><br/>
                <pre></pre></div>
        </div>
    </a>
        
            </div>
        </div>
        </a>
        
            </div>
        </div>
        
        <div class="testsuite">
            <h2>Test Suite: Untitled suite in /Users/niko/Sites/casperjs/tests/suites/cli.js</h2><a name="643939c8-d2d0-4ad1-a90a-7a45ec21f6b6">
            Package: tests/suites/cli<br/>
            
            <table>
            <tr><th align="left">Duration</th><td align="right">0.209 sec</td></tr>
            <tr><th align="left">Test Cases</th><td align="right">76</td></tr>
            <tr><th align="left">Failures</th><td align="right">0</td></tr>
            </table>
            <a name="toc"></a>
            <h2>Results Index</h2>
            
        <ul>
            
            
            <li>All Test Classes
            <ul>
            <li>
                <a href="#f93c9405-0383-4eb8-ae46-39efbec2422e">tests/suites/cli</a>
                <ul>
                
                    <li>
                        <a href="#bba14708-ee1c-4e52-b814-80d11c77897c">parse() returns expected positional args array</a>
                    </li>
                    
                    <li>
                        <a href="#2fbc5114-b6b0-4f6b-b97b-af220d94e184">parse() returns expected options object</a>
                    </li>
                    
                    <li>
                        <a href="#ccf15062-7364-46c2-9820-0886a2e2f6f1">parse() does not return inexistant positional arg</a>
                    </li>
                    
                    <li>
                        <a href="#c72695a1-37bd-402c-9d06-2cea807faa45">parse() does not return inexistant option</a>
                    </li>
                    
                    <li>
                        <a href="#7e3698d5-43ba-445a-b1a2-0b62f6f39a48">has() checks if an arg is set</a>
                    </li>
                    
                    <li>
                        <a href="#1a0e570f-76c7-4b18-bab5-676dce5e047a">has() checks if an option is set</a>
                    </li>
                    
                    <li>
                        <a href="#f28f6e75-86c9-4d62-8a62-e1532950a500">parse() returns expected positional args array</a>
                    </li>
                    
                    <li>
                        <a href="#622e5d29-b60c-48a6-a694-854622a7b70f">parse() returns expected options object</a>
                    </li>
                    
                    <li>
                        <a href="#c308ddc5-ccdd-45f7-b413-7da9952d9c21">parse() does not return inexistant positional arg</a>
                    </li>
                    
                    <li>
                        <a href="#6a9a2671-db0b-40c3-8acc-91c8c26a7f12">parse() does not return inexistant option</a>
                    </li>
                    
                    <li>
                        <a href="#4a977365-33e6-4775-8e51-5c31c3ba0c90">has() checks if a raw arg is set</a>
                    </li>
                    
                    <li>
                        <a href="#080638c3-9a08-4620-8ca4-b2da44043182">has() checks if a raw option is set</a>
                    </li>
                    
                    <li>
                        <a href="#64dc43cf-398a-40a5-9df4-6455b342464f">parse() returns expected positional args array</a>
                    </li>
                    
                    <li>
                        <a href="#1c656e4f-c9f7-4255-a0c8-5c6bf37ac067">parse() returns expected options object</a>
                    </li>
                    
                    <li>
                        <a href="#2ecea515-af30-43ee-b8fd-80f0442bfe20">parse() retrieve first positional arg</a>
                    </li>
                    
                    <li>
                        <a href="#0e645527-6dab-469f-afc6-45d999fc3466">parse() retrieve second positional arg</a>
                    </li>
                    
                    <li>
                        <a href="#e7860d77-82eb-435d-9915-be05d7d854e8">has() checks if an arg is set</a>
                    </li>
                    
                    <li>
                        <a href="#31e77e21-64c0-433e-8c2f-e554c5087678">has() checks if an arg is set</a>
                    </li>
                    
                    <li>
                        <a href="#1544b94e-557a-488c-9bb5-ad75db8cbf12">has() checks if an arg is not set</a>
                    </li>
                    
                    <li>
                        <a href="#713caaaa-7008-4648-8208-d3d6aa565d89">parse() returns expected positional raw args array</a>
                    </li>
                    
                    <li>
                        <a href="#ed795d5b-4fbb-4cfd-a2a0-c2cb4a790ffc">parse() returns expected raw options object</a>
                    </li>
                    
                    <li>
                        <a href="#ae03bd9c-f42e-4c88-b1ca-6e2c418c91d1">parse() retrieve first positional raw arg</a>
                    </li>
                    
                    <li>
                        <a href="#4b3f36e2-6cdc-418a-a866-42c118a92fa2">parse() retrieve second positional raw arg</a>
                    </li>
                    
                    <li>
                        <a href="#24d4e93a-3b6a-4b64-a313-3c4d09dcf1c1">has() checks if a arw arg is set</a>
                    </li>
                    
                    <li>
                        <a href="#bf80ea17-5d92-4701-80c2-cd2e9bade73e">has() checks if a arw arg is set</a>
                    </li>
                    
                    <li>
                        <a href="#270ff2ce-1827-4285-858d-bb3e231bc6f3">has() checks if a arw arg is not set</a>
                    </li>
                    
                    <li>
                        <a href="#5bcbad95-f3be-42c6-84a5-e585987a1906">parse() returns expected positional args array</a>
                    </li>
                    
                    <li>
                        <a href="#c26ef89a-5108-4c37-bd16-eacc5495d11a">parse() returns expected options object</a>
                    </li>
                    
                    <li>
                        <a href="#d88e8830-e35b-4466-a2b2-9da8767ae677">parse() retrieve an option value</a>
                    </li>
                    
                    <li>
                        <a href="#4a1a4afd-69df-4cc8-b408-e628a3337365">parse() retrieve boolean option flag</a>
                    </li>
                    
                    <li>
                        <a href="#1589280b-ba1c-48ca-b818-1a640f2817a5">has() checks if an option is set</a>
                    </li>
                    
                    <li>
                        <a href="#de958942-6acc-4649-9718-c2fc3e836b80">has() checks if an option is set</a>
                    </li>
                    
                    <li>
                        <a href="#bce9fb00-10e7-4b91-8ad6-86e64e2f5b28">parse() returns expected positional raw args array</a>
                    </li>
                    
                    <li>
                        <a href="#b4ba6105-d4b1-4931-8bac-b83010bd0b9e">parse() returns expected options raw object</a>
                    </li>
                    
                    <li>
                        <a href="#42622c5a-32e0-488b-95cb-918f698b186d">parse() retrieve an option raw value</a>
                    </li>
                    
                    <li>
                        <a href="#856dd2b4-7d30-407b-8732-540e34243eeb">parse() retrieve boolean raw option flag</a>
                    </li>
                    
                    <li>
                        <a href="#07a9aba0-bb3b-49ab-8762-03fc7968efba">has() checks if a raw option is set</a>
                    </li>
                    
                    <li>
                        <a href="#45939fcf-dde6-4191-b3de-7ec4594e3a76">has() checks if a raw option is set</a>
                    </li>
                    
                    <li>
                        <a href="#a02aed07-8095-4f48-8952-f90f0f158d1e">parse() returns expected positional args array</a>
                    </li>
                    
                    <li>
                        <a href="#9ebd3fec-0163-4e8c-9175-4aa12cc8903a">parse() returns expected options object</a>
                    </li>
                    
                    <li>
                        <a href="#976e4fed-1967-48f0-96f6-f5a47f4a30b6">parse() handles options with exotic names</a>
                    </li>
                    
                    <li>
                        <a href="#757ae209-cf58-416e-8c72-56b3246f4b87">has() checks if an option is set</a>
                    </li>
                    
                    <li>
                        <a href="#4d206e71-45b9-4db4-a460-8a4711a71ea9">parse() returns expected positional raw args array</a>
                    </li>
                    
                    <li>
                        <a href="#54949550-9112-474f-9166-ea956a544456">parse() returns expected options raw object</a>
                    </li>
                    
                    <li>
                        <a href="#9e17884b-0d49-4f23-8935-2e5bfaf18d4c">parse() handles raw options with exotic names</a>
                    </li>
                    
                    <li>
                        <a href="#377c5d8d-6271-4904-b033-37419321e41e">has() checks if a raw option is set</a>
                    </li>
                    
                    <li>
                        <a href="#38b3588d-e5d4-4ba6-ac4a-4a0dd8e1be8c">parse() returns expected positional args array</a>
                    </li>
                    
                    <li>
                        <a href="#db818923-2691-4640-9249-7024a694a6dd">parse() returns expected options object</a>
                    </li>
                    
                    <li>
                        <a href="#84b50f20-56c9-4728-8a94-c33e196b780b">parse() can cast a numeric option value</a>
                    </li>
                    
                    <li>
                        <a href="#17d3f50a-4742-48a8-93d7-69159b351219">parse() can cast a float option value</a>
                    </li>
                    
                    <li>
                        <a href="#4de74b5a-71ef-4b95-ac1a-b49eea15a1ef">parse() can cast a boolean value</a>
                    </li>
                    
                    <li>
                        <a href="#26257975-2b2b-42f2-8aac-4afc487b23ed">parse() can get a flag value by its option name</a>
                    </li>
                    
                    <li>
                        <a href="#63555b62-20fc-4491-b6a0-c61df1964f2f">parse() can cast a boolean value</a>
                    </li>
                    
                    <li>
                        <a href="#bd0c9e77-9e0b-4629-801e-4dda091cd247">parse() can cast a boolean value</a>
                    </li>
                    
                    <li>
                        <a href="#7fedeaed-3a8d-44ef-93b9-942d0e0389bd">has() checks if an arg is set</a>
                    </li>
                    
                    <li>
                        <a href="#a8151da1-e29c-4240-b473-4fc06dd07b2f">has() checks if an arg is set</a>
                    </li>
                    
                    <li>
                        <a href="#19f0bda9-70c1-4258-80dc-77e8bc9b50b1">has() checks if an option is set</a>
                    </li>
                    
                    <li>
                        <a href="#4fbda975-aece-4368-a3cf-ac9e3c096ded">has() checks if an option is set</a>
                    </li>
                    
                    <li>
                        <a href="#01bf1d43-0ade-4772-a879-f8e36bb702f9">has() checks if an option is set</a>
                    </li>
                    
                    <li>
                        <a href="#dc116910-f1c1-4c67-92d1-7b9744ee2fa0">has() checks if an option is set</a>
                    </li>
                    
                    <li>
                        <a href="#534a318f-6d46-4de6-9a44-43958829bb9e">drop() dropped arg</a>
                    </li>
                    
                    <li>
                        <a href="#ebcc1392-779e-4bd9-a154-098e21d4fbf7">drop() dropped option</a>
                    </li>
                    
                    <li>
                        <a href="#634ae417-5fe4-43d4-acd9-5917eb69dd95">drop() did not affect other args</a>
                    </li>
                    
                    <li>
                        <a href="#3929cc49-fba6-4ff2-9868-5050db40e8c6">drop() did not affect other options</a>
                    </li>
                    
                    <li>
                        <a href="#fab80827-fef4-4870-a363-55e599cddbf5">parse() returns expected positional raw args array</a>
                    </li>
                    
                    <li>
                        <a href="#3018ddd1-fae5-42b3-beec-77f5cc097a74">parse() returns expected options raw object</a>
                    </li>
                    
                    <li>
                        <a href="#6ec99bac-da70-46b4-9973-1f61b46ce787">parse() does not a raw numeric option value</a>
                    </li>
                    
                    <li>
                        <a href="#de88ef79-5fca-46cd-997f-432559686cc2">parse() does not cast a raw float option value</a>
                    </li>
                    
                    <li>
                        <a href="#dd18be9d-92de-47ae-b098-7cc09d358e64">parse() does not cast a numeric value</a>
                    </li>
                    
                    <li>
                        <a href="#dd09efc8-cc56-4b6d-9499-878c8a79882e">parse() can get a flag value by its option name</a>
                    </li>
                    
                    <li>
                        <a href="#8ca925bb-8aad-4768-a8f4-4e0666960dd4">parse() can cast a boolean value</a>
                    </li>
                    
                    <li>
                        <a href="#36e697b1-6b9d-4521-917d-713f6f9153b1">parse() can cast a boolean value</a>
                    </li>
                    
                    <li>
                        <a href="#b45391f9-354f-4a35-87cc-5c072f294591">drop() dropped raw arg</a>
                    </li>
                    
                    <li>
                        <a href="#1d5c105d-bc1e-4e64-a15b-8edd8c1b32f1">drop() dropped raw option</a>
                    </li>
                    
                    <li>
                        <a href="#936bdac8-9225-4787-8203-3bd9780c24bd">drop() did not affect other raw args</a>
                    </li>
                    
                    <li>
                        <a href="#036f9cad-45df-434b-a418-8fbf8cc6e9ad">drop() did not affect other raw options</a>
                    </li>
                    
                </ul>
            </li>
            </ul>
            </li>
        </ul>
        
            <hr size="2"/>
            <h2>Test Results</h2>
            <div class="testclasses">
            
        <hr size="2"/>
        <a name="f93c9405-0383-4eb8-ae46-39efbec2422e">
        <div class="testclass">
            <div>Test Class: tests/suites/cli</div>
            <div class="testcases">
            
    <a name="bba14708-ee1c-4e52-b814-80d11c77897c">
        <div class="testcase">
            <div class="details">
                <span class="testname"><b>parse() returns expected positional args array</b></span><br/>
                <span class="testclassname">tests/suites/cli</span><br/>
                <span class="duration">Time Taken: 0.194s</span>
            </div>
            None
            
            <hr size="1"/>
            
            <div class="stdout"><i>Stdout</i><br/>
                <pre></pre></div>
            <hr size="1"/>
            <div class="stderr"><i>Stderr</i><br/>
                <pre></pre></div>
        </div>
    </a>
        
    <a name="2fbc5114-b6b0-4f6b-b97b-af220d94e184">
        <div class="testcase">
            <div class="details">
                <span class="testname"><b>parse() returns expected options object</b></span><br/>
                <span class="testclassname">tests/suites/cli</span><br/>
                <span class="duration">Time Taken: 0.0s</span>
            </div>
            None
            
            <hr size="1"/>
            
            <div class="stdout"><i>Stdout</i><br/>
                <pre></pre></div>
            <hr size="1"/>
            <div class="stderr"><i>Stderr</i><br/>
                <pre></pre></div>
        </div>
    </a>
        
    <a name="ccf15062-7364-46c2-9820-0886a2e2f6f1">
        <div class="testcase">
            <div class="details">
                <span class="testname"><b>parse() does not return inexistant positional arg</b></span><br/>
                <span class="testclassname">tests/suites/cli</span><br/>
                <span class="duration">Time Taken: 0.001s</span>
            </div>
            None
            
            <hr size="1"/>
            
            <div class="stdout"><i>Stdout</i><br/>
                <pre></pre></div>
            <hr size="1"/>
            <div class="stderr"><i>Stderr</i><br/>
                <pre></pre></div>
        </div>
    </a>
        
    <a name="c72695a1-37bd-402c-9d06-2cea807faa45">
        <div class="testcase">
            <div class="details">
                <span class="testname"><b>parse() does not return inexistant option</b></span><br/>
                <span class="testclassname">tests/suites/cli</span><br/>
                <span class="duration">Time Taken: 0.0s</span>
            </div>
            None
            
            <hr size="1"/>
            
            <div class="stdout"><i>Stdout</i><br/>
                <pre></pre></div>
            <hr size="1"/>
            <div class="stderr"><i>Stderr</i><br/>
                <pre></pre></div>
        </div>
    </a>
        
    <a name="7e3698d5-43ba-445a-b1a2-0b62f6f39a48">
        <div class="testcase">
            <div class="details">
                <span class="testname"><b>has() checks if an arg is set</b></span><br/>
                <span class="testclassname">tests/suites/cli</span><br/>
                <span class="duration">Time Taken: 0.0s</span>
            </div>
            None
            
            <hr size="1"/>
            
            <div class="stdout"><i>Stdout</i><br/>
                <pre></pre></div>
            <hr size="1"/>
            <div class="stderr"><i>Stderr</i><br/>
                <pre></pre></div>
        </div>
    </a>
        
    <a name="1a0e570f-76c7-4b18-bab5-676dce5e047a">
        <div class="testcase">
            <div class="details">
                <span class="testname"><b>has() checks if an option is set</b></span><br/>
                <span class="testclassname">tests/suites/cli</span><br/>
                <span class="duration">Time Taken: 0.0s</span>
            </div>
            None
            
            <hr size="1"/>
            
            <div class="stdout"><i>Stdout</i><br/>
                <pre></pre></div>
            <hr size="1"/>
            <div class="stderr"><i>Stderr</i><br/>
                <pre></pre></div>
        </div>
    </a>
        
    <a name="f28f6e75-86c9-4d62-8a62-e1532950a500">
        <div class="testcase">
            <div class="details">
                <span class="testname"><b>parse() returns expected positional args array</b></span><br/>
                <span class="testclassname">tests/suites/cli</span><br/>
                <span class="duration">Time Taken: 0.0s</span>
            </div>
            None
            
            <hr size="1"/>
            
            <div class="stdout"><i>Stdout</i><br/>
                <pre></pre></div>
            <hr size="1"/>
            <div class="stderr"><i>Stderr</i><br/>
                <pre></pre></div>
        </div>
    </a>
        
    <a name="622e5d29-b60c-48a6-a694-854622a7b70f">
        <div class="testcase">
            <div class="details">
                <span class="testname"><b>parse() returns expected options object</b></span><br/>
                <span class="testclassname">tests/suites/cli</span><br/>
                <span class="duration">Time Taken: 0.001s</span>
            </div>
            None
            
            <hr size="1"/>
            
            <div class="stdout"><i>Stdout</i><br/>
                <pre></pre></div>
            <hr size="1"/>
            <div class="stderr"><i>Stderr</i><br/>
                <pre></pre></div>
        </div>
    </a>
        
    <a name="c308ddc5-ccdd-45f7-b413-7da9952d9c21">
        <div class="testcase">
            <div class="details">
                <span class="testname"><b>parse() does not return inexistant positional arg</b></span><br/>
                <span class="testclassname">tests/suites/cli</span><br/>
                <span class="duration">Time Taken: 0.0s</span>
            </div>
            None
            
            <hr size="1"/>
            
            <div class="stdout"><i>Stdout</i><br/>
                <pre></pre></div>
            <hr size="1"/>
            <div class="stderr"><i>Stderr</i><br/>
                <pre></pre></div>
        </div>
    </a>
        
    <a name="6a9a2671-db0b-40c3-8acc-91c8c26a7f12">
        <div class="testcase">
            <div class="details">
                <span class="testname"><b>parse() does not return inexistant option</b></span><br/>
                <span class="testclassname">tests/suites/cli</span><br/>
                <span class="duration">Time Taken: 0.0s</span>
            </div>
            None
            
            <hr size="1"/>
            
            <div class="stdout"><i>Stdout</i><br/>
                <pre></pre></div>
            <hr size="1"/>
            <div class="stderr"><i>Stderr</i><br/>
                <pre></pre></div>
        </div>
    </a>
        
    <a name="4a977365-33e6-4775-8e51-5c31c3ba0c90">
        <div class="testcase">
            <div class="details">
                <span class="testname"><b>has() checks if a raw arg is set</b></span><br/>
                <span class="testclassname">tests/suites/cli</span><br/>
                <span class="duration">Time Taken: 0.0s</span>
            </div>
            None
            
            <hr size="1"/>
            
            <div class="stdout"><i>Stdout</i><br/>
                <pre></pre></div>
            <hr size="1"/>
            <div class="stderr"><i>Stderr</i><br/>
                <pre></pre></div>
        </div>
    </a>
        
    <a name="080638c3-9a08-4620-8ca4-b2da44043182">
        <div class="testcase">
            <div class="details">
                <span class="testname"><b>has() checks if a raw option is set</b></span><br/>
                <span class="testclassname">tests/suites/cli</span><br/>
                <span class="duration">Time Taken: 0.0s</span>
            </div>
            None
            
            <hr size="1"/>
            
            <div class="stdout"><i>Stdout</i><br/>
                <pre></pre></div>
            <hr size="1"/>
            <div class="stderr"><i>Stderr</i><br/>
                <pre></pre></div>
        </div>
    </a>
        
    <a name="64dc43cf-398a-40a5-9df4-6455b342464f">
        <div class="testcase">
            <div class="details">
                <span class="testname"><b>parse() returns expected positional args array</b></span><br/>
                <span class="testclassname">tests/suites/cli</span><br/>
                <span class="duration">Time Taken: 0.001s</span>
            </div>
            None
            
            <hr size="1"/>
            
            <div class="stdout"><i>Stdout</i><br/>
                <pre></pre></div>
            <hr size="1"/>
            <div class="stderr"><i>Stderr</i><br/>
                <pre></pre></div>
        </div>
    </a>
        
    <a name="1c656e4f-c9f7-4255-a0c8-5c6bf37ac067">
        <div class="testcase">
            <div class="details">
                <span class="testname"><b>parse() returns expected options object</b></span><br/>
                <span class="testclassname">tests/suites/cli</span><br/>
                <span class="duration">Time Taken: 0.0s</span>
            </div>
            None
            
            <hr size="1"/>
            
            <div class="stdout"><i>Stdout</i><br/>
                <pre></pre></div>
            <hr size="1"/>
            <div class="stderr"><i>Stderr</i><br/>
                <pre></pre></div>
        </div>
    </a>
        
    <a name="2ecea515-af30-43ee-b8fd-80f0442bfe20">
        <div class="testcase">
            <div class="details">
                <span class="testname"><b>parse() retrieve first positional arg</b></span><br/>
                <span class="testclassname">tests/suites/cli</span><br/>
                <span class="duration">Time Taken: 0.0s</span>
            </div>
            None
            
            <hr size="1"/>
            
            <div class="stdout"><i>Stdout</i><br/>
                <pre></pre></div>
            <hr size="1"/>
            <div class="stderr"><i>Stderr</i><br/>
                <pre></pre></div>
        </div>
    </a>
        
    <a name="0e645527-6dab-469f-afc6-45d999fc3466">
        <div class="testcase">
            <div class="details">
                <span class="testname"><b>parse() retrieve second positional arg</b></span><br/>
                <span class="testclassname">tests/suites/cli</span><br/>
                <span class="duration">Time Taken: 0.0s</span>
            </div>
            None
            
            <hr size="1"/>
            
            <div class="stdout"><i>Stdout</i><br/>
                <pre></pre></div>
            <hr size="1"/>
            <div class="stderr"><i>Stderr</i><br/>
                <pre></pre></div>
        </div>
    </a>
        
    <a name="e7860d77-82eb-435d-9915-be05d7d854e8">
        <div class="testcase">
            <div class="details">
                <span class="testname"><b>has() checks if an arg is set</b></span><br/>
                <span class="testclassname">tests/suites/cli</span><br/>
                <span class="duration">Time Taken: 0.0s</span>
            </div>
            None
            
            <hr size="1"/>
            
            <div class="stdout"><i>Stdout</i><br/>
                <pre></pre></div>
            <hr size="1"/>
            <div class="stderr"><i>Stderr</i><br/>
                <pre></pre></div>
        </div>
    </a>
        
    <a name="31e77e21-64c0-433e-8c2f-e554c5087678">
        <div class="testcase">
            <div class="details">
                <span class="testname"><b>has() checks if an arg is set</b></span><br/>
                <span class="testclassname">tests/suites/cli</span><br/>
                <span class="duration">Time Taken: 0.0s</span>
            </div>
            None
            
            <hr size="1"/>
            
            <div class="stdout"><i>Stdout</i><br/>
                <pre></pre></div>
            <hr size="1"/>
            <div class="stderr"><i>Stderr</i><br/>
                <pre></pre></div>
        </div>
    </a>
        
    <a name="1544b94e-557a-488c-9bb5-ad75db8cbf12">
        <div class="testcase">
            <div class="details">
                <span class="testname"><b>has() checks if an arg is not set</b></span><br/>
                <span class="testclassname">tests/suites/cli</span><br/>
                <span class="duration">Time Taken: 0.001s</span>
            </div>
            None
            
            <hr size="1"/>
            
            <div class="stdout"><i>Stdout</i><br/>
                <pre></pre></div>
            <hr size="1"/>
            <div class="stderr"><i>Stderr</i><br/>
                <pre></pre></div>
        </div>
    </a>
        
    <a name="713caaaa-7008-4648-8208-d3d6aa565d89">
        <div class="testcase">
            <div class="details">
                <span class="testname"><b>parse() returns expected positional raw args array</b></span><br/>
                <span class="testclassname">tests/suites/cli</span><br/>
                <span class="duration">Time Taken: 0.0s</span>
            </div>
            None
            
            <hr size="1"/>
            
            <div class="stdout"><i>Stdout</i><br/>
                <pre></pre></div>
            <hr size="1"/>
            <div class="stderr"><i>Stderr</i><br/>
                <pre></pre></div>
        </div>
    </a>
        
    <a name="ed795d5b-4fbb-4cfd-a2a0-c2cb4a790ffc">
        <div class="testcase">
            <div class="details">
                <span class="testname"><b>parse() returns expected raw options object</b></span><br/>
                <span class="testclassname">tests/suites/cli</span><br/>
                <span class="duration">Time Taken: 0.0s</span>
            </div>
            None
            
            <hr size="1"/>
            
            <div class="stdout"><i>Stdout</i><br/>
                <pre></pre></div>
            <hr size="1"/>
            <div class="stderr"><i>Stderr</i><br/>
                <pre></pre></div>
        </div>
    </a>
        
    <a name="ae03bd9c-f42e-4c88-b1ca-6e2c418c91d1">
        <div class="testcase">
            <div class="details">
                <span class="testname"><b>parse() retrieve first positional raw arg</b></span><br/>
                <span class="testclassname">tests/suites/cli</span><br/>
                <span class="duration">Time Taken: 0.0s</span>
            </div>
            None
            
            <hr size="1"/>
            
            <div class="stdout"><i>Stdout</i><br/>
                <pre></pre></div>
            <hr size="1"/>
            <div class="stderr"><i>Stderr</i><br/>
                <pre></pre></div>
        </div>
    </a>
        
    <a name="4b3f36e2-6cdc-418a-a866-42c118a92fa2">
        <div class="testcase">
            <div class="details">
                <span class="testname"><b>parse() retrieve second positional raw arg</b></span><br/>
                <span class="testclassname">tests/suites/cli</span><br/>
                <span class="duration">Time Taken: 0.0s</span>
            </div>
            None
            
            <hr size="1"/>
            
            <div class="stdout"><i>Stdout</i><br/>
                <pre></pre></div>
            <hr size="1"/>
            <div class="stderr"><i>Stderr</i><br/>
                <pre></pre></div>
        </div>
    </a>
        
    <a name="24d4e93a-3b6a-4b64-a313-3c4d09dcf1c1">
        <div class="testcase">
            <div class="details">
                <span class="testname"><b>has() checks if a arw arg is set</b></span><br/>
                <span class="testclassname">tests/suites/cli</span><br/>
                <span class="duration">Time Taken: 0.0s</span>
            </div>
            None
            
            <hr size="1"/>
            
            <div class="stdout"><i>Stdout</i><br/>
                <pre></pre></div>
            <hr size="1"/>
            <div class="stderr"><i>Stderr</i><br/>
                <pre></pre></div>
        </div>
    </a>
        
    <a name="bf80ea17-5d92-4701-80c2-cd2e9bade73e">
        <div class="testcase">
            <div class="details">
                <span class="testname"><b>has() checks if a arw arg is set</b></span><br/>
                <span class="testclassname">tests/suites/cli</span><br/>
                <span class="duration">Time Taken: 0.001s</span>
            </div>
            None
            
            <hr size="1"/>
            
            <div class="stdout"><i>Stdout</i><br/>
                <pre></pre></div>
            <hr size="1"/>
            <div class="stderr"><i>Stderr</i><br/>
                <pre></pre></div>
        </div>
    </a>
        
    <a name="270ff2ce-1827-4285-858d-bb3e231bc6f3">
        <div class="testcase">
            <div class="details">
                <span class="testname"><b>has() checks if a arw arg is not set</b></span><br/>
                <span class="testclassname">tests/suites/cli</span><br/>
                <span class="duration">Time Taken: 0.0s</span>
            </div>
            None
            
            <hr size="1"/>
            
            <div class="stdout"><i>Stdout</i><br/>
                <pre></pre></div>
            <hr size="1"/>
            <div class="stderr"><i>Stderr</i><br/>
                <pre></pre></div>
        </div>
    </a>
        
    <a name="5bcbad95-f3be-42c6-84a5-e585987a1906">
        <div class="testcase">
            <div class="details">
                <span class="testname"><b>parse() returns expected positional args array</b></span><br/>
                <span class="testclassname">tests/suites/cli</span><br/>
                <span class="duration">Time Taken: 0.0s</span>
            </div>
            None
            
            <hr size="1"/>
            
            <div class="stdout"><i>Stdout</i><br/>
                <pre></pre></div>
            <hr size="1"/>
            <div class="stderr"><i>Stderr</i><br/>
                <pre></pre></div>
        </div>
    </a>
        
    <a name="c26ef89a-5108-4c37-bd16-eacc5495d11a">
        <div class="testcase">
            <div class="details">
                <span class="testname"><b>parse() returns expected options object</b></span><br/>
                <span class="testclassname">tests/suites/cli</span><br/>
                <span class="duration">Time Taken: 0.0s</span>
            </div>
            None
            
            <hr size="1"/>
            
            <div class="stdout"><i>Stdout</i><br/>
                <pre></pre></div>
            <hr size="1"/>
            <div class="stderr"><i>Stderr</i><br/>
                <pre></pre></div>
        </div>
    </a>
        
    <a name="d88e8830-e35b-4466-a2b2-9da8767ae677">
        <div class="testcase">
            <div class="details">
                <span class="testname"><b>parse() retrieve an option value</b></span><br/>
                <span class="testclassname">tests/suites/cli</span><br/>
                <span class="duration">Time Taken: 0.0s</span>
            </div>
            None
            
            <hr size="1"/>
            
            <div class="stdout"><i>Stdout</i><br/>
                <pre></pre></div>
            <hr size="1"/>
            <div class="stderr"><i>Stderr</i><br/>
                <pre></pre></div>
        </div>
    </a>
        
    <a name="4a1a4afd-69df-4cc8-b408-e628a3337365">
        <div class="testcase">
            <div class="details">
                <span class="testname"><b>parse() retrieve boolean option flag</b></span><br/>
                <span class="testclassname">tests/suites/cli</span><br/>
                <span class="duration">Time Taken: 0.0s</span>
            </div>
            None
            
            <hr size="1"/>
            
            <div class="stdout"><i>Stdout</i><br/>
                <pre></pre></div>
            <hr size="1"/>
            <div class="stderr"><i>Stderr</i><br/>
                <pre></pre></div>
        </div>
    </a>
        
    <a name="1589280b-ba1c-48ca-b818-1a640f2817a5">
        <div class="testcase">
            <div class="details">
                <span class="testname"><b>has() checks if an option is set</b></span><br/>
                <span class="testclassname">tests/suites/cli</span><br/>
                <span class="duration">Time Taken: 0.001s</span>
            </div>
            None
            
            <hr size="1"/>
            
            <div class="stdout"><i>Stdout</i><br/>
                <pre></pre></div>
            <hr size="1"/>
            <div class="stderr"><i>Stderr</i><br/>
                <pre></pre></div>
        </div>
    </a>
        
    <a name="de958942-6acc-4649-9718-c2fc3e836b80">
        <div class="testcase">
            <div class="details">
                <span class="testname"><b>has() checks if an option is set</b></span><br/>
                <span class="testclassname">tests/suites/cli</span><br/>
                <span class="duration">Time Taken: 0.0s</span>
            </div>
            None
            
            <hr size="1"/>
            
            <div class="stdout"><i>Stdout</i><br/>
                <pre></pre></div>
            <hr size="1"/>
            <div class="stderr"><i>Stderr</i><br/>
                <pre></pre></div>
        </div>
    </a>
        
    <a name="bce9fb00-10e7-4b91-8ad6-86e64e2f5b28">
        <div class="testcase">
            <div class="details">
                <span class="testname"><b>parse() returns expected positional raw args array</b></span><br/>
                <span class="testclassname">tests/suites/cli</span><br/>
                <span class="duration">Time Taken: 0.0s</span>
            </div>
            None
            
            <hr size="1"/>
            
            <div class="stdout"><i>Stdout</i><br/>
                <pre></pre></div>
            <hr size="1"/>
            <div class="stderr"><i>Stderr</i><br/>
                <pre></pre></div>
        </div>
    </a>
        
    <a name="b4ba6105-d4b1-4931-8bac-b83010bd0b9e">
        <div class="testcase">
            <div class="details">
                <span class="testname"><b>parse() returns expected options raw object</b></span><br/>
                <span class="testclassname">tests/suites/cli</span><br/>
                <span class="duration">Time Taken: 0.0s</span>
            </div>
            None
            
            <hr size="1"/>
            
            <div class="stdout"><i>Stdout</i><br/>
                <pre></pre></div>
            <hr size="1"/>
            <div class="stderr"><i>Stderr</i><br/>
                <pre></pre></div>
        </div>
    </a>
        
    <a name="42622c5a-32e0-488b-95cb-918f698b186d">
        <div class="testcase">
            <div class="details">
                <span class="testname"><b>parse() retrieve an option raw value</b></span><br/>
                <span class="testclassname">tests/suites/cli</span><br/>
                <span class="duration">Time Taken: 0.0s</span>
            </div>
            None
            
            <hr size="1"/>
            
            <div class="stdout"><i>Stdout</i><br/>
                <pre></pre></div>
            <hr size="1"/>
            <div class="stderr"><i>Stderr</i><br/>
                <pre></pre></div>
        </div>
    </a>
        
    <a name="856dd2b4-7d30-407b-8732-540e34243eeb">
        <div class="testcase">
            <div class="details">
                <span class="testname"><b>parse() retrieve boolean raw option flag</b></span><br/>
                <span class="testclassname">tests/suites/cli</span><br/>
                <span class="duration">Time Taken: 0.0s</span>
            </div>
            None
            
            <hr size="1"/>
            
            <div class="stdout"><i>Stdout</i><br/>
                <pre></pre></div>
            <hr size="1"/>
            <div class="stderr"><i>Stderr</i><br/>
                <pre></pre></div>
        </div>
    </a>
        
    <a name="07a9aba0-bb3b-49ab-8762-03fc7968efba">
        <div class="testcase">
            <div class="details">
                <span class="testname"><b>has() checks if a raw option is set</b></span><br/>
                <span class="testclassname">tests/suites/cli</span><br/>
                <span class="duration">Time Taken: 0.001s</span>
            </div>
            None
            
            <hr size="1"/>
            
            <div class="stdout"><i>Stdout</i><br/>
                <pre></pre></div>
            <hr size="1"/>
            <div class="stderr"><i>Stderr</i><br/>
                <pre></pre></div>
        </div>
    </a>
        
    <a name="45939fcf-dde6-4191-b3de-7ec4594e3a76">
        <div class="testcase">
            <div class="details">
                <span class="testname"><b>has() checks if a raw option is set</b></span><br/>
                <span class="testclassname">tests/suites/cli</span><br/>
                <span class="duration">Time Taken: 0.0s</span>
            </div>
            None
            
            <hr size="1"/>
            
            <div class="stdout"><i>Stdout</i><br/>
                <pre></pre></div>
            <hr size="1"/>
            <div class="stderr"><i>Stderr</i><br/>
                <pre></pre></div>
        </div>
    </a>
        
    <a name="a02aed07-8095-4f48-8952-f90f0f158d1e">
        <div class="testcase">
            <div class="details">
                <span class="testname"><b>parse() returns expected positional args array</b></span><br/>
                <span class="testclassname">tests/suites/cli</span><br/>
                <span class="duration">Time Taken: 0.0s</span>
            </div>
            None
            
            <hr size="1"/>
            
            <div class="stdout"><i>Stdout</i><br/>
                <pre></pre></div>
            <hr size="1"/>
            <div class="stderr"><i>Stderr</i><br/>
                <pre></pre></div>
        </div>
    </a>
        
    <a name="9ebd3fec-0163-4e8c-9175-4aa12cc8903a">
        <div class="testcase">
            <div class="details">
                <span class="testname"><b>parse() returns expected options object</b></span><br/>
                <span class="testclassname">tests/suites/cli</span><br/>
                <span class="duration">Time Taken: 0.0s</span>
            </div>
            None
            
            <hr size="1"/>
            
            <div class="stdout"><i>Stdout</i><br/>
                <pre></pre></div>
            <hr size="1"/>
            <div class="stderr"><i>Stderr</i><br/>
                <pre></pre></div>
        </div>
    </a>
        
    <a name="976e4fed-1967-48f0-96f6-f5a47f4a30b6">
        <div class="testcase">
            <div class="details">
                <span class="testname"><b>parse() handles options with exotic names</b></span><br/>
                <span class="testclassname">tests/suites/cli</span><br/>
                <span class="duration">Time Taken: 0.0s</span>
            </div>
            None
            
            <hr size="1"/>
            
            <div class="stdout"><i>Stdout</i><br/>
                <pre></pre></div>
            <hr size="1"/>
            <div class="stderr"><i>Stderr</i><br/>
                <pre></pre></div>
        </div>
    </a>
        
    <a name="757ae209-cf58-416e-8c72-56b3246f4b87">
        <div class="testcase">
            <div class="details">
                <span class="testname"><b>has() checks if an option is set</b></span><br/>
                <span class="testclassname">tests/suites/cli</span><br/>
                <span class="duration">Time Taken: 0.0s</span>
            </div>
            None
            
            <hr size="1"/>
            
            <div class="stdout"><i>Stdout</i><br/>
                <pre></pre></div>
            <hr size="1"/>
            <div class="stderr"><i>Stderr</i><br/>
                <pre></pre></div>
        </div>
    </a>
        
    <a name="4d206e71-45b9-4db4-a460-8a4711a71ea9">
        <div class="testcase">
            <div class="details">
                <span class="testname"><b>parse() returns expected positional raw args array</b></span><br/>
                <span class="testclassname">tests/suites/cli</span><br/>
                <span class="duration">Time Taken: 0.001s</span>
            </div>
            None
            
            <hr size="1"/>
            
            <div class="stdout"><i>Stdout</i><br/>
                <pre></pre></div>
            <hr size="1"/>
            <div class="stderr"><i>Stderr</i><br/>
                <pre></pre></div>
        </div>
    </a>
        
    <a name="54949550-9112-474f-9166-ea956a544456">
        <div class="testcase">
            <div class="details">
                <span class="testname"><b>parse() returns expected options raw object</b></span><br/>
                <span class="testclassname">tests/suites/cli</span><br/>
                <span class="duration">Time Taken: 0.0s</span>
            </div>
            None
            
            <hr size="1"/>
            
            <div class="stdout"><i>Stdout</i><br/>
                <pre></pre></div>
            <hr size="1"/>
            <div class="stderr"><i>Stderr</i><br/>
                <pre></pre></div>
        </div>
    </a>
        
    <a name="9e17884b-0d49-4f23-8935-2e5bfaf18d4c">
        <div class="testcase">
            <div class="details">
                <span class="testname"><b>parse() handles raw options with exotic names</b></span><br/>
                <span class="testclassname">tests/suites/cli</span><br/>
                <span class="duration">Time Taken: 0.0s</span>
            </div>
            None
            
            <hr size="1"/>
            
            <div class="stdout"><i>Stdout</i><br/>
                <pre></pre></div>
            <hr size="1"/>
            <div class="stderr"><i>Stderr</i><br/>
                <pre></pre></div>
        </div>
    </a>
        
    <a name="377c5d8d-6271-4904-b033-37419321e41e">
        <div class="testcase">
            <div class="details">
                <span class="testname"><b>has() checks if a raw option is set</b></span><br/>
                <span class="testclassname">tests/suites/cli</span><br/>
                <span class="duration">Time Taken: 0.0s</span>
            </div>
            None
            
            <hr size="1"/>
            
            <div class="stdout"><i>Stdout</i><br/>
                <pre></pre></div>
            <hr size="1"/>
            <div class="stderr"><i>Stderr</i><br/>
                <pre></pre></div>
        </div>
    </a>
        
    <a name="38b3588d-e5d4-4ba6-ac4a-4a0dd8e1be8c">
        <div class="testcase">
            <div class="details">
                <span class="testname"><b>parse() returns expected positional args array</b></span><br/>
                <span class="testclassname">tests/suites/cli</span><br/>
                <span class="duration">Time Taken: 0.001s</span>
            </div>
            None
            
            <hr size="1"/>
            
            <div class="stdout"><i>Stdout</i><br/>
                <pre></pre></div>
            <hr size="1"/>
            <div class="stderr"><i>Stderr</i><br/>
                <pre></pre></div>
        </div>
    </a>
        
    <a name="db818923-2691-4640-9249-7024a694a6dd">
        <div class="testcase">
            <div class="details">
                <span class="testname"><b>parse() returns expected options object</b></span><br/>
                <span class="testclassname">tests/suites/cli</span><br/>
                <span class="duration">Time Taken: 0.0s</span>
            </div>
            None
            
            <hr size="1"/>
            
            <div class="stdout"><i>Stdout</i><br/>
                <pre></pre></div>
            <hr size="1"/>
            <div class="stderr"><i>Stderr</i><br/>
                <pre></pre></div>
        </div>
    </a>
        
    <a name="84b50f20-56c9-4728-8a94-c33e196b780b">
        <div class="testcase">
            <div class="details">
                <span class="testname"><b>parse() can cast a numeric option value</b></span><br/>
                <span class="testclassname">tests/suites/cli</span><br/>
                <span class="duration">Time Taken: 0.0s</span>
            </div>
            None
            
            <hr size="1"/>
            
            <div class="stdout"><i>Stdout</i><br/>
                <pre></pre></div>
            <hr size="1"/>
            <div class="stderr"><i>Stderr</i><br/>
                <pre></pre></div>
        </div>
    </a>
        
    <a name="17d3f50a-4742-48a8-93d7-69159b351219">
        <div class="testcase">
            <div class="details">
                <span class="testname"><b>parse() can cast a float option value</b></span><br/>
                <span class="testclassname">tests/suites/cli</span><br/>
                <span class="duration">Time Taken: 0.0s</span>
            </div>
            None
            
            <hr size="1"/>
            
            <div class="stdout"><i>Stdout</i><br/>
                <pre></pre></div>
            <hr size="1"/>
            <div class="stderr"><i>Stderr</i><br/>
                <pre></pre></div>
        </div>
    </a>
        
    <a name="4de74b5a-71ef-4b95-ac1a-b49eea15a1ef">
        <div class="testcase">
            <div class="details">
                <span class="testname"><b>parse() can cast a boolean value</b></span><br/>
                <span class="testclassname">tests/suites/cli</span><br/>
                <span class="duration">Time Taken: 0.0s</span>
            </div>
            None
            
            <hr size="1"/>
            
            <div class="stdout"><i>Stdout</i><br/>
                <pre></pre></div>
            <hr size="1"/>
            <div class="stderr"><i>Stderr</i><br/>
                <pre></pre></div>
        </div>
    </a>
        
    <a name="26257975-2b2b-42f2-8aac-4afc487b23ed">
        <div class="testcase">
            <div class="details">
                <span class="testname"><b>parse() can get a flag value by its option name</b></span><br/>
                <span class="testclassname">tests/suites/cli</span><br/>
                <span class="duration">Time Taken: 0.001s</span>
            </div>
            None
            
            <hr size="1"/>
            
            <div class="stdout"><i>Stdout</i><br/>
                <pre></pre></div>
            <hr size="1"/>
            <div class="stderr"><i>Stderr</i><br/>
                <pre></pre></div>
        </div>
    </a>
        
    <a name="63555b62-20fc-4491-b6a0-c61df1964f2f">
        <div class="testcase">
            <div class="details">
                <span class="testname"><b>parse() can cast a boolean value</b></span><br/>
                <span class="testclassname">tests/suites/cli</span><br/>
                <span class="duration">Time Taken: 0.0s</span>
            </div>
            None
            
            <hr size="1"/>
            
            <div class="stdout"><i>Stdout</i><br/>
                <pre></pre></div>
            <hr size="1"/>
            <div class="stderr"><i>Stderr</i><br/>
                <pre></pre></div>
        </div>
    </a>
        
    <a name="bd0c9e77-9e0b-4629-801e-4dda091cd247">
        <div class="testcase">
            <div class="details">
                <span class="testname"><b>parse() can cast a boolean value</b></span><br/>
                <span class="testclassname">tests/suites/cli</span><br/>
                <span class="duration">Time Taken: 0.0s</span>
            </div>
            None
            
            <hr size="1"/>
            
            <div class="stdout"><i>Stdout</i><br/>
                <pre></pre></div>
            <hr size="1"/>
            <div class="stderr"><i>Stderr</i><br/>
                <pre></pre></div>
        </div>
    </a>
        
    <a name="7fedeaed-3a8d-44ef-93b9-942d0e0389bd">
        <div class="testcase">
            <div class="details">
                <span class="testname"><b>has() checks if an arg is set</b></span><br/>
                <span class="testclassname">tests/suites/cli</span><br/>
                <span class="duration">Time Taken: 0.0s</span>
            </div>
            None
            
            <hr size="1"/>
            
            <div class="stdout"><i>Stdout</i><br/>
                <pre></pre></div>
            <hr size="1"/>
            <div class="stderr"><i>Stderr</i><br/>
                <pre></pre></div>
        </div>
    </a>
        
    <a name="a8151da1-e29c-4240-b473-4fc06dd07b2f">
        <div class="testcase">
            <div class="details">
                <span class="testname"><b>has() checks if an arg is set</b></span><br/>
                <span class="testclassname">tests/suites/cli</span><br/>
                <span class="duration">Time Taken: 0.0s</span>
            </div>
            None
            
            <hr size="1"/>
            
            <div class="stdout"><i>Stdout</i><br/>
                <pre></pre></div>
            <hr size="1"/>
            <div class="stderr"><i>Stderr</i><br/>
                <pre></pre></div>
        </div>
    </a>
        
    <a name="19f0bda9-70c1-4258-80dc-77e8bc9b50b1">
        <div class="testcase">
            <div class="details">
                <span class="testname"><b>has() checks if an option is set</b></span><br/>
                <span class="testclassname">tests/suites/cli</span><br/>
                <span class="duration">Time Taken: 0.0s</span>
            </div>
            None
            
            <hr size="1"/>
            
            <div class="stdout"><i>Stdout</i><br/>
                <pre></pre></div>
            <hr size="1"/>
            <div class="stderr"><i>Stderr</i><br/>
                <pre></pre></div>
        </div>
    </a>
        
    <a name="4fbda975-aece-4368-a3cf-ac9e3c096ded">
        <div class="testcase">
            <div class="details">
                <span class="testname"><b>has() checks if an option is set</b></span><br/>
                <span class="testclassname">tests/suites/cli</span><br/>
                <span class="duration">Time Taken: 0.001s</span>
            </div>
            None
            
            <hr size="1"/>
            
            <div class="stdout"><i>Stdout</i><br/>
                <pre></pre></div>
            <hr size="1"/>
            <div class="stderr"><i>Stderr</i><br/>
                <pre></pre></div>
        </div>
    </a>
        
    <a name="01bf1d43-0ade-4772-a879-f8e36bb702f9">
        <div class="testcase">
            <div class="details">
                <span class="testname"><b>has() checks if an option is set</b></span><br/>
                <span class="testclassname">tests/suites/cli</span><br/>
                <span class="duration">Time Taken: 0.0s</span>
            </div>
            None
            
            <hr size="1"/>
            
            <div class="stdout"><i>Stdout</i><br/>
                <pre></pre></div>
            <hr size="1"/>
            <div class="stderr"><i>Stderr</i><br/>
                <pre></pre></div>
        </div>
    </a>
        
    <a name="dc116910-f1c1-4c67-92d1-7b9744ee2fa0">
        <div class="testcase">
            <div class="details">
                <span class="testname"><b>has() checks if an option is set</b></span><br/>
                <span class="testclassname">tests/suites/cli</span><br/>
                <span class="duration">Time Taken: 0.0s</span>
            </div>
            None
            
            <hr size="1"/>
            
            <div class="stdout"><i>Stdout</i><br/>
                <pre></pre></div>
            <hr size="1"/>
            <div class="stderr"><i>Stderr</i><br/>
                <pre></pre></div>
        </div>
    </a>
        
    <a name="534a318f-6d46-4de6-9a44-43958829bb9e">
        <div class="testcase">
            <div class="details">
                <span class="testname"><b>drop() dropped arg</b></span><br/>
                <span class="testclassname">tests/suites/cli</span><br/>
                <span class="duration">Time Taken: 0.0s</span>
            </div>
            None
            
            <hr size="1"/>
            
            <div class="stdout"><i>Stdout</i><br/>
                <pre></pre></div>
            <hr size="1"/>
            <div class="stderr"><i>Stderr</i><br/>
                <pre></pre></div>
        </div>
    </a>
        
    <a name="ebcc1392-779e-4bd9-a154-098e21d4fbf7">
        <div class="testcase">
            <div class="details">
                <span class="testname"><b>drop() dropped option</b></span><br/>
                <span class="testclassname">tests/suites/cli</span><br/>
                <span class="duration">Time Taken: 0.0s</span>
            </div>
            None
            
            <hr size="1"/>
            
            <div class="stdout"><i>Stdout</i><br/>
                <pre></pre></div>
            <hr size="1"/>
            <div class="stderr"><i>Stderr</i><br/>
                <pre></pre></div>
        </div>
    </a>
        
    <a name="634ae417-5fe4-43d4-acd9-5917eb69dd95">
        <div class="testcase">
            <div class="details">
                <span class="testname"><b>drop() did not affect other args</b></span><br/>
                <span class="testclassname">tests/suites/cli</span><br/>
                <span class="duration">Time Taken: 0.001s</span>
            </div>
            None
            
            <hr size="1"/>
            
            <div class="stdout"><i>Stdout</i><br/>
                <pre></pre></div>
            <hr size="1"/>
            <div class="stderr"><i>Stderr</i><br/>
                <pre></pre></div>
        </div>
    </a>
        
    <a name="3929cc49-fba6-4ff2-9868-5050db40e8c6">
        <div class="testcase">
            <div class="details">
                <span class="testname"><b>drop() did not affect other options</b></span><br/>
                <span class="testclassname">tests/suites/cli</span><br/>
                <span class="duration">Time Taken: 0.0s</span>
            </div>
            None
            
            <hr size="1"/>
            
            <div class="stdout"><i>Stdout</i><br/>
                <pre></pre></div>
            <hr size="1"/>
            <div class="stderr"><i>Stderr</i><br/>
                <pre></pre></div>
        </div>
    </a>
        
    <a name="fab80827-fef4-4870-a363-55e599cddbf5">
        <div class="testcase">
            <div class="details">
                <span class="testname"><b>parse() returns expected positional raw args array</b></span><br/>
                <span class="testclassname">tests/suites/cli</span><br/>
                <span class="duration">Time Taken: 0.0s</span>
            </div>
            None
            
            <hr size="1"/>
            
            <div class="stdout"><i>Stdout</i><br/>
                <pre></pre></div>
            <hr size="1"/>
            <div class="stderr"><i>Stderr</i><br/>
                <pre></pre></div>
        </div>
    </a>
        
    <a name="3018ddd1-fae5-42b3-beec-77f5cc097a74">
        <div class="testcase">
            <div class="details">
                <span class="testname"><b>parse() returns expected options raw object</b></span><br/>
                <span class="testclassname">tests/suites/cli</span><br/>
                <span class="duration">Time Taken: 0.0s</span>
            </div>
            None
            
            <hr size="1"/>
            
            <div class="stdout"><i>Stdout</i><br/>
                <pre></pre></div>
            <hr size="1"/>
            <div class="stderr"><i>Stderr</i><br/>
                <pre></pre></div>
        </div>
    </a>
        
    <a name="6ec99bac-da70-46b4-9973-1f61b46ce787">
        <div class="testcase">
            <div class="details">
                <span class="testname"><b>parse() does not a raw numeric option value</b></span><br/>
                <span class="testclassname">tests/suites/cli</span><br/>
                <span class="duration">Time Taken: 0.001s</span>
            </div>
            None
            
            <hr size="1"/>
            
            <div class="stdout"><i>Stdout</i><br/>
                <pre></pre></div>
            <hr size="1"/>
            <div class="stderr"><i>Stderr</i><br/>
                <pre></pre></div>
        </div>
    </a>
        
    <a name="de88ef79-5fca-46cd-997f-432559686cc2">
        <div class="testcase">
            <div class="details">
                <span class="testname"><b>parse() does not cast a raw float option value</b></span><br/>
                <span class="testclassname">tests/suites/cli</span><br/>
                <span class="duration">Time Taken: 0.0s</span>
            </div>
            None
            
            <hr size="1"/>
            
            <div class="stdout"><i>Stdout</i><br/>
                <pre></pre></div>
            <hr size="1"/>
            <div class="stderr"><i>Stderr</i><br/>
                <pre></pre></div>
        </div>
    </a>
        
    <a name="dd18be9d-92de-47ae-b098-7cc09d358e64">
        <div class="testcase">
            <div class="details">
                <span class="testname"><b>parse() does not cast a numeric value</b></span><br/>
                <span class="testclassname">tests/suites/cli</span><br/>
                <span class="duration">Time Taken: 0.0s</span>
            </div>
            None
            
            <hr size="1"/>
            
            <div class="stdout"><i>Stdout</i><br/>
                <pre></pre></div>
            <hr size="1"/>
            <div class="stderr"><i>Stderr</i><br/>
                <pre></pre></div>
        </div>
    </a>
        
    <a name="dd09efc8-cc56-4b6d-9499-878c8a79882e">
        <div class="testcase">
            <div class="details">
                <span class="testname"><b>parse() can get a flag value by its option name</b></span><br/>
                <span class="testclassname">tests/suites/cli</span><br/>
                <span class="duration">Time Taken: 0.0s</span>
            </div>
            None
            
            <hr size="1"/>
            
            <div class="stdout"><i>Stdout</i><br/>
                <pre></pre></div>
            <hr size="1"/>
            <div class="stderr"><i>Stderr</i><br/>
                <pre></pre></div>
        </div>
    </a>
        
    <a name="8ca925bb-8aad-4768-a8f4-4e0666960dd4">
        <div class="testcase">
            <div class="details">
                <span class="testname"><b>parse() can cast a boolean value</b></span><br/>
                <span class="testclassname">tests/suites/cli</span><br/>
                <span class="duration">Time Taken: 0.001s</span>
            </div>
            None
            
            <hr size="1"/>
            
            <div class="stdout"><i>Stdout</i><br/>
                <pre></pre></div>
            <hr size="1"/>
            <div class="stderr"><i>Stderr</i><br/>
                <pre></pre></div>
        </div>
    </a>
        
    <a name="36e697b1-6b9d-4521-917d-713f6f9153b1">
        <div class="testcase">
            <div class="details">
                <span class="testname"><b>parse() can cast a boolean value</b></span><br/>
                <span class="testclassname">tests/suites/cli</span><br/>
                <span class="duration">Time Taken: 0.0s</span>
            </div>
            None
            
            <hr size="1"/>
            
            <div class="stdout"><i>Stdout</i><br/>
                <pre></pre></div>
            <hr size="1"/>
            <div class="stderr"><i>Stderr</i><br/>
                <pre></pre></div>
        </div>
    </a>
        
    <a name="b45391f9-354f-4a35-87cc-5c072f294591">
        <div class="testcase">
            <div class="details">
                <span class="testname"><b>drop() dropped raw arg</b></span><br/>
                <span class="testclassname">tests/suites/cli</span><br/>
                <span class="duration">Time Taken: 0.0s</span>
            </div>
            None
            
            <hr size="1"/>
            
            <div class="stdout"><i>Stdout</i><br/>
                <pre></pre></div>
            <hr size="1"/>
            <div class="stderr"><i>Stderr</i><br/>
                <pre></pre></div>
        </div>
    </a>
        
    <a name="1d5c105d-bc1e-4e64-a15b-8edd8c1b32f1">
        <div class="testcase">
            <div class="details">
                <span class="testname"><b>drop() dropped raw option</b></span><br/>
                <span class="testclassname">tests/suites/cli</span><br/>
                <span class="duration">Time Taken: 0.0s</span>
            </div>
            None
            
            <hr size="1"/>
            
            <div class="stdout"><i>Stdout</i><br/>
                <pre></pre></div>
            <hr size="1"/>
            <div class="stderr"><i>Stderr</i><br/>
                <pre></pre></div>
        </div>
    </a>
        
    <a name="936bdac8-9225-4787-8203-3bd9780c24bd">
        <div class="testcase">
            <div class="details">
                <span class="testname"><b>drop() did not affect other raw args</b></span><br/>
                <span class="testclassname">tests/suites/cli</span><br/>
                <span class="duration">Time Taken: 0.0s</span>
            </div>
            None
            
            <hr size="1"/>
            
            <div class="stdout"><i>Stdout</i><br/>
                <pre></pre></div>
            <hr size="1"/>
            <div class="stderr"><i>Stderr</i><br/>
                <pre></pre></div>
        </div>
    </a>
        
    <a name="036f9cad-45df-434b-a418-8fbf8cc6e9ad">
        <div class="testcase">
            <div class="details">
                <span class="testname"><b>drop() did not affect other raw options</b></span><br/>
                <span class="testclassname">tests/suites/cli</span><br/>
                <span class="duration">Time Taken: 0.001s</span>
            </div>
            None
            
            <hr size="1"/>
            
            <div class="stdout"><i>Stdout</i><br/>
                <pre></pre></div>
            <hr size="1"/>
            <div class="stderr"><i>Stderr</i><br/>
                <pre></pre></div>
        </div>
    </a>
        
            </div>
        </div>
        </a>
        
            </div>
        </div>
        
        <div class="testsuite">
            <h2>Test Suite: Untitled suite in /Users/niko/Sites/casperjs/tests/suites/clientutils.js</h2><a name="d4c3083a-c496-4ba9-8883-90017d12840c">
            Package: tests/suites/clientutils<br/>
            
            <table>
            <tr><th align="left">Duration</th><td align="right">0.211 sec</td></tr>
            <tr><th align="left">Test Cases</th><td align="right">40</td></tr>
            <tr><th align="left">Failures</th><td align="right">0</td></tr>
            </table>
            <a name="toc"></a>
            <h2>Results Index</h2>
            
        <ul>
            
            
            <li>All Test Classes
            <ul>
            <li>
                <a href="#530fbe33-acf2-41c1-a8fa-c3ab53257740">tests/suites/clientutils</a>
                <ul>
                
                    <li>
                        <a href="#15263d38-a330-4dad-9e82-1c8df753a8e7">ClientUtils.encode() encodes and decodes an empty string</a>
                    </li>
                    
                    <li>
                        <a href="#ccfdff17-b819-4185-bea3-1bdb22847c92">ClientUtils.encode() encodes and decodes a word</a>
                    </li>
                    
                    <li>
                        <a href="#a6209927-5d3d-4bb2-a8e0-2be479043998">ClientUtils.encode() encodes and decodes a null char</a>
                    </li>
                    
                    <li>
                        <a href="#b3aacd6e-4bb0-4921-9d15-3fb91876d045">ClientUtils.encode() encodes and decodes an utf8 string</a>
                    </li>
                    
                    <li>
                        <a href="#7e2e66c8-25ae-4649-a227-9751cc3931b6">ClientUtils.encode() encodes and decodes song lyrics</a>
                    </li>
                    
                    <li>
                        <a href="#11fe58a4-76f1-4b32-a927-39326e834089">ClientUtils.encode() encodes and decodes a file contents</a>
                    </li>
                    
                    <li>
                        <a href="#57e579ab-541a-491e-96a4-15609854d6cc">ClientUtils.exists() checks that an element exist</a>
                    </li>
                    
                    <li>
                        <a href="#4608b879-3858-460d-a34d-6981738c090e">ClientUtils.exists() checks that an element exist</a>
                    </li>
                    
                    <li>
                        <a href="#8349c4ae-0083-46cd-b57d-131388709ce8">ClientUtils.exists() checks that an element exist</a>
                    </li>
                    
                    <li>
                        <a href="#e07acc11-74d5-4ec1-b4cf-6c77a693ebe2">ClientUtils.exists() checks that an element exist using XPath</a>
                    </li>
                    
                    <li>
                        <a href="#b0f08ace-156c-47d8-8bc5-d0c31ce02f53">ClientUtils.exists() checks that an element exist using XPath</a>
                    </li>
                    
                    <li>
                        <a href="#b75d317e-cb9a-4c25-9370-9fdb78d50fc4">ClientUtils.findAll() can find matching DOM elements</a>
                    </li>
                    
                    <li>
                        <a href="#64ac3cea-3e5c-4771-9991-b32108101ea2">ClientUtils.findAll() can find matching DOM elements</a>
                    </li>
                    
                    <li>
                        <a href="#c427597d-47c8-4ab0-b2ff-cc111c509ae5">ClientUtils.findAll() can find matching DOM elements</a>
                    </li>
                    
                    <li>
                        <a href="#dfe6426f-93f3-4081-874e-f520643c90ec">ClientUtils.findAll() can find matching DOM elements</a>
                    </li>
                    
                    <li>
                        <a href="#54852323-0677-48b4-966c-fdccfd5cce71">ClientUtils.findAll() can find matching DOM elements within a given scope</a>
                    </li>
                    
                    <li>
                        <a href="#fc77d1a7-078f-4b69-87ea-d03d943fc7ac">ClientUtils.findAll() can find matching DOM elements within a given scope</a>
                    </li>
                    
                    <li>
                        <a href="#9b2ff48c-b035-4e57-9b51-4e138806d27e">ClientUtils.findAll() can find matching DOM elements using XPath within a given scope</a>
                    </li>
                    
                    <li>
                        <a href="#cf0c6f0e-abcf-411d-abfe-441c72ddaee9">ClientUtils.findOne() can find a matching DOM element</a>
                    </li>
                    
                    <li>
                        <a href="#571cc50d-4332-4a69-9092-3796c0f8d201">ClientUtils.findOne() can find a matching DOM element</a>
                    </li>
                    
                    <li>
                        <a href="#d2443d30-c9b2-43b3-b136-0da4c985b693">ClientUtils.findOne() can find a matching DOM element within a given scope</a>
                    </li>
                    
                    <li>
                        <a href="#88bc985d-389d-4be1-9281-301974731e5a">ClientUtils.findOne() can find a matching DOM element using XPath within a given scope</a>
                    </li>
                    
                    <li>
                        <a href="#f695813a-bfb8-426d-b44b-c05097fa76bb">ClientUtils.processSelector() can process a CSS3 selector</a>
                    </li>
                    
                    <li>
                        <a href="#27cfcc3b-d10e-44de-b5d0-f82527122e26">ClientUtils.processSelector() can process a CSS3 selector</a>
                    </li>
                    
                    <li>
                        <a href="#a3e65d6b-e780-4e32-96ab-cae6606d6653">ClientUtils.processSelector() can process a CSS3 selector</a>
                    </li>
                    
                    <li>
                        <a href="#e482f7a9-742b-4b86-afec-4863070677e5">ClientUtils.processSelector() can process a XPath selector</a>
                    </li>
                    
                    <li>
                        <a href="#82b7ae3f-7caa-4a5b-b036-96d08f50082e">ClientUtils.processSelector() can process a XPath selector</a>
                    </li>
                    
                    <li>
                        <a href="#5da4d1d1-317d-4898-bef0-8800decae98d">ClientUtils.processSelector() can process a XPath selector</a>
                    </li>
                    
                    <li>
                        <a href="#e2c36636-4369-4841-8e71-af45a4a39f14">ClientUtils.getElementInfo() retrieves element name</a>
                    </li>
                    
                    <li>
                        <a href="#142e3f8e-fb4c-4308-bd06-0372955e765e">ClientUtils.getElementInfo() retrieves element attributes</a>
                    </li>
                    
                    <li>
                        <a href="#5bf44072-818f-4a13-a0b2-e60af7574d0b">ClientUtils.getElementInfo() retrieves element html content</a>
                    </li>
                    
                    <li>
                        <a href="#c886ac34-8661-44e1-9501-055a7fc3464c">ClientUtils.getElementInfo() retrieves element text</a>
                    </li>
                    
                    <li>
                        <a href="#95c73c6d-c739-4ed1-800e-6d8147ae116a">ClientUtils.getElementInfo() retrieves element x pos</a>
                    </li>
                    
                    <li>
                        <a href="#44f21f96-b9a4-4759-8783-f4460db83eba">ClientUtils.getElementInfo() retrieves element y pos</a>
                    </li>
                    
                    <li>
                        <a href="#9313e01c-a961-4320-b1df-d0431456eab8">ClientUtils.getElementInfo() retrieves element width</a>
                    </li>
                    
                    <li>
                        <a href="#af705d10-56a3-42ea-b271-d2df189c629b">ClientUtils.getElementInfo() retrieves element height</a>
                    </li>
                    
                    <li>
                        <a href="#b8d46f1e-b377-41c7-b902-1ff355fe06b7">ClientUtils.getElementInfo() retrieves element visibility</a>
                    </li>
                    
                    <li>
                        <a href="#d2e611d6-3ecc-4b3b-a56a-cc54117bad1c">ClientUtils.getElementInfo() retrieves element whole tag contents</a>
                    </li>
                    
                    <li>
                        <a href="#c066fff8-9828-41b4-a5e7-1293efb4ad93">ClientUtils.getElementsBounds() retrieves multiple elements boundaries</a>
                    </li>
                    
                    <li>
                        <a href="#12627a5b-6110-4466-8ae2-970d102d1f8e">ClientUtils.getElementsBounds() retrieves multiple elements boundaries</a>
                    </li>
                    
                </ul>
            </li>
            </ul>
            </li>
        </ul>
        
            <hr size="2"/>
            <h2>Test Results</h2>
            <div class="testclasses">
            
        <hr size="2"/>
        <a name="530fbe33-acf2-41c1-a8fa-c3ab53257740">
        <div class="testclass">
            <div>Test Class: tests/suites/clientutils</div>
            <div class="testcases">
            
    <a name="15263d38-a330-4dad-9e82-1c8df753a8e7">
        <div class="testcase">
            <div class="details">
                <span class="testname"><b>ClientUtils.encode() encodes and decodes an empty string</b></span><br/>
                <span class="testclassname">tests/suites/clientutils</span><br/>
                <span class="duration">Time Taken: 0.086s</span>
            </div>
            None
            
            <hr size="1"/>
            
            <div class="stdout"><i>Stdout</i><br/>
                <pre></pre></div>
            <hr size="1"/>
            <div class="stderr"><i>Stderr</i><br/>
                <pre></pre></div>
        </div>
    </a>
        
    <a name="ccfdff17-b819-4185-bea3-1bdb22847c92">
        <div class="testcase">
            <div class="details">
                <span class="testname"><b>ClientUtils.encode() encodes and decodes a word</b></span><br/>
                <span class="testclassname">tests/suites/clientutils</span><br/>
                <span class="duration">Time Taken: 0.0s</span>
            </div>
            None
            
            <hr size="1"/>
            
            <div class="stdout"><i>Stdout</i><br/>
                <pre></pre></div>
            <hr size="1"/>
            <div class="stderr"><i>Stderr</i><br/>
                <pre></pre></div>
        </div>
    </a>
        
    <a name="a6209927-5d3d-4bb2-a8e0-2be479043998">
        <div class="testcase">
            <div class="details">
                <span class="testname"><b>ClientUtils.encode() encodes and decodes a null char</b></span><br/>
                <span class="testclassname">tests/suites/clientutils</span><br/>
                <span class="duration">Time Taken: 0.001s</span>
            </div>
            None
            
            <hr size="1"/>
            
            <div class="stdout"><i>Stdout</i><br/>
                <pre></pre></div>
            <hr size="1"/>
            <div class="stderr"><i>Stderr</i><br/>
                <pre></pre></div>
        </div>
    </a>
        
    <a name="b3aacd6e-4bb0-4921-9d15-3fb91876d045">
        <div class="testcase">
            <div class="details">
                <span class="testname"><b>ClientUtils.encode() encodes and decodes an utf8 string</b></span><br/>
                <span class="testclassname">tests/suites/clientutils</span><br/>
                <span class="duration">Time Taken: 0.0s</span>
            </div>
            None
            
            <hr size="1"/>
            
            <div class="stdout"><i>Stdout</i><br/>
                <pre></pre></div>
            <hr size="1"/>
            <div class="stderr"><i>Stderr</i><br/>
                <pre></pre></div>
        </div>
    </a>
        
    <a name="7e2e66c8-25ae-4649-a227-9751cc3931b6">
        <div class="testcase">
            <div class="details">
                <span class="testname"><b>ClientUtils.encode() encodes and decodes song lyrics</b></span><br/>
                <span class="testclassname">tests/suites/clientutils</span><br/>
                <span class="duration">Time Taken: 0.0s</span>
            </div>
            None
            
            <hr size="1"/>
            
            <div class="stdout"><i>Stdout</i><br/>
                <pre></pre></div>
            <hr size="1"/>
            <div class="stderr"><i>Stderr</i><br/>
                <pre></pre></div>
        </div>
    </a>
        
    <a name="11fe58a4-76f1-4b32-a927-39326e834089">
        <div class="testcase">
            <div class="details">
                <span class="testname"><b>ClientUtils.encode() encodes and decodes a file contents</b></span><br/>
                <span class="testclassname">tests/suites/clientutils</span><br/>
                <span class="duration">Time Taken: 0.0s</span>
            </div>
            None
            
            <hr size="1"/>
            
            <div class="stdout"><i>Stdout</i><br/>
                <pre></pre></div>
            <hr size="1"/>
            <div class="stderr"><i>Stderr</i><br/>
                <pre></pre></div>
        </div>
    </a>
        
    <a name="57e579ab-541a-491e-96a4-15609854d6cc">
        <div class="testcase">
            <div class="details">
                <span class="testname"><b>ClientUtils.exists() checks that an element exist</b></span><br/>
                <span class="testclassname">tests/suites/clientutils</span><br/>
                <span class="duration">Time Taken: 0.002s</span>
            </div>
            None
            
            <hr size="1"/>
            
            <div class="stdout"><i>Stdout</i><br/>
                <pre></pre></div>
            <hr size="1"/>
            <div class="stderr"><i>Stderr</i><br/>
                <pre></pre></div>
        </div>
    </a>
        
    <a name="4608b879-3858-460d-a34d-6981738c090e">
        <div class="testcase">
            <div class="details">
                <span class="testname"><b>ClientUtils.exists() checks that an element exist</b></span><br/>
                <span class="testclassname">tests/suites/clientutils</span><br/>
                <span class="duration">Time Taken: 0.0s</span>
            </div>
            None
            
            <hr size="1"/>
            
            <div class="stdout"><i>Stdout</i><br/>
                <pre></pre></div>
            <hr size="1"/>
            <div class="stderr"><i>Stderr</i><br/>
                <pre></pre></div>
        </div>
    </a>
        
    <a name="8349c4ae-0083-46cd-b57d-131388709ce8">
        <div class="testcase">
            <div class="details">
                <span class="testname"><b>ClientUtils.exists() checks that an element exist</b></span><br/>
                <span class="testclassname">tests/suites/clientutils</span><br/>
                <span class="duration">Time Taken: 0.0s</span>
            </div>
            None
            
            <hr size="1"/>
            
            <div class="stdout"><i>Stdout</i><br/>
                <pre></pre></div>
            <hr size="1"/>
            <div class="stderr"><i>Stderr</i><br/>
                <pre></pre></div>
        </div>
    </a>
        
    <a name="e07acc11-74d5-4ec1-b4cf-6c77a693ebe2">
        <div class="testcase">
            <div class="details">
                <span class="testname"><b>ClientUtils.exists() checks that an element exist using XPath</b></span><br/>
                <span class="testclassname">tests/suites/clientutils</span><br/>
                <span class="duration">Time Taken: 0.0s</span>
            </div>
            None
            
            <hr size="1"/>
            
            <div class="stdout"><i>Stdout</i><br/>
                <pre></pre></div>
            <hr size="1"/>
            <div class="stderr"><i>Stderr</i><br/>
                <pre></pre></div>
        </div>
    </a>
        
    <a name="b0f08ace-156c-47d8-8bc5-d0c31ce02f53">
        <div class="testcase">
            <div class="details">
                <span class="testname"><b>ClientUtils.exists() checks that an element exist using XPath</b></span><br/>
                <span class="testclassname">tests/suites/clientutils</span><br/>
                <span class="duration">Time Taken: 0.001s</span>
            </div>
            None
            
            <hr size="1"/>
            
            <div class="stdout"><i>Stdout</i><br/>
                <pre></pre></div>
            <hr size="1"/>
            <div class="stderr"><i>Stderr</i><br/>
                <pre></pre></div>
        </div>
    </a>
        
    <a name="b75d317e-cb9a-4c25-9370-9fdb78d50fc4">
        <div class="testcase">
            <div class="details">
                <span class="testname"><b>ClientUtils.findAll() can find matching DOM elements</b></span><br/>
                <span class="testclassname">tests/suites/clientutils</span><br/>
                <span class="duration">Time Taken: 0.001s</span>
            </div>
            None
            
            <hr size="1"/>
            
            <div class="stdout"><i>Stdout</i><br/>
                <pre></pre></div>
            <hr size="1"/>
            <div class="stderr"><i>Stderr</i><br/>
                <pre></pre></div>
        </div>
    </a>
        
    <a name="64ac3cea-3e5c-4771-9991-b32108101ea2">
        <div class="testcase">
            <div class="details">
                <span class="testname"><b>ClientUtils.findAll() can find matching DOM elements</b></span><br/>
                <span class="testclassname">tests/suites/clientutils</span><br/>
                <span class="duration">Time Taken: 0.0s</span>
            </div>
            None
            
            <hr size="1"/>
            
            <div class="stdout"><i>Stdout</i><br/>
                <pre></pre></div>
            <hr size="1"/>
            <div class="stderr"><i>Stderr</i><br/>
                <pre></pre></div>
        </div>
    </a>
        
    <a name="c427597d-47c8-4ab0-b2ff-cc111c509ae5">
        <div class="testcase">
            <div class="details">
                <span class="testname"><b>ClientUtils.findAll() can find matching DOM elements</b></span><br/>
                <span class="testclassname">tests/suites/clientutils</span><br/>
                <span class="duration">Time Taken: 0.0s</span>
            </div>
            None
            
            <hr size="1"/>
            
            <div class="stdout"><i>Stdout</i><br/>
                <pre></pre></div>
            <hr size="1"/>
            <div class="stderr"><i>Stderr</i><br/>
                <pre></pre></div>
        </div>
    </a>
        
    <a name="dfe6426f-93f3-4081-874e-f520643c90ec">
        <div class="testcase">
            <div class="details">
                <span class="testname"><b>ClientUtils.findAll() can find matching DOM elements</b></span><br/>
                <span class="testclassname">tests/suites/clientutils</span><br/>
                <span class="duration">Time Taken: 0.0s</span>
            </div>
            None
            
            <hr size="1"/>
            
            <div class="stdout"><i>Stdout</i><br/>
                <pre></pre></div>
            <hr size="1"/>
            <div class="stderr"><i>Stderr</i><br/>
                <pre></pre></div>
        </div>
    </a>
        
    <a name="54852323-0677-48b4-966c-fdccfd5cce71">
        <div class="testcase">
            <div class="details">
                <span class="testname"><b>ClientUtils.findAll() can find matching DOM elements within a given scope</b></span><br/>
                <span class="testclassname">tests/suites/clientutils</span><br/>
                <span class="duration">Time Taken: 0.0s</span>
            </div>
            None
            
            <hr size="1"/>
            
            <div class="stdout"><i>Stdout</i><br/>
                <pre></pre></div>
            <hr size="1"/>
            <div class="stderr"><i>Stderr</i><br/>
                <pre></pre></div>
        </div>
    </a>
        
    <a name="fc77d1a7-078f-4b69-87ea-d03d943fc7ac">
        <div class="testcase">
            <div class="details">
                <span class="testname"><b>ClientUtils.findAll() can find matching DOM elements within a given scope</b></span><br/>
                <span class="testclassname">tests/suites/clientutils</span><br/>
                <span class="duration">Time Taken: 0.001s</span>
            </div>
            None
            
            <hr size="1"/>
            
            <div class="stdout"><i>Stdout</i><br/>
                <pre></pre></div>
            <hr size="1"/>
            <div class="stderr"><i>Stderr</i><br/>
                <pre></pre></div>
        </div>
    </a>
        
    <a name="9b2ff48c-b035-4e57-9b51-4e138806d27e">
        <div class="testcase">
            <div class="details">
                <span class="testname"><b>ClientUtils.findAll() can find matching DOM elements using XPath within a given scope</b></span><br/>
                <span class="testclassname">tests/suites/clientutils</span><br/>
                <span class="duration">Time Taken: 0.0s</span>
            </div>
            None
            
            <hr size="1"/>
            
            <div class="stdout"><i>Stdout</i><br/>
                <pre></pre></div>
            <hr size="1"/>
            <div class="stderr"><i>Stderr</i><br/>
                <pre></pre></div>
        </div>
    </a>
        
    <a name="cf0c6f0e-abcf-411d-abfe-441c72ddaee9">
        <div class="testcase">
            <div class="details">
                <span class="testname"><b>ClientUtils.findOne() can find a matching DOM element</b></span><br/>
                <span class="testclassname">tests/suites/clientutils</span><br/>
                <span class="duration">Time Taken: 0.001s</span>
            </div>
            None
            
            <hr size="1"/>
            
            <div class="stdout"><i>Stdout</i><br/>
                <pre></pre></div>
            <hr size="1"/>
            <div class="stderr"><i>Stderr</i><br/>
                <pre></pre></div>
        </div>
    </a>
        
    <a name="571cc50d-4332-4a69-9092-3796c0f8d201">
        <div class="testcase">
            <div class="details">
                <span class="testname"><b>ClientUtils.findOne() can find a matching DOM element</b></span><br/>
                <span class="testclassname">tests/suites/clientutils</span><br/>
                <span class="duration">Time Taken: 0.0s</span>
            </div>
            None
            
            <hr size="1"/>
            
            <div class="stdout"><i>Stdout</i><br/>
                <pre></pre></div>
            <hr size="1"/>
            <div class="stderr"><i>Stderr</i><br/>
                <pre></pre></div>
        </div>
    </a>
        
    <a name="d2443d30-c9b2-43b3-b136-0da4c985b693">
        <div class="testcase">
            <div class="details">
                <span class="testname"><b>ClientUtils.findOne() can find a matching DOM element within a given scope</b></span><br/>
                <span class="testclassname">tests/suites/clientutils</span><br/>
                <span class="duration">Time Taken: 0.0s</span>
            </div>
            None
            
            <hr size="1"/>
            
            <div class="stdout"><i>Stdout</i><br/>
                <pre></pre></div>
            <hr size="1"/>
            <div class="stderr"><i>Stderr</i><br/>
                <pre></pre></div>
        </div>
    </a>
        
    <a name="88bc985d-389d-4be1-9281-301974731e5a">
        <div class="testcase">
            <div class="details">
                <span class="testname"><b>ClientUtils.findOne() can find a matching DOM element using XPath within a given scope</b></span><br/>
                <span class="testclassname">tests/suites/clientutils</span><br/>
                <span class="duration">Time Taken: 0.001s</span>
            </div>
            None
            
            <hr size="1"/>
            
            <div class="stdout"><i>Stdout</i><br/>
                <pre></pre></div>
            <hr size="1"/>
            <div class="stderr"><i>Stderr</i><br/>
                <pre></pre></div>
        </div>
    </a>
        
    <a name="f695813a-bfb8-426d-b44b-c05097fa76bb">
        <div class="testcase">
            <div class="details">
                <span class="testname"><b>ClientUtils.processSelector() can process a CSS3 selector</b></span><br/>
                <span class="testclassname">tests/suites/clientutils</span><br/>
                <span class="duration">Time Taken: 0.001s</span>
            </div>
            None
            
            <hr size="1"/>
            
            <div class="stdout"><i>Stdout</i><br/>
                <pre></pre></div>
            <hr size="1"/>
            <div class="stderr"><i>Stderr</i><br/>
                <pre></pre></div>
        </div>
    </a>
        
    <a name="27cfcc3b-d10e-44de-b5d0-f82527122e26">
        <div class="testcase">
            <div class="details">
                <span class="testname"><b>ClientUtils.processSelector() can process a CSS3 selector</b></span><br/>
                <span class="testclassname">tests/suites/clientutils</span><br/>
                <span class="duration">Time Taken: 0.0s</span>
            </div>
            None
            
            <hr size="1"/>
            
            <div class="stdout"><i>Stdout</i><br/>
                <pre></pre></div>
            <hr size="1"/>
            <div class="stderr"><i>Stderr</i><br/>
                <pre></pre></div>
        </div>
    </a>
        
    <a name="a3e65d6b-e780-4e32-96ab-cae6606d6653">
        <div class="testcase">
            <div class="details">
                <span class="testname"><b>ClientUtils.processSelector() can process a CSS3 selector</b></span><br/>
                <span class="testclassname">tests/suites/clientutils</span><br/>
                <span class="duration">Time Taken: 0.0s</span>
            </div>
            None
            
            <hr size="1"/>
            
            <div class="stdout"><i>Stdout</i><br/>
                <pre></pre></div>
            <hr size="1"/>
            <div class="stderr"><i>Stderr</i><br/>
                <pre></pre></div>
        </div>
    </a>
        
    <a name="e482f7a9-742b-4b86-afec-4863070677e5">
        <div class="testcase">
            <div class="details">
                <span class="testname"><b>ClientUtils.processSelector() can process a XPath selector</b></span><br/>
                <span class="testclassname">tests/suites/clientutils</span><br/>
                <span class="duration">Time Taken: 0.0s</span>
            </div>
            None
            
            <hr size="1"/>
            
            <div class="stdout"><i>Stdout</i><br/>
                <pre></pre></div>
            <hr size="1"/>
            <div class="stderr"><i>Stderr</i><br/>
                <pre></pre></div>
        </div>
    </a>
        
    <a name="82b7ae3f-7caa-4a5b-b036-96d08f50082e">
        <div class="testcase">
            <div class="details">
                <span class="testname"><b>ClientUtils.processSelector() can process a XPath selector</b></span><br/>
                <span class="testclassname">tests/suites/clientutils</span><br/>
                <span class="duration">Time Taken: 0.0s</span>
            </div>
            None
            
            <hr size="1"/>
            
            <div class="stdout"><i>Stdout</i><br/>
                <pre></pre></div>
            <hr size="1"/>
            <div class="stderr"><i>Stderr</i><br/>
                <pre></pre></div>
        </div>
    </a>
        
    <a name="5da4d1d1-317d-4898-bef0-8800decae98d">
        <div class="testcase">
            <div class="details">
                <span class="testname"><b>ClientUtils.processSelector() can process a XPath selector</b></span><br/>
                <span class="testclassname">tests/suites/clientutils</span><br/>
                <span class="duration">Time Taken: 0.001s</span>
            </div>
            None
            
            <hr size="1"/>
            
            <div class="stdout"><i>Stdout</i><br/>
                <pre></pre></div>
            <hr size="1"/>
            <div class="stderr"><i>Stderr</i><br/>
                <pre></pre></div>
        </div>
    </a>
        
    <a name="e2c36636-4369-4841-8e71-af45a4a39f14">
        <div class="testcase">
            <div class="details">
                <span class="testname"><b>ClientUtils.getElementInfo() retrieves element name</b></span><br/>
                <span class="testclassname">tests/suites/clientutils</span><br/>
                <span class="duration">Time Taken: 0.005s</span>
            </div>
            None
            
            <hr size="1"/>
            
            <div class="stdout"><i>Stdout</i><br/>
                <pre></pre></div>
            <hr size="1"/>
            <div class="stderr"><i>Stderr</i><br/>
                <pre></pre></div>
        </div>
    </a>
        
    <a name="142e3f8e-fb4c-4308-bd06-0372955e765e">
        <div class="testcase">
            <div class="details">
                <span class="testname"><b>ClientUtils.getElementInfo() retrieves element attributes</b></span><br/>
                <span class="testclassname">tests/suites/clientutils</span><br/>
                <span class="duration">Time Taken: 0.001s</span>
            </div>
            None
            
            <hr size="1"/>
            
            <div class="stdout"><i>Stdout</i><br/>
                <pre></pre></div>
            <hr size="1"/>
            <div class="stderr"><i>Stderr</i><br/>
                <pre></pre></div>
        </div>
    </a>
        
    <a name="5bf44072-818f-4a13-a0b2-e60af7574d0b">
        <div class="testcase">
            <div class="details">
                <span class="testname"><b>ClientUtils.getElementInfo() retrieves element html content</b></span><br/>
                <span class="testclassname">tests/suites/clientutils</span><br/>
                <span class="duration">Time Taken: 0.0s</span>
            </div>
            None
            
            <hr size="1"/>
            
            <div class="stdout"><i>Stdout</i><br/>
                <pre></pre></div>
            <hr size="1"/>
            <div class="stderr"><i>Stderr</i><br/>
                <pre></pre></div>
        </div>
    </a>
        
    <a name="c886ac34-8661-44e1-9501-055a7fc3464c">
        <div class="testcase">
            <div class="details">
                <span class="testname"><b>ClientUtils.getElementInfo() retrieves element text</b></span><br/>
                <span class="testclassname">tests/suites/clientutils</span><br/>
                <span class="duration">Time Taken: 0.0s</span>
            </div>
            None
            
            <hr size="1"/>
            
            <div class="stdout"><i>Stdout</i><br/>
                <pre></pre></div>
            <hr size="1"/>
            <div class="stderr"><i>Stderr</i><br/>
                <pre></pre></div>
        </div>
    </a>
        
    <a name="95c73c6d-c739-4ed1-800e-6d8147ae116a">
        <div class="testcase">
            <div class="details">
                <span class="testname"><b>ClientUtils.getElementInfo() retrieves element x pos</b></span><br/>
                <span class="testclassname">tests/suites/clientutils</span><br/>
                <span class="duration">Time Taken: 0.0s</span>
            </div>
            None
            
            <hr size="1"/>
            
            <div class="stdout"><i>Stdout</i><br/>
                <pre></pre></div>
            <hr size="1"/>
            <div class="stderr"><i>Stderr</i><br/>
                <pre></pre></div>
        </div>
    </a>
        
    <a name="44f21f96-b9a4-4759-8783-f4460db83eba">
        <div class="testcase">
            <div class="details">
                <span class="testname"><b>ClientUtils.getElementInfo() retrieves element y pos</b></span><br/>
                <span class="testclassname">tests/suites/clientutils</span><br/>
                <span class="duration">Time Taken: 0.0s</span>
            </div>
            None
            
            <hr size="1"/>
            
            <div class="stdout"><i>Stdout</i><br/>
                <pre></pre></div>
            <hr size="1"/>
            <div class="stderr"><i>Stderr</i><br/>
                <pre></pre></div>
        </div>
    </a>
        
    <a name="9313e01c-a961-4320-b1df-d0431456eab8">
        <div class="testcase">
            <div class="details">
                <span class="testname"><b>ClientUtils.getElementInfo() retrieves element width</b></span><br/>
                <span class="testclassname">tests/suites/clientutils</span><br/>
                <span class="duration">Time Taken: 0.0s</span>
            </div>
            None
            
            <hr size="1"/>
            
            <div class="stdout"><i>Stdout</i><br/>
                <pre></pre></div>
            <hr size="1"/>
            <div class="stderr"><i>Stderr</i><br/>
                <pre></pre></div>
        </div>
    </a>
        
    <a name="af705d10-56a3-42ea-b271-d2df189c629b">
        <div class="testcase">
            <div class="details">
                <span class="testname"><b>ClientUtils.getElementInfo() retrieves element height</b></span><br/>
                <span class="testclassname">tests/suites/clientutils</span><br/>
                <span class="duration">Time Taken: 0.001s</span>
            </div>
            None
            
            <hr size="1"/>
            
            <div class="stdout"><i>Stdout</i><br/>
                <pre></pre></div>
            <hr size="1"/>
            <div class="stderr"><i>Stderr</i><br/>
                <pre></pre></div>
        </div>
    </a>
        
    <a name="b8d46f1e-b377-41c7-b902-1ff355fe06b7">
        <div class="testcase">
            <div class="details">
                <span class="testname"><b>ClientUtils.getElementInfo() retrieves element visibility</b></span><br/>
                <span class="testclassname">tests/suites/clientutils</span><br/>
                <span class="duration">Time Taken: 0.0s</span>
            </div>
            None
            
            <hr size="1"/>
            
            <div class="stdout"><i>Stdout</i><br/>
                <pre></pre></div>
            <hr size="1"/>
            <div class="stderr"><i>Stderr</i><br/>
                <pre></pre></div>
        </div>
    </a>
        
    <a name="d2e611d6-3ecc-4b3b-a56a-cc54117bad1c">
        <div class="testcase">
            <div class="details">
                <span class="testname"><b>ClientUtils.getElementInfo() retrieves element whole tag contents</b></span><br/>
                <span class="testclassname">tests/suites/clientutils</span><br/>
                <span class="duration">Time Taken: 0.0s</span>
            </div>
            None
            
            <hr size="1"/>
            
            <div class="stdout"><i>Stdout</i><br/>
                <pre></pre></div>
            <hr size="1"/>
            <div class="stderr"><i>Stderr</i><br/>
                <pre></pre></div>
        </div>
    </a>
        
    <a name="c066fff8-9828-41b4-a5e7-1293efb4ad93">
        <div class="testcase">
            <div class="details">
                <span class="testname"><b>ClientUtils.getElementsBounds() retrieves multiple elements boundaries</b></span><br/>
                <span class="testclassname">tests/suites/clientutils</span><br/>
                <span class="duration">Time Taken: 0.107s</span>
            </div>
            None
            
            <hr size="1"/>
            
            <div class="stdout"><i>Stdout</i><br/>
                <pre></pre></div>
            <hr size="1"/>
            <div class="stderr"><i>Stderr</i><br/>
                <pre></pre></div>
        </div>
    </a>
        
    <a name="12627a5b-6110-4466-8ae2-970d102d1f8e">
        <div class="testcase">
            <div class="details">
                <span class="testname"><b>ClientUtils.getElementsBounds() retrieves multiple elements boundaries</b></span><br/>
                <span class="testclassname">tests/suites/clientutils</span><br/>
                <span class="duration">Time Taken: 0.001s</span>
            </div>
            None
            
            <hr size="1"/>
            
            <div class="stdout"><i>Stdout</i><br/>
                <pre></pre></div>
            <hr size="1"/>
            <div class="stderr"><i>Stderr</i><br/>
                <pre></pre></div>
        </div>
    </a>
        
            </div>
        </div>
        </a>
        
            </div>
        </div>
        
        <div class="testsuite">
            <h2>Test Suite: Untitled suite in /Users/niko/Sites/casperjs/tests/suites/coffee.coffee</h2><a name="81f85d77-115d-4b66-8d02-a0868dcdfee0">
            Package: tests/suites/coffee<br/>
            
            <table>
            <tr><th align="left">Duration</th><td align="right">0.593 sec</td></tr>
            <tr><th align="left">Test Cases</th><td align="right">4</td></tr>
            <tr><th align="left">Failures</th><td align="right">0</td></tr>
            </table>
            <a name="toc"></a>
            <h2>Results Index</h2>
            
        <ul>
            
            
            <li>All Test Classes
            <ul>
            <li>
                <a href="#670911c8-8e52-46c5-9353-dd94115ae187">tests/suites/coffee</a>
                <ul>
                
                    <li>
                        <a href="#697bf796-52fd-4fa1-bec1-0bbaa0876dfb">Casper.start() casper can start itself an open an url</a>
                    </li>
                    
                    <li>
                        <a href="#efac41eb-169d-4763-8aac-03e102f15e35">Casper.fetchText() can retrieves text contents</a>
                    </li>
                    
                    <li>
                        <a href="#e3de84f1-5f2f-4519-9f09-f686f0ae9d92">Casper.click() casper can click on a text link</a>
                    </li>
                    
                    <li>
                        <a href="#e10363ce-4930-4ef8-9dd5-47e73892fab8">Casper.options.onStepComplete() is called on step complete</a>
                    </li>
                    
                </ul>
            </li>
            </ul>
            </li>
        </ul>
        
            <hr size="2"/>
            <h2>Test Results</h2>
            <div class="testclasses">
            
        <hr size="2"/>
        <a name="670911c8-8e52-46c5-9353-dd94115ae187">
        <div class="testclass">
            <div>Test Class: tests/suites/coffee</div>
            <div class="testcases">
            
    <a name="697bf796-52fd-4fa1-bec1-0bbaa0876dfb">
        <div class="testcase">
            <div class="details">
                <span class="testname"><b>Casper.start() casper can start itself an open an url</b></span><br/>
                <span class="testclassname">tests/suites/coffee</span><br/>
                <span class="duration">Time Taken: 0.394s</span>
            </div>
            None
            
            <hr size="1"/>
            
            <div class="stdout"><i>Stdout</i><br/>
                <pre></pre></div>
            <hr size="1"/>
            <div class="stderr"><i>Stderr</i><br/>
                <pre></pre></div>
        </div>
    </a>
        
    <a name="efac41eb-169d-4763-8aac-03e102f15e35">
        <div class="testcase">
            <div class="details">
                <span class="testname"><b>Casper.fetchText() can retrieves text contents</b></span><br/>
                <span class="testclassname">tests/suites/coffee</span><br/>
                <span class="duration">Time Taken: 0.001s</span>
            </div>
            None
            
            <hr size="1"/>
            
            <div class="stdout"><i>Stdout</i><br/>
                <pre></pre></div>
            <hr size="1"/>
            <div class="stderr"><i>Stderr</i><br/>
                <pre></pre></div>
        </div>
    </a>
        
    <a name="e3de84f1-5f2f-4519-9f09-f686f0ae9d92">
        <div class="testcase">
            <div class="details">
                <span class="testname"><b>Casper.click() casper can click on a text link</b></span><br/>
                <span class="testclassname">tests/suites/coffee</span><br/>
                <span class="duration">Time Taken: 0.099s</span>
            </div>
            None
            
            <hr size="1"/>
            
            <div class="stdout"><i>Stdout</i><br/>
                <pre></pre></div>
            <hr size="1"/>
            <div class="stderr"><i>Stderr</i><br/>
                <pre></pre></div>
        </div>
    </a>
        
    <a name="e10363ce-4930-4ef8-9dd5-47e73892fab8">
        <div class="testcase">
            <div class="details">
                <span class="testname"><b>Casper.options.onStepComplete() is called on step complete</b></span><br/>
                <span class="testclassname">tests/suites/coffee</span><br/>
                <span class="duration">Time Taken: 0.099s</span>
            </div>
            None
            
            <hr size="1"/>
            
            <div class="stdout"><i>Stdout</i><br/>
                <pre></pre></div>
            <hr size="1"/>
            <div class="stderr"><i>Stderr</i><br/>
                <pre></pre></div>
        </div>
    </a>
        
            </div>
        </div>
        </a>
        
            </div>
        </div>
        
        <div class="testsuite">
            <h2>Test Suite: Untitled suite in /Users/niko/Sites/casperjs/tests/suites/fs.js</h2><a name="457d588c-cc6a-4285-8a45-8e405fc65852">
            Package: tests/suites/fs<br/>
            
            <table>
            <tr><th align="left">Duration</th><td align="right">0.084 sec</td></tr>
            <tr><th align="left">Test Cases</th><td align="right">14</td></tr>
            <tr><th align="left">Failures</th><td align="right">0</td></tr>
            </table>
            <a name="toc"></a>
            <h2>Results Index</h2>
            
        <ul>
            
            
            <li>All Test Classes
            <ul>
            <li>
                <a href="#a51f997a-5f1a-40ca-8f20-978587e64f5d">tests/suites/fs</a>
                <ul>
                
                    <li>
                        <a href="#89b1098c-def1-4426-8548-ad25c583c751">fs.dirname() does its job for /local/plop/foo.js</a>
                    </li>
                    
                    <li>
                        <a href="#b195b242-1fc0-4be3-a9a8-6539d9c5f4e8">fs.dirname() does its job for local/plop/foo.js</a>
                    </li>
                    
                    <li>
                        <a href="#8101ecc8-d8fc-458b-896a-bcc1a17587b6">fs.dirname() does its job for ./local/plop/foo.js</a>
                    </li>
                    
                    <li>
                        <a href="#e1d8fcbd-a7f6-46a7-9069-9d91a3132587">fs.dirname() does its job for c:\local\plop\foo.js</a>
                    </li>
                    
                    <li>
                        <a href="#5d675792-585b-4ffc-a671-9e1a4b8659d7">fs.dirname() does its job for D:\local\plop\foo.js</a>
                    </li>
                    
                    <li>
                        <a href="#fcafb62b-4be1-4be4-b873-ea8a91808d4f">fs.dirname() does its job for D:\local\plop\</a>
                    </li>
                    
                    <li>
                        <a href="#b907a5b5-a435-4dac-8932-f795c24c92bb">fs.dirname() does its job for c:\</a>
                    </li>
                    
                    <li>
                        <a href="#8d9fec1f-383d-4b59-b10d-fc9687d57065">fs.dirname() does its job for c:</a>
                    </li>
                    
                    <li>
                        <a href="#5973421a-3762-435e-b73e-ef32d058c4c9">fs.isWindows() does its job for /</a>
                    </li>
                    
                    <li>
                        <a href="#ff30b6e4-7fe7-475e-b165-d89da75dfa8d">fs.isWindows() does its job for /local/plop/foo.js</a>
                    </li>
                    
                    <li>
                        <a href="#ccbde1cd-db7c-4363-9e59-7d9baf0336f0">fs.isWindows() does its job for D:\local\plop\</a>
                    </li>
                    
                    <li>
                        <a href="#f4500aec-c9d4-4a1e-8be9-648d58ccb8e1">fs.isWindows() does its job for c:\</a>
                    </li>
                    
                    <li>
                        <a href="#3c6f4e87-eb52-4816-bd5e-f28e5c9df9a7">fs.isWindows() does its job for c:</a>
                    </li>
                    
                    <li>
                        <a href="#52653e0e-4de8-4bc3-9092-fa15751417f0">fs.isWindows() does its job for \\Server\Plop</a>
                    </li>
                    
                </ul>
            </li>
            </ul>
            </li>
        </ul>
        
            <hr size="2"/>
            <h2>Test Results</h2>
            <div class="testclasses">
            
        <hr size="2"/>
        <a name="a51f997a-5f1a-40ca-8f20-978587e64f5d">
        <div class="testclass">
            <div>Test Class: tests/suites/fs</div>
            <div class="testcases">
            
    <a name="89b1098c-def1-4426-8548-ad25c583c751">
        <div class="testcase">
            <div class="details">
                <span class="testname"><b>fs.dirname() does its job for /local/plop/foo.js</b></span><br/>
                <span class="testclassname">tests/suites/fs</span><br/>
                <span class="duration">Time Taken: 0.081s</span>
            </div>
            None
            
            <hr size="1"/>
            
            <div class="stdout"><i>Stdout</i><br/>
                <pre></pre></div>
            <hr size="1"/>
            <div class="stderr"><i>Stderr</i><br/>
                <pre></pre></div>
        </div>
    </a>
        
    <a name="b195b242-1fc0-4be3-a9a8-6539d9c5f4e8">
        <div class="testcase">
            <div class="details">
                <span class="testname"><b>fs.dirname() does its job for local/plop/foo.js</b></span><br/>
                <span class="testclassname">tests/suites/fs</span><br/>
                <span class="duration">Time Taken: 0.001s</span>
            </div>
            None
            
            <hr size="1"/>
            
            <div class="stdout"><i>Stdout</i><br/>
                <pre></pre></div>
            <hr size="1"/>
            <div class="stderr"><i>Stderr</i><br/>
                <pre></pre></div>
        </div>
    </a>
        
    <a name="8101ecc8-d8fc-458b-896a-bcc1a17587b6">
        <div class="testcase">
            <div class="details">
                <span class="testname"><b>fs.dirname() does its job for ./local/plop/foo.js</b></span><br/>
                <span class="testclassname">tests/suites/fs</span><br/>
                <span class="duration">Time Taken: 0.0s</span>
            </div>
            None
            
            <hr size="1"/>
            
            <div class="stdout"><i>Stdout</i><br/>
                <pre></pre></div>
            <hr size="1"/>
            <div class="stderr"><i>Stderr</i><br/>
                <pre></pre></div>
        </div>
    </a>
        
    <a name="e1d8fcbd-a7f6-46a7-9069-9d91a3132587">
        <div class="testcase">
            <div class="details">
                <span class="testname"><b>fs.dirname() does its job for c:\local\plop\foo.js</b></span><br/>
                <span class="testclassname">tests/suites/fs</span><br/>
                <span class="duration">Time Taken: 0.0s</span>
            </div>
            None
            
            <hr size="1"/>
            
            <div class="stdout"><i>Stdout</i><br/>
                <pre></pre></div>
            <hr size="1"/>
            <div class="stderr"><i>Stderr</i><br/>
                <pre></pre></div>
        </div>
    </a>
        
    <a name="5d675792-585b-4ffc-a671-9e1a4b8659d7">
        <div class="testcase">
            <div class="details">
                <span class="testname"><b>fs.dirname() does its job for D:\local\plop\foo.js</b></span><br/>
                <span class="testclassname">tests/suites/fs</span><br/>
                <span class="duration">Time Taken: 0.0s</span>
            </div>
            None
            
            <hr size="1"/>
            
            <div class="stdout"><i>Stdout</i><br/>
                <pre></pre></div>
            <hr size="1"/>
            <div class="stderr"><i>Stderr</i><br/>
                <pre></pre></div>
        </div>
    </a>
        
    <a name="fcafb62b-4be1-4be4-b873-ea8a91808d4f">
        <div class="testcase">
            <div class="details">
                <span class="testname"><b>fs.dirname() does its job for D:\local\plop\</b></span><br/>
                <span class="testclassname">tests/suites/fs</span><br/>
                <span class="duration">Time Taken: 0.0s</span>
            </div>
            None
            
            <hr size="1"/>
            
            <div class="stdout"><i>Stdout</i><br/>
                <pre></pre></div>
            <hr size="1"/>
            <div class="stderr"><i>Stderr</i><br/>
                <pre></pre></div>
        </div>
    </a>
        
    <a name="b907a5b5-a435-4dac-8932-f795c24c92bb">
        <div class="testcase">
            <div class="details">
                <span class="testname"><b>fs.dirname() does its job for c:\</b></span><br/>
                <span class="testclassname">tests/suites/fs</span><br/>
                <span class="duration">Time Taken: 0.0s</span>
            </div>
            None
            
            <hr size="1"/>
            
            <div class="stdout"><i>Stdout</i><br/>
                <pre></pre></div>
            <hr size="1"/>
            <div class="stderr"><i>Stderr</i><br/>
                <pre></pre></div>
        </div>
    </a>
        
    <a name="8d9fec1f-383d-4b59-b10d-fc9687d57065">
        <div class="testcase">
            <div class="details">
                <span class="testname"><b>fs.dirname() does its job for c:</b></span><br/>
                <span class="testclassname">tests/suites/fs</span><br/>
                <span class="duration">Time Taken: 0.001s</span>
            </div>
            None
            
            <hr size="1"/>
            
            <div class="stdout"><i>Stdout</i><br/>
                <pre></pre></div>
            <hr size="1"/>
            <div class="stderr"><i>Stderr</i><br/>
                <pre></pre></div>
        </div>
    </a>
        
    <a name="5973421a-3762-435e-b73e-ef32d058c4c9">
        <div class="testcase">
            <div class="details">
                <span class="testname"><b>fs.isWindows() does its job for /</b></span><br/>
                <span class="testclassname">tests/suites/fs</span><br/>
                <span class="duration">Time Taken: 0.0s</span>
            </div>
            None
            
            <hr size="1"/>
            
            <div class="stdout"><i>Stdout</i><br/>
                <pre></pre></div>
            <hr size="1"/>
            <div class="stderr"><i>Stderr</i><br/>
                <pre></pre></div>
        </div>
    </a>
        
    <a name="ff30b6e4-7fe7-475e-b165-d89da75dfa8d">
        <div class="testcase">
            <div class="details">
                <span class="testname"><b>fs.isWindows() does its job for /local/plop/foo.js</b></span><br/>
                <span class="testclassname">tests/suites/fs</span><br/>
                <span class="duration">Time Taken: 0.0s</span>
            </div>
            None
            
            <hr size="1"/>
            
            <div class="stdout"><i>Stdout</i><br/>
                <pre></pre></div>
            <hr size="1"/>
            <div class="stderr"><i>Stderr</i><br/>
                <pre></pre></div>
        </div>
    </a>
        
    <a name="ccbde1cd-db7c-4363-9e59-7d9baf0336f0">
        <div class="testcase">
            <div class="details">
                <span class="testname"><b>fs.isWindows() does its job for D:\local\plop\</b></span><br/>
                <span class="testclassname">tests/suites/fs</span><br/>
                <span class="duration">Time Taken: 0.0s</span>
            </div>
            None
            
            <hr size="1"/>
            
            <div class="stdout"><i>Stdout</i><br/>
                <pre></pre></div>
            <hr size="1"/>
            <div class="stderr"><i>Stderr</i><br/>
                <pre></pre></div>
        </div>
    </a>
        
    <a name="f4500aec-c9d4-4a1e-8be9-648d58ccb8e1">
        <div class="testcase">
            <div class="details">
                <span class="testname"><b>fs.isWindows() does its job for c:\</b></span><br/>
                <span class="testclassname">tests/suites/fs</span><br/>
                <span class="duration">Time Taken: 0.0s</span>
            </div>
            None
            
            <hr size="1"/>
            
            <div class="stdout"><i>Stdout</i><br/>
                <pre></pre></div>
            <hr size="1"/>
            <div class="stderr"><i>Stderr</i><br/>
                <pre></pre></div>
        </div>
    </a>
        
    <a name="3c6f4e87-eb52-4816-bd5e-f28e5c9df9a7">
        <div class="testcase">
            <div class="details">
                <span class="testname"><b>fs.isWindows() does its job for c:</b></span><br/>
                <span class="testclassname">tests/suites/fs</span><br/>
                <span class="duration">Time Taken: 0.0s</span>
            </div>
            None
            
            <hr size="1"/>
            
            <div class="stdout"><i>Stdout</i><br/>
                <pre></pre></div>
            <hr size="1"/>
            <div class="stderr"><i>Stderr</i><br/>
                <pre></pre></div>
        </div>
    </a>
        
    <a name="52653e0e-4de8-4bc3-9092-fa15751417f0">
        <div class="testcase">
            <div class="details">
                <span class="testname"><b>fs.isWindows() does its job for \\Server\Plop</b></span><br/>
                <span class="testclassname">tests/suites/fs</span><br/>
                <span class="duration">Time Taken: 0.001s</span>
            </div>
            None
            
            <hr size="1"/>
            
            <div class="stdout"><i>Stdout</i><br/>
                <pre></pre></div>
            <hr size="1"/>
            <div class="stderr"><i>Stderr</i><br/>
                <pre></pre></div>
        </div>
    </a>
        
            </div>
        </div>
        </a>
        
            </div>
        </div>
        
        <div class="testsuite">
            <h2>Test Suite: Untitled suite in /Users/niko/Sites/casperjs/tests/suites/http_status.js</h2><a name="d9413886-a35d-4ef6-8fc2-e2d2ac278ca3">
            Package: tests/suites/http_status<br/>
            
            <table>
            <tr><th align="left">Duration</th><td align="right">11.124 sec</td></tr>
            <tr><th align="left">Test Cases</th><td align="right">109</td></tr>
            <tr><th align="left">Failures</th><td align="right">0</td></tr>
            </table>
            <a name="toc"></a>
            <h2>Results Index</h2>
            
        <ul>
            
            
            <li>All Test Classes
            <ul>
            <li>
                <a href="#f20cae37-1182-44d1-b5c5-ed8da5886ef6">tests/suites/http_status</a>
                <ul>
                
                    <li>
                        <a href="#eff47f07-c332-4ab4-b5d9-352e29f633ce">file:// protocol does not set a HTTP status</a>
                    </li>
                    
                    <li>
                        <a href="#95bb3746-700d-4e2a-b113-53849c949998">Subject equals the expected value</a>
                    </li>
                    
                    <li>
                        <a href="#608e008f-2395-45e0-8609-fb7514b20b5d">HTTP status code is: 101</a>
                    </li>
                    
                    <li>
                        <a href="#2f27a7fd-23f3-45b3-8f8d-c8aa1bb926e9">Subject equals the expected value</a>
                    </li>
                    
                    <li>
                        <a href="#279cc026-3aef-4ba5-bdfa-bdbbad09d550">HTTP status code is: 102</a>
                    </li>
                    
                    <li>
                        <a href="#df6e919d-4d93-4ba5-8b93-5136399353ef">Subject equals the expected value</a>
                    </li>
                    
                    <li>
                        <a href="#88287cc2-6e05-4444-a64e-0be2595cc72a">HTTP status code is: 118</a>
                    </li>
                    
                    <li>
                        <a href="#22c0177e-c123-4912-9de2-4ef87d710a1a">Subject equals the expected value</a>
                    </li>
                    
                    <li>
                        <a href="#5e354154-0274-4e91-96b5-5251e9e71d65">HTTP status code is: 200</a>
                    </li>
                    
                    <li>
                        <a href="#ad86bc53-c1b6-4c23-80d3-22d649769eaa">Subject equals the expected value</a>
                    </li>
                    
                    <li>
                        <a href="#6dbaccc5-619f-422e-a954-4db2eaee6b1c">HTTP status code is: 201</a>
                    </li>
                    
                    <li>
                        <a href="#307955ae-676f-4304-a37e-ef1a7094e2a3">Subject equals the expected value</a>
                    </li>
                    
                    <li>
                        <a href="#f3799188-0fc5-403e-bed4-534da4bd5273">HTTP status code is: 202</a>
                    </li>
                    
                    <li>
                        <a href="#a40ecab2-c683-45e0-a4b4-32e36cdb589a">Subject equals the expected value</a>
                    </li>
                    
                    <li>
                        <a href="#561dba8a-d4e3-4e12-91b2-9cb3dfda0122">HTTP status code is: 203</a>
                    </li>
                    
                    <li>
                        <a href="#5616399e-6a01-4c3f-acdc-6ea372c24329">Subject equals the expected value</a>
                    </li>
                    
                    <li>
                        <a href="#d10b892a-0c0f-4def-b1da-ebb3d268e13c">HTTP status code is: 204</a>
                    </li>
                    
                    <li>
                        <a href="#5302b0e1-e7ba-4a7c-a728-c201533d5935">Subject equals the expected value</a>
                    </li>
                    
                    <li>
                        <a href="#74da48e7-7815-4a51-a8c6-f33547dd66e0">HTTP status code is: 205</a>
                    </li>
                    
                    <li>
                        <a href="#d8e773b8-205f-4393-bfbd-739fee9364e4">Subject equals the expected value</a>
                    </li>
                    
                    <li>
                        <a href="#b00efc74-6540-4e0e-a964-0628d56dadbe">HTTP status code is: 206</a>
                    </li>
                    
                    <li>
                        <a href="#f219cb02-de79-4a37-bd65-a17e66a09521">Subject equals the expected value</a>
                    </li>
                    
                    <li>
                        <a href="#82d572bb-8165-400f-83cc-20d5193b205f">HTTP status code is: 207</a>
                    </li>
                    
                    <li>
                        <a href="#ca160050-a1c6-4ca6-a01a-003d19db5b6a">Subject equals the expected value</a>
                    </li>
                    
                    <li>
                        <a href="#e1f4dc15-40ea-4f81-95bc-efc602df2f3c">HTTP status code is: 210</a>
                    </li>
                    
                    <li>
                        <a href="#ea514a85-259b-4126-9cab-e110a75a92f0">Subject equals the expected value</a>
                    </li>
                    
                    <li>
                        <a href="#954ca11b-f8eb-4caf-9854-3a559e990b2a">HTTP status code is: 300</a>
                    </li>
                    
                    <li>
                        <a href="#9bfc8354-8917-4f4b-ae78-2ece5470e85b">Subject equals the expected value</a>
                    </li>
                    
                    <li>
                        <a href="#8f9ff58f-1da1-441a-b763-0225516d537c">HTTP status code is: 301</a>
                    </li>
                    
                    <li>
                        <a href="#50186af7-581d-4d9d-b834-9c74296f679a">Subject equals the expected value</a>
                    </li>
                    
                    <li>
                        <a href="#611d2e88-e01f-45f3-b76a-db343ffd8801">HTTP status code is: 302</a>
                    </li>
                    
                    <li>
                        <a href="#5c35c940-1b93-4fde-9ef6-26e09a93dbde">Subject equals the expected value</a>
                    </li>
                    
                    <li>
                        <a href="#f222a86e-2e63-419d-87f6-7ef3715859dd">HTTP status code is: 303</a>
                    </li>
                    
                    <li>
                        <a href="#899ef441-9f34-470d-ab1e-018f3734543e">Subject equals the expected value</a>
                    </li>
                    
                    <li>
                        <a href="#9f4f7e75-a31b-43de-95a9-bf742b0e11af">HTTP status code is: 304</a>
                    </li>
                    
                    <li>
                        <a href="#2ebd5973-2847-4891-b32e-e918daa45eb1">Subject equals the expected value</a>
                    </li>
                    
                    <li>
                        <a href="#dd241c83-4d83-4a15-857a-c36ad7798bc3">HTTP status code is: 305</a>
                    </li>
                    
                    <li>
                        <a href="#719d1015-ce1c-4453-8720-928d254beffb">Subject equals the expected value</a>
                    </li>
                    
                    <li>
                        <a href="#4cf89c3e-e60f-43a0-89ce-1803d0ad1c77">HTTP status code is: 307</a>
                    </li>
                    
                    <li>
                        <a href="#3915c31d-d132-4868-9e8b-363c62db6409">Subject equals the expected value</a>
                    </li>
                    
                    <li>
                        <a href="#a1db6284-3166-479e-b64b-d1addeec9add">HTTP status code is: 310</a>
                    </li>
                    
                    <li>
                        <a href="#3d50caef-3f39-4f4f-b0b1-1f2130708df4">Subject equals the expected value</a>
                    </li>
                    
                    <li>
                        <a href="#7885684b-c0ae-4b9e-9a1a-984ae50d0d83">HTTP status code is: 400</a>
                    </li>
                    
                    <li>
                        <a href="#00afbb49-4d1a-42c6-a445-0234bdf2da5d">Subject equals the expected value</a>
                    </li>
                    
                    <li>
                        <a href="#c6c9fd38-5428-4d1b-be2c-00b136a2d9a6">HTTP status code is: 401</a>
                    </li>
                    
                    <li>
                        <a href="#934bb8d9-0e8a-459c-ba45-47fb014b07b8">Subject equals the expected value</a>
                    </li>
                    
                    <li>
                        <a href="#a8dbce1d-e134-4d45-a7a1-2bdff75bb6ab">HTTP status code is: 402</a>
                    </li>
                    
                    <li>
                        <a href="#31226882-5fa6-4323-83a0-4473634e1522">Subject equals the expected value</a>
                    </li>
                    
                    <li>
                        <a href="#b0424dc9-84c1-477a-85ff-2d90c47e0520">HTTP status code is: 403</a>
                    </li>
                    
                    <li>
                        <a href="#e8c58f9b-5b7d-478f-b131-0bf8d9feb96b">Subject equals the expected value</a>
                    </li>
                    
                    <li>
                        <a href="#2d18912f-27b1-408b-8bc3-00c11deed482">HTTP status code is: 404</a>
                    </li>
                    
                    <li>
                        <a href="#151f62cd-2f4d-4119-b6de-3dede41cc618">Subject equals the expected value</a>
                    </li>
                    
                    <li>
                        <a href="#f0295940-4cbc-4937-9fda-69167ebcda64">HTTP status code is: 405</a>
                    </li>
                    
                    <li>
                        <a href="#7f5f4f18-ebdc-4a58-8c24-6659a91602cc">Subject equals the expected value</a>
                    </li>
                    
                    <li>
                        <a href="#4d820640-c5f8-4115-ad26-54f203070f07">HTTP status code is: 406</a>
                    </li>
                    
                    <li>
                        <a href="#6a84f16a-304b-4ddc-afad-514ff3fcaee3">Subject equals the expected value</a>
                    </li>
                    
                    <li>
                        <a href="#b39d90d4-f6bb-44d6-b871-c1c73f2c62f8">HTTP status code is: 407</a>
                    </li>
                    
                    <li>
                        <a href="#ab6f151f-b1e1-4945-8ad6-b3bc7b71a846">Subject equals the expected value</a>
                    </li>
                    
                    <li>
                        <a href="#66431bab-49c1-45b3-931f-83b32b1f4fd6">HTTP status code is: 408</a>
                    </li>
                    
                    <li>
                        <a href="#82f63da5-a3b8-4914-ab75-079e86969eb0">Subject equals the expected value</a>
                    </li>
                    
                    <li>
                        <a href="#a9dace6e-8643-48ec-8a68-7c8945c526f7">HTTP status code is: 409</a>
                    </li>
                    
                    <li>
                        <a href="#684e59fc-d430-4422-b3dd-5be4e547bdaa">Subject equals the expected value</a>
                    </li>
                    
                    <li>
                        <a href="#df5cb5d5-da84-41cc-8e90-296dfd12d42f">HTTP status code is: 410</a>
                    </li>
                    
                    <li>
                        <a href="#37a42332-e98b-4d9c-a82d-2472e0a2e019">Subject equals the expected value</a>
                    </li>
                    
                    <li>
                        <a href="#a7b8adb2-14a9-4531-b79b-056d8e030be6">HTTP status code is: 411</a>
                    </li>
                    
                    <li>
                        <a href="#e675936c-a102-4bf9-bf83-5b4a6ec87d2f">Subject equals the expected value</a>
                    </li>
                    
                    <li>
                        <a href="#d77c5913-6daf-4745-8729-081fc8813453">HTTP status code is: 412</a>
                    </li>
                    
                    <li>
                        <a href="#09e4c694-470f-4bda-a705-11165d94f2d5">Subject equals the expected value</a>
                    </li>
                    
                    <li>
                        <a href="#20898ed7-895f-480a-8340-5ed5de07cb5e">HTTP status code is: 413</a>
                    </li>
                    
                    <li>
                        <a href="#e7f23401-760e-41fa-91e0-acbec403aad1">Subject equals the expected value</a>
                    </li>
                    
                    <li>
                        <a href="#598ace96-6d0e-48f6-91d6-49286201e35c">HTTP status code is: 414</a>
                    </li>
                    
                    <li>
                        <a href="#8e2a75b0-6f8f-43d2-8662-c65a3e5d3988">Subject equals the expected value</a>
                    </li>
                    
                    <li>
                        <a href="#c69b55f0-cc84-49ec-a75c-d12da7b2ce3e">HTTP status code is: 415</a>
                    </li>
                    
                    <li>
                        <a href="#0242539f-fe79-4fae-8843-8ba59c54d3c0">Subject equals the expected value</a>
                    </li>
                    
                    <li>
                        <a href="#85ea26ff-9bed-4b05-b8c1-25cfc78c4b24">HTTP status code is: 416</a>
                    </li>
                    
                    <li>
                        <a href="#06a066f2-4e06-4edd-84a0-3288085d08a1">Subject equals the expected value</a>
                    </li>
                    
                    <li>
                        <a href="#2bb47015-fe72-44ce-8516-43a4e759ad55">HTTP status code is: 417</a>
                    </li>
                    
                    <li>
                        <a href="#b25ff5c9-9279-4edc-a3b3-c902e9db7b30">Subject equals the expected value</a>
                    </li>
                    
                    <li>
                        <a href="#0a98b016-c91e-4108-bb7c-a21ba4385418">HTTP status code is: 418</a>
                    </li>
                    
                    <li>
                        <a href="#b5dad341-bb6a-46df-8b66-49ec3d606adf">Subject equals the expected value</a>
                    </li>
                    
                    <li>
                        <a href="#7a782622-b947-442f-b78e-defaf91bcb9a">HTTP status code is: 422</a>
                    </li>
                    
                    <li>
                        <a href="#1f230775-f88b-46b0-80fe-d055e8b2f9d0">Subject equals the expected value</a>
                    </li>
                    
                    <li>
                        <a href="#974ae423-9302-4390-acab-261671a2a0a8">HTTP status code is: 423</a>
                    </li>
                    
                    <li>
                        <a href="#5a6d04b7-39b9-40e0-be32-c1703667f0f2">Subject equals the expected value</a>
                    </li>
                    
                    <li>
                        <a href="#1a3757ab-334a-40d6-a7e5-f7537c787b43">HTTP status code is: 424</a>
                    </li>
                    
                    <li>
                        <a href="#3cc7ed48-ba60-4cf3-8bcf-5508420ffcc0">Subject equals the expected value</a>
                    </li>
                    
                    <li>
                        <a href="#db8e4aa5-d604-4dd3-a750-5090ffeb8192">HTTP status code is: 425</a>
                    </li>
                    
                    <li>
                        <a href="#6d5278ca-b8d5-49d7-8669-1796f5561ffc">Subject equals the expected value</a>
                    </li>
                    
                    <li>
                        <a href="#af62a29f-540b-4d32-903d-4b658d2419b8">HTTP status code is: 426</a>
                    </li>
                    
                    <li>
                        <a href="#19583578-6f2e-499f-80f4-000dd04901de">Subject equals the expected value</a>
                    </li>
                    
                    <li>
                        <a href="#5076e327-784d-4e13-a3f1-72538e978d06">HTTP status code is: 449</a>
                    </li>
                    
                    <li>
                        <a href="#bc4d249a-88fb-4096-8134-054e0d831425">Subject equals the expected value</a>
                    </li>
                    
                    <li>
                        <a href="#1fd2c85c-0ead-4072-9931-531eec6492a0">HTTP status code is: 450</a>
                    </li>
                    
                    <li>
                        <a href="#16a470e6-41d2-42c6-ab13-336e18bafb6d">Subject equals the expected value</a>
                    </li>
                    
                    <li>
                        <a href="#9885585f-6739-42ec-a116-606414db3e3e">HTTP status code is: 500</a>
                    </li>
                    
                    <li>
                        <a href="#275d1e48-422b-4c3f-bd71-c96ce39b4d19">Subject equals the expected value</a>
                    </li>
                    
                    <li>
                        <a href="#c070b3ff-f731-4cfd-8ad0-645e346cc01f">HTTP status code is: 501</a>
                    </li>
                    
                    <li>
                        <a href="#29f0bc3b-2082-4e08-8f2d-55a99bfb5b86">Subject equals the expected value</a>
                    </li>
                    
                    <li>
                        <a href="#2ca118ad-7948-43a9-b9be-dc9e05629770">HTTP status code is: 502</a>
                    </li>
                    
                    <li>
                        <a href="#85ad728c-7c28-4f2d-8f7a-f8723c188a6c">Subject equals the expected value</a>
                    </li>
                    
                    <li>
                        <a href="#475137f2-16a6-443b-9fdd-7600617275ea">HTTP status code is: 503</a>
                    </li>
                    
                    <li>
                        <a href="#c903ea42-a45e-439b-adac-dd39970bea83">Subject equals the expected value</a>
                    </li>
                    
                    <li>
                        <a href="#41ef472b-7a01-46ce-aedb-37ce9b35dca3">HTTP status code is: 504</a>
                    </li>
                    
                    <li>
                        <a href="#29236343-8f75-463b-a08d-28cb10f4209b">Subject equals the expected value</a>
                    </li>
                    
                    <li>
                        <a href="#2580fdeb-da37-4e63-9953-fd13c762f176">HTTP status code is: 505</a>
                    </li>
                    
                    <li>
                        <a href="#63c407d9-21bb-46b2-840d-5b9edab79c96">Subject equals the expected value</a>
                    </li>
                    
                    <li>
                        <a href="#778c12e3-2df6-4864-8b4d-d6e6bbb4e14c">HTTP status code is: 507</a>
                    </li>
                    
                    <li>
                        <a href="#f23d33c8-b2ea-4046-8b40-02794ce46857">Subject equals the expected value</a>
                    </li>
                    
                    <li>
                        <a href="#e2ac8767-e1fd-41ec-befd-0a44665255c7">HTTP status code is: 509</a>
                    </li>
                    
                </ul>
            </li>
            </ul>
            </li>
        </ul>
        
            <hr size="2"/>
            <h2>Test Results</h2>
            <div class="testclasses">
            
        <hr size="2"/>
        <a name="f20cae37-1182-44d1-b5c5-ed8da5886ef6">
        <div class="testclass">
            <div>Test Class: tests/suites/http_status</div>
            <div class="testcases">
            
    <a name="eff47f07-c332-4ab4-b5d9-352e29f633ce">
        <div class="testcase">
            <div class="details">
                <span class="testname"><b>file:// protocol does not set a HTTP status</b></span><br/>
                <span class="testclassname">tests/suites/http_status</span><br/>
                <span class="duration">Time Taken: 0.305s</span>
            </div>
            None
            
            <hr size="1"/>
            
            <div class="stdout"><i>Stdout</i><br/>
                <pre></pre></div>
            <hr size="1"/>
            <div class="stderr"><i>Stderr</i><br/>
                <pre></pre></div>
        </div>
    </a>
        
    <a name="95bb3746-700d-4e2a-b113-53849c949998">
        <div class="testcase">
            <div class="details">
                <span class="testname"><b>Subject equals the expected value</b></span><br/>
                <span class="testclassname">tests/suites/http_status</span><br/>
                <span class="duration">Time Taken: 0.199s</span>
            </div>
            None
            
            <hr size="1"/>
            
            <div class="stdout"><i>Stdout</i><br/>
                <pre></pre></div>
            <hr size="1"/>
            <div class="stderr"><i>Stderr</i><br/>
                <pre></pre></div>
        </div>
    </a>
        
    <a name="608e008f-2395-45e0-8609-fb7514b20b5d">
        <div class="testcase">
            <div class="details">
                <span class="testname"><b>HTTP status code is: 101</b></span><br/>
                <span class="testclassname">tests/suites/http_status</span><br/>
                <span class="duration">Time Taken: 0.0s</span>
            </div>
            None
            
            <hr size="1"/>
            
            <div class="stdout"><i>Stdout</i><br/>
                <pre></pre></div>
            <hr size="1"/>
            <div class="stderr"><i>Stderr</i><br/>
                <pre></pre></div>
        </div>
    </a>
        
    <a name="2f27a7fd-23f3-45b3-8f8d-c8aa1bb926e9">
        <div class="testcase">
            <div class="details">
                <span class="testname"><b>Subject equals the expected value</b></span><br/>
                <span class="testclassname">tests/suites/http_status</span><br/>
                <span class="duration">Time Taken: 0.2s</span>
            </div>
            None
            
            <hr size="1"/>
            
            <div class="stdout"><i>Stdout</i><br/>
                <pre></pre></div>
            <hr size="1"/>
            <div class="stderr"><i>Stderr</i><br/>
                <pre></pre></div>
        </div>
    </a>
        
    <a name="279cc026-3aef-4ba5-bdfa-bdbbad09d550">
        <div class="testcase">
            <div class="details">
                <span class="testname"><b>HTTP status code is: 102</b></span><br/>
                <span class="testclassname">tests/suites/http_status</span><br/>
                <span class="duration">Time Taken: 0.0s</span>
            </div>
            None
            
            <hr size="1"/>
            
            <div class="stdout"><i>Stdout</i><br/>
                <pre></pre></div>
            <hr size="1"/>
            <div class="stderr"><i>Stderr</i><br/>
                <pre></pre></div>
        </div>
    </a>
        
    <a name="df6e919d-4d93-4ba5-8b93-5136399353ef">
        <div class="testcase">
            <div class="details">
                <span class="testname"><b>Subject equals the expected value</b></span><br/>
                <span class="testclassname">tests/suites/http_status</span><br/>
                <span class="duration">Time Taken: 0.2s</span>
            </div>
            None
            
            <hr size="1"/>
            
            <div class="stdout"><i>Stdout</i><br/>
                <pre></pre></div>
            <hr size="1"/>
            <div class="stderr"><i>Stderr</i><br/>
                <pre></pre></div>
        </div>
    </a>
        
    <a name="88287cc2-6e05-4444-a64e-0be2595cc72a">
        <div class="testcase">
            <div class="details">
                <span class="testname"><b>HTTP status code is: 118</b></span><br/>
                <span class="testclassname">tests/suites/http_status</span><br/>
                <span class="duration">Time Taken: 0.0s</span>
            </div>
            None
            
            <hr size="1"/>
            
            <div class="stdout"><i>Stdout</i><br/>
                <pre></pre></div>
            <hr size="1"/>
            <div class="stderr"><i>Stderr</i><br/>
                <pre></pre></div>
        </div>
    </a>
        
    <a name="22c0177e-c123-4912-9de2-4ef87d710a1a">
        <div class="testcase">
            <div class="details">
                <span class="testname"><b>Subject equals the expected value</b></span><br/>
                <span class="testclassname">tests/suites/http_status</span><br/>
                <span class="duration">Time Taken: 0.2s</span>
            </div>
            None
            
            <hr size="1"/>
            
            <div class="stdout"><i>Stdout</i><br/>
                <pre></pre></div>
            <hr size="1"/>
            <div class="stderr"><i>Stderr</i><br/>
                <pre></pre></div>
        </div>
    </a>
        
    <a name="5e354154-0274-4e91-96b5-5251e9e71d65">
        <div class="testcase">
            <div class="details">
                <span class="testname"><b>HTTP status code is: 200</b></span><br/>
                <span class="testclassname">tests/suites/http_status</span><br/>
                <span class="duration">Time Taken: 0.001s</span>
            </div>
            None
            
            <hr size="1"/>
            
            <div class="stdout"><i>Stdout</i><br/>
                <pre></pre></div>
            <hr size="1"/>
            <div class="stderr"><i>Stderr</i><br/>
                <pre></pre></div>
        </div>
    </a>
        
    <a name="ad86bc53-c1b6-4c23-80d3-22d649769eaa">
        <div class="testcase">
            <div class="details">
                <span class="testname"><b>Subject equals the expected value</b></span><br/>
                <span class="testclassname">tests/suites/http_status</span><br/>
                <span class="duration">Time Taken: 0.2s</span>
            </div>
            None
            
            <hr size="1"/>
            
            <div class="stdout"><i>Stdout</i><br/>
                <pre></pre></div>
            <hr size="1"/>
            <div class="stderr"><i>Stderr</i><br/>
                <pre></pre></div>
        </div>
    </a>
        
    <a name="6dbaccc5-619f-422e-a954-4db2eaee6b1c">
        <div class="testcase">
            <div class="details">
                <span class="testname"><b>HTTP status code is: 201</b></span><br/>
                <span class="testclassname">tests/suites/http_status</span><br/>
                <span class="duration">Time Taken: 0.0s</span>
            </div>
            None
            
            <hr size="1"/>
            
            <div class="stdout"><i>Stdout</i><br/>
                <pre></pre></div>
            <hr size="1"/>
            <div class="stderr"><i>Stderr</i><br/>
                <pre></pre></div>
        </div>
    </a>
        
    <a name="307955ae-676f-4304-a37e-ef1a7094e2a3">
        <div class="testcase">
            <div class="details">
                <span class="testname"><b>Subject equals the expected value</b></span><br/>
                <span class="testclassname">tests/suites/http_status</span><br/>
                <span class="duration">Time Taken: 0.2s</span>
            </div>
            None
            
            <hr size="1"/>
            
            <div class="stdout"><i>Stdout</i><br/>
                <pre></pre></div>
            <hr size="1"/>
            <div class="stderr"><i>Stderr</i><br/>
                <pre></pre></div>
        </div>
    </a>
        
    <a name="f3799188-0fc5-403e-bed4-534da4bd5273">
        <div class="testcase">
            <div class="details">
                <span class="testname"><b>HTTP status code is: 202</b></span><br/>
                <span class="testclassname">tests/suites/http_status</span><br/>
                <span class="duration">Time Taken: 0.0s</span>
            </div>
            None
            
            <hr size="1"/>
            
            <div class="stdout"><i>Stdout</i><br/>
                <pre></pre></div>
            <hr size="1"/>
            <div class="stderr"><i>Stderr</i><br/>
                <pre></pre></div>
        </div>
    </a>
        
    <a name="a40ecab2-c683-45e0-a4b4-32e36cdb589a">
        <div class="testcase">
            <div class="details">
                <span class="testname"><b>Subject equals the expected value</b></span><br/>
                <span class="testclassname">tests/suites/http_status</span><br/>
                <span class="duration">Time Taken: 0.2s</span>
            </div>
            None
            
            <hr size="1"/>
            
            <div class="stdout"><i>Stdout</i><br/>
                <pre></pre></div>
            <hr size="1"/>
            <div class="stderr"><i>Stderr</i><br/>
                <pre></pre></div>
        </div>
    </a>
        
    <a name="561dba8a-d4e3-4e12-91b2-9cb3dfda0122">
        <div class="testcase">
            <div class="details">
                <span class="testname"><b>HTTP status code is: 203</b></span><br/>
                <span class="testclassname">tests/suites/http_status</span><br/>
                <span class="duration">Time Taken: 0.0s</span>
            </div>
            None
            
            <hr size="1"/>
            
            <div class="stdout"><i>Stdout</i><br/>
                <pre></pre></div>
            <hr size="1"/>
            <div class="stderr"><i>Stderr</i><br/>
                <pre></pre></div>
        </div>
    </a>
        
    <a name="5616399e-6a01-4c3f-acdc-6ea372c24329">
        <div class="testcase">
            <div class="details">
                <span class="testname"><b>Subject equals the expected value</b></span><br/>
                <span class="testclassname">tests/suites/http_status</span><br/>
                <span class="duration">Time Taken: 0.199s</span>
            </div>
            None
            
            <hr size="1"/>
            
            <div class="stdout"><i>Stdout</i><br/>
                <pre></pre></div>
            <hr size="1"/>
            <div class="stderr"><i>Stderr</i><br/>
                <pre></pre></div>
        </div>
    </a>
        
    <a name="d10b892a-0c0f-4def-b1da-ebb3d268e13c">
        <div class="testcase">
            <div class="details">
                <span class="testname"><b>HTTP status code is: 204</b></span><br/>
                <span class="testclassname">tests/suites/http_status</span><br/>
                <span class="duration">Time Taken: 0.0s</span>
            </div>
            None
            
            <hr size="1"/>
            
            <div class="stdout"><i>Stdout</i><br/>
                <pre></pre></div>
            <hr size="1"/>
            <div class="stderr"><i>Stderr</i><br/>
                <pre></pre></div>
        </div>
    </a>
        
    <a name="5302b0e1-e7ba-4a7c-a728-c201533d5935">
        <div class="testcase">
            <div class="details">
                <span class="testname"><b>Subject equals the expected value</b></span><br/>
                <span class="testclassname">tests/suites/http_status</span><br/>
                <span class="duration">Time Taken: 0.2s</span>
            </div>
            None
            
            <hr size="1"/>
            
            <div class="stdout"><i>Stdout</i><br/>
                <pre></pre></div>
            <hr size="1"/>
            <div class="stderr"><i>Stderr</i><br/>
                <pre></pre></div>
        </div>
    </a>
        
    <a name="74da48e7-7815-4a51-a8c6-f33547dd66e0">
        <div class="testcase">
            <div class="details">
                <span class="testname"><b>HTTP status code is: 205</b></span><br/>
                <span class="testclassname">tests/suites/http_status</span><br/>
                <span class="duration">Time Taken: 0.0s</span>
            </div>
            None
            
            <hr size="1"/>
            
            <div class="stdout"><i>Stdout</i><br/>
                <pre></pre></div>
            <hr size="1"/>
            <div class="stderr"><i>Stderr</i><br/>
                <pre></pre></div>
        </div>
    </a>
        
    <a name="d8e773b8-205f-4393-bfbd-739fee9364e4">
        <div class="testcase">
            <div class="details">
                <span class="testname"><b>Subject equals the expected value</b></span><br/>
                <span class="testclassname">tests/suites/http_status</span><br/>
                <span class="duration">Time Taken: 0.203s</span>
            </div>
            None
            
            <hr size="1"/>
            
            <div class="stdout"><i>Stdout</i><br/>
                <pre></pre></div>
            <hr size="1"/>
            <div class="stderr"><i>Stderr</i><br/>
                <pre></pre></div>
        </div>
    </a>
        
    <a name="b00efc74-6540-4e0e-a964-0628d56dadbe">
        <div class="testcase">
            <div class="details">
                <span class="testname"><b>HTTP status code is: 206</b></span><br/>
                <span class="testclassname">tests/suites/http_status</span><br/>
                <span class="duration">Time Taken: 0.0s</span>
            </div>
            None
            
            <hr size="1"/>
            
            <div class="stdout"><i>Stdout</i><br/>
                <pre></pre></div>
            <hr size="1"/>
            <div class="stderr"><i>Stderr</i><br/>
                <pre></pre></div>
        </div>
    </a>
        
    <a name="f219cb02-de79-4a37-bd65-a17e66a09521">
        <div class="testcase">
            <div class="details">
                <span class="testname"><b>Subject equals the expected value</b></span><br/>
                <span class="testclassname">tests/suites/http_status</span><br/>
                <span class="duration">Time Taken: 0.203s</span>
            </div>
            None
            
            <hr size="1"/>
            
            <div class="stdout"><i>Stdout</i><br/>
                <pre></pre></div>
            <hr size="1"/>
            <div class="stderr"><i>Stderr</i><br/>
                <pre></pre></div>
        </div>
    </a>
        
    <a name="82d572bb-8165-400f-83cc-20d5193b205f">
        <div class="testcase">
            <div class="details">
                <span class="testname"><b>HTTP status code is: 207</b></span><br/>
                <span class="testclassname">tests/suites/http_status</span><br/>
                <span class="duration">Time Taken: 0.0s</span>
            </div>
            None
            
            <hr size="1"/>
            
            <div class="stdout"><i>Stdout</i><br/>
                <pre></pre></div>
            <hr size="1"/>
            <div class="stderr"><i>Stderr</i><br/>
                <pre></pre></div>
        </div>
    </a>
        
    <a name="ca160050-a1c6-4ca6-a01a-003d19db5b6a">
        <div class="testcase">
            <div class="details">
                <span class="testname"><b>Subject equals the expected value</b></span><br/>
                <span class="testclassname">tests/suites/http_status</span><br/>
                <span class="duration">Time Taken: 0.197s</span>
            </div>
            None
            
            <hr size="1"/>
            
            <div class="stdout"><i>Stdout</i><br/>
                <pre></pre></div>
            <hr size="1"/>
            <div class="stderr"><i>Stderr</i><br/>
                <pre></pre></div>
        </div>
    </a>
        
    <a name="e1f4dc15-40ea-4f81-95bc-efc602df2f3c">
        <div class="testcase">
            <div class="details">
                <span class="testname"><b>HTTP status code is: 210</b></span><br/>
                <span class="testclassname">tests/suites/http_status</span><br/>
                <span class="duration">Time Taken: 0.0s</span>
            </div>
            None
            
            <hr size="1"/>
            
            <div class="stdout"><i>Stdout</i><br/>
                <pre></pre></div>
            <hr size="1"/>
            <div class="stderr"><i>Stderr</i><br/>
                <pre></pre></div>
        </div>
    </a>
        
    <a name="ea514a85-259b-4126-9cab-e110a75a92f0">
        <div class="testcase">
            <div class="details">
                <span class="testname"><b>Subject equals the expected value</b></span><br/>
                <span class="testclassname">tests/suites/http_status</span><br/>
                <span class="duration">Time Taken: 0.2s</span>
            </div>
            None
            
            <hr size="1"/>
            
            <div class="stdout"><i>Stdout</i><br/>
                <pre></pre></div>
            <hr size="1"/>
            <div class="stderr"><i>Stderr</i><br/>
                <pre></pre></div>
        </div>
    </a>
        
    <a name="954ca11b-f8eb-4caf-9854-3a559e990b2a">
        <div class="testcase">
            <div class="details">
                <span class="testname"><b>HTTP status code is: 300</b></span><br/>
                <span class="testclassname">tests/suites/http_status</span><br/>
                <span class="duration">Time Taken: 0.0s</span>
            </div>
            None
            
            <hr size="1"/>
            
            <div class="stdout"><i>Stdout</i><br/>
                <pre></pre></div>
            <hr size="1"/>
            <div class="stderr"><i>Stderr</i><br/>
                <pre></pre></div>
        </div>
    </a>
        
    <a name="9bfc8354-8917-4f4b-ae78-2ece5470e85b">
        <div class="testcase">
            <div class="details">
                <span class="testname"><b>Subject equals the expected value</b></span><br/>
                <span class="testclassname">tests/suites/http_status</span><br/>
                <span class="duration">Time Taken: 0.2s</span>
            </div>
            None
            
            <hr size="1"/>
            
            <div class="stdout"><i>Stdout</i><br/>
                <pre></pre></div>
            <hr size="1"/>
            <div class="stderr"><i>Stderr</i><br/>
                <pre></pre></div>
        </div>
    </a>
        
    <a name="8f9ff58f-1da1-441a-b763-0225516d537c">
        <div class="testcase">
            <div class="details">
                <span class="testname"><b>HTTP status code is: 301</b></span><br/>
                <span class="testclassname">tests/suites/http_status</span><br/>
                <span class="duration">Time Taken: 0.001s</span>
            </div>
            None
            
            <hr size="1"/>
            
            <div class="stdout"><i>Stdout</i><br/>
                <pre></pre></div>
            <hr size="1"/>
            <div class="stderr"><i>Stderr</i><br/>
                <pre></pre></div>
        </div>
    </a>
        
    <a name="50186af7-581d-4d9d-b834-9c74296f679a">
        <div class="testcase">
            <div class="details">
                <span class="testname"><b>Subject equals the expected value</b></span><br/>
                <span class="testclassname">tests/suites/http_status</span><br/>
                <span class="duration">Time Taken: 0.199s</span>
            </div>
            None
            
            <hr size="1"/>
            
            <div class="stdout"><i>Stdout</i><br/>
                <pre></pre></div>
            <hr size="1"/>
            <div class="stderr"><i>Stderr</i><br/>
                <pre></pre></div>
        </div>
    </a>
        
    <a name="611d2e88-e01f-45f3-b76a-db343ffd8801">
        <div class="testcase">
            <div class="details">
                <span class="testname"><b>HTTP status code is: 302</b></span><br/>
                <span class="testclassname">tests/suites/http_status</span><br/>
                <span class="duration">Time Taken: 0.001s</span>
            </div>
            None
            
            <hr size="1"/>
            
            <div class="stdout"><i>Stdout</i><br/>
                <pre></pre></div>
            <hr size="1"/>
            <div class="stderr"><i>Stderr</i><br/>
                <pre></pre></div>
        </div>
    </a>
        
    <a name="5c35c940-1b93-4fde-9ef6-26e09a93dbde">
        <div class="testcase">
            <div class="details">
                <span class="testname"><b>Subject equals the expected value</b></span><br/>
                <span class="testclassname">tests/suites/http_status</span><br/>
                <span class="duration">Time Taken: 0.202s</span>
            </div>
            None
            
            <hr size="1"/>
            
            <div class="stdout"><i>Stdout</i><br/>
                <pre></pre></div>
            <hr size="1"/>
            <div class="stderr"><i>Stderr</i><br/>
                <pre></pre></div>
        </div>
    </a>
        
    <a name="f222a86e-2e63-419d-87f6-7ef3715859dd">
        <div class="testcase">
            <div class="details">
                <span class="testname"><b>HTTP status code is: 303</b></span><br/>
                <span class="testclassname">tests/suites/http_status</span><br/>
                <span class="duration">Time Taken: 0.0s</span>
            </div>
            None
            
            <hr size="1"/>
            
            <div class="stdout"><i>Stdout</i><br/>
                <pre></pre></div>
            <hr size="1"/>
            <div class="stderr"><i>Stderr</i><br/>
                <pre></pre></div>
        </div>
    </a>
        
    <a name="899ef441-9f34-470d-ab1e-018f3734543e">
        <div class="testcase">
            <div class="details">
                <span class="testname"><b>Subject equals the expected value</b></span><br/>
                <span class="testclassname">tests/suites/http_status</span><br/>
                <span class="duration">Time Taken: 0.197s</span>
            </div>
            None
            
            <hr size="1"/>
            
            <div class="stdout"><i>Stdout</i><br/>
                <pre></pre></div>
            <hr size="1"/>
            <div class="stderr"><i>Stderr</i><br/>
                <pre></pre></div>
        </div>
    </a>
        
    <a name="9f4f7e75-a31b-43de-95a9-bf742b0e11af">
        <div class="testcase">
            <div class="details">
                <span class="testname"><b>HTTP status code is: 304</b></span><br/>
                <span class="testclassname">tests/suites/http_status</span><br/>
                <span class="duration">Time Taken: 0.001s</span>
            </div>
            None
            
            <hr size="1"/>
            
            <div class="stdout"><i>Stdout</i><br/>
                <pre></pre></div>
            <hr size="1"/>
            <div class="stderr"><i>Stderr</i><br/>
                <pre></pre></div>
        </div>
    </a>
        
    <a name="2ebd5973-2847-4891-b32e-e918daa45eb1">
        <div class="testcase">
            <div class="details">
                <span class="testname"><b>Subject equals the expected value</b></span><br/>
                <span class="testclassname">tests/suites/http_status</span><br/>
                <span class="duration">Time Taken: 0.201s</span>
            </div>
            None
            
            <hr size="1"/>
            
            <div class="stdout"><i>Stdout</i><br/>
                <pre></pre></div>
            <hr size="1"/>
            <div class="stderr"><i>Stderr</i><br/>
                <pre></pre></div>
        </div>
    </a>
        
    <a name="dd241c83-4d83-4a15-857a-c36ad7798bc3">
        <div class="testcase">
            <div class="details">
                <span class="testname"><b>HTTP status code is: 305</b></span><br/>
                <span class="testclassname">tests/suites/http_status</span><br/>
                <span class="duration">Time Taken: 0.0s</span>
            </div>
            None
            
            <hr size="1"/>
            
            <div class="stdout"><i>Stdout</i><br/>
                <pre></pre></div>
            <hr size="1"/>
            <div class="stderr"><i>Stderr</i><br/>
                <pre></pre></div>
        </div>
    </a>
        
    <a name="719d1015-ce1c-4453-8720-928d254beffb">
        <div class="testcase">
            <div class="details">
                <span class="testname"><b>Subject equals the expected value</b></span><br/>
                <span class="testclassname">tests/suites/http_status</span><br/>
                <span class="duration">Time Taken: 0.199s</span>
            </div>
            None
            
            <hr size="1"/>
            
            <div class="stdout"><i>Stdout</i><br/>
                <pre></pre></div>
            <hr size="1"/>
            <div class="stderr"><i>Stderr</i><br/>
                <pre></pre></div>
        </div>
    </a>
        
    <a name="4cf89c3e-e60f-43a0-89ce-1803d0ad1c77">
        <div class="testcase">
            <div class="details">
                <span class="testname"><b>HTTP status code is: 307</b></span><br/>
                <span class="testclassname">tests/suites/http_status</span><br/>
                <span class="duration">Time Taken: 0.0s</span>
            </div>
            None
            
            <hr size="1"/>
            
            <div class="stdout"><i>Stdout</i><br/>
                <pre></pre></div>
            <hr size="1"/>
            <div class="stderr"><i>Stderr</i><br/>
                <pre></pre></div>
        </div>
    </a>
        
    <a name="3915c31d-d132-4868-9e8b-363c62db6409">
        <div class="testcase">
            <div class="details">
                <span class="testname"><b>Subject equals the expected value</b></span><br/>
                <span class="testclassname">tests/suites/http_status</span><br/>
                <span class="duration">Time Taken: 0.201s</span>
            </div>
            None
            
            <hr size="1"/>
            
            <div class="stdout"><i>Stdout</i><br/>
                <pre></pre></div>
            <hr size="1"/>
            <div class="stderr"><i>Stderr</i><br/>
                <pre></pre></div>
        </div>
    </a>
        
    <a name="a1db6284-3166-479e-b64b-d1addeec9add">
        <div class="testcase">
            <div class="details">
                <span class="testname"><b>HTTP status code is: 310</b></span><br/>
                <span class="testclassname">tests/suites/http_status</span><br/>
                <span class="duration">Time Taken: 0.0s</span>
            </div>
            None
            
            <hr size="1"/>
            
            <div class="stdout"><i>Stdout</i><br/>
                <pre></pre></div>
            <hr size="1"/>
            <div class="stderr"><i>Stderr</i><br/>
                <pre></pre></div>
        </div>
    </a>
        
    <a name="3d50caef-3f39-4f4f-b0b1-1f2130708df4">
        <div class="testcase">
            <div class="details">
                <span class="testname"><b>Subject equals the expected value</b></span><br/>
                <span class="testclassname">tests/suites/http_status</span><br/>
                <span class="duration">Time Taken: 0.198s</span>
            </div>
            None
            
            <hr size="1"/>
            
            <div class="stdout"><i>Stdout</i><br/>
                <pre></pre></div>
            <hr size="1"/>
            <div class="stderr"><i>Stderr</i><br/>
                <pre></pre></div>
        </div>
    </a>
        
    <a name="7885684b-c0ae-4b9e-9a1a-984ae50d0d83">
        <div class="testcase">
            <div class="details">
                <span class="testname"><b>HTTP status code is: 400</b></span><br/>
                <span class="testclassname">tests/suites/http_status</span><br/>
                <span class="duration">Time Taken: 0.0s</span>
            </div>
            None
            
            <hr size="1"/>
            
            <div class="stdout"><i>Stdout</i><br/>
                <pre></pre></div>
            <hr size="1"/>
            <div class="stderr"><i>Stderr</i><br/>
                <pre></pre></div>
        </div>
    </a>
        
    <a name="00afbb49-4d1a-42c6-a445-0234bdf2da5d">
        <div class="testcase">
            <div class="details">
                <span class="testname"><b>Subject equals the expected value</b></span><br/>
                <span class="testclassname">tests/suites/http_status</span><br/>
                <span class="duration">Time Taken: 0.203s</span>
            </div>
            None
            
            <hr size="1"/>
            
            <div class="stdout"><i>Stdout</i><br/>
                <pre></pre></div>
            <hr size="1"/>
            <div class="stderr"><i>Stderr</i><br/>
                <pre></pre></div>
        </div>
    </a>
        
    <a name="c6c9fd38-5428-4d1b-be2c-00b136a2d9a6">
        <div class="testcase">
            <div class="details">
                <span class="testname"><b>HTTP status code is: 401</b></span><br/>
                <span class="testclassname">tests/suites/http_status</span><br/>
                <span class="duration">Time Taken: 0.001s</span>
            </div>
            None
            
            <hr size="1"/>
            
            <div class="stdout"><i>Stdout</i><br/>
                <pre></pre></div>
            <hr size="1"/>
            <div class="stderr"><i>Stderr</i><br/>
                <pre></pre></div>
        </div>
    </a>
        
    <a name="934bb8d9-0e8a-459c-ba45-47fb014b07b8">
        <div class="testcase">
            <div class="details">
                <span class="testname"><b>Subject equals the expected value</b></span><br/>
                <span class="testclassname">tests/suites/http_status</span><br/>
                <span class="duration">Time Taken: 0.196s</span>
            </div>
            None
            
            <hr size="1"/>
            
            <div class="stdout"><i>Stdout</i><br/>
                <pre></pre></div>
            <hr size="1"/>
            <div class="stderr"><i>Stderr</i><br/>
                <pre></pre></div>
        </div>
    </a>
        
    <a name="a8dbce1d-e134-4d45-a7a1-2bdff75bb6ab">
        <div class="testcase">
            <div class="details">
                <span class="testname"><b>HTTP status code is: 402</b></span><br/>
                <span class="testclassname">tests/suites/http_status</span><br/>
                <span class="duration">Time Taken: 0.0s</span>
            </div>
            None
            
            <hr size="1"/>
            
            <div class="stdout"><i>Stdout</i><br/>
                <pre></pre></div>
            <hr size="1"/>
            <div class="stderr"><i>Stderr</i><br/>
                <pre></pre></div>
        </div>
    </a>
        
    <a name="31226882-5fa6-4323-83a0-4473634e1522">
        <div class="testcase">
            <div class="details">
                <span class="testname"><b>Subject equals the expected value</b></span><br/>
                <span class="testclassname">tests/suites/http_status</span><br/>
                <span class="duration">Time Taken: 0.2s</span>
            </div>
            None
            
            <hr size="1"/>
            
            <div class="stdout"><i>Stdout</i><br/>
                <pre></pre></div>
            <hr size="1"/>
            <div class="stderr"><i>Stderr</i><br/>
                <pre></pre></div>
        </div>
    </a>
        
    <a name="b0424dc9-84c1-477a-85ff-2d90c47e0520">
        <div class="testcase">
            <div class="details">
                <span class="testname"><b>HTTP status code is: 403</b></span><br/>
                <span class="testclassname">tests/suites/http_status</span><br/>
                <span class="duration">Time Taken: 0.0s</span>
            </div>
            None
            
            <hr size="1"/>
            
            <div class="stdout"><i>Stdout</i><br/>
                <pre></pre></div>
            <hr size="1"/>
            <div class="stderr"><i>Stderr</i><br/>
                <pre></pre></div>
        </div>
    </a>
        
    <a name="e8c58f9b-5b7d-478f-b131-0bf8d9feb96b">
        <div class="testcase">
            <div class="details">
                <span class="testname"><b>Subject equals the expected value</b></span><br/>
                <span class="testclassname">tests/suites/http_status</span><br/>
                <span class="duration">Time Taken: 0.2s</span>
            </div>
            None
            
            <hr size="1"/>
            
            <div class="stdout"><i>Stdout</i><br/>
                <pre></pre></div>
            <hr size="1"/>
            <div class="stderr"><i>Stderr</i><br/>
                <pre></pre></div>
        </div>
    </a>
        
    <a name="2d18912f-27b1-408b-8bc3-00c11deed482">
        <div class="testcase">
            <div class="details">
                <span class="testname"><b>HTTP status code is: 404</b></span><br/>
                <span class="testclassname">tests/suites/http_status</span><br/>
                <span class="duration">Time Taken: 0.0s</span>
            </div>
            None
            
            <hr size="1"/>
            
            <div class="stdout"><i>Stdout</i><br/>
                <pre></pre></div>
            <hr size="1"/>
            <div class="stderr"><i>Stderr</i><br/>
                <pre></pre></div>
        </div>
    </a>
        
    <a name="151f62cd-2f4d-4119-b6de-3dede41cc618">
        <div class="testcase">
            <div class="details">
                <span class="testname"><b>Subject equals the expected value</b></span><br/>
                <span class="testclassname">tests/suites/http_status</span><br/>
                <span class="duration">Time Taken: 0.201s</span>
            </div>
            None
            
            <hr size="1"/>
            
            <div class="stdout"><i>Stdout</i><br/>
                <pre></pre></div>
            <hr size="1"/>
            <div class="stderr"><i>Stderr</i><br/>
                <pre></pre></div>
        </div>
    </a>
        
    <a name="f0295940-4cbc-4937-9fda-69167ebcda64">
        <div class="testcase">
            <div class="details">
                <span class="testname"><b>HTTP status code is: 405</b></span><br/>
                <span class="testclassname">tests/suites/http_status</span><br/>
                <span class="duration">Time Taken: 0.0s</span>
            </div>
            None
            
            <hr size="1"/>
            
            <div class="stdout"><i>Stdout</i><br/>
                <pre></pre></div>
            <hr size="1"/>
            <div class="stderr"><i>Stderr</i><br/>
                <pre></pre></div>
        </div>
    </a>
        
    <a name="7f5f4f18-ebdc-4a58-8c24-6659a91602cc">
        <div class="testcase">
            <div class="details">
                <span class="testname"><b>Subject equals the expected value</b></span><br/>
                <span class="testclassname">tests/suites/http_status</span><br/>
                <span class="duration">Time Taken: 0.2s</span>
            </div>
            None
            
            <hr size="1"/>
            
            <div class="stdout"><i>Stdout</i><br/>
                <pre></pre></div>
            <hr size="1"/>
            <div class="stderr"><i>Stderr</i><br/>
                <pre></pre></div>
        </div>
    </a>
        
    <a name="4d820640-c5f8-4115-ad26-54f203070f07">
        <div class="testcase">
            <div class="details">
                <span class="testname"><b>HTTP status code is: 406</b></span><br/>
                <span class="testclassname">tests/suites/http_status</span><br/>
                <span class="duration">Time Taken: 0.0s</span>
            </div>
            None
            
            <hr size="1"/>
            
            <div class="stdout"><i>Stdout</i><br/>
                <pre></pre></div>
            <hr size="1"/>
            <div class="stderr"><i>Stderr</i><br/>
                <pre></pre></div>
        </div>
    </a>
        
    <a name="6a84f16a-304b-4ddc-afad-514ff3fcaee3">
        <div class="testcase">
            <div class="details">
                <span class="testname"><b>Subject equals the expected value</b></span><br/>
                <span class="testclassname">tests/suites/http_status</span><br/>
                <span class="duration">Time Taken: 0.204s</span>
            </div>
            None
            
            <hr size="1"/>
            
            <div class="stdout"><i>Stdout</i><br/>
                <pre></pre></div>
            <hr size="1"/>
            <div class="stderr"><i>Stderr</i><br/>
                <pre></pre></div>
        </div>
    </a>
        
    <a name="b39d90d4-f6bb-44d6-b871-c1c73f2c62f8">
        <div class="testcase">
            <div class="details">
                <span class="testname"><b>HTTP status code is: 407</b></span><br/>
                <span class="testclassname">tests/suites/http_status</span><br/>
                <span class="duration">Time Taken: 0.001s</span>
            </div>
            None
            
            <hr size="1"/>
            
            <div class="stdout"><i>Stdout</i><br/>
                <pre></pre></div>
            <hr size="1"/>
            <div class="stderr"><i>Stderr</i><br/>
                <pre></pre></div>
        </div>
    </a>
        
    <a name="ab6f151f-b1e1-4945-8ad6-b3bc7b71a846">
        <div class="testcase">
            <div class="details">
                <span class="testname"><b>Subject equals the expected value</b></span><br/>
                <span class="testclassname">tests/suites/http_status</span><br/>
                <span class="duration">Time Taken: 0.196s</span>
            </div>
            None
            
            <hr size="1"/>
            
            <div class="stdout"><i>Stdout</i><br/>
                <pre></pre></div>
            <hr size="1"/>
            <div class="stderr"><i>Stderr</i><br/>
                <pre></pre></div>
        </div>
    </a>
        
    <a name="66431bab-49c1-45b3-931f-83b32b1f4fd6">
        <div class="testcase">
            <div class="details">
                <span class="testname"><b>HTTP status code is: 408</b></span><br/>
                <span class="testclassname">tests/suites/http_status</span><br/>
                <span class="duration">Time Taken: 0.0s</span>
            </div>
            None
            
            <hr size="1"/>
            
            <div class="stdout"><i>Stdout</i><br/>
                <pre></pre></div>
            <hr size="1"/>
            <div class="stderr"><i>Stderr</i><br/>
                <pre></pre></div>
        </div>
    </a>
        
    <a name="82f63da5-a3b8-4914-ab75-079e86969eb0">
        <div class="testcase">
            <div class="details">
                <span class="testname"><b>Subject equals the expected value</b></span><br/>
                <span class="testclassname">tests/suites/http_status</span><br/>
                <span class="duration">Time Taken: 0.2s</span>
            </div>
            None
            
            <hr size="1"/>
            
            <div class="stdout"><i>Stdout</i><br/>
                <pre></pre></div>
            <hr size="1"/>
            <div class="stderr"><i>Stderr</i><br/>
                <pre></pre></div>
        </div>
    </a>
        
    <a name="a9dace6e-8643-48ec-8a68-7c8945c526f7">
        <div class="testcase">
            <div class="details">
                <span class="testname"><b>HTTP status code is: 409</b></span><br/>
                <span class="testclassname">tests/suites/http_status</span><br/>
                <span class="duration">Time Taken: 0.0s</span>
            </div>
            None
            
            <hr size="1"/>
            
            <div class="stdout"><i>Stdout</i><br/>
                <pre></pre></div>
            <hr size="1"/>
            <div class="stderr"><i>Stderr</i><br/>
                <pre></pre></div>
        </div>
    </a>
        
    <a name="684e59fc-d430-4422-b3dd-5be4e547bdaa">
        <div class="testcase">
            <div class="details">
                <span class="testname"><b>Subject equals the expected value</b></span><br/>
                <span class="testclassname">tests/suites/http_status</span><br/>
                <span class="duration">Time Taken: 0.201s</span>
            </div>
            None
            
            <hr size="1"/>
            
            <div class="stdout"><i>Stdout</i><br/>
                <pre></pre></div>
            <hr size="1"/>
            <div class="stderr"><i>Stderr</i><br/>
                <pre></pre></div>
        </div>
    </a>
        
    <a name="df5cb5d5-da84-41cc-8e90-296dfd12d42f">
        <div class="testcase">
            <div class="details">
                <span class="testname"><b>HTTP status code is: 410</b></span><br/>
                <span class="testclassname">tests/suites/http_status</span><br/>
                <span class="duration">Time Taken: 0.0s</span>
            </div>
            None
            
            <hr size="1"/>
            
            <div class="stdout"><i>Stdout</i><br/>
                <pre></pre></div>
            <hr size="1"/>
            <div class="stderr"><i>Stderr</i><br/>
                <pre></pre></div>
        </div>
    </a>
        
    <a name="37a42332-e98b-4d9c-a82d-2472e0a2e019">
        <div class="testcase">
            <div class="details">
                <span class="testname"><b>Subject equals the expected value</b></span><br/>
                <span class="testclassname">tests/suites/http_status</span><br/>
                <span class="duration">Time Taken: 0.199s</span>
            </div>
            None
            
            <hr size="1"/>
            
            <div class="stdout"><i>Stdout</i><br/>
                <pre></pre></div>
            <hr size="1"/>
            <div class="stderr"><i>Stderr</i><br/>
                <pre></pre></div>
        </div>
    </a>
        
    <a name="a7b8adb2-14a9-4531-b79b-056d8e030be6">
        <div class="testcase">
            <div class="details">
                <span class="testname"><b>HTTP status code is: 411</b></span><br/>
                <span class="testclassname">tests/suites/http_status</span><br/>
                <span class="duration">Time Taken: 0.001s</span>
            </div>
            None
            
            <hr size="1"/>
            
            <div class="stdout"><i>Stdout</i><br/>
                <pre></pre></div>
            <hr size="1"/>
            <div class="stderr"><i>Stderr</i><br/>
                <pre></pre></div>
        </div>
    </a>
        
    <a name="e675936c-a102-4bf9-bf83-5b4a6ec87d2f">
        <div class="testcase">
            <div class="details">
                <span class="testname"><b>Subject equals the expected value</b></span><br/>
                <span class="testclassname">tests/suites/http_status</span><br/>
                <span class="duration">Time Taken: 0.201s</span>
            </div>
            None
            
            <hr size="1"/>
            
            <div class="stdout"><i>Stdout</i><br/>
                <pre></pre></div>
            <hr size="1"/>
            <div class="stderr"><i>Stderr</i><br/>
                <pre></pre></div>
        </div>
    </a>
        
    <a name="d77c5913-6daf-4745-8729-081fc8813453">
        <div class="testcase">
            <div class="details">
                <span class="testname"><b>HTTP status code is: 412</b></span><br/>
                <span class="testclassname">tests/suites/http_status</span><br/>
                <span class="duration">Time Taken: 0.0s</span>
            </div>
            None
            
            <hr size="1"/>
            
            <div class="stdout"><i>Stdout</i><br/>
                <pre></pre></div>
            <hr size="1"/>
            <div class="stderr"><i>Stderr</i><br/>
                <pre></pre></div>
        </div>
    </a>
        
    <a name="09e4c694-470f-4bda-a705-11165d94f2d5">
        <div class="testcase">
            <div class="details">
                <span class="testname"><b>Subject equals the expected value</b></span><br/>
                <span class="testclassname">tests/suites/http_status</span><br/>
                <span class="duration">Time Taken: 0.199s</span>
            </div>
            None
            
            <hr size="1"/>
            
            <div class="stdout"><i>Stdout</i><br/>
                <pre></pre></div>
            <hr size="1"/>
            <div class="stderr"><i>Stderr</i><br/>
                <pre></pre></div>
        </div>
    </a>
        
    <a name="20898ed7-895f-480a-8340-5ed5de07cb5e">
        <div class="testcase">
            <div class="details">
                <span class="testname"><b>HTTP status code is: 413</b></span><br/>
                <span class="testclassname">tests/suites/http_status</span><br/>
                <span class="duration">Time Taken: 0.0s</span>
            </div>
            None
            
            <hr size="1"/>
            
            <div class="stdout"><i>Stdout</i><br/>
                <pre></pre></div>
            <hr size="1"/>
            <div class="stderr"><i>Stderr</i><br/>
                <pre></pre></div>
        </div>
    </a>
        
    <a name="e7f23401-760e-41fa-91e0-acbec403aad1">
        <div class="testcase">
            <div class="details">
                <span class="testname"><b>Subject equals the expected value</b></span><br/>
                <span class="testclassname">tests/suites/http_status</span><br/>
                <span class="duration">Time Taken: 0.202s</span>
            </div>
            None
            
            <hr size="1"/>
            
            <div class="stdout"><i>Stdout</i><br/>
                <pre></pre></div>
            <hr size="1"/>
            <div class="stderr"><i>Stderr</i><br/>
                <pre></pre></div>
        </div>
    </a>
        
    <a name="598ace96-6d0e-48f6-91d6-49286201e35c">
        <div class="testcase">
            <div class="details">
                <span class="testname"><b>HTTP status code is: 414</b></span><br/>
                <span class="testclassname">tests/suites/http_status</span><br/>
                <span class="duration">Time Taken: 0.0s</span>
            </div>
            None
            
            <hr size="1"/>
            
            <div class="stdout"><i>Stdout</i><br/>
                <pre></pre></div>
            <hr size="1"/>
            <div class="stderr"><i>Stderr</i><br/>
                <pre></pre></div>
        </div>
    </a>
        
    <a name="8e2a75b0-6f8f-43d2-8662-c65a3e5d3988">
        <div class="testcase">
            <div class="details">
                <span class="testname"><b>Subject equals the expected value</b></span><br/>
                <span class="testclassname">tests/suites/http_status</span><br/>
                <span class="duration">Time Taken: 0.2s</span>
            </div>
            None
            
            <hr size="1"/>
            
            <div class="stdout"><i>Stdout</i><br/>
                <pre></pre></div>
            <hr size="1"/>
            <div class="stderr"><i>Stderr</i><br/>
                <pre></pre></div>
        </div>
    </a>
        
    <a name="c69b55f0-cc84-49ec-a75c-d12da7b2ce3e">
        <div class="testcase">
            <div class="details">
                <span class="testname"><b>HTTP status code is: 415</b></span><br/>
                <span class="testclassname">tests/suites/http_status</span><br/>
                <span class="duration">Time Taken: 0.0s</span>
            </div>
            None
            
            <hr size="1"/>
            
            <div class="stdout"><i>Stdout</i><br/>
                <pre></pre></div>
            <hr size="1"/>
            <div class="stderr"><i>Stderr</i><br/>
                <pre></pre></div>
        </div>
    </a>
        
    <a name="0242539f-fe79-4fae-8843-8ba59c54d3c0">
        <div class="testcase">
            <div class="details">
                <span class="testname"><b>Subject equals the expected value</b></span><br/>
                <span class="testclassname">tests/suites/http_status</span><br/>
                <span class="duration">Time Taken: 0.201s</span>
            </div>
            None
            
            <hr size="1"/>
            
            <div class="stdout"><i>Stdout</i><br/>
                <pre></pre></div>
            <hr size="1"/>
            <div class="stderr"><i>Stderr</i><br/>
                <pre></pre></div>
        </div>
    </a>
        
    <a name="85ea26ff-9bed-4b05-b8c1-25cfc78c4b24">
        <div class="testcase">
            <div class="details">
                <span class="testname"><b>HTTP status code is: 416</b></span><br/>
                <span class="testclassname">tests/suites/http_status</span><br/>
                <span class="duration">Time Taken: 0.0s</span>
            </div>
            None
            
            <hr size="1"/>
            
            <div class="stdout"><i>Stdout</i><br/>
                <pre></pre></div>
            <hr size="1"/>
            <div class="stderr"><i>Stderr</i><br/>
                <pre></pre></div>
        </div>
    </a>
        
    <a name="06a066f2-4e06-4edd-84a0-3288085d08a1">
        <div class="testcase">
            <div class="details">
                <span class="testname"><b>Subject equals the expected value</b></span><br/>
                <span class="testclassname">tests/suites/http_status</span><br/>
                <span class="duration">Time Taken: 0.2s</span>
            </div>
            None
            
            <hr size="1"/>
            
            <div class="stdout"><i>Stdout</i><br/>
                <pre></pre></div>
            <hr size="1"/>
            <div class="stderr"><i>Stderr</i><br/>
                <pre></pre></div>
        </div>
    </a>
        
    <a name="2bb47015-fe72-44ce-8516-43a4e759ad55">
        <div class="testcase">
            <div class="details">
                <span class="testname"><b>HTTP status code is: 417</b></span><br/>
                <span class="testclassname">tests/suites/http_status</span><br/>
                <span class="duration">Time Taken: 0.0s</span>
            </div>
            None
            
            <hr size="1"/>
            
            <div class="stdout"><i>Stdout</i><br/>
                <pre></pre></div>
            <hr size="1"/>
            <div class="stderr"><i>Stderr</i><br/>
                <pre></pre></div>
        </div>
    </a>
        
    <a name="b25ff5c9-9279-4edc-a3b3-c902e9db7b30">
        <div class="testcase">
            <div class="details">
                <span class="testname"><b>Subject equals the expected value</b></span><br/>
                <span class="testclassname">tests/suites/http_status</span><br/>
                <span class="duration">Time Taken: 0.2s</span>
            </div>
            None
            
            <hr size="1"/>
            
            <div class="stdout"><i>Stdout</i><br/>
                <pre></pre></div>
            <hr size="1"/>
            <div class="stderr"><i>Stderr</i><br/>
                <pre></pre></div>
        </div>
    </a>
        
    <a name="0a98b016-c91e-4108-bb7c-a21ba4385418">
        <div class="testcase">
            <div class="details">
                <span class="testname"><b>HTTP status code is: 418</b></span><br/>
                <span class="testclassname">tests/suites/http_status</span><br/>
                <span class="duration">Time Taken: 0.0s</span>
            </div>
            None
            
            <hr size="1"/>
            
            <div class="stdout"><i>Stdout</i><br/>
                <pre></pre></div>
            <hr size="1"/>
            <div class="stderr"><i>Stderr</i><br/>
                <pre></pre></div>
        </div>
    </a>
        
    <a name="b5dad341-bb6a-46df-8b66-49ec3d606adf">
        <div class="testcase">
            <div class="details">
                <span class="testname"><b>Subject equals the expected value</b></span><br/>
                <span class="testclassname">tests/suites/http_status</span><br/>
                <span class="duration">Time Taken: 0.201s</span>
            </div>
            None
            
            <hr size="1"/>
            
            <div class="stdout"><i>Stdout</i><br/>
                <pre></pre></div>
            <hr size="1"/>
            <div class="stderr"><i>Stderr</i><br/>
                <pre></pre></div>
        </div>
    </a>
        
    <a name="7a782622-b947-442f-b78e-defaf91bcb9a">
        <div class="testcase">
            <div class="details">
                <span class="testname"><b>HTTP status code is: 422</b></span><br/>
                <span class="testclassname">tests/suites/http_status</span><br/>
                <span class="duration">Time Taken: 0.001s</span>
            </div>
            None
            
            <hr size="1"/>
            
            <div class="stdout"><i>Stdout</i><br/>
                <pre></pre></div>
            <hr size="1"/>
            <div class="stderr"><i>Stderr</i><br/>
                <pre></pre></div>
        </div>
    </a>
        
    <a name="1f230775-f88b-46b0-80fe-d055e8b2f9d0">
        <div class="testcase">
            <div class="details">
                <span class="testname"><b>Subject equals the expected value</b></span><br/>
                <span class="testclassname">tests/suites/http_status</span><br/>
                <span class="duration">Time Taken: 0.201s</span>
            </div>
            None
            
            <hr size="1"/>
            
            <div class="stdout"><i>Stdout</i><br/>
                <pre></pre></div>
            <hr size="1"/>
            <div class="stderr"><i>Stderr</i><br/>
                <pre></pre></div>
        </div>
    </a>
        
    <a name="974ae423-9302-4390-acab-261671a2a0a8">
        <div class="testcase">
            <div class="details">
                <span class="testname"><b>HTTP status code is: 423</b></span><br/>
                <span class="testclassname">tests/suites/http_status</span><br/>
                <span class="duration">Time Taken: 0.0s</span>
            </div>
            None
            
            <hr size="1"/>
            
            <div class="stdout"><i>Stdout</i><br/>
                <pre></pre></div>
            <hr size="1"/>
            <div class="stderr"><i>Stderr</i><br/>
                <pre></pre></div>
        </div>
    </a>
        
    <a name="5a6d04b7-39b9-40e0-be32-c1703667f0f2">
        <div class="testcase">
            <div class="details">
                <span class="testname"><b>Subject equals the expected value</b></span><br/>
                <span class="testclassname">tests/suites/http_status</span><br/>
                <span class="duration">Time Taken: 0.199s</span>
            </div>
            None
            
            <hr size="1"/>
            
            <div class="stdout"><i>Stdout</i><br/>
                <pre></pre></div>
            <hr size="1"/>
            <div class="stderr"><i>Stderr</i><br/>
                <pre></pre></div>
        </div>
    </a>
        
    <a name="1a3757ab-334a-40d6-a7e5-f7537c787b43">
        <div class="testcase">
            <div class="details">
                <span class="testname"><b>HTTP status code is: 424</b></span><br/>
                <span class="testclassname">tests/suites/http_status</span><br/>
                <span class="duration">Time Taken: 0.0s</span>
            </div>
            None
            
            <hr size="1"/>
            
            <div class="stdout"><i>Stdout</i><br/>
                <pre></pre></div>
            <hr size="1"/>
            <div class="stderr"><i>Stderr</i><br/>
                <pre></pre></div>
        </div>
    </a>
        
    <a name="3cc7ed48-ba60-4cf3-8bcf-5508420ffcc0">
        <div class="testcase">
            <div class="details">
                <span class="testname"><b>Subject equals the expected value</b></span><br/>
                <span class="testclassname">tests/suites/http_status</span><br/>
                <span class="duration">Time Taken: 0.201s</span>
            </div>
            None
            
            <hr size="1"/>
            
            <div class="stdout"><i>Stdout</i><br/>
                <pre></pre></div>
            <hr size="1"/>
            <div class="stderr"><i>Stderr</i><br/>
                <pre></pre></div>
        </div>
    </a>
        
    <a name="db8e4aa5-d604-4dd3-a750-5090ffeb8192">
        <div class="testcase">
            <div class="details">
                <span class="testname"><b>HTTP status code is: 425</b></span><br/>
                <span class="testclassname">tests/suites/http_status</span><br/>
                <span class="duration">Time Taken: 0.0s</span>
            </div>
            None
            
            <hr size="1"/>
            
            <div class="stdout"><i>Stdout</i><br/>
                <pre></pre></div>
            <hr size="1"/>
            <div class="stderr"><i>Stderr</i><br/>
                <pre></pre></div>
        </div>
    </a>
        
    <a name="6d5278ca-b8d5-49d7-8669-1796f5561ffc">
        <div class="testcase">
            <div class="details">
                <span class="testname"><b>Subject equals the expected value</b></span><br/>
                <span class="testclassname">tests/suites/http_status</span><br/>
                <span class="duration">Time Taken: 0.2s</span>
            </div>
            None
            
            <hr size="1"/>
            
            <div class="stdout"><i>Stdout</i><br/>
                <pre></pre></div>
            <hr size="1"/>
            <div class="stderr"><i>Stderr</i><br/>
                <pre></pre></div>
        </div>
    </a>
        
    <a name="af62a29f-540b-4d32-903d-4b658d2419b8">
        <div class="testcase">
            <div class="details">
                <span class="testname"><b>HTTP status code is: 426</b></span><br/>
                <span class="testclassname">tests/suites/http_status</span><br/>
                <span class="duration">Time Taken: 0.0s</span>
            </div>
            None
            
            <hr size="1"/>
            
            <div class="stdout"><i>Stdout</i><br/>
                <pre></pre></div>
            <hr size="1"/>
            <div class="stderr"><i>Stderr</i><br/>
                <pre></pre></div>
        </div>
    </a>
        
    <a name="19583578-6f2e-499f-80f4-000dd04901de">
        <div class="testcase">
            <div class="details">
                <span class="testname"><b>Subject equals the expected value</b></span><br/>
                <span class="testclassname">tests/suites/http_status</span><br/>
                <span class="duration">Time Taken: 0.201s</span>
            </div>
            None
            
            <hr size="1"/>
            
            <div class="stdout"><i>Stdout</i><br/>
                <pre></pre></div>
            <hr size="1"/>
            <div class="stderr"><i>Stderr</i><br/>
                <pre></pre></div>
        </div>
    </a>
        
    <a name="5076e327-784d-4e13-a3f1-72538e978d06">
        <div class="testcase">
            <div class="details">
                <span class="testname"><b>HTTP status code is: 449</b></span><br/>
                <span class="testclassname">tests/suites/http_status</span><br/>
                <span class="duration">Time Taken: 0.0s</span>
            </div>
            None
            
            <hr size="1"/>
            
            <div class="stdout"><i>Stdout</i><br/>
                <pre></pre></div>
            <hr size="1"/>
            <div class="stderr"><i>Stderr</i><br/>
                <pre></pre></div>
        </div>
    </a>
        
    <a name="bc4d249a-88fb-4096-8134-054e0d831425">
        <div class="testcase">
            <div class="details">
                <span class="testname"><b>Subject equals the expected value</b></span><br/>
                <span class="testclassname">tests/suites/http_status</span><br/>
                <span class="duration">Time Taken: 0.2s</span>
            </div>
            None
            
            <hr size="1"/>
            
            <div class="stdout"><i>Stdout</i><br/>
                <pre></pre></div>
            <hr size="1"/>
            <div class="stderr"><i>Stderr</i><br/>
                <pre></pre></div>
        </div>
    </a>
        
    <a name="1fd2c85c-0ead-4072-9931-531eec6492a0">
        <div class="testcase">
            <div class="details">
                <span class="testname"><b>HTTP status code is: 450</b></span><br/>
                <span class="testclassname">tests/suites/http_status</span><br/>
                <span class="duration">Time Taken: 0.001s</span>
            </div>
            None
            
            <hr size="1"/>
            
            <div class="stdout"><i>Stdout</i><br/>
                <pre></pre></div>
            <hr size="1"/>
            <div class="stderr"><i>Stderr</i><br/>
                <pre></pre></div>
        </div>
    </a>
        
    <a name="16a470e6-41d2-42c6-ab13-336e18bafb6d">
        <div class="testcase">
            <div class="details">
                <span class="testname"><b>Subject equals the expected value</b></span><br/>
                <span class="testclassname">tests/suites/http_status</span><br/>
                <span class="duration">Time Taken: 0.2s</span>
            </div>
            None
            
            <hr size="1"/>
            
            <div class="stdout"><i>Stdout</i><br/>
                <pre></pre></div>
            <hr size="1"/>
            <div class="stderr"><i>Stderr</i><br/>
                <pre></pre></div>
        </div>
    </a>
        
    <a name="9885585f-6739-42ec-a116-606414db3e3e">
        <div class="testcase">
            <div class="details">
                <span class="testname"><b>HTTP status code is: 500</b></span><br/>
                <span class="testclassname">tests/suites/http_status</span><br/>
                <span class="duration">Time Taken: 0.0s</span>
            </div>
            None
            
            <hr size="1"/>
            
            <div class="stdout"><i>Stdout</i><br/>
                <pre></pre></div>
            <hr size="1"/>
            <div class="stderr"><i>Stderr</i><br/>
                <pre></pre></div>
        </div>
    </a>
        
    <a name="275d1e48-422b-4c3f-bd71-c96ce39b4d19">
        <div class="testcase">
            <div class="details">
                <span class="testname"><b>Subject equals the expected value</b></span><br/>
                <span class="testclassname">tests/suites/http_status</span><br/>
                <span class="duration">Time Taken: 0.2s</span>
            </div>
            None
            
            <hr size="1"/>
            
            <div class="stdout"><i>Stdout</i><br/>
                <pre></pre></div>
            <hr size="1"/>
            <div class="stderr"><i>Stderr</i><br/>
                <pre></pre></div>
        </div>
    </a>
        
    <a name="c070b3ff-f731-4cfd-8ad0-645e346cc01f">
        <div class="testcase">
            <div class="details">
                <span class="testname"><b>HTTP status code is: 501</b></span><br/>
                <span class="testclassname">tests/suites/http_status</span><br/>
                <span class="duration">Time Taken: 0.0s</span>
            </div>
            None
            
            <hr size="1"/>
            
            <div class="stdout"><i>Stdout</i><br/>
                <pre></pre></div>
            <hr size="1"/>
            <div class="stderr"><i>Stderr</i><br/>
                <pre></pre></div>
        </div>
    </a>
        
    <a name="29f0bc3b-2082-4e08-8f2d-55a99bfb5b86">
        <div class="testcase">
            <div class="details">
                <span class="testname"><b>Subject equals the expected value</b></span><br/>
                <span class="testclassname">tests/suites/http_status</span><br/>
                <span class="duration">Time Taken: 0.201s</span>
            </div>
            None
            
            <hr size="1"/>
            
            <div class="stdout"><i>Stdout</i><br/>
                <pre></pre></div>
            <hr size="1"/>
            <div class="stderr"><i>Stderr</i><br/>
                <pre></pre></div>
        </div>
    </a>
        
    <a name="2ca118ad-7948-43a9-b9be-dc9e05629770">
        <div class="testcase">
            <div class="details">
                <span class="testname"><b>HTTP status code is: 502</b></span><br/>
                <span class="testclassname">tests/suites/http_status</span><br/>
                <span class="duration">Time Taken: 0.0s</span>
            </div>
            None
            
            <hr size="1"/>
            
            <div class="stdout"><i>Stdout</i><br/>
                <pre></pre></div>
            <hr size="1"/>
            <div class="stderr"><i>Stderr</i><br/>
                <pre></pre></div>
        </div>
    </a>
        
    <a name="85ad728c-7c28-4f2d-8f7a-f8723c188a6c">
        <div class="testcase">
            <div class="details">
                <span class="testname"><b>Subject equals the expected value</b></span><br/>
                <span class="testclassname">tests/suites/http_status</span><br/>
                <span class="duration">Time Taken: 0.202s</span>
            </div>
            None
            
            <hr size="1"/>
            
            <div class="stdout"><i>Stdout</i><br/>
                <pre></pre></div>
            <hr size="1"/>
            <div class="stderr"><i>Stderr</i><br/>
                <pre></pre></div>
        </div>
    </a>
        
    <a name="475137f2-16a6-443b-9fdd-7600617275ea">
        <div class="testcase">
            <div class="details">
                <span class="testname"><b>HTTP status code is: 503</b></span><br/>
                <span class="testclassname">tests/suites/http_status</span><br/>
                <span class="duration">Time Taken: 0.0s</span>
            </div>
            None
            
            <hr size="1"/>
            
            <div class="stdout"><i>Stdout</i><br/>
                <pre></pre></div>
            <hr size="1"/>
            <div class="stderr"><i>Stderr</i><br/>
                <pre></pre></div>
        </div>
    </a>
        
    <a name="c903ea42-a45e-439b-adac-dd39970bea83">
        <div class="testcase">
            <div class="details">
                <span class="testname"><b>Subject equals the expected value</b></span><br/>
                <span class="testclassname">tests/suites/http_status</span><br/>
                <span class="duration">Time Taken: 0.2s</span>
            </div>
            None
            
            <hr size="1"/>
            
            <div class="stdout"><i>Stdout</i><br/>
                <pre></pre></div>
            <hr size="1"/>
            <div class="stderr"><i>Stderr</i><br/>
                <pre></pre></div>
        </div>
    </a>
        
    <a name="41ef472b-7a01-46ce-aedb-37ce9b35dca3">
        <div class="testcase">
            <div class="details">
                <span class="testname"><b>HTTP status code is: 504</b></span><br/>
                <span class="testclassname">tests/suites/http_status</span><br/>
                <span class="duration">Time Taken: 0.0s</span>
            </div>
            None
            
            <hr size="1"/>
            
            <div class="stdout"><i>Stdout</i><br/>
                <pre></pre></div>
            <hr size="1"/>
            <div class="stderr"><i>Stderr</i><br/>
                <pre></pre></div>
        </div>
    </a>
        
    <a name="29236343-8f75-463b-a08d-28cb10f4209b">
        <div class="testcase">
            <div class="details">
                <span class="testname"><b>Subject equals the expected value</b></span><br/>
                <span class="testclassname">tests/suites/http_status</span><br/>
                <span class="duration">Time Taken: 0.2s</span>
            </div>
            None
            
            <hr size="1"/>
            
            <div class="stdout"><i>Stdout</i><br/>
                <pre></pre></div>
            <hr size="1"/>
            <div class="stderr"><i>Stderr</i><br/>
                <pre></pre></div>
        </div>
    </a>
        
    <a name="2580fdeb-da37-4e63-9953-fd13c762f176">
        <div class="testcase">
            <div class="details">
                <span class="testname"><b>HTTP status code is: 505</b></span><br/>
                <span class="testclassname">tests/suites/http_status</span><br/>
                <span class="duration">Time Taken: 0.0s</span>
            </div>
            None
            
            <hr size="1"/>
            
            <div class="stdout"><i>Stdout</i><br/>
                <pre></pre></div>
            <hr size="1"/>
            <div class="stderr"><i>Stderr</i><br/>
                <pre></pre></div>
        </div>
    </a>
        
    <a name="63c407d9-21bb-46b2-840d-5b9edab79c96">
        <div class="testcase">
            <div class="details">
                <span class="testname"><b>Subject equals the expected value</b></span><br/>
                <span class="testclassname">tests/suites/http_status</span><br/>
                <span class="duration">Time Taken: 0.201s</span>
            </div>
            None
            
            <hr size="1"/>
            
            <div class="stdout"><i>Stdout</i><br/>
                <pre></pre></div>
            <hr size="1"/>
            <div class="stderr"><i>Stderr</i><br/>
                <pre></pre></div>
        </div>
    </a>
        
    <a name="778c12e3-2df6-4864-8b4d-d6e6bbb4e14c">
        <div class="testcase">
            <div class="details">
                <span class="testname"><b>HTTP status code is: 507</b></span><br/>
                <span class="testclassname">tests/suites/http_status</span><br/>
                <span class="duration">Time Taken: 0.0s</span>
            </div>
            None
            
            <hr size="1"/>
            
            <div class="stdout"><i>Stdout</i><br/>
                <pre></pre></div>
            <hr size="1"/>
            <div class="stderr"><i>Stderr</i><br/>
                <pre></pre></div>
        </div>
    </a>
        
    <a name="f23d33c8-b2ea-4046-8b40-02794ce46857">
        <div class="testcase">
            <div class="details">
                <span class="testname"><b>Subject equals the expected value</b></span><br/>
                <span class="testclassname">tests/suites/http_status</span><br/>
                <span class="duration">Time Taken: 0.202s</span>
            </div>
            None
            
            <hr size="1"/>
            
            <div class="stdout"><i>Stdout</i><br/>
                <pre></pre></div>
            <hr size="1"/>
            <div class="stderr"><i>Stderr</i><br/>
                <pre></pre></div>
        </div>
    </a>
        
    <a name="e2ac8767-e1fd-41ec-befd-0a44665255c7">
        <div class="testcase">
            <div class="details">
                <span class="testname"><b>HTTP status code is: 509</b></span><br/>
                <span class="testclassname">tests/suites/http_status</span><br/>
                <span class="duration">Time Taken: 0.0s</span>
            </div>
            None
            
            <hr size="1"/>
            
            <div class="stdout"><i>Stdout</i><br/>
                <pre></pre></div>
            <hr size="1"/>
            <div class="stderr"><i>Stderr</i><br/>
                <pre></pre></div>
        </div>
    </a>
        
            </div>
        </div>
        </a>
        
            </div>
        </div>
        
        <div class="testsuite">
            <h2>Test Suite: Untitled suite in /Users/niko/Sites/casperjs/tests/suites/injector.js</h2><a name="a83e0cfa-408a-4a42-9ad3-b7c012a89533">
            Package: tests/suites/injector<br/>
            
            <table>
            <tr><th align="left">Duration</th><td align="right">0.208 sec</td></tr>
            <tr><th align="left">Test Cases</th><td align="right">12</td></tr>
            <tr><th align="left">Failures</th><td align="right">0</td></tr>
            </table>
            <a name="toc"></a>
            <h2>Results Index</h2>
            
        <ul>
            
            
            <li>All Test Classes
            <ul>
            <li>
                <a href="#1eac7a0c-fcb0-47c0-9216-f7166acc027e">tests/suites/injector</a>
                <ul>
                
                    <li>
                        <a href="#37140538-323e-4cf4-ad95-5540d6ae8771">FunctionArgsInjector.extract() returns an object</a>
                    </li>
                    
                    <li>
                        <a href="#5aaead26-5a03-438c-ab03-fc0bfef12d0a">FunctionArgsInjector.extract() process function name as expected</a>
                    </li>
                    
                    <li>
                        <a href="#f5fd18c3-ceeb-4722-83ce-d6723d37228c">FunctionArgsInjector.extract() process function body as expected</a>
                    </li>
                    
                    <li>
                        <a href="#d14b49b9-f016-4166-b593-e98d10854cf4">FunctionArgsInjector.extract() process function args as expected</a>
                    </li>
                    
                    <li>
                        <a href="#f94cc287-babe-4816-b611-e1c3d1fd2063">FunctionArgsInjector.extract() handles named functions with arguments and body</a>
                    </li>
                    
                    <li>
                        <a href="#3bfb63ca-c8f9-4df5-bcf6-dfea4a19f56a">FunctionArgsInjector.extract() handles functions with no arguments</a>
                    </li>
                    
                    <li>
                        <a href="#03e53ed4-9aa9-48f2-8dd3-000eaf68d4ca">FunctionArgsInjector.extract() handles functions with no body</a>
                    </li>
                    
                    <li>
                        <a href="#d30c7c07-9ca7-469a-b6c4-274ae0baea91">FunctionArgsInjector.extract() handles anonymous functions with complex args passed</a>
                    </li>
                    
                    <li>
                        <a href="#f16f6691-af67-408d-be41-84915a039a20">FunctionArgsInjector.extract() handles can filter comments in function args</a>
                    </li>
                    
                    <li>
                        <a href="#6988782f-8b46-4bea-aec6-9bef271e7247">FunctionArgsInjector.process() processed a function</a>
                    </li>
                    
                    <li>
                        <a href="#ebb03d8b-49fc-4419-bd68-adade365c98f">FunctionArgsInjector.process() processed the function correctly</a>
                    </li>
                    
                    <li>
                        <a href="#f2cad0f7-a653-4a5d-9e6d-0b351b3e0918">FunctionArgsInjector.process() has issue #129 fixed</a>
                    </li>
                    
                </ul>
            </li>
            </ul>
            </li>
        </ul>
        
            <hr size="2"/>
            <h2>Test Results</h2>
            <div class="testclasses">
            
        <hr size="2"/>
        <a name="1eac7a0c-fcb0-47c0-9216-f7166acc027e">
        <div class="testclass">
            <div>Test Class: tests/suites/injector</div>
            <div class="testcases">
            
    <a name="37140538-323e-4cf4-ad95-5540d6ae8771">
        <div class="testcase">
            <div class="details">
                <span class="testname"><b>FunctionArgsInjector.extract() returns an object</b></span><br/>
                <span class="testclassname">tests/suites/injector</span><br/>
                <span class="duration">Time Taken: 0.204s</span>
            </div>
            None
            
            <hr size="1"/>
            
            <div class="stdout"><i>Stdout</i><br/>
                <pre></pre></div>
            <hr size="1"/>
            <div class="stderr"><i>Stderr</i><br/>
                <pre></pre></div>
        </div>
    </a>
        
    <a name="5aaead26-5a03-438c-ab03-fc0bfef12d0a">
        <div class="testcase">
            <div class="details">
                <span class="testname"><b>FunctionArgsInjector.extract() process function name as expected</b></span><br/>
                <span class="testclassname">tests/suites/injector</span><br/>
                <span class="duration">Time Taken: 0.0s</span>
            </div>
            None
            
            <hr size="1"/>
            
            <div class="stdout"><i>Stdout</i><br/>
                <pre></pre></div>
            <hr size="1"/>
            <div class="stderr"><i>Stderr</i><br/>
                <pre></pre></div>
        </div>
    </a>
        
    <a name="f5fd18c3-ceeb-4722-83ce-d6723d37228c">
        <div class="testcase">
            <div class="details">
                <span class="testname"><b>FunctionArgsInjector.extract() process function body as expected</b></span><br/>
                <span class="testclassname">tests/suites/injector</span><br/>
                <span class="duration">Time Taken: 0.001s</span>
            </div>
            None
            
            <hr size="1"/>
            
            <div class="stdout"><i>Stdout</i><br/>
                <pre></pre></div>
            <hr size="1"/>
            <div class="stderr"><i>Stderr</i><br/>
                <pre></pre></div>
        </div>
    </a>
        
    <a name="d14b49b9-f016-4166-b593-e98d10854cf4">
        <div class="testcase">
            <div class="details">
                <span class="testname"><b>FunctionArgsInjector.extract() process function args as expected</b></span><br/>
                <span class="testclassname">tests/suites/injector</span><br/>
                <span class="duration">Time Taken: 0.0s</span>
            </div>
            None
            
            <hr size="1"/>
            
            <div class="stdout"><i>Stdout</i><br/>
                <pre></pre></div>
            <hr size="1"/>
            <div class="stderr"><i>Stderr</i><br/>
                <pre></pre></div>
        </div>
    </a>
        
    <a name="f94cc287-babe-4816-b611-e1c3d1fd2063">
        <div class="testcase">
            <div class="details">
                <span class="testname"><b>FunctionArgsInjector.extract() handles named functions with arguments and body</b></span><br/>
                <span class="testclassname">tests/suites/injector</span><br/>
                <span class="duration">Time Taken: 0.0s</span>
            </div>
            None
            
            <hr size="1"/>
            
            <div class="stdout"><i>Stdout</i><br/>
                <pre></pre></div>
            <hr size="1"/>
            <div class="stderr"><i>Stderr</i><br/>
                <pre></pre></div>
        </div>
    </a>
        
    <a name="3bfb63ca-c8f9-4df5-bcf6-dfea4a19f56a">
        <div class="testcase">
            <div class="details">
                <span class="testname"><b>FunctionArgsInjector.extract() handles functions with no arguments</b></span><br/>
                <span class="testclassname">tests/suites/injector</span><br/>
                <span class="duration">Time Taken: 0.0s</span>
            </div>
            None
            
            <hr size="1"/>
            
            <div class="stdout"><i>Stdout</i><br/>
                <pre></pre></div>
            <hr size="1"/>
            <div class="stderr"><i>Stderr</i><br/>
                <pre></pre></div>
        </div>
    </a>
        
    <a name="03e53ed4-9aa9-48f2-8dd3-000eaf68d4ca">
        <div class="testcase">
            <div class="details">
                <span class="testname"><b>FunctionArgsInjector.extract() handles functions with no body</b></span><br/>
                <span class="testclassname">tests/suites/injector</span><br/>
                <span class="duration">Time Taken: 0.001s</span>
            </div>
            None
            
            <hr size="1"/>
            
            <div class="stdout"><i>Stdout</i><br/>
                <pre></pre></div>
            <hr size="1"/>
            <div class="stderr"><i>Stderr</i><br/>
                <pre></pre></div>
        </div>
    </a>
        
    <a name="d30c7c07-9ca7-469a-b6c4-274ae0baea91">
        <div class="testcase">
            <div class="details">
                <span class="testname"><b>FunctionArgsInjector.extract() handles anonymous functions with complex args passed</b></span><br/>
                <span class="testclassname">tests/suites/injector</span><br/>
                <span class="duration">Time Taken: 0.0s</span>
            </div>
            None
            
            <hr size="1"/>
            
            <div class="stdout"><i>Stdout</i><br/>
                <pre></pre></div>
            <hr size="1"/>
            <div class="stderr"><i>Stderr</i><br/>
                <pre></pre></div>
        </div>
    </a>
        
    <a name="f16f6691-af67-408d-be41-84915a039a20">
        <div class="testcase">
            <div class="details">
                <span class="testname"><b>FunctionArgsInjector.extract() handles can filter comments in function args</b></span><br/>
                <span class="testclassname">tests/suites/injector</span><br/>
                <span class="duration">Time Taken: 0.0s</span>
            </div>
            None
            
            <hr size="1"/>
            
            <div class="stdout"><i>Stdout</i><br/>
                <pre></pre></div>
            <hr size="1"/>
            <div class="stderr"><i>Stderr</i><br/>
                <pre></pre></div>
        </div>
    </a>
        
    <a name="6988782f-8b46-4bea-aec6-9bef271e7247">
        <div class="testcase">
            <div class="details">
                <span class="testname"><b>FunctionArgsInjector.process() processed a function</b></span><br/>
                <span class="testclassname">tests/suites/injector</span><br/>
                <span class="duration">Time Taken: 0.001s</span>
            </div>
            None
            
            <hr size="1"/>
            
            <div class="stdout"><i>Stdout</i><br/>
                <pre></pre></div>
            <hr size="1"/>
            <div class="stderr"><i>Stderr</i><br/>
                <pre></pre></div>
        </div>
    </a>
        
    <a name="ebb03d8b-49fc-4419-bd68-adade365c98f">
        <div class="testcase">
            <div class="details">
                <span class="testname"><b>FunctionArgsInjector.process() processed the function correctly</b></span><br/>
                <span class="testclassname">tests/suites/injector</span><br/>
                <span class="duration">Time Taken: 0.0s</span>
            </div>
            None
            
            <hr size="1"/>
            
            <div class="stdout"><i>Stdout</i><br/>
                <pre></pre></div>
            <hr size="1"/>
            <div class="stderr"><i>Stderr</i><br/>
                <pre></pre></div>
        </div>
    </a>
        
    <a name="f2cad0f7-a653-4a5d-9e6d-0b351b3e0918">
        <div class="testcase">
            <div class="details">
                <span class="testname"><b>FunctionArgsInjector.process() has issue #129 fixed</b></span><br/>
                <span class="testclassname">tests/suites/injector</span><br/>
                <span class="duration">Time Taken: 0.001s</span>
            </div>
            None
            
            <hr size="1"/>
            
            <div class="stdout"><i>Stdout</i><br/>
                <pre></pre></div>
            <hr size="1"/>
            <div class="stderr"><i>Stderr</i><br/>
                <pre></pre></div>
        </div>
    </a>
        
            </div>
        </div>
        </a>
        
            </div>
        </div>
        
        <div class="testsuite">
            <h2>Test Suite: Untitled suite in /Users/niko/Sites/casperjs/tests/suites/popup.js</h2><a name="3bf584a9-3b74-4fe3-a68c-ca44ebc8b81a">
            Package: tests/suites/popup<br/>
            
            <table>
            <tr><th align="left">Duration</th><td align="right">0.112 sec</td></tr>
            <tr><th align="left">Test Cases</th><td align="right">14</td></tr>
            <tr><th align="left">Failures</th><td align="right">0</td></tr>
            </table>
            <a name="toc"></a>
            <h2>Results Index</h2>
            
        <ul>
            
            
            <li>All Test Classes
            <ul>
            <li>
                <a href="#55cf6d5d-4b76-4b64-9ee8-5614a8041c00">tests/suites/popup</a>
                <ul>
                
                    <li>
                        <a href="#6d4171d6-ec61-4311-80d0-26e91685f516">Subject equals the expected value</a>
                    </li>
                    
                    <li>
                        <a href="#467333ae-4619-4c1f-934a-44a025bf8e5c">Subject is strictly true</a>
                    </li>
                    
                    <li>
                        <a href="#131ef651-3c75-4b1d-8d87-843e555e7cee">Subject equals the expected value</a>
                    </li>
                    
                    <li>
                        <a href="#42d0a207-2d5c-439d-87aa-b105b42d9dfa">Subject equals the expected value</a>
                    </li>
                    
                    <li>
                        <a href="#669509de-635b-41fe-9e58-446658982ff2">Subject equals the expected value</a>
                    </li>
                    
                    <li>
                        <a href="#8569b7fa-ebea-4581-937a-a2d240dd579c">Subject equals the expected value</a>
                    </li>
                    
                    <li>
                        <a href="#3ac08c27-70d4-4e2e-a77d-1a77a7ba973d">Subject is strictly true</a>
                    </li>
                    
                    <li>
                        <a href="#1d882d61-c7f1-4264-9238-d4080ae432ac">Subject equals the expected value</a>
                    </li>
                    
                    <li>
                        <a href="#a5e031dd-21e6-4a55-b945-c76d447d7215">Subject equals the expected value</a>
                    </li>
                    
                    <li>
                        <a href="#ccbca887-41ec-4898-9cac-e89e47562a72">Subject equals the expected value</a>
                    </li>
                    
                    <li>
                        <a href="#49840d39-a63d-4b78-99ff-d34a2f5d8f70">Subject equals the expected value</a>
                    </li>
                    
                    <li>
                        <a href="#9bf72c23-5072-47a4-8ad4-90ea4c47dbc8">Subject equals the expected value</a>
                    </li>
                    
                    <li>
                        <a href="#55102b12-5512-4dc2-b657-eb38fcfa2782">Subject equals the expected value</a>
                    </li>
                    
                    <li>
                        <a href="#a2241a88-1e0b-42df-8669-8b86e9f7072b">Subject equals the expected value</a>
                    </li>
                    
                </ul>
            </li>
            </ul>
            </li>
        </ul>
        
            <hr size="2"/>
            <h2>Test Results</h2>
            <div class="testclasses">
            
        <hr size="2"/>
        <a name="55cf6d5d-4b76-4b64-9ee8-5614a8041c00">
        <div class="testclass">
            <div>Test Class: tests/suites/popup</div>
            <div class="testcases">
            
    <a name="6d4171d6-ec61-4311-80d0-26e91685f516">
        <div class="testcase">
            <div class="details">
                <span class="testname"><b>Subject equals the expected value</b></span><br/>
                <span class="testclassname">tests/suites/popup</span><br/>
                <span class="duration">Time Taken: 0.099s</span>
            </div>
            None
            
            <hr size="1"/>
            
            <div class="stdout"><i>Stdout</i><br/>
                <pre></pre></div>
            <hr size="1"/>
            <div class="stderr"><i>Stderr</i><br/>
                <pre></pre></div>
        </div>
    </a>
        
    <a name="467333ae-4619-4c1f-934a-44a025bf8e5c">
        <div class="testcase">
            <div class="details">
                <span class="testname"><b>Subject is strictly true</b></span><br/>
                <span class="testclassname">tests/suites/popup</span><br/>
                <span class="duration">Time Taken: 0.0s</span>
            </div>
            None
            
            <hr size="1"/>
            
            <div class="stdout"><i>Stdout</i><br/>
                <pre></pre></div>
            <hr size="1"/>
            <div class="stderr"><i>Stderr</i><br/>
                <pre></pre></div>
        </div>
    </a>
        
    <a name="131ef651-3c75-4b1d-8d87-843e555e7cee">
        <div class="testcase">
            <div class="details">
                <span class="testname"><b>Subject equals the expected value</b></span><br/>
                <span class="testclassname">tests/suites/popup</span><br/>
                <span class="duration">Time Taken: 0.004s</span>
            </div>
            None
            
            <hr size="1"/>
            
            <div class="stdout"><i>Stdout</i><br/>
                <pre></pre></div>
            <hr size="1"/>
            <div class="stderr"><i>Stderr</i><br/>
                <pre></pre></div>
        </div>
    </a>
        
    <a name="42d0a207-2d5c-439d-87aa-b105b42d9dfa">
        <div class="testcase">
            <div class="details">
                <span class="testname"><b>Subject equals the expected value</b></span><br/>
                <span class="testclassname">tests/suites/popup</span><br/>
                <span class="duration">Time Taken: 0.001s</span>
            </div>
            None
            
            <hr size="1"/>
            
            <div class="stdout"><i>Stdout</i><br/>
                <pre></pre></div>
            <hr size="1"/>
            <div class="stderr"><i>Stderr</i><br/>
                <pre></pre></div>
        </div>
    </a>
        
    <a name="669509de-635b-41fe-9e58-446658982ff2">
        <div class="testcase">
            <div class="details">
                <span class="testname"><b>Subject equals the expected value</b></span><br/>
                <span class="testclassname">tests/suites/popup</span><br/>
                <span class="duration">Time Taken: 0.0s</span>
            </div>
            None
            
            <hr size="1"/>
            
            <div class="stdout"><i>Stdout</i><br/>
                <pre></pre></div>
            <hr size="1"/>
            <div class="stderr"><i>Stderr</i><br/>
                <pre></pre></div>
        </div>
    </a>
        
    <a name="8569b7fa-ebea-4581-937a-a2d240dd579c">
        <div class="testcase">
            <div class="details">
                <span class="testname"><b>Subject equals the expected value</b></span><br/>
                <span class="testclassname">tests/suites/popup</span><br/>
                <span class="duration">Time Taken: 0.001s</span>
            </div>
            None
            
            <hr size="1"/>
            
            <div class="stdout"><i>Stdout</i><br/>
                <pre></pre></div>
            <hr size="1"/>
            <div class="stderr"><i>Stderr</i><br/>
                <pre></pre></div>
        </div>
    </a>
        
    <a name="3ac08c27-70d4-4e2e-a77d-1a77a7ba973d">
        <div class="testcase">
            <div class="details">
                <span class="testname"><b>Subject is strictly true</b></span><br/>
                <span class="testclassname">tests/suites/popup</span><br/>
                <span class="duration">Time Taken: 0.0s</span>
            </div>
            None
            
            <hr size="1"/>
            
            <div class="stdout"><i>Stdout</i><br/>
                <pre></pre></div>
            <hr size="1"/>
            <div class="stderr"><i>Stderr</i><br/>
                <pre></pre></div>
        </div>
    </a>
        
    <a name="1d882d61-c7f1-4264-9238-d4080ae432ac">
        <div class="testcase">
            <div class="details">
                <span class="testname"><b>Subject equals the expected value</b></span><br/>
                <span class="testclassname">tests/suites/popup</span><br/>
                <span class="duration">Time Taken: 0.004s</span>
            </div>
            None
            
            <hr size="1"/>
            
            <div class="stdout"><i>Stdout</i><br/>
                <pre></pre></div>
            <hr size="1"/>
            <div class="stderr"><i>Stderr</i><br/>
                <pre></pre></div>
        </div>
    </a>
        
    <a name="a5e031dd-21e6-4a55-b945-c76d447d7215">
        <div class="testcase">
            <div class="details">
                <span class="testname"><b>Subject equals the expected value</b></span><br/>
                <span class="testclassname">tests/suites/popup</span><br/>
                <span class="duration">Time Taken: 0.0s</span>
            </div>
            None
            
            <hr size="1"/>
            
            <div class="stdout"><i>Stdout</i><br/>
                <pre></pre></div>
            <hr size="1"/>
            <div class="stderr"><i>Stderr</i><br/>
                <pre></pre></div>
        </div>
    </a>
        
    <a name="ccbca887-41ec-4898-9cac-e89e47562a72">
        <div class="testcase">
            <div class="details">
                <span class="testname"><b>Subject equals the expected value</b></span><br/>
                <span class="testclassname">tests/suites/popup</span><br/>
                <span class="duration">Time Taken: 0.0s</span>
            </div>
            None
            
            <hr size="1"/>
            
            <div class="stdout"><i>Stdout</i><br/>
                <pre></pre></div>
            <hr size="1"/>
            <div class="stderr"><i>Stderr</i><br/>
                <pre></pre></div>
        </div>
    </a>
        
    <a name="49840d39-a63d-4b78-99ff-d34a2f5d8f70">
        <div class="testcase">
            <div class="details">
                <span class="testname"><b>Subject equals the expected value</b></span><br/>
                <span class="testclassname">tests/suites/popup</span><br/>
                <span class="duration">Time Taken: 0.0s</span>
            </div>
            None
            
            <hr size="1"/>
            
            <div class="stdout"><i>Stdout</i><br/>
                <pre></pre></div>
            <hr size="1"/>
            <div class="stderr"><i>Stderr</i><br/>
                <pre></pre></div>
        </div>
    </a>
        
    <a name="9bf72c23-5072-47a4-8ad4-90ea4c47dbc8">
        <div class="testcase">
            <div class="details">
                <span class="testname"><b>Subject equals the expected value</b></span><br/>
                <span class="testclassname">tests/suites/popup</span><br/>
                <span class="duration">Time Taken: 0.003s</span>
            </div>
            None
            
            <hr size="1"/>
            
            <div class="stdout"><i>Stdout</i><br/>
                <pre></pre></div>
            <hr size="1"/>
            <div class="stderr"><i>Stderr</i><br/>
                <pre></pre></div>
        </div>
    </a>
        
    <a name="55102b12-5512-4dc2-b657-eb38fcfa2782">
        <div class="testcase">
            <div class="details">
                <span class="testname"><b>Subject equals the expected value</b></span><br/>
                <span class="testclassname">tests/suites/popup</span><br/>
                <span class="duration">Time Taken: 0.0s</span>
            </div>
            None
            
            <hr size="1"/>
            
            <div class="stdout"><i>Stdout</i><br/>
                <pre></pre></div>
            <hr size="1"/>
            <div class="stderr"><i>Stderr</i><br/>
                <pre></pre></div>
        </div>
    </a>
        
    <a name="a2241a88-1e0b-42df-8669-8b86e9f7072b">
        <div class="testcase">
            <div class="details">
                <span class="testname"><b>Subject equals the expected value</b></span><br/>
                <span class="testclassname">tests/suites/popup</span><br/>
                <span class="duration">Time Taken: 0.0s</span>
            </div>
            None
            
            <hr size="1"/>
            
            <div class="stdout"><i>Stdout</i><br/>
                <pre></pre></div>
            <hr size="1"/>
            <div class="stderr"><i>Stderr</i><br/>
                <pre></pre></div>
        </div>
    </a>
        
            </div>
        </div>
        </a>
        
            </div>
        </div>
        
        <div class="testsuite">
            <h2>Test Suite: Untitled suite in /Users/niko/Sites/casperjs/tests/suites/require.js</h2><a name="60acac97-010a-4d11-b1cd-66ce1c5f6528">
            Package: tests/suites/require<br/>
            
            <table>
            <tr><th align="left">Duration</th><td align="right">0.098 sec</td></tr>
            <tr><th align="left">Test Cases</th><td align="right">3</td></tr>
            <tr><th align="left">Failures</th><td align="right">0</td></tr>
            </table>
            <a name="toc"></a>
            <h2>Results Index</h2>
            
        <ul>
            
            
            <li>All Test Classes
            <ul>
            <li>
                <a href="#95810088-bc99-41a2-862f-ac6a79b4d4c1">tests/suites/require</a>
                <ul>
                
                    <li>
                        <a href="#3c8c3b68-4247-4671-b1bd-e85eea96c0fb">require() patched version can load a js module</a>
                    </li>
                    
                    <li>
                        <a href="#dacf6503-3e0c-4e95-a19f-c9d7ea8553d5">require() patched version can load a coffeescript module</a>
                    </li>
                    
                    <li>
                        <a href="#d2b70663-31e7-4c3c-8c87-470646de0f52">require() patched version can load a json module</a>
                    </li>
                    
                </ul>
            </li>
            </ul>
            </li>
        </ul>
        
            <hr size="2"/>
            <h2>Test Results</h2>
            <div class="testclasses">
            
        <hr size="2"/>
        <a name="95810088-bc99-41a2-862f-ac6a79b4d4c1">
        <div class="testclass">
            <div>Test Class: tests/suites/require</div>
            <div class="testcases">
            
    <a name="3c8c3b68-4247-4671-b1bd-e85eea96c0fb">
        <div class="testcase">
            <div class="details">
                <span class="testname"><b>require() patched version can load a js module</b></span><br/>
                <span class="testclassname">tests/suites/require</span><br/>
                <span class="duration">Time Taken: 0.088s</span>
            </div>
            None
            
            <hr size="1"/>
            
            <div class="stdout"><i>Stdout</i><br/>
                <pre></pre></div>
            <hr size="1"/>
            <div class="stderr"><i>Stderr</i><br/>
                <pre></pre></div>
        </div>
    </a>
        
    <a name="dacf6503-3e0c-4e95-a19f-c9d7ea8553d5">
        <div class="testcase">
            <div class="details">
                <span class="testname"><b>require() patched version can load a coffeescript module</b></span><br/>
                <span class="testclassname">tests/suites/require</span><br/>
                <span class="duration">Time Taken: 0.009s</span>
            </div>
            None
            
            <hr size="1"/>
            
            <div class="stdout"><i>Stdout</i><br/>
                <pre></pre></div>
            <hr size="1"/>
            <div class="stderr"><i>Stderr</i><br/>
                <pre></pre></div>
        </div>
    </a>
        
    <a name="d2b70663-31e7-4c3c-8c87-470646de0f52">
        <div class="testcase">
            <div class="details">
                <span class="testname"><b>require() patched version can load a json module</b></span><br/>
                <span class="testclassname">tests/suites/require</span><br/>
                <span class="duration">Time Taken: 0.001s</span>
            </div>
            None
            
            <hr size="1"/>
            
            <div class="stdout"><i>Stdout</i><br/>
                <pre></pre></div>
            <hr size="1"/>
            <div class="stderr"><i>Stderr</i><br/>
                <pre></pre></div>
        </div>
    </a>
        
            </div>
        </div>
        </a>
        
            </div>
        </div>
        
        <div class="testsuite">
            <h2>Test Suite: Untitled suite in /Users/niko/Sites/casperjs/tests/suites/tester.js</h2><a name="f2c6ae99-e304-483e-8460-ffbeac383b2f">
            Package: tests/suites/tester<br/>
            
            <table>
            <tr><th align="left">Duration</th><td align="right">0.706 sec</td></tr>
            <tr><th align="left">Test Cases</th><td align="right">55</td></tr>
            <tr><th align="left">Failures</th><td align="right">0</td></tr>
            </table>
            <a name="toc"></a>
            <h2>Results Index</h2>
            
        <ul>
            
            
            <li>All Test Classes
            <ul>
            <li>
                <a href="#aaeff748-43d2-468e-aefa-1cb63bc6786e">tests/suites/tester</a>
                <ul>
                
                    <li>
                        <a href="#c8282e08-eb88-4a31-989e-03d32590ea17">findTestFiles() find test files and sort them</a>
                    </li>
                    
                    <li>
                        <a href="#011c6b35-8411-48c8-9fa6-a64019303bed">Tester.assertTextExists() checks that page body contains text</a>
                    </li>
                    
                    <li>
                        <a href="#fc62af8b-e980-4839-9895-435caf088d69">Tester.assertTextExist() checks that page body contains text [alias]</a>
                    </li>
                    
                    <li>
                        <a href="#222d504e-9eaa-45f5-ba24-ef2b213975d4">Tester.assertTextDoesntExist() checks that page body doesn't contain provided text</a>
                    </li>
                    
                    <li>
                        <a href="#68b31713-9499-461b-9fc8-2d308379d0aa">Tester.assertSelectorHasText() works as expected</a>
                    </li>
                    
                    <li>
                        <a href="#e5b224f0-d606-4456-a2ba-cd4b5930fbb8">Tester.assertSelectorDoesntHaveText() works as expected</a>
                    </li>
                    
                    <li>
                        <a href="#410670a0-5e53-4c91-a133-3ee4e3c08373">Tester.assert() works as expected</a>
                    </li>
                    
                    <li>
                        <a href="#abf9ea5e-6496-49e7-950d-61255967eefe">Tester.assertTrue() works as expected [alias]</a>
                    </li>
                    
                    <li>
                        <a href="#ed1a02d2-69fb-4ec6-98e2-e17630f8b9c7">Tester.assertTruthy() works as expected</a>
                    </li>
                    
                    <li>
                        <a href="#8aefa1c7-34d8-442c-8fbe-3f39ced5dfff">Tester.assertFalsy() works as expected</a>
                    </li>
                    
                    <li>
                        <a href="#458cc77a-87ec-48a4-a6d9-9acc53ffbe00">Tester.assertNot() works as expected</a>
                    </li>
                    
                    <li>
                        <a href="#855b7a38-a8e8-4b27-9392-f9c286a42874">Tester.assertEquals() works as expected</a>
                    </li>
                    
                    <li>
                        <a href="#0e4a8e78-ecae-4f9f-90d7-468489d21c85">Tester.assertEqual() works as expected [alias]</a>
                    </li>
                    
                    <li>
                        <a href="#80040a84-12e4-44a1-a2cd-5d25a1c27458">Tester.assertNotEquals() works as expected</a>
                    </li>
                    
                    <li>
                        <a href="#1080e11b-d12e-48da-b564-6e9e288dc9aa">Tester.assertEval() works as expected</a>
                    </li>
                    
                    <li>
                        <a href="#906e8dc4-ec44-41fd-b4a0-ad207286973e">Tester.assertEvaluate() works as expected [alias]</a>
                    </li>
                    
                    <li>
                        <a href="#76818f9f-521e-47d2-a159-8f8a11f46f7d">Tester.assertEvalEquals() works as expected</a>
                    </li>
                    
                    <li>
                        <a href="#65d8533b-9127-4440-a303-097efeed223d">Tester.assertEvalEqual() works as expected [alias]</a>
                    </li>
                    
                    <li>
                        <a href="#5051354d-1710-40b7-a39e-c26f1fe40082">Tester.assertExists() works as expected</a>
                    </li>
                    
                    <li>
                        <a href="#5d01dcda-6179-4636-ab9d-700aca7604d5">Tester.assertExist() works as expected [alias]</a>
                    </li>
                    
                    <li>
                        <a href="#6a0cc96d-d286-4025-9150-0321a6fee3a4">Tester.assertSelectorExists() works as expected [alias]</a>
                    </li>
                    
                    <li>
                        <a href="#47755e5e-e508-4a81-b53b-92abbdc3a79f">Tester.assertSelectorExist() works as expected [alias]</a>
                    </li>
                    
                    <li>
                        <a href="#c992546a-1199-401f-b166-248e157e571c">Tester.assertDoesntExist() works as expected</a>
                    </li>
                    
                    <li>
                        <a href="#4c13ccfc-7c01-40c8-9a96-9a3fdca94908">Tester.assertNotExist() works as expected [alias]</a>
                    </li>
                    
                    <li>
                        <a href="#335cdeb9-324c-42e5-b9fe-9dc6bd7a0724">Tester.assertHttpStatus() works as expected</a>
                    </li>
                    
                    <li>
                        <a href="#f3f3599b-5dae-4d87-b7ee-0ac16c1baf42">Tester.assertMatch() works as expected</a>
                    </li>
                    
                    <li>
                        <a href="#84f4195f-4a17-4edc-92ff-1a400baac8a5">Tester.assertMatches() works as expected [alias]</a>
                    </li>
                    
                    <li>
                        <a href="#358639b5-6905-4f83-9e4a-6d25c700ebc5">Tester.assertRaises() works as expected</a>
                    </li>
                    
                    <li>
                        <a href="#7f116536-a08a-4875-9ea2-cc6f5283b39e">Tester.assertRaise() works as expected [alias]</a>
                    </li>
                    
                    <li>
                        <a href="#a9d52edd-2907-4b6d-bb6a-f346920263d0">Tester.assertThrows() works as expected [alias]</a>
                    </li>
                    
                    <li>
                        <a href="#e18c41ed-5bef-4c92-8f35-fe57445a197d">Tester.assertResourceExists() works as expected</a>
                    </li>
                    
                    <li>
                        <a href="#d4b9809a-2379-46b3-b0d6-880d66f6b99c">Tester.assertResourceExist() works as expected [alias]</a>
                    </li>
                    
                    <li>
                        <a href="#bcad1c00-e2ba-4031-8343-7bc685da7157">Tester.assertTitle() works as expected</a>
                    </li>
                    
                    <li>
                        <a href="#3edb336d-5599-476a-9a5f-fdde94199e0f">Tester.assertTitleMatch() works as expected</a>
                    </li>
                    
                    <li>
                        <a href="#17976dd9-8c10-4b37-b03d-a5429d2b996a">Tester.assertTitleMatches() works as expected [alias]</a>
                    </li>
                    
                    <li>
                        <a href="#dd428928-0aa0-4d7b-8c86-76ac69ac9b37">Tester.assertType() works as expected</a>
                    </li>
                    
                    <li>
                        <a href="#96f49819-6965-41a3-9f90-e96ae938884f">Tester.assertUrlMatch() works as expected</a>
                    </li>
                    
                    <li>
                        <a href="#2b0d945d-e518-4d73-8def-7bf80424216e">Tester.assertUrlMatches() works as expected [alias]</a>
                    </li>
                    
                    <li>
                        <a href="#c9f3534b-3a65-4aeb-9eac-3bcdfb888511">Tester.assertVisible() works as expected</a>
                    </li>
                    
                    <li>
                        <a href="#1c241370-1c91-4947-b0a0-4d6a5dd3fe14">Tester.assertNotVisible() works as expected</a>
                    </li>
                    
                    <li>
                        <a href="#04ce1710-1415-43ab-9258-e61e43e244b3">Tester.assertInvisible() works as expected [alias]</a>
                    </li>
                    
                    <li>
                        <a href="#3c6e83dc-a813-45aa-a122-99ef800021b5">Tester.assertField() works as expected with inputs</a>
                    </li>
                    
                    <li>
                        <a href="#12d36e21-58da-4180-88d0-97e9ed795876">Tester.assertField() works as expected with textarea</a>
                    </li>
                    
                    <li>
                        <a href="#bcbf7f34-0af0-47a8-91b9-f0cb3429c8d3">Tester.assertField() works as expected with checkboxes</a>
                    </li>
                    
                    <li>
                        <a href="#4f7a12e8-b060-4880-bc40-e81e1ebc7bc6">Tester.assertField() works as expected with radios</a>
                    </li>
                    
                    <li>
                        <a href="#42831dce-cd99-41af-927a-f147d32fca30">Tester.assertField() works as expected with selects</a>
                    </li>
                    
                    <li>
                        <a href="#b46e87d9-b949-43b7-9c83-094fa8409ac1">Tester.assertField() works as expected with file inputs</a>
                    </li>
                    
                    <li>
                        <a href="#2fb59a3f-afe5-40e5-b3f7-3586ee938ace">Tester.assertField() works as expected with check lists</a>
                    </li>
                    
                    <li>
                        <a href="#dd80a8f5-87bb-4649-8553-a827973dd43e">Tester.assertField() works as expected with inputs</a>
                    </li>
                    
                    <li>
                        <a href="#b4faf2ea-3568-4a09-b1f5-b4ce342eaff0">Tester.assertField() works as expected with textarea</a>
                    </li>
                    
                    <li>
                        <a href="#a1f6a723-dc12-4aba-b308-b25d9784a570">Tester.assertField() works as expected with checkboxes</a>
                    </li>
                    
                    <li>
                        <a href="#9b4da710-0029-4e7f-a2fa-94616f1f3435">Tester.assertField() works as expected with radios</a>
                    </li>
                    
                    <li>
                        <a href="#2428e202-fbef-42ae-8255-b566fdda5f0f">Tester.assertField() works as expected with selects</a>
                    </li>
                    
                    <li>
                        <a href="#ecd0a1a6-6c95-49b0-8fea-2558dcaf55c3">Tester.assertField() works as expected with file inputs</a>
                    </li>
                    
                    <li>
                        <a href="#54924f72-924e-47ae-8a00-060a95a73945">Tester.assertField() works as expected with check lists</a>
                    </li>
                    
                </ul>
            </li>
            </ul>
            </li>
        </ul>
        
            <hr size="2"/>
            <h2>Test Results</h2>
            <div class="testclasses">
            
        <hr size="2"/>
        <a name="aaeff748-43d2-468e-aefa-1cb63bc6786e">
        <div class="testclass">
            <div>Test Class: tests/suites/tester</div>
            <div class="testcases">
            
    <a name="c8282e08-eb88-4a31-989e-03d32590ea17">
        <div class="testcase">
            <div class="details">
                <span class="testname"><b>findTestFiles() find test files and sort them</b></span><br/>
                <span class="testclassname">tests/suites/tester</span><br/>
                <span class="duration">Time Taken: 0.089s</span>
            </div>
            None
            
            <hr size="1"/>
            
            <div class="stdout"><i>Stdout</i><br/>
                <pre></pre></div>
            <hr size="1"/>
            <div class="stderr"><i>Stderr</i><br/>
                <pre></pre></div>
        </div>
    </a>
        
    <a name="011c6b35-8411-48c8-9fa6-a64019303bed">
        <div class="testcase">
            <div class="details">
                <span class="testname"><b>Tester.assertTextExists() checks that page body contains text</b></span><br/>
                <span class="testclassname">tests/suites/tester</span><br/>
                <span class="duration">Time Taken: 0.205s</span>
            </div>
            None
            
            <hr size="1"/>
            
            <div class="stdout"><i>Stdout</i><br/>
                <pre></pre></div>
            <hr size="1"/>
            <div class="stderr"><i>Stderr</i><br/>
                <pre></pre></div>
        </div>
    </a>
        
    <a name="fc62af8b-e980-4839-9895-435caf088d69">
        <div class="testcase">
            <div class="details">
                <span class="testname"><b>Tester.assertTextExist() checks that page body contains text [alias]</b></span><br/>
                <span class="testclassname">tests/suites/tester</span><br/>
                <span class="duration">Time Taken: 0.001s</span>
            </div>
            None
            
            <hr size="1"/>
            
            <div class="stdout"><i>Stdout</i><br/>
                <pre></pre></div>
            <hr size="1"/>
            <div class="stderr"><i>Stderr</i><br/>
                <pre></pre></div>
        </div>
    </a>
        
    <a name="222d504e-9eaa-45f5-ba24-ef2b213975d4">
        <div class="testcase">
            <div class="details">
                <span class="testname"><b>Tester.assertTextDoesntExist() checks that page body doesn't contain provided text</b></span><br/>
                <span class="testclassname">tests/suites/tester</span><br/>
                <span class="duration">Time Taken: 0.0s</span>
            </div>
            None
            
            <hr size="1"/>
            
            <div class="stdout"><i>Stdout</i><br/>
                <pre></pre></div>
            <hr size="1"/>
            <div class="stderr"><i>Stderr</i><br/>
                <pre></pre></div>
        </div>
    </a>
        
    <a name="68b31713-9499-461b-9fc8-2d308379d0aa">
        <div class="testcase">
            <div class="details">
                <span class="testname"><b>Tester.assertSelectorHasText() works as expected</b></span><br/>
                <span class="testclassname">tests/suites/tester</span><br/>
                <span class="duration">Time Taken: 0.001s</span>
            </div>
            None
            
            <hr size="1"/>
            
            <div class="stdout"><i>Stdout</i><br/>
                <pre></pre></div>
            <hr size="1"/>
            <div class="stderr"><i>Stderr</i><br/>
                <pre></pre></div>
        </div>
    </a>
        
    <a name="e5b224f0-d606-4456-a2ba-cd4b5930fbb8">
        <div class="testcase">
            <div class="details">
                <span class="testname"><b>Tester.assertSelectorDoesntHaveText() works as expected</b></span><br/>
                <span class="testclassname">tests/suites/tester</span><br/>
                <span class="duration">Time Taken: 0.001s</span>
            </div>
            None
            
            <hr size="1"/>
            
            <div class="stdout"><i>Stdout</i><br/>
                <pre></pre></div>
            <hr size="1"/>
            <div class="stderr"><i>Stderr</i><br/>
                <pre></pre></div>
        </div>
    </a>
        
    <a name="410670a0-5e53-4c91-a133-3ee4e3c08373">
        <div class="testcase">
            <div class="details">
                <span class="testname"><b>Tester.assert() works as expected</b></span><br/>
                <span class="testclassname">tests/suites/tester</span><br/>
                <span class="duration">Time Taken: 0.0s</span>
            </div>
            None
            
            <hr size="1"/>
            
            <div class="stdout"><i>Stdout</i><br/>
                <pre></pre></div>
            <hr size="1"/>
            <div class="stderr"><i>Stderr</i><br/>
                <pre></pre></div>
        </div>
    </a>
        
    <a name="abf9ea5e-6496-49e7-950d-61255967eefe">
        <div class="testcase">
            <div class="details">
                <span class="testname"><b>Tester.assertTrue() works as expected [alias]</b></span><br/>
                <span class="testclassname">tests/suites/tester</span><br/>
                <span class="duration">Time Taken: 0.0s</span>
            </div>
            None
            
            <hr size="1"/>
            
            <div class="stdout"><i>Stdout</i><br/>
                <pre></pre></div>
            <hr size="1"/>
            <div class="stderr"><i>Stderr</i><br/>
                <pre></pre></div>
        </div>
    </a>
        
    <a name="ed1a02d2-69fb-4ec6-98e2-e17630f8b9c7">
        <div class="testcase">
            <div class="details">
                <span class="testname"><b>Tester.assertTruthy() works as expected</b></span><br/>
                <span class="testclassname">tests/suites/tester</span><br/>
                <span class="duration">Time Taken: 0.0s</span>
            </div>
            None
            
            <hr size="1"/>
            
            <div class="stdout"><i>Stdout</i><br/>
                <pre></pre></div>
            <hr size="1"/>
            <div class="stderr"><i>Stderr</i><br/>
                <pre></pre></div>
        </div>
    </a>
        
    <a name="8aefa1c7-34d8-442c-8fbe-3f39ced5dfff">
        <div class="testcase">
            <div class="details">
                <span class="testname"><b>Tester.assertFalsy() works as expected</b></span><br/>
                <span class="testclassname">tests/suites/tester</span><br/>
                <span class="duration">Time Taken: 0.001s</span>
            </div>
            None
            
            <hr size="1"/>
            
            <div class="stdout"><i>Stdout</i><br/>
                <pre></pre></div>
            <hr size="1"/>
            <div class="stderr"><i>Stderr</i><br/>
                <pre></pre></div>
        </div>
    </a>
        
    <a name="458cc77a-87ec-48a4-a6d9-9acc53ffbe00">
        <div class="testcase">
            <div class="details">
                <span class="testname"><b>Tester.assertNot() works as expected</b></span><br/>
                <span class="testclassname">tests/suites/tester</span><br/>
                <span class="duration">Time Taken: 0.0s</span>
            </div>
            None
            
            <hr size="1"/>
            
            <div class="stdout"><i>Stdout</i><br/>
                <pre></pre></div>
            <hr size="1"/>
            <div class="stderr"><i>Stderr</i><br/>
                <pre></pre></div>
        </div>
    </a>
        
    <a name="855b7a38-a8e8-4b27-9392-f9c286a42874">
        <div class="testcase">
            <div class="details">
                <span class="testname"><b>Tester.assertEquals() works as expected</b></span><br/>
                <span class="testclassname">tests/suites/tester</span><br/>
                <span class="duration">Time Taken: 0.0s</span>
            </div>
            None
            
            <hr size="1"/>
            
            <div class="stdout"><i>Stdout</i><br/>
                <pre></pre></div>
            <hr size="1"/>
            <div class="stderr"><i>Stderr</i><br/>
                <pre></pre></div>
        </div>
    </a>
        
    <a name="0e4a8e78-ecae-4f9f-90d7-468489d21c85">
        <div class="testcase">
            <div class="details">
                <span class="testname"><b>Tester.assertEqual() works as expected [alias]</b></span><br/>
                <span class="testclassname">tests/suites/tester</span><br/>
                <span class="duration">Time Taken: 0.0s</span>
            </div>
            None
            
            <hr size="1"/>
            
            <div class="stdout"><i>Stdout</i><br/>
                <pre></pre></div>
            <hr size="1"/>
            <div class="stderr"><i>Stderr</i><br/>
                <pre></pre></div>
        </div>
    </a>
        
    <a name="80040a84-12e4-44a1-a2cd-5d25a1c27458">
        <div class="testcase">
            <div class="details">
                <span class="testname"><b>Tester.assertNotEquals() works as expected</b></span><br/>
                <span class="testclassname">tests/suites/tester</span><br/>
                <span class="duration">Time Taken: 0.001s</span>
            </div>
            None
            
            <hr size="1"/>
            
            <div class="stdout"><i>Stdout</i><br/>
                <pre></pre></div>
            <hr size="1"/>
            <div class="stderr"><i>Stderr</i><br/>
                <pre></pre></div>
        </div>
    </a>
        
    <a name="1080e11b-d12e-48da-b564-6e9e288dc9aa">
        <div class="testcase">
            <div class="details">
                <span class="testname"><b>Tester.assertEval() works as expected</b></span><br/>
                <span class="testclassname">tests/suites/tester</span><br/>
                <span class="duration">Time Taken: 0.0s</span>
            </div>
            None
            
            <hr size="1"/>
            
            <div class="stdout"><i>Stdout</i><br/>
                <pre></pre></div>
            <hr size="1"/>
            <div class="stderr"><i>Stderr</i><br/>
                <pre></pre></div>
        </div>
    </a>
        
    <a name="906e8dc4-ec44-41fd-b4a0-ad207286973e">
        <div class="testcase">
            <div class="details">
                <span class="testname"><b>Tester.assertEvaluate() works as expected [alias]</b></span><br/>
                <span class="testclassname">tests/suites/tester</span><br/>
                <span class="duration">Time Taken: 0.001s</span>
            </div>
            None
            
            <hr size="1"/>
            
            <div class="stdout"><i>Stdout</i><br/>
                <pre></pre></div>
            <hr size="1"/>
            <div class="stderr"><i>Stderr</i><br/>
                <pre></pre></div>
        </div>
    </a>
        
    <a name="76818f9f-521e-47d2-a159-8f8a11f46f7d">
        <div class="testcase">
            <div class="details">
                <span class="testname"><b>Tester.assertEvalEquals() works as expected</b></span><br/>
                <span class="testclassname">tests/suites/tester</span><br/>
                <span class="duration">Time Taken: 0.0s</span>
            </div>
            None
            
            <hr size="1"/>
            
            <div class="stdout"><i>Stdout</i><br/>
                <pre></pre></div>
            <hr size="1"/>
            <div class="stderr"><i>Stderr</i><br/>
                <pre></pre></div>
        </div>
    </a>
        
    <a name="65d8533b-9127-4440-a303-097efeed223d">
        <div class="testcase">
            <div class="details">
                <span class="testname"><b>Tester.assertEvalEqual() works as expected [alias]</b></span><br/>
                <span class="testclassname">tests/suites/tester</span><br/>
                <span class="duration">Time Taken: 0.0s</span>
            </div>
            None
            
            <hr size="1"/>
            
            <div class="stdout"><i>Stdout</i><br/>
                <pre></pre></div>
            <hr size="1"/>
            <div class="stderr"><i>Stderr</i><br/>
                <pre></pre></div>
        </div>
    </a>
        
    <a name="5051354d-1710-40b7-a39e-c26f1fe40082">
        <div class="testcase">
            <div class="details">
                <span class="testname"><b>Tester.assertExists() works as expected</b></span><br/>
                <span class="testclassname">tests/suites/tester</span><br/>
                <span class="duration">Time Taken: 0.001s</span>
            </div>
            None
            
            <hr size="1"/>
            
            <div class="stdout"><i>Stdout</i><br/>
                <pre></pre></div>
            <hr size="1"/>
            <div class="stderr"><i>Stderr</i><br/>
                <pre></pre></div>
        </div>
    </a>
        
    <a name="5d01dcda-6179-4636-ab9d-700aca7604d5">
        <div class="testcase">
            <div class="details">
                <span class="testname"><b>Tester.assertExist() works as expected [alias]</b></span><br/>
                <span class="testclassname">tests/suites/tester</span><br/>
                <span class="duration">Time Taken: 0.001s</span>
            </div>
            None
            
            <hr size="1"/>
            
            <div class="stdout"><i>Stdout</i><br/>
                <pre></pre></div>
            <hr size="1"/>
            <div class="stderr"><i>Stderr</i><br/>
                <pre></pre></div>
        </div>
    </a>
        
    <a name="6a0cc96d-d286-4025-9150-0321a6fee3a4">
        <div class="testcase">
            <div class="details">
                <span class="testname"><b>Tester.assertSelectorExists() works as expected [alias]</b></span><br/>
                <span class="testclassname">tests/suites/tester</span><br/>
                <span class="duration">Time Taken: 0.0s</span>
            </div>
            None
            
            <hr size="1"/>
            
            <div class="stdout"><i>Stdout</i><br/>
                <pre></pre></div>
            <hr size="1"/>
            <div class="stderr"><i>Stderr</i><br/>
                <pre></pre></div>
        </div>
    </a>
        
    <a name="47755e5e-e508-4a81-b53b-92abbdc3a79f">
        <div class="testcase">
            <div class="details">
                <span class="testname"><b>Tester.assertSelectorExist() works as expected [alias]</b></span><br/>
                <span class="testclassname">tests/suites/tester</span><br/>
                <span class="duration">Time Taken: 0.0s</span>
            </div>
            None
            
            <hr size="1"/>
            
            <div class="stdout"><i>Stdout</i><br/>
                <pre></pre></div>
            <hr size="1"/>
            <div class="stderr"><i>Stderr</i><br/>
                <pre></pre></div>
        </div>
    </a>
        
    <a name="c992546a-1199-401f-b166-248e157e571c">
        <div class="testcase">
            <div class="details">
                <span class="testname"><b>Tester.assertDoesntExist() works as expected</b></span><br/>
                <span class="testclassname">tests/suites/tester</span><br/>
                <span class="duration">Time Taken: 0.001s</span>
            </div>
            None
            
            <hr size="1"/>
            
            <div class="stdout"><i>Stdout</i><br/>
                <pre></pre></div>
            <hr size="1"/>
            <div class="stderr"><i>Stderr</i><br/>
                <pre></pre></div>
        </div>
    </a>
        
    <a name="4c13ccfc-7c01-40c8-9a96-9a3fdca94908">
        <div class="testcase">
            <div class="details">
                <span class="testname"><b>Tester.assertNotExist() works as expected [alias]</b></span><br/>
                <span class="testclassname">tests/suites/tester</span><br/>
                <span class="duration">Time Taken: 0.0s</span>
            </div>
            None
            
            <hr size="1"/>
            
            <div class="stdout"><i>Stdout</i><br/>
                <pre></pre></div>
            <hr size="1"/>
            <div class="stderr"><i>Stderr</i><br/>
                <pre></pre></div>
        </div>
    </a>
        
    <a name="335cdeb9-324c-42e5-b9fe-9dc6bd7a0724">
        <div class="testcase">
            <div class="details">
                <span class="testname"><b>Tester.assertHttpStatus() works as expected</b></span><br/>
                <span class="testclassname">tests/suites/tester</span><br/>
                <span class="duration">Time Taken: 0.001s</span>
            </div>
            None
            
            <hr size="1"/>
            
            <div class="stdout"><i>Stdout</i><br/>
                <pre></pre></div>
            <hr size="1"/>
            <div class="stderr"><i>Stderr</i><br/>
                <pre></pre></div>
        </div>
    </a>
        
    <a name="f3f3599b-5dae-4d87-b7ee-0ac16c1baf42">
        <div class="testcase">
            <div class="details">
                <span class="testname"><b>Tester.assertMatch() works as expected</b></span><br/>
                <span class="testclassname">tests/suites/tester</span><br/>
                <span class="duration">Time Taken: 0.0s</span>
            </div>
            None
            
            <hr size="1"/>
            
            <div class="stdout"><i>Stdout</i><br/>
                <pre></pre></div>
            <hr size="1"/>
            <div class="stderr"><i>Stderr</i><br/>
                <pre></pre></div>
        </div>
    </a>
        
    <a name="84f4195f-4a17-4edc-92ff-1a400baac8a5">
        <div class="testcase">
            <div class="details">
                <span class="testname"><b>Tester.assertMatches() works as expected [alias]</b></span><br/>
                <span class="testclassname">tests/suites/tester</span><br/>
                <span class="duration">Time Taken: 0.0s</span>
            </div>
            None
            
            <hr size="1"/>
            
            <div class="stdout"><i>Stdout</i><br/>
                <pre></pre></div>
            <hr size="1"/>
            <div class="stderr"><i>Stderr</i><br/>
                <pre></pre></div>
        </div>
    </a>
        
    <a name="358639b5-6905-4f83-9e4a-6d25c700ebc5">
        <div class="testcase">
            <div class="details">
                <span class="testname"><b>Tester.assertRaises() works as expected</b></span><br/>
                <span class="testclassname">tests/suites/tester</span><br/>
                <span class="duration">Time Taken: 0.001s</span>
            </div>
            None
            
            <hr size="1"/>
            
            <div class="stdout"><i>Stdout</i><br/>
                <pre></pre></div>
            <hr size="1"/>
            <div class="stderr"><i>Stderr</i><br/>
                <pre></pre></div>
        </div>
    </a>
        
    <a name="7f116536-a08a-4875-9ea2-cc6f5283b39e">
        <div class="testcase">
            <div class="details">
                <span class="testname"><b>Tester.assertRaise() works as expected [alias]</b></span><br/>
                <span class="testclassname">tests/suites/tester</span><br/>
                <span class="duration">Time Taken: 0.0s</span>
            </div>
            None
            
            <hr size="1"/>
            
            <div class="stdout"><i>Stdout</i><br/>
                <pre></pre></div>
            <hr size="1"/>
            <div class="stderr"><i>Stderr</i><br/>
                <pre></pre></div>
        </div>
    </a>
        
    <a name="a9d52edd-2907-4b6d-bb6a-f346920263d0">
        <div class="testcase">
            <div class="details">
                <span class="testname"><b>Tester.assertThrows() works as expected [alias]</b></span><br/>
                <span class="testclassname">tests/suites/tester</span><br/>
                <span class="duration">Time Taken: 0.0s</span>
            </div>
            None
            
            <hr size="1"/>
            
            <div class="stdout"><i>Stdout</i><br/>
                <pre></pre></div>
            <hr size="1"/>
            <div class="stderr"><i>Stderr</i><br/>
                <pre></pre></div>
        </div>
    </a>
        
    <a name="e18c41ed-5bef-4c92-8f35-fe57445a197d">
        <div class="testcase">
            <div class="details">
                <span class="testname"><b>Tester.assertResourceExists() works as expected</b></span><br/>
                <span class="testclassname">tests/suites/tester</span><br/>
                <span class="duration">Time Taken: 0.001s</span>
            </div>
            None
            
            <hr size="1"/>
            
            <div class="stdout"><i>Stdout</i><br/>
                <pre></pre></div>
            <hr size="1"/>
            <div class="stderr"><i>Stderr</i><br/>
                <pre></pre></div>
        </div>
    </a>
        
    <a name="d4b9809a-2379-46b3-b0d6-880d66f6b99c">
        <div class="testcase">
            <div class="details">
                <span class="testname"><b>Tester.assertResourceExist() works as expected [alias]</b></span><br/>
                <span class="testclassname">tests/suites/tester</span><br/>
                <span class="duration">Time Taken: 0.0s</span>
            </div>
            None
            
            <hr size="1"/>
            
            <div class="stdout"><i>Stdout</i><br/>
                <pre></pre></div>
            <hr size="1"/>
            <div class="stderr"><i>Stderr</i><br/>
                <pre></pre></div>
        </div>
    </a>
        
    <a name="bcad1c00-e2ba-4031-8343-7bc685da7157">
        <div class="testcase">
            <div class="details">
                <span class="testname"><b>Tester.assertTitle() works as expected</b></span><br/>
                <span class="testclassname">tests/suites/tester</span><br/>
                <span class="duration">Time Taken: 0.0s</span>
            </div>
            None
            
            <hr size="1"/>
            
            <div class="stdout"><i>Stdout</i><br/>
                <pre></pre></div>
            <hr size="1"/>
            <div class="stderr"><i>Stderr</i><br/>
                <pre></pre></div>
        </div>
    </a>
        
    <a name="3edb336d-5599-476a-9a5f-fdde94199e0f">
        <div class="testcase">
            <div class="details">
                <span class="testname"><b>Tester.assertTitleMatch() works as expected</b></span><br/>
                <span class="testclassname">tests/suites/tester</span><br/>
                <span class="duration">Time Taken: 0.001s</span>
            </div>
            None
            
            <hr size="1"/>
            
            <div class="stdout"><i>Stdout</i><br/>
                <pre></pre></div>
            <hr size="1"/>
            <div class="stderr"><i>Stderr</i><br/>
                <pre></pre></div>
        </div>
    </a>
        
    <a name="17976dd9-8c10-4b37-b03d-a5429d2b996a">
        <div class="testcase">
            <div class="details">
                <span class="testname"><b>Tester.assertTitleMatches() works as expected [alias]</b></span><br/>
                <span class="testclassname">tests/suites/tester</span><br/>
                <span class="duration">Time Taken: 0.0s</span>
            </div>
            None
            
            <hr size="1"/>
            
            <div class="stdout"><i>Stdout</i><br/>
                <pre></pre></div>
            <hr size="1"/>
            <div class="stderr"><i>Stderr</i><br/>
                <pre></pre></div>
        </div>
    </a>
        
    <a name="dd428928-0aa0-4d7b-8c86-76ac69ac9b37">
        <div class="testcase">
            <div class="details">
                <span class="testname"><b>Tester.assertType() works as expected</b></span><br/>
                <span class="testclassname">tests/suites/tester</span><br/>
                <span class="duration">Time Taken: 0.0s</span>
            </div>
            None
            
            <hr size="1"/>
            
            <div class="stdout"><i>Stdout</i><br/>
                <pre></pre></div>
            <hr size="1"/>
            <div class="stderr"><i>Stderr</i><br/>
                <pre></pre></div>
        </div>
    </a>
        
    <a name="96f49819-6965-41a3-9f90-e96ae938884f">
        <div class="testcase">
            <div class="details">
                <span class="testname"><b>Tester.assertUrlMatch() works as expected</b></span><br/>
                <span class="testclassname">tests/suites/tester</span><br/>
                <span class="duration">Time Taken: 0.001s</span>
            </div>
            None
            
            <hr size="1"/>
            
            <div class="stdout"><i>Stdout</i><br/>
                <pre></pre></div>
            <hr size="1"/>
            <div class="stderr"><i>Stderr</i><br/>
                <pre></pre></div>
        </div>
    </a>
        
    <a name="2b0d945d-e518-4d73-8def-7bf80424216e">
        <div class="testcase">
            <div class="details">
                <span class="testname"><b>Tester.assertUrlMatches() works as expected [alias]</b></span><br/>
                <span class="testclassname">tests/suites/tester</span><br/>
                <span class="duration">Time Taken: 0.0s</span>
            </div>
            None
            
            <hr size="1"/>
            
            <div class="stdout"><i>Stdout</i><br/>
                <pre></pre></div>
            <hr size="1"/>
            <div class="stderr"><i>Stderr</i><br/>
                <pre></pre></div>
        </div>
    </a>
        
    <a name="c9f3534b-3a65-4aeb-9eac-3bcdfb888511">
        <div class="testcase">
            <div class="details">
                <span class="testname"><b>Tester.assertVisible() works as expected</b></span><br/>
                <span class="testclassname">tests/suites/tester</span><br/>
                <span class="duration">Time Taken: 0.001s</span>
            </div>
            None
            
            <hr size="1"/>
            
            <div class="stdout"><i>Stdout</i><br/>
                <pre></pre></div>
            <hr size="1"/>
            <div class="stderr"><i>Stderr</i><br/>
                <pre></pre></div>
        </div>
    </a>
        
    <a name="1c241370-1c91-4947-b0a0-4d6a5dd3fe14">
        <div class="testcase">
            <div class="details">
                <span class="testname"><b>Tester.assertNotVisible() works as expected</b></span><br/>
                <span class="testclassname">tests/suites/tester</span><br/>
                <span class="duration">Time Taken: 0.001s</span>
            </div>
            None
            
            <hr size="1"/>
            
            <div class="stdout"><i>Stdout</i><br/>
                <pre></pre></div>
            <hr size="1"/>
            <div class="stderr"><i>Stderr</i><br/>
                <pre></pre></div>
        </div>
    </a>
        
    <a name="04ce1710-1415-43ab-9258-e61e43e244b3">
        <div class="testcase">
            <div class="details">
                <span class="testname"><b>Tester.assertInvisible() works as expected [alias]</b></span><br/>
                <span class="testclassname">tests/suites/tester</span><br/>
                <span class="duration">Time Taken: 0.0s</span>
            </div>
            None
            
            <hr size="1"/>
            
            <div class="stdout"><i>Stdout</i><br/>
                <pre></pre></div>
            <hr size="1"/>
            <div class="stderr"><i>Stderr</i><br/>
                <pre></pre></div>
        </div>
    </a>
        
    <a name="3c6e83dc-a813-45aa-a122-99ef800021b5">
        <div class="testcase">
            <div class="details">
                <span class="testname"><b>Tester.assertField() works as expected with inputs</b></span><br/>
                <span class="testclassname">tests/suites/tester</span><br/>
                <span class="duration">Time Taken: 0.192s</span>
            </div>
            None
            
            <hr size="1"/>
            
            <div class="stdout"><i>Stdout</i><br/>
                <pre></pre></div>
            <hr size="1"/>
            <div class="stderr"><i>Stderr</i><br/>
                <pre></pre></div>
        </div>
    </a>
        
    <a name="12d36e21-58da-4180-88d0-97e9ed795876">
        <div class="testcase">
            <div class="details">
                <span class="testname"><b>Tester.assertField() works as expected with textarea</b></span><br/>
                <span class="testclassname">tests/suites/tester</span><br/>
                <span class="duration">Time Taken: 0.001s</span>
            </div>
            None
            
            <hr size="1"/>
            
            <div class="stdout"><i>Stdout</i><br/>
                <pre></pre></div>
            <hr size="1"/>
            <div class="stderr"><i>Stderr</i><br/>
                <pre></pre></div>
        </div>
    </a>
        
    <a name="bcbf7f34-0af0-47a8-91b9-f0cb3429c8d3">
        <div class="testcase">
            <div class="details">
                <span class="testname"><b>Tester.assertField() works as expected with checkboxes</b></span><br/>
                <span class="testclassname">tests/suites/tester</span><br/>
                <span class="duration">Time Taken: 0.001s</span>
            </div>
            None
            
            <hr size="1"/>
            
            <div class="stdout"><i>Stdout</i><br/>
                <pre></pre></div>
            <hr size="1"/>
            <div class="stderr"><i>Stderr</i><br/>
                <pre></pre></div>
        </div>
    </a>
        
    <a name="4f7a12e8-b060-4880-bc40-e81e1ebc7bc6">
        <div class="testcase">
            <div class="details">
                <span class="testname"><b>Tester.assertField() works as expected with radios</b></span><br/>
                <span class="testclassname">tests/suites/tester</span><br/>
                <span class="duration">Time Taken: 0.0s</span>
            </div>
            None
            
            <hr size="1"/>
            
            <div class="stdout"><i>Stdout</i><br/>
                <pre></pre></div>
            <hr size="1"/>
            <div class="stderr"><i>Stderr</i><br/>
                <pre></pre></div>
        </div>
    </a>
        
    <a name="42831dce-cd99-41af-927a-f147d32fca30">
        <div class="testcase">
            <div class="details">
                <span class="testname"><b>Tester.assertField() works as expected with selects</b></span><br/>
                <span class="testclassname">tests/suites/tester</span><br/>
                <span class="duration">Time Taken: 0.001s</span>
            </div>
            None
            
            <hr size="1"/>
            
            <div class="stdout"><i>Stdout</i><br/>
                <pre></pre></div>
            <hr size="1"/>
            <div class="stderr"><i>Stderr</i><br/>
                <pre></pre></div>
        </div>
    </a>
        
    <a name="b46e87d9-b949-43b7-9c83-094fa8409ac1">
        <div class="testcase">
            <div class="details">
                <span class="testname"><b>Tester.assertField() works as expected with file inputs</b></span><br/>
                <span class="testclassname">tests/suites/tester</span><br/>
                <span class="duration">Time Taken: 0.0s</span>
            </div>
            None
            
            <hr size="1"/>
            
            <div class="stdout"><i>Stdout</i><br/>
                <pre></pre></div>
            <hr size="1"/>
            <div class="stderr"><i>Stderr</i><br/>
                <pre></pre></div>
        </div>
    </a>
        
    <a name="2fb59a3f-afe5-40e5-b3f7-3586ee938ace">
        <div class="testcase">
            <div class="details">
                <span class="testname"><b>Tester.assertField() works as expected with check lists</b></span><br/>
                <span class="testclassname">tests/suites/tester</span><br/>
                <span class="duration">Time Taken: 0.001s</span>
            </div>
            None
            
            <hr size="1"/>
            
            <div class="stdout"><i>Stdout</i><br/>
                <pre></pre></div>
            <hr size="1"/>
            <div class="stderr"><i>Stderr</i><br/>
                <pre></pre></div>
        </div>
    </a>
        
    <a name="dd80a8f5-87bb-4649-8553-a827973dd43e">
        <div class="testcase">
            <div class="details">
                <span class="testname"><b>Tester.assertField() works as expected with inputs</b></span><br/>
                <span class="testclassname">tests/suites/tester</span><br/>
                <span class="duration">Time Taken: 0.196s</span>
            </div>
            None
            
            <hr size="1"/>
            
            <div class="stdout"><i>Stdout</i><br/>
                <pre></pre></div>
            <hr size="1"/>
            <div class="stderr"><i>Stderr</i><br/>
                <pre></pre></div>
        </div>
    </a>
        
    <a name="b4faf2ea-3568-4a09-b1f5-b4ce342eaff0">
        <div class="testcase">
            <div class="details">
                <span class="testname"><b>Tester.assertField() works as expected with textarea</b></span><br/>
                <span class="testclassname">tests/suites/tester</span><br/>
                <span class="duration">Time Taken: 0.001s</span>
            </div>
            None
            
            <hr size="1"/>
            
            <div class="stdout"><i>Stdout</i><br/>
                <pre></pre></div>
            <hr size="1"/>
            <div class="stderr"><i>Stderr</i><br/>
                <pre></pre></div>
        </div>
    </a>
        
    <a name="a1f6a723-dc12-4aba-b308-b25d9784a570">
        <div class="testcase">
            <div class="details">
                <span class="testname"><b>Tester.assertField() works as expected with checkboxes</b></span><br/>
                <span class="testclassname">tests/suites/tester</span><br/>
                <span class="duration">Time Taken: 0.001s</span>
            </div>
            None
            
            <hr size="1"/>
            
            <div class="stdout"><i>Stdout</i><br/>
                <pre></pre></div>
            <hr size="1"/>
            <div class="stderr"><i>Stderr</i><br/>
                <pre></pre></div>
        </div>
    </a>
        
    <a name="9b4da710-0029-4e7f-a2fa-94616f1f3435">
        <div class="testcase">
            <div class="details">
                <span class="testname"><b>Tester.assertField() works as expected with radios</b></span><br/>
                <span class="testclassname">tests/suites/tester</span><br/>
                <span class="duration">Time Taken: 0.0s</span>
            </div>
            None
            
            <hr size="1"/>
            
            <div class="stdout"><i>Stdout</i><br/>
                <pre></pre></div>
            <hr size="1"/>
            <div class="stderr"><i>Stderr</i><br/>
                <pre></pre></div>
        </div>
    </a>
        
    <a name="2428e202-fbef-42ae-8255-b566fdda5f0f">
        <div class="testcase">
            <div class="details">
                <span class="testname"><b>Tester.assertField() works as expected with selects</b></span><br/>
                <span class="testclassname">tests/suites/tester</span><br/>
                <span class="duration">Time Taken: 0.001s</span>
            </div>
            None
            
            <hr size="1"/>
            
            <div class="stdout"><i>Stdout</i><br/>
                <pre></pre></div>
            <hr size="1"/>
            <div class="stderr"><i>Stderr</i><br/>
                <pre></pre></div>
        </div>
    </a>
        
    <a name="ecd0a1a6-6c95-49b0-8fea-2558dcaf55c3">
        <div class="testcase">
            <div class="details">
                <span class="testname"><b>Tester.assertField() works as expected with file inputs</b></span><br/>
                <span class="testclassname">tests/suites/tester</span><br/>
                <span class="duration">Time Taken: 0.0s</span>
            </div>
            None
            
            <hr size="1"/>
            
            <div class="stdout"><i>Stdout</i><br/>
                <pre></pre></div>
            <hr size="1"/>
            <div class="stderr"><i>Stderr</i><br/>
                <pre></pre></div>
        </div>
    </a>
        
    <a name="54924f72-924e-47ae-8a00-060a95a73945">
        <div class="testcase">
            <div class="details">
                <span class="testname"><b>Tester.assertField() works as expected with check lists</b></span><br/>
                <span class="testclassname">tests/suites/tester</span><br/>
                <span class="duration">Time Taken: 0.001s</span>
            </div>
            None
            
            <hr size="1"/>
            
            <div class="stdout"><i>Stdout</i><br/>
                <pre></pre></div>
            <hr size="1"/>
            <div class="stderr"><i>Stderr</i><br/>
                <pre></pre></div>
        </div>
    </a>
        
            </div>
        </div>
        </a>
        
            </div>
        </div>
        
        <div class="testsuite">
            <h2>Test Suite: utils.betterTypeOf() tests</h2><a name="e51c6f22-e092-4234-9754-a515b2014afa">
            Package: tests/suites/utils<br/>
            
            <table>
            <tr><th align="left">Duration</th><td align="right">0.187 sec</td></tr>
            <tr><th align="left">Test Cases</th><td align="right">10</td></tr>
            <tr><th align="left">Failures</th><td align="right">0</td></tr>
            </table>
            <a name="toc"></a>
            <h2>Results Index</h2>
            
        <ul>
            
            
            <li>All Test Classes
            <ul>
            <li>
                <a href="#b347c84c-cb9a-47e8-a5b5-894665b2f40b">tests/suites/utils</a>
                <ul>
                
                    <li>
                        <a href="#31f0b85a-81b3-4189-9684-8adf1484066a">betterTypeOf() detects expected type "number"</a>
                    </li>
                    
                    <li>
                        <a href="#bf4243f1-c635-4b11-be1e-3765ef04b29a">betterTypeOf() detects expected type "string"</a>
                    </li>
                    
                    <li>
                        <a href="#996116c9-6169-4531-a94a-42c015495ff9">betterTypeOf() detects expected type "object"</a>
                    </li>
                    
                    <li>
                        <a href="#ce3e35fc-76ac-42e3-bab7-dab8be5ad52f">betterTypeOf() detects expected type "array"</a>
                    </li>
                    
                    <li>
                        <a href="#63a03300-db57-4494-97e3-0d9f2236121d">betterTypeOf() detects expected type "undefined"</a>
                    </li>
                    
                    <li>
                        <a href="#b09cc2e3-4ec5-4a92-b96e-3b35170809dd">betterTypeOf() detects expected type "null"</a>
                    </li>
                    
                    <li>
                        <a href="#1c8f4572-396b-477f-bb8c-ac4ae3034844">betterTypeOf() detects expected type "function"</a>
                    </li>
                    
                    <li>
                        <a href="#562276fa-a7e3-4daf-9b6d-2a2102f3fc57">betterTypeOf() detects expected type "domwindow"</a>
                    </li>
                    
                    <li>
                        <a href="#e40e579a-f729-4d94-8ed4-e0da1fd8226a">betterTypeOf() detects expected type "date"</a>
                    </li>
                    
                    <li>
                        <a href="#7b2c091f-500d-4f3a-890a-4a7ec344a527">betterTypeOf() detects expected type "regexp"</a>
                    </li>
                    
                </ul>
            </li>
            </ul>
            </li>
        </ul>
        
            <hr size="2"/>
            <h2>Test Results</h2>
            <div class="testclasses">
            
        <hr size="2"/>
        <a name="b347c84c-cb9a-47e8-a5b5-894665b2f40b">
        <div class="testclass">
            <div>Test Class: tests/suites/utils</div>
            <div class="testcases">
            
    <a name="31f0b85a-81b3-4189-9684-8adf1484066a">
        <div class="testcase">
            <div class="details">
                <span class="testname"><b>betterTypeOf() detects expected type "number"</b></span><br/>
                <span class="testclassname">tests/suites/utils</span><br/>
                <span class="duration">Time Taken: 0.184s</span>
            </div>
            None
            
            <hr size="1"/>
            
            <div class="stdout"><i>Stdout</i><br/>
                <pre></pre></div>
            <hr size="1"/>
            <div class="stderr"><i>Stderr</i><br/>
                <pre></pre></div>
        </div>
    </a>
        
    <a name="bf4243f1-c635-4b11-be1e-3765ef04b29a">
        <div class="testcase">
            <div class="details">
                <span class="testname"><b>betterTypeOf() detects expected type "string"</b></span><br/>
                <span class="testclassname">tests/suites/utils</span><br/>
                <span class="duration">Time Taken: 0.001s</span>
            </div>
            None
            
            <hr size="1"/>
            
            <div class="stdout"><i>Stdout</i><br/>
                <pre></pre></div>
            <hr size="1"/>
            <div class="stderr"><i>Stderr</i><br/>
                <pre></pre></div>
        </div>
    </a>
        
    <a name="996116c9-6169-4531-a94a-42c015495ff9">
        <div class="testcase">
            <div class="details">
                <span class="testname"><b>betterTypeOf() detects expected type "object"</b></span><br/>
                <span class="testclassname">tests/suites/utils</span><br/>
                <span class="duration">Time Taken: 0.0s</span>
            </div>
            None
            
            <hr size="1"/>
            
            <div class="stdout"><i>Stdout</i><br/>
                <pre></pre></div>
            <hr size="1"/>
            <div class="stderr"><i>Stderr</i><br/>
                <pre></pre></div>
        </div>
    </a>
        
    <a name="ce3e35fc-76ac-42e3-bab7-dab8be5ad52f">
        <div class="testcase">
            <div class="details">
                <span class="testname"><b>betterTypeOf() detects expected type "array"</b></span><br/>
                <span class="testclassname">tests/suites/utils</span><br/>
                <span class="duration">Time Taken: 0.0s</span>
            </div>
            None
            
            <hr size="1"/>
            
            <div class="stdout"><i>Stdout</i><br/>
                <pre></pre></div>
            <hr size="1"/>
            <div class="stderr"><i>Stderr</i><br/>
                <pre></pre></div>
        </div>
    </a>
        
    <a name="63a03300-db57-4494-97e3-0d9f2236121d">
        <div class="testcase">
            <div class="details">
                <span class="testname"><b>betterTypeOf() detects expected type "undefined"</b></span><br/>
                <span class="testclassname">tests/suites/utils</span><br/>
                <span class="duration">Time Taken: 0.001s</span>
            </div>
            None
            
            <hr size="1"/>
            
            <div class="stdout"><i>Stdout</i><br/>
                <pre></pre></div>
            <hr size="1"/>
            <div class="stderr"><i>Stderr</i><br/>
                <pre></pre></div>
        </div>
    </a>
        
    <a name="b09cc2e3-4ec5-4a92-b96e-3b35170809dd">
        <div class="testcase">
            <div class="details">
                <span class="testname"><b>betterTypeOf() detects expected type "null"</b></span><br/>
                <span class="testclassname">tests/suites/utils</span><br/>
                <span class="duration">Time Taken: 0.0s</span>
            </div>
            None
            
            <hr size="1"/>
            
            <div class="stdout"><i>Stdout</i><br/>
                <pre></pre></div>
            <hr size="1"/>
            <div class="stderr"><i>Stderr</i><br/>
                <pre></pre></div>
        </div>
    </a>
        
    <a name="1c8f4572-396b-477f-bb8c-ac4ae3034844">
        <div class="testcase">
            <div class="details">
                <span class="testname"><b>betterTypeOf() detects expected type "function"</b></span><br/>
                <span class="testclassname">tests/suites/utils</span><br/>
                <span class="duration">Time Taken: 0.0s</span>
            </div>
            None
            
            <hr size="1"/>
            
            <div class="stdout"><i>Stdout</i><br/>
                <pre></pre></div>
            <hr size="1"/>
            <div class="stderr"><i>Stderr</i><br/>
                <pre></pre></div>
        </div>
    </a>
        
    <a name="562276fa-a7e3-4daf-9b6d-2a2102f3fc57">
        <div class="testcase">
            <div class="details">
                <span class="testname"><b>betterTypeOf() detects expected type "domwindow"</b></span><br/>
                <span class="testclassname">tests/suites/utils</span><br/>
                <span class="duration">Time Taken: 0.0s</span>
            </div>
            None
            
            <hr size="1"/>
            
            <div class="stdout"><i>Stdout</i><br/>
                <pre></pre></div>
            <hr size="1"/>
            <div class="stderr"><i>Stderr</i><br/>
                <pre></pre></div>
        </div>
    </a>
        
    <a name="e40e579a-f729-4d94-8ed4-e0da1fd8226a">
        <div class="testcase">
            <div class="details">
                <span class="testname"><b>betterTypeOf() detects expected type "date"</b></span><br/>
                <span class="testclassname">tests/suites/utils</span><br/>
                <span class="duration">Time Taken: 0.0s</span>
            </div>
            None
            
            <hr size="1"/>
            
            <div class="stdout"><i>Stdout</i><br/>
                <pre></pre></div>
            <hr size="1"/>
            <div class="stderr"><i>Stderr</i><br/>
                <pre></pre></div>
        </div>
    </a>
        
    <a name="7b2c091f-500d-4f3a-890a-4a7ec344a527">
        <div class="testcase">
            <div class="details">
                <span class="testname"><b>betterTypeOf() detects expected type "regexp"</b></span><br/>
                <span class="testclassname">tests/suites/utils</span><br/>
                <span class="duration">Time Taken: 0.001s</span>
            </div>
            None
            
            <hr size="1"/>
            
            <div class="stdout"><i>Stdout</i><br/>
                <pre></pre></div>
            <hr size="1"/>
            <div class="stderr"><i>Stderr</i><br/>
                <pre></pre></div>
        </div>
    </a>
        
            </div>
        </div>
        </a>
        
            </div>
        </div>
        
        <div class="testsuite">
            <h2>Test Suite: utils.cleanUrl() tests</h2><a name="be3cbc1b-a5b1-43ea-a67e-83261f8a7915">
            Package: tests/suites/utils<br/>
            
            <table>
            <tr><th align="left">Duration</th><td align="right">0.002 sec</td></tr>
            <tr><th align="left">Test Cases</th><td align="right">10</td></tr>
            <tr><th align="left">Failures</th><td align="right">0</td></tr>
            </table>
            <a name="toc"></a>
            <h2>Results Index</h2>
            
        <ul>
            
            
            <li>All Test Classes
            <ul>
            <li>
                <a href="#8b0e7070-0678-4541-9583-54cf50b97f3e">tests/suites/utils</a>
                <ul>
                
                    <li>
                        <a href="#2ad9ca42-c22d-4417-b2a6-a0e258713508">cleanUrl() cleans an URL</a>
                    </li>
                    
                    <li>
                        <a href="#fd6676bb-398b-47b1-945c-67b33bc2a50a">cleanUrl() cleans an URL</a>
                    </li>
                    
                    <li>
                        <a href="#fa7f7f5d-5083-4201-a023-8b0aaa985c6f">cleanUrl() cleans an URL</a>
                    </li>
                    
                    <li>
                        <a href="#96fbae71-f11c-42ad-aeca-3fb2afb686f2">cleanUrl() cleans an URL</a>
                    </li>
                    
                    <li>
                        <a href="#d883f4de-b66e-4209-86a8-02e9b9dfb5bc">cleanUrl() cleans an URL</a>
                    </li>
                    
                    <li>
                        <a href="#6459949c-ff86-4d81-947a-19610e4ce194">cleanUrl() cleans an URL</a>
                    </li>
                    
                    <li>
                        <a href="#3e500db6-ff0b-4817-9a8a-a41750949861">cleanUrl() cleans an URL</a>
                    </li>
                    
                    <li>
                        <a href="#39cae50e-6e92-4b5d-9512-2e7a0c79a176">cleanUrl() cleans an URL</a>
                    </li>
                    
                    <li>
                        <a href="#554b42cb-1e8b-44a2-84c2-8a602a2ecbda">cleanUrl() cleans an URL</a>
                    </li>
                    
                    <li>
                        <a href="#d1218009-f79e-4a23-98ee-94aa9d38b517">cleanUrl() cleans an URL</a>
                    </li>
                    
                </ul>
            </li>
            </ul>
            </li>
        </ul>
        
            <hr size="2"/>
            <h2>Test Results</h2>
            <div class="testclasses">
            
        <hr size="2"/>
        <a name="8b0e7070-0678-4541-9583-54cf50b97f3e">
        <div class="testclass">
            <div>Test Class: tests/suites/utils</div>
            <div class="testcases">
            
    <a name="2ad9ca42-c22d-4417-b2a6-a0e258713508">
        <div class="testcase">
            <div class="details">
                <span class="testname"><b>cleanUrl() cleans an URL</b></span><br/>
                <span class="testclassname">tests/suites/utils</span><br/>
                <span class="duration">Time Taken: 0.0s</span>
            </div>
            None
            
            <hr size="1"/>
            
            <div class="stdout"><i>Stdout</i><br/>
                <pre></pre></div>
            <hr size="1"/>
            <div class="stderr"><i>Stderr</i><br/>
                <pre></pre></div>
        </div>
    </a>
        
    <a name="fd6676bb-398b-47b1-945c-67b33bc2a50a">
        <div class="testcase">
            <div class="details">
                <span class="testname"><b>cleanUrl() cleans an URL</b></span><br/>
                <span class="testclassname">tests/suites/utils</span><br/>
                <span class="duration">Time Taken: 0.0s</span>
            </div>
            None
            
            <hr size="1"/>
            
            <div class="stdout"><i>Stdout</i><br/>
                <pre></pre></div>
            <hr size="1"/>
            <div class="stderr"><i>Stderr</i><br/>
                <pre></pre></div>
        </div>
    </a>
        
    <a name="fa7f7f5d-5083-4201-a023-8b0aaa985c6f">
        <div class="testcase">
            <div class="details">
                <span class="testname"><b>cleanUrl() cleans an URL</b></span><br/>
                <span class="testclassname">tests/suites/utils</span><br/>
                <span class="duration">Time Taken: 0.001s</span>
            </div>
            None
            
            <hr size="1"/>
            
            <div class="stdout"><i>Stdout</i><br/>
                <pre></pre></div>
            <hr size="1"/>
            <div class="stderr"><i>Stderr</i><br/>
                <pre></pre></div>
        </div>
    </a>
        
    <a name="96fbae71-f11c-42ad-aeca-3fb2afb686f2">
        <div class="testcase">
            <div class="details">
                <span class="testname"><b>cleanUrl() cleans an URL</b></span><br/>
                <span class="testclassname">tests/suites/utils</span><br/>
                <span class="duration">Time Taken: 0.0s</span>
            </div>
            None
            
            <hr size="1"/>
            
            <div class="stdout"><i>Stdout</i><br/>
                <pre></pre></div>
            <hr size="1"/>
            <div class="stderr"><i>Stderr</i><br/>
                <pre></pre></div>
        </div>
    </a>
        
    <a name="d883f4de-b66e-4209-86a8-02e9b9dfb5bc">
        <div class="testcase">
            <div class="details">
                <span class="testname"><b>cleanUrl() cleans an URL</b></span><br/>
                <span class="testclassname">tests/suites/utils</span><br/>
                <span class="duration">Time Taken: 0.0s</span>
            </div>
            None
            
            <hr size="1"/>
            
            <div class="stdout"><i>Stdout</i><br/>
                <pre></pre></div>
            <hr size="1"/>
            <div class="stderr"><i>Stderr</i><br/>
                <pre></pre></div>
        </div>
    </a>
        
    <a name="6459949c-ff86-4d81-947a-19610e4ce194">
        <div class="testcase">
            <div class="details">
                <span class="testname"><b>cleanUrl() cleans an URL</b></span><br/>
                <span class="testclassname">tests/suites/utils</span><br/>
                <span class="duration">Time Taken: 0.0s</span>
            </div>
            None
            
            <hr size="1"/>
            
            <div class="stdout"><i>Stdout</i><br/>
                <pre></pre></div>
            <hr size="1"/>
            <div class="stderr"><i>Stderr</i><br/>
                <pre></pre></div>
        </div>
    </a>
        
    <a name="3e500db6-ff0b-4817-9a8a-a41750949861">
        <div class="testcase">
            <div class="details">
                <span class="testname"><b>cleanUrl() cleans an URL</b></span><br/>
                <span class="testclassname">tests/suites/utils</span><br/>
                <span class="duration">Time Taken: 0.0s</span>
            </div>
            None
            
            <hr size="1"/>
            
            <div class="stdout"><i>Stdout</i><br/>
                <pre></pre></div>
            <hr size="1"/>
            <div class="stderr"><i>Stderr</i><br/>
                <pre></pre></div>
        </div>
    </a>
        
    <a name="39cae50e-6e92-4b5d-9512-2e7a0c79a176">
        <div class="testcase">
            <div class="details">
                <span class="testname"><b>cleanUrl() cleans an URL</b></span><br/>
                <span class="testclassname">tests/suites/utils</span><br/>
                <span class="duration">Time Taken: 0.001s</span>
            </div>
            None
            
            <hr size="1"/>
            
            <div class="stdout"><i>Stdout</i><br/>
                <pre></pre></div>
            <hr size="1"/>
            <div class="stderr"><i>Stderr</i><br/>
                <pre></pre></div>
        </div>
    </a>
        
    <a name="554b42cb-1e8b-44a2-84c2-8a602a2ecbda">
        <div class="testcase">
            <div class="details">
                <span class="testname"><b>cleanUrl() cleans an URL</b></span><br/>
                <span class="testclassname">tests/suites/utils</span><br/>
                <span class="duration">Time Taken: 0.0s</span>
            </div>
            None
            
            <hr size="1"/>
            
            <div class="stdout"><i>Stdout</i><br/>
                <pre></pre></div>
            <hr size="1"/>
            <div class="stderr"><i>Stderr</i><br/>
                <pre></pre></div>
        </div>
    </a>
        
    <a name="d1218009-f79e-4a23-98ee-94aa9d38b517">
        <div class="testcase">
            <div class="details">
                <span class="testname"><b>cleanUrl() cleans an URL</b></span><br/>
                <span class="testclassname">tests/suites/utils</span><br/>
                <span class="duration">Time Taken: 0.0s</span>
            </div>
            None
            
            <hr size="1"/>
            
            <div class="stdout"><i>Stdout</i><br/>
                <pre></pre></div>
            <hr size="1"/>
            <div class="stderr"><i>Stderr</i><br/>
                <pre></pre></div>
        </div>
    </a>
        
            </div>
        </div>
        </a>
        
            </div>
        </div>
        
        <div class="testsuite">
            <h2>Test Suite: utils.clone() tests</h2><a name="5bc0c2c2-1ed2-44e8-be7e-917be5956394">
            Package: tests/suites/utils<br/>
            
            <table>
            <tr><th align="left">Duration</th><td align="right">0.001 sec</td></tr>
            <tr><th align="left">Test Cases</th><td align="right">2</td></tr>
            <tr><th align="left">Failures</th><td align="right">0</td></tr>
            </table>
            <a name="toc"></a>
            <h2>Results Index</h2>
            
        <ul>
            
            
            <li>All Test Classes
            <ul>
            <li>
                <a href="#b5f9b60b-cdde-400f-bd6f-4d9a9b36f4c1">tests/suites/utils</a>
                <ul>
                
                    <li>
                        <a href="#f5a300f3-e1fb-4d35-a8aa-7d16346a2368">Subject equals the expected value</a>
                    </li>
                    
                    <li>
                        <a href="#c88969d2-5c51-4db7-904a-7772977ae8f5">Subject equals the expected value</a>
                    </li>
                    
                </ul>
            </li>
            </ul>
            </li>
        </ul>
        
            <hr size="2"/>
            <h2>Test Results</h2>
            <div class="testclasses">
            
        <hr size="2"/>
        <a name="b5f9b60b-cdde-400f-bd6f-4d9a9b36f4c1">
        <div class="testclass">
            <div>Test Class: tests/suites/utils</div>
            <div class="testcases">
            
    <a name="f5a300f3-e1fb-4d35-a8aa-7d16346a2368">
        <div class="testcase">
            <div class="details">
                <span class="testname"><b>Subject equals the expected value</b></span><br/>
                <span class="testclassname">tests/suites/utils</span><br/>
                <span class="duration">Time Taken: 0.0s</span>
            </div>
            None
            
            <hr size="1"/>
            
            <div class="stdout"><i>Stdout</i><br/>
                <pre></pre></div>
            <hr size="1"/>
            <div class="stderr"><i>Stderr</i><br/>
                <pre></pre></div>
        </div>
    </a>
        
    <a name="c88969d2-5c51-4db7-904a-7772977ae8f5">
        <div class="testcase">
            <div class="details">
                <span class="testname"><b>Subject equals the expected value</b></span><br/>
                <span class="testclassname">tests/suites/utils</span><br/>
                <span class="duration">Time Taken: 0.001s</span>
            </div>
            None
            
            <hr size="1"/>
            
            <div class="stdout"><i>Stdout</i><br/>
                <pre></pre></div>
            <hr size="1"/>
            <div class="stderr"><i>Stderr</i><br/>
                <pre></pre></div>
        </div>
    </a>
        
            </div>
        </div>
        </a>
        
            </div>
        </div>
        
        <div class="testsuite">
            <h2>Test Suite: equals() tests</h2><a name="0b2de742-6bb8-4ef8-a694-3615e3380a14">
            Package: tests/suites/utils<br/>
            
            <table>
            <tr><th align="left">Duration</th><td align="right">0.004 sec</td></tr>
            <tr><th align="left">Test Cases</th><td align="right">23</td></tr>
            <tr><th align="left">Failures</th><td align="right">0</td></tr>
            </table>
            <a name="toc"></a>
            <h2>Results Index</h2>
            
        <ul>
            
            
            <li>All Test Classes
            <ul>
            <li>
                <a href="#7770cf68-e69e-4366-a230-6c6a89bf8c6a">tests/suites/utils</a>
                <ul>
                
                    <li>
                        <a href="#78a8848d-8160-42a3-82e4-68301745e162">equals() null equality</a>
                    </li>
                    
                    <li>
                        <a href="#2a83753a-737e-466c-b0d3-1f07bf8d4d18">equals() null vs. undefined inequality</a>
                    </li>
                    
                    <li>
                        <a href="#61660137-cd32-4adc-b7bb-56666e180133">equals() string equality</a>
                    </li>
                    
                    <li>
                        <a href="#76c8f4ff-8fa3-482a-90f8-9c6254913a59">equals() string inequality</a>
                    </li>
                    
                    <li>
                        <a href="#385e0d6f-063a-4f1c-937a-d3b444f34369">equals() number equality</a>
                    </li>
                    
                    <li>
                        <a href="#637820f2-c46c-4271-b626-e511a227565f">equals() number equality without implicit cast</a>
                    </li>
                    
                    <li>
                        <a href="#ae008306-9060-4b94-9eb4-e2c97b817c0f">equals() number equality with cast</a>
                    </li>
                    
                    <li>
                        <a href="#0e0f4e2d-0dc0-4f2a-ad49-fdbe33c774a1">equals() number inequality</a>
                    </li>
                    
                    <li>
                        <a href="#fca4f2a3-9891-4620-975f-e49a7a5b46ae">equals() empty array equality</a>
                    </li>
                    
                    <li>
                        <a href="#faff8bb9-a6fb-4850-948c-88e2d444ebbc">equals() array equality</a>
                    </li>
                    
                    <li>
                        <a href="#fc976a57-e141-4eba-bac8-093c8367a2b2">equals() complex array equality</a>
                    </li>
                    
                    <li>
                        <a href="#60ef674b-13ce-412b-b8fb-099de0476a75">equals() complex array inequality</a>
                    </li>
                    
                    <li>
                        <a href="#49d248c3-2277-4494-947c-ffecf0efed89">equals() shuffled array inequality</a>
                    </li>
                    
                    <li>
                        <a href="#b41801ad-0bee-4384-a0ec-d3e881c27a2d">equals() array length inequality</a>
                    </li>
                    
                    <li>
                        <a href="#657ac274-3c11-41a9-9a17-7a05e2477524">equals() empty object equality</a>
                    </li>
                    
                    <li>
                        <a href="#188f03f9-fb19-438b-80bd-bcda3860c6bb">equals() object length equality</a>
                    </li>
                    
                    <li>
                        <a href="#ad784f55-00c4-4a17-b8c8-1200b9c410ba">equals() shuffled object keys equality</a>
                    </li>
                    
                    <li>
                        <a href="#94efb62f-4adb-4c80-a9c1-d1e0931ddbc5">equals() object inequality</a>
                    </li>
                    
                    <li>
                        <a href="#6e2c619a-c3b5-47c4-8530-2755f1fbad59">equals() complex object equality</a>
                    </li>
                    
                    <li>
                        <a href="#be6166a4-27f2-4339-9059-f29fd40273c2">equals() complex object inequality</a>
                    </li>
                    
                    <li>
                        <a href="#00ef12f7-63be-4373-9f96-5d6e11beebfe">equals() function equality</a>
                    </li>
                    
                    <li>
                        <a href="#af693bed-9cec-4b4b-b957-76d775024fd6">equals() function inequality</a>
                    </li>
                    
                    <li>
                        <a href="#45acfda4-d75f-48d7-9fcc-924eeabf847e">equals() arrays of objects</a>
                    </li>
                    
                </ul>
            </li>
            </ul>
            </li>
        </ul>
        
            <hr size="2"/>
            <h2>Test Results</h2>
            <div class="testclasses">
            
        <hr size="2"/>
        <a name="7770cf68-e69e-4366-a230-6c6a89bf8c6a">
        <div class="testclass">
            <div>Test Class: tests/suites/utils</div>
            <div class="testcases">
            
    <a name="78a8848d-8160-42a3-82e4-68301745e162">
        <div class="testcase">
            <div class="details">
                <span class="testname"><b>equals() null equality</b></span><br/>
                <span class="testclassname">tests/suites/utils</span><br/>
                <span class="duration">Time Taken: 0.0s</span>
            </div>
            None
            
            <hr size="1"/>
            
            <div class="stdout"><i>Stdout</i><br/>
                <pre></pre></div>
            <hr size="1"/>
            <div class="stderr"><i>Stderr</i><br/>
                <pre></pre></div>
        </div>
    </a>
        
    <a name="2a83753a-737e-466c-b0d3-1f07bf8d4d18">
        <div class="testcase">
            <div class="details">
                <span class="testname"><b>equals() null vs. undefined inequality</b></span><br/>
                <span class="testclassname">tests/suites/utils</span><br/>
                <span class="duration">Time Taken: 0.0s</span>
            </div>
            None
            
            <hr size="1"/>
            
            <div class="stdout"><i>Stdout</i><br/>
                <pre></pre></div>
            <hr size="1"/>
            <div class="stderr"><i>Stderr</i><br/>
                <pre></pre></div>
        </div>
    </a>
        
    <a name="61660137-cd32-4adc-b7bb-56666e180133">
        <div class="testcase">
            <div class="details">
                <span class="testname"><b>equals() string equality</b></span><br/>
                <span class="testclassname">tests/suites/utils</span><br/>
                <span class="duration">Time Taken: 0.001s</span>
            </div>
            None
            
            <hr size="1"/>
            
            <div class="stdout"><i>Stdout</i><br/>
                <pre></pre></div>
            <hr size="1"/>
            <div class="stderr"><i>Stderr</i><br/>
                <pre></pre></div>
        </div>
    </a>
        
    <a name="76c8f4ff-8fa3-482a-90f8-9c6254913a59">
        <div class="testcase">
            <div class="details">
                <span class="testname"><b>equals() string inequality</b></span><br/>
                <span class="testclassname">tests/suites/utils</span><br/>
                <span class="duration">Time Taken: 0.0s</span>
            </div>
            None
            
            <hr size="1"/>
            
            <div class="stdout"><i>Stdout</i><br/>
                <pre></pre></div>
            <hr size="1"/>
            <div class="stderr"><i>Stderr</i><br/>
                <pre></pre></div>
        </div>
    </a>
        
    <a name="385e0d6f-063a-4f1c-937a-d3b444f34369">
        <div class="testcase">
            <div class="details">
                <span class="testname"><b>equals() number equality</b></span><br/>
                <span class="testclassname">tests/suites/utils</span><br/>
                <span class="duration">Time Taken: 0.0s</span>
            </div>
            None
            
            <hr size="1"/>
            
            <div class="stdout"><i>Stdout</i><br/>
                <pre></pre></div>
            <hr size="1"/>
            <div class="stderr"><i>Stderr</i><br/>
                <pre></pre></div>
        </div>
    </a>
        
    <a name="637820f2-c46c-4271-b626-e511a227565f">
        <div class="testcase">
            <div class="details">
                <span class="testname"><b>equals() number equality without implicit cast</b></span><br/>
                <span class="testclassname">tests/suites/utils</span><br/>
                <span class="duration">Time Taken: 0.0s</span>
            </div>
            None
            
            <hr size="1"/>
            
            <div class="stdout"><i>Stdout</i><br/>
                <pre></pre></div>
            <hr size="1"/>
            <div class="stderr"><i>Stderr</i><br/>
                <pre></pre></div>
        </div>
    </a>
        
    <a name="ae008306-9060-4b94-9eb4-e2c97b817c0f">
        <div class="testcase">
            <div class="details">
                <span class="testname"><b>equals() number equality with cast</b></span><br/>
                <span class="testclassname">tests/suites/utils</span><br/>
                <span class="duration">Time Taken: 0.0s</span>
            </div>
            None
            
            <hr size="1"/>
            
            <div class="stdout"><i>Stdout</i><br/>
                <pre></pre></div>
            <hr size="1"/>
            <div class="stderr"><i>Stderr</i><br/>
                <pre></pre></div>
        </div>
    </a>
        
    <a name="0e0f4e2d-0dc0-4f2a-ad49-fdbe33c774a1">
        <div class="testcase">
            <div class="details">
                <span class="testname"><b>equals() number inequality</b></span><br/>
                <span class="testclassname">tests/suites/utils</span><br/>
                <span class="duration">Time Taken: 0.0s</span>
            </div>
            None
            
            <hr size="1"/>
            
            <div class="stdout"><i>Stdout</i><br/>
                <pre></pre></div>
            <hr size="1"/>
            <div class="stderr"><i>Stderr</i><br/>
                <pre></pre></div>
        </div>
    </a>
        
    <a name="fca4f2a3-9891-4620-975f-e49a7a5b46ae">
        <div class="testcase">
            <div class="details">
                <span class="testname"><b>equals() empty array equality</b></span><br/>
                <span class="testclassname">tests/suites/utils</span><br/>
                <span class="duration">Time Taken: 0.001s</span>
            </div>
            None
            
            <hr size="1"/>
            
            <div class="stdout"><i>Stdout</i><br/>
                <pre></pre></div>
            <hr size="1"/>
            <div class="stderr"><i>Stderr</i><br/>
                <pre></pre></div>
        </div>
    </a>
        
    <a name="faff8bb9-a6fb-4850-948c-88e2d444ebbc">
        <div class="testcase">
            <div class="details">
                <span class="testname"><b>equals() array equality</b></span><br/>
                <span class="testclassname">tests/suites/utils</span><br/>
                <span class="duration">Time Taken: 0.0s</span>
            </div>
            None
            
            <hr size="1"/>
            
            <div class="stdout"><i>Stdout</i><br/>
                <pre></pre></div>
            <hr size="1"/>
            <div class="stderr"><i>Stderr</i><br/>
                <pre></pre></div>
        </div>
    </a>
        
    <a name="fc976a57-e141-4eba-bac8-093c8367a2b2">
        <div class="testcase">
            <div class="details">
                <span class="testname"><b>equals() complex array equality</b></span><br/>
                <span class="testclassname">tests/suites/utils</span><br/>
                <span class="duration">Time Taken: 0.0s</span>
            </div>
            None
            
            <hr size="1"/>
            
            <div class="stdout"><i>Stdout</i><br/>
                <pre></pre></div>
            <hr size="1"/>
            <div class="stderr"><i>Stderr</i><br/>
                <pre></pre></div>
        </div>
    </a>
        
    <a name="60ef674b-13ce-412b-b8fb-099de0476a75">
        <div class="testcase">
            <div class="details">
                <span class="testname"><b>equals() complex array inequality</b></span><br/>
                <span class="testclassname">tests/suites/utils</span><br/>
                <span class="duration">Time Taken: 0.0s</span>
            </div>
            None
            
            <hr size="1"/>
            
            <div class="stdout"><i>Stdout</i><br/>
                <pre></pre></div>
            <hr size="1"/>
            <div class="stderr"><i>Stderr</i><br/>
                <pre></pre></div>
        </div>
    </a>
        
    <a name="49d248c3-2277-4494-947c-ffecf0efed89">
        <div class="testcase">
            <div class="details">
                <span class="testname"><b>equals() shuffled array inequality</b></span><br/>
                <span class="testclassname">tests/suites/utils</span><br/>
                <span class="duration">Time Taken: 0.0s</span>
            </div>
            None
            
            <hr size="1"/>
            
            <div class="stdout"><i>Stdout</i><br/>
                <pre></pre></div>
            <hr size="1"/>
            <div class="stderr"><i>Stderr</i><br/>
                <pre></pre></div>
        </div>
    </a>
        
    <a name="b41801ad-0bee-4384-a0ec-d3e881c27a2d">
        <div class="testcase">
            <div class="details">
                <span class="testname"><b>equals() array length inequality</b></span><br/>
                <span class="testclassname">tests/suites/utils</span><br/>
                <span class="duration">Time Taken: 0.001s</span>
            </div>
            None
            
            <hr size="1"/>
            
            <div class="stdout"><i>Stdout</i><br/>
                <pre></pre></div>
            <hr size="1"/>
            <div class="stderr"><i>Stderr</i><br/>
                <pre></pre></div>
        </div>
    </a>
        
    <a name="657ac274-3c11-41a9-9a17-7a05e2477524">
        <div class="testcase">
            <div class="details">
                <span class="testname"><b>equals() empty object equality</b></span><br/>
                <span class="testclassname">tests/suites/utils</span><br/>
                <span class="duration">Time Taken: 0.0s</span>
            </div>
            None
            
            <hr size="1"/>
            
            <div class="stdout"><i>Stdout</i><br/>
                <pre></pre></div>
            <hr size="1"/>
            <div class="stderr"><i>Stderr</i><br/>
                <pre></pre></div>
        </div>
    </a>
        
    <a name="188f03f9-fb19-438b-80bd-bcda3860c6bb">
        <div class="testcase">
            <div class="details">
                <span class="testname"><b>equals() object length equality</b></span><br/>
                <span class="testclassname">tests/suites/utils</span><br/>
                <span class="duration">Time Taken: 0.0s</span>
            </div>
            None
            
            <hr size="1"/>
            
            <div class="stdout"><i>Stdout</i><br/>
                <pre></pre></div>
            <hr size="1"/>
            <div class="stderr"><i>Stderr</i><br/>
                <pre></pre></div>
        </div>
    </a>
        
    <a name="ad784f55-00c4-4a17-b8c8-1200b9c410ba">
        <div class="testcase">
            <div class="details">
                <span class="testname"><b>equals() shuffled object keys equality</b></span><br/>
                <span class="testclassname">tests/suites/utils</span><br/>
                <span class="duration">Time Taken: 0.0s</span>
            </div>
            None
            
            <hr size="1"/>
            
            <div class="stdout"><i>Stdout</i><br/>
                <pre></pre></div>
            <hr size="1"/>
            <div class="stderr"><i>Stderr</i><br/>
                <pre></pre></div>
        </div>
    </a>
        
    <a name="94efb62f-4adb-4c80-a9c1-d1e0931ddbc5">
        <div class="testcase">
            <div class="details">
                <span class="testname"><b>equals() object inequality</b></span><br/>
                <span class="testclassname">tests/suites/utils</span><br/>
                <span class="duration">Time Taken: 0.0s</span>
            </div>
            None
            
            <hr size="1"/>
            
            <div class="stdout"><i>Stdout</i><br/>
                <pre></pre></div>
            <hr size="1"/>
            <div class="stderr"><i>Stderr</i><br/>
                <pre></pre></div>
        </div>
    </a>
        
    <a name="6e2c619a-c3b5-47c4-8530-2755f1fbad59">
        <div class="testcase">
            <div class="details">
                <span class="testname"><b>equals() complex object equality</b></span><br/>
                <span class="testclassname">tests/suites/utils</span><br/>
                <span class="duration">Time Taken: 0.001s</span>
            </div>
            None
            
            <hr size="1"/>
            
            <div class="stdout"><i>Stdout</i><br/>
                <pre></pre></div>
            <hr size="1"/>
            <div class="stderr"><i>Stderr</i><br/>
                <pre></pre></div>
        </div>
    </a>
        
    <a name="be6166a4-27f2-4339-9059-f29fd40273c2">
        <div class="testcase">
            <div class="details">
                <span class="testname"><b>equals() complex object inequality</b></span><br/>
                <span class="testclassname">tests/suites/utils</span><br/>
                <span class="duration">Time Taken: 0.0s</span>
            </div>
            None
            
            <hr size="1"/>
            
            <div class="stdout"><i>Stdout</i><br/>
                <pre></pre></div>
            <hr size="1"/>
            <div class="stderr"><i>Stderr</i><br/>
                <pre></pre></div>
        </div>
    </a>
        
    <a name="00ef12f7-63be-4373-9f96-5d6e11beebfe">
        <div class="testcase">
            <div class="details">
                <span class="testname"><b>equals() function equality</b></span><br/>
                <span class="testclassname">tests/suites/utils</span><br/>
                <span class="duration">Time Taken: 0.0s</span>
            </div>
            None
            
            <hr size="1"/>
            
            <div class="stdout"><i>Stdout</i><br/>
                <pre></pre></div>
            <hr size="1"/>
            <div class="stderr"><i>Stderr</i><br/>
                <pre></pre></div>
        </div>
    </a>
        
    <a name="af693bed-9cec-4b4b-b957-76d775024fd6">
        <div class="testcase">
            <div class="details">
                <span class="testname"><b>equals() function inequality</b></span><br/>
                <span class="testclassname">tests/suites/utils</span><br/>
                <span class="duration">Time Taken: 0.0s</span>
            </div>
            None
            
            <hr size="1"/>
            
            <div class="stdout"><i>Stdout</i><br/>
                <pre></pre></div>
            <hr size="1"/>
            <div class="stderr"><i>Stderr</i><br/>
                <pre></pre></div>
        </div>
    </a>
        
    <a name="45acfda4-d75f-48d7-9fcc-924eeabf847e">
        <div class="testcase">
            <div class="details">
                <span class="testname"><b>equals() arrays of objects</b></span><br/>
                <span class="testclassname">tests/suites/utils</span><br/>
                <span class="duration">Time Taken: 0.0s</span>
            </div>
            None
            
            <hr size="1"/>
            
            <div class="stdout"><i>Stdout</i><br/>
                <pre></pre></div>
            <hr size="1"/>
            <div class="stderr"><i>Stderr</i><br/>
                <pre></pre></div>
        </div>
    </a>
        
            </div>
        </div>
        </a>
        
            </div>
        </div>
        
        <div class="testsuite">
            <h2>Test Suite: fileExt() tests</h2><a name="e6a45f7d-97f3-4861-967e-e8937e1da43d">
            Package: tests/suites/utils<br/>
            
            <table>
            <tr><th align="left">Duration</th><td align="right">0.002 sec</td></tr>
            <tr><th align="left">Test Cases</th><td align="right">6</td></tr>
            <tr><th align="left">Failures</th><td align="right">0</td></tr>
            </table>
            <a name="toc"></a>
            <h2>Results Index</h2>
            
        <ul>
            
            
            <li>All Test Classes
            <ul>
            <li>
                <a href="#174fabab-e842-4daa-b4a0-0486297e50f8">tests/suites/utils</a>
                <ul>
                
                    <li>
                        <a href="#a807da72-af8b-47f7-b56d-187773346b89">fileExt() extract file extension</a>
                    </li>
                    
                    <li>
                        <a href="#679751d7-511e-43ba-a48a-f563dd8111d2">fileExt() extract file extension</a>
                    </li>
                    
                    <li>
                        <a href="#f474107c-a5d3-4d5b-8aca-dbc4c7fdd29c">fileExt() extract file extension</a>
                    </li>
                    
                    <li>
                        <a href="#956fecf0-911d-4515-86f7-c436c8753755">fileExt() extract file extension</a>
                    </li>
                    
                    <li>
                        <a href="#04f3f33e-e4c1-4aec-b29b-6b29b9d74aa8">fileExt() extract file extension</a>
                    </li>
                    
                    <li>
                        <a href="#f3088bb5-05a9-410c-9cf9-6768fda43d67">fileExt() extract file extension</a>
                    </li>
                    
                </ul>
            </li>
            </ul>
            </li>
        </ul>
        
            <hr size="2"/>
            <h2>Test Results</h2>
            <div class="testclasses">
            
        <hr size="2"/>
        <a name="174fabab-e842-4daa-b4a0-0486297e50f8">
        <div class="testclass">
            <div>Test Class: tests/suites/utils</div>
            <div class="testcases">
            
    <a name="a807da72-af8b-47f7-b56d-187773346b89">
        <div class="testcase">
            <div class="details">
                <span class="testname"><b>fileExt() extract file extension</b></span><br/>
                <span class="testclassname">tests/suites/utils</span><br/>
                <span class="duration">Time Taken: 0.001s</span>
            </div>
            None
            
            <hr size="1"/>
            
            <div class="stdout"><i>Stdout</i><br/>
                <pre></pre></div>
            <hr size="1"/>
            <div class="stderr"><i>Stderr</i><br/>
                <pre></pre></div>
        </div>
    </a>
        
    <a name="679751d7-511e-43ba-a48a-f563dd8111d2">
        <div class="testcase">
            <div class="details">
                <span class="testname"><b>fileExt() extract file extension</b></span><br/>
                <span class="testclassname">tests/suites/utils</span><br/>
                <span class="duration">Time Taken: 0.0s</span>
            </div>
            None
            
            <hr size="1"/>
            
            <div class="stdout"><i>Stdout</i><br/>
                <pre></pre></div>
            <hr size="1"/>
            <div class="stderr"><i>Stderr</i><br/>
                <pre></pre></div>
        </div>
    </a>
        
    <a name="f474107c-a5d3-4d5b-8aca-dbc4c7fdd29c">
        <div class="testcase">
            <div class="details">
                <span class="testname"><b>fileExt() extract file extension</b></span><br/>
                <span class="testclassname">tests/suites/utils</span><br/>
                <span class="duration">Time Taken: 0.0s</span>
            </div>
            None
            
            <hr size="1"/>
            
            <div class="stdout"><i>Stdout</i><br/>
                <pre></pre></div>
            <hr size="1"/>
            <div class="stderr"><i>Stderr</i><br/>
                <pre></pre></div>
        </div>
    </a>
        
    <a name="956fecf0-911d-4515-86f7-c436c8753755">
        <div class="testcase">
            <div class="details">
                <span class="testname"><b>fileExt() extract file extension</b></span><br/>
                <span class="testclassname">tests/suites/utils</span><br/>
                <span class="duration">Time Taken: 0.0s</span>
            </div>
            None
            
            <hr size="1"/>
            
            <div class="stdout"><i>Stdout</i><br/>
                <pre></pre></div>
            <hr size="1"/>
            <div class="stderr"><i>Stderr</i><br/>
                <pre></pre></div>
        </div>
    </a>
        
    <a name="04f3f33e-e4c1-4aec-b29b-6b29b9d74aa8">
        <div class="testcase">
            <div class="details">
                <span class="testname"><b>fileExt() extract file extension</b></span><br/>
                <span class="testclassname">tests/suites/utils</span><br/>
                <span class="duration">Time Taken: 0.0s</span>
            </div>
            None
            
            <hr size="1"/>
            
            <div class="stdout"><i>Stdout</i><br/>
                <pre></pre></div>
            <hr size="1"/>
            <div class="stderr"><i>Stderr</i><br/>
                <pre></pre></div>
        </div>
    </a>
        
    <a name="f3088bb5-05a9-410c-9cf9-6768fda43d67">
        <div class="testcase">
            <div class="details">
                <span class="testname"><b>fileExt() extract file extension</b></span><br/>
                <span class="testclassname">tests/suites/utils</span><br/>
                <span class="duration">Time Taken: 0.001s</span>
            </div>
            None
            
            <hr size="1"/>
            
            <div class="stdout"><i>Stdout</i><br/>
                <pre></pre></div>
            <hr size="1"/>
            <div class="stderr"><i>Stderr</i><br/>
                <pre></pre></div>
        </div>
    </a>
        
            </div>
        </div>
        </a>
        
            </div>
        </div>
        
        <div class="testsuite">
            <h2>Test Suite: fillBlanks() tests</h2><a name="3088a9bf-ac7f-440a-8d0f-a88b1552158c">
            Package: tests/suites/utils<br/>
            
            <table>
            <tr><th align="left">Duration</th><td align="right">0.0 sec</td></tr>
            <tr><th align="left">Test Cases</th><td align="right">3</td></tr>
            <tr><th align="left">Failures</th><td align="right">0</td></tr>
            </table>
            <a name="toc"></a>
            <h2>Results Index</h2>
            
        <ul>
            
            
            <li>All Test Classes
            <ul>
            <li>
                <a href="#ea59d201-7ab3-4804-b712-009cea39dc52">tests/suites/utils</a>
                <ul>
                
                    <li>
                        <a href="#d4891255-6b6d-4975-ab6d-91dc4b7dd3d6">fillBlanks() fills blanks</a>
                    </li>
                    
                    <li>
                        <a href="#8e53be43-5e32-439c-8e0f-e2a9262ccfec">fillBlanks() fills blanks</a>
                    </li>
                    
                    <li>
                        <a href="#436fab44-1a86-4f5d-b446-a6d8ac26e5e6">fillBlanks() fills blanks</a>
                    </li>
                    
                </ul>
            </li>
            </ul>
            </li>
        </ul>
        
            <hr size="2"/>
            <h2>Test Results</h2>
            <div class="testclasses">
            
        <hr size="2"/>
        <a name="ea59d201-7ab3-4804-b712-009cea39dc52">
        <div class="testclass">
            <div>Test Class: tests/suites/utils</div>
            <div class="testcases">
            
    <a name="d4891255-6b6d-4975-ab6d-91dc4b7dd3d6">
        <div class="testcase">
            <div class="details">
                <span class="testname"><b>fillBlanks() fills blanks</b></span><br/>
                <span class="testclassname">tests/suites/utils</span><br/>
                <span class="duration">Time Taken: 0.0s</span>
            </div>
            None
            
            <hr size="1"/>
            
            <div class="stdout"><i>Stdout</i><br/>
                <pre></pre></div>
            <hr size="1"/>
            <div class="stderr"><i>Stderr</i><br/>
                <pre></pre></div>
        </div>
    </a>
        
    <a name="8e53be43-5e32-439c-8e0f-e2a9262ccfec">
        <div class="testcase">
            <div class="details">
                <span class="testname"><b>fillBlanks() fills blanks</b></span><br/>
                <span class="testclassname">tests/suites/utils</span><br/>
                <span class="duration">Time Taken: 0.0s</span>
            </div>
            None
            
            <hr size="1"/>
            
            <div class="stdout"><i>Stdout</i><br/>
                <pre></pre></div>
            <hr size="1"/>
            <div class="stderr"><i>Stderr</i><br/>
                <pre></pre></div>
        </div>
    </a>
        
    <a name="436fab44-1a86-4f5d-b446-a6d8ac26e5e6">
        <div class="testcase">
            <div class="details">
                <span class="testname"><b>fillBlanks() fills blanks</b></span><br/>
                <span class="testclassname">tests/suites/utils</span><br/>
                <span class="duration">Time Taken: 0.0s</span>
            </div>
            None
            
            <hr size="1"/>
            
            <div class="stdout"><i>Stdout</i><br/>
                <pre></pre></div>
            <hr size="1"/>
            <div class="stderr"><i>Stderr</i><br/>
                <pre></pre></div>
        </div>
    </a>
        
            </div>
        </div>
        </a>
        
            </div>
        </div>
        
        <div class="testsuite">
            <h2>Test Suite: getPropertyPath() tests</h2><a name="0f73bf26-19ea-4a07-bd1d-a5668b8cb5bc">
            Package: tests/suites/utils<br/>
            
            <table>
            <tr><th align="left">Duration</th><td align="right">0.002 sec</td></tr>
            <tr><th align="left">Test Cases</th><td align="right">7</td></tr>
            <tr><th align="left">Failures</th><td align="right">0</td></tr>
            </table>
            <a name="toc"></a>
            <h2>Results Index</h2>
            
        <ul>
            
            
            <li>All Test Classes
            <ul>
            <li>
                <a href="#37f27951-ea8d-4987-939e-d4079ec2b43c">tests/suites/utils</a>
                <ul>
                
                    <li>
                        <a href="#18dc1629-4378-47e7-9e8e-338195aa0eff">getPropertyPath() gets a property using a path</a>
                    </li>
                    
                    <li>
                        <a href="#0086d297-041d-4e05-ab95-fc5114446d2f">getPropertyPath() gets a property using a path</a>
                    </li>
                    
                    <li>
                        <a href="#9c140d0c-5eda-40df-9577-ba2f4a2fc761">getPropertyPath() gets a property using a path</a>
                    </li>
                    
                    <li>
                        <a href="#fb3328f5-e763-4f8d-9909-b2cb0e17f08d">getPropertyPath() gets a property using a path</a>
                    </li>
                    
                    <li>
                        <a href="#32611b08-34c9-45f6-9e54-abdd1d059be0">getPropertyPath() gets a property using a path</a>
                    </li>
                    
                    <li>
                        <a href="#f0ade675-4d70-4ddd-80d5-8606696aa790">getPropertyPath() gets a property using a path</a>
                    </li>
                    
                    <li>
                        <a href="#92e097be-4311-4b98-98d7-f9bcc063eabd">getPropertyPath() gets a property using a path</a>
                    </li>
                    
                </ul>
            </li>
            </ul>
            </li>
        </ul>
        
            <hr size="2"/>
            <h2>Test Results</h2>
            <div class="testclasses">
            
        <hr size="2"/>
        <a name="37f27951-ea8d-4987-939e-d4079ec2b43c">
        <div class="testclass">
            <div>Test Class: tests/suites/utils</div>
            <div class="testcases">
            
    <a name="18dc1629-4378-47e7-9e8e-338195aa0eff">
        <div class="testcase">
            <div class="details">
                <span class="testname"><b>getPropertyPath() gets a property using a path</b></span><br/>
                <span class="testclassname">tests/suites/utils</span><br/>
                <span class="duration">Time Taken: 0.001s</span>
            </div>
            None
            
            <hr size="1"/>
            
            <div class="stdout"><i>Stdout</i><br/>
                <pre></pre></div>
            <hr size="1"/>
            <div class="stderr"><i>Stderr</i><br/>
                <pre></pre></div>
        </div>
    </a>
        
    <a name="0086d297-041d-4e05-ab95-fc5114446d2f">
        <div class="testcase">
            <div class="details">
                <span class="testname"><b>getPropertyPath() gets a property using a path</b></span><br/>
                <span class="testclassname">tests/suites/utils</span><br/>
                <span class="duration">Time Taken: 0.0s</span>
            </div>
            None
            
            <hr size="1"/>
            
            <div class="stdout"><i>Stdout</i><br/>
                <pre></pre></div>
            <hr size="1"/>
            <div class="stderr"><i>Stderr</i><br/>
                <pre></pre></div>
        </div>
    </a>
        
    <a name="9c140d0c-5eda-40df-9577-ba2f4a2fc761">
        <div class="testcase">
            <div class="details">
                <span class="testname"><b>getPropertyPath() gets a property using a path</b></span><br/>
                <span class="testclassname">tests/suites/utils</span><br/>
                <span class="duration">Time Taken: 0.0s</span>
            </div>
            None
            
            <hr size="1"/>
            
            <div class="stdout"><i>Stdout</i><br/>
                <pre></pre></div>
            <hr size="1"/>
            <div class="stderr"><i>Stderr</i><br/>
                <pre></pre></div>
        </div>
    </a>
        
    <a name="fb3328f5-e763-4f8d-9909-b2cb0e17f08d">
        <div class="testcase">
            <div class="details">
                <span class="testname"><b>getPropertyPath() gets a property using a path</b></span><br/>
                <span class="testclassname">tests/suites/utils</span><br/>
                <span class="duration">Time Taken: 0.0s</span>
            </div>
            None
            
            <hr size="1"/>
            
            <div class="stdout"><i>Stdout</i><br/>
                <pre></pre></div>
            <hr size="1"/>
            <div class="stderr"><i>Stderr</i><br/>
                <pre></pre></div>
        </div>
    </a>
        
    <a name="32611b08-34c9-45f6-9e54-abdd1d059be0">
        <div class="testcase">
            <div class="details">
                <span class="testname"><b>getPropertyPath() gets a property using a path</b></span><br/>
                <span class="testclassname">tests/suites/utils</span><br/>
                <span class="duration">Time Taken: 0.0s</span>
            </div>
            None
            
            <hr size="1"/>
            
            <div class="stdout"><i>Stdout</i><br/>
                <pre></pre></div>
            <hr size="1"/>
            <div class="stderr"><i>Stderr</i><br/>
                <pre></pre></div>
        </div>
    </a>
        
    <a name="f0ade675-4d70-4ddd-80d5-8606696aa790">
        <div class="testcase">
            <div class="details">
                <span class="testname"><b>getPropertyPath() gets a property using a path</b></span><br/>
                <span class="testclassname">tests/suites/utils</span><br/>
                <span class="duration">Time Taken: 0.001s</span>
            </div>
            None
            
            <hr size="1"/>
            
            <div class="stdout"><i>Stdout</i><br/>
                <pre></pre></div>
            <hr size="1"/>
            <div class="stderr"><i>Stderr</i><br/>
                <pre></pre></div>
        </div>
    </a>
        
    <a name="92e097be-4311-4b98-98d7-f9bcc063eabd">
        <div class="testcase">
            <div class="details">
                <span class="testname"><b>getPropertyPath() gets a property using a path</b></span><br/>
                <span class="testclassname">tests/suites/utils</span><br/>
                <span class="duration">Time Taken: 0.0s</span>
            </div>
            None
            
            <hr size="1"/>
            
            <div class="stdout"><i>Stdout</i><br/>
                <pre></pre></div>
            <hr size="1"/>
            <div class="stderr"><i>Stderr</i><br/>
                <pre></pre></div>
        </div>
    </a>
        
            </div>
        </div>
        </a>
        
            </div>
        </div>
        
        <div class="testsuite">
            <h2>Test Suite: isArray() tests</h2><a name="e8728dd4-5e3e-4f3d-a95e-3402c5b1255a">
            Package: tests/suites/utils<br/>
            
            <table>
            <tr><th align="left">Duration</th><td align="right">0.0 sec</td></tr>
            <tr><th align="left">Test Cases</th><td align="right">3</td></tr>
            <tr><th align="left">Failures</th><td align="right">0</td></tr>
            </table>
            <a name="toc"></a>
            <h2>Results Index</h2>
            
        <ul>
            
            
            <li>All Test Classes
            <ul>
            <li>
                <a href="#550ae7e7-a9ff-4165-ac5e-069d27d04d68">tests/suites/utils</a>
                <ul>
                
                    <li>
                        <a href="#bbde0d39-e435-43f9-9d70-c6453e2922f8">isArray() checks for an Array</a>
                    </li>
                    
                    <li>
                        <a href="#7f39946e-4bee-441a-b40d-4e9a84987f45">isArray() checks for an Array</a>
                    </li>
                    
                    <li>
                        <a href="#f31e2119-9a30-4376-b182-96f6ae4c1da3">isArray() checks for an Array</a>
                    </li>
                    
                </ul>
            </li>
            </ul>
            </li>
        </ul>
        
            <hr size="2"/>
            <h2>Test Results</h2>
            <div class="testclasses">
            
        <hr size="2"/>
        <a name="550ae7e7-a9ff-4165-ac5e-069d27d04d68">
        <div class="testclass">
            <div>Test Class: tests/suites/utils</div>
            <div class="testcases">
            
    <a name="bbde0d39-e435-43f9-9d70-c6453e2922f8">
        <div class="testcase">
            <div class="details">
                <span class="testname"><b>isArray() checks for an Array</b></span><br/>
                <span class="testclassname">tests/suites/utils</span><br/>
                <span class="duration">Time Taken: 0.0s</span>
            </div>
            None
            
            <hr size="1"/>
            
            <div class="stdout"><i>Stdout</i><br/>
                <pre></pre></div>
            <hr size="1"/>
            <div class="stderr"><i>Stderr</i><br/>
                <pre></pre></div>
        </div>
    </a>
        
    <a name="7f39946e-4bee-441a-b40d-4e9a84987f45">
        <div class="testcase">
            <div class="details">
                <span class="testname"><b>isArray() checks for an Array</b></span><br/>
                <span class="testclassname">tests/suites/utils</span><br/>
                <span class="duration">Time Taken: 0.0s</span>
            </div>
            None
            
            <hr size="1"/>
            
            <div class="stdout"><i>Stdout</i><br/>
                <pre></pre></div>
            <hr size="1"/>
            <div class="stderr"><i>Stderr</i><br/>
                <pre></pre></div>
        </div>
    </a>
        
    <a name="f31e2119-9a30-4376-b182-96f6ae4c1da3">
        <div class="testcase">
            <div class="details">
                <span class="testname"><b>isArray() checks for an Array</b></span><br/>
                <span class="testclassname">tests/suites/utils</span><br/>
                <span class="duration">Time Taken: 0.0s</span>
            </div>
            None
            
            <hr size="1"/>
            
            <div class="stdout"><i>Stdout</i><br/>
                <pre></pre></div>
            <hr size="1"/>
            <div class="stderr"><i>Stderr</i><br/>
                <pre></pre></div>
        </div>
    </a>
        
            </div>
        </div>
        </a>
        
            </div>
        </div>
        
        <div class="testsuite">
            <h2>Test Suite: isClipRect() tests</h2><a name="13a729d5-4790-4af3-8e39-dcdb289facc9">
            Package: tests/suites/utils<br/>
            
            <table>
            <tr><th align="left">Duration</th><td align="right">0.002 sec</td></tr>
            <tr><th align="left">Test Cases</th><td align="right">5</td></tr>
            <tr><th align="left">Failures</th><td align="right">0</td></tr>
            </table>
            <a name="toc"></a>
            <h2>Results Index</h2>
            
        <ul>
            
            
            <li>All Test Classes
            <ul>
            <li>
                <a href="#7d9b706d-2fcb-4593-9cf3-2530cc68f5d8">tests/suites/utils</a>
                <ul>
                
                    <li>
                        <a href="#a7bfe5d3-f4b4-44ec-988a-5f9d23af0ed7">isClipRect() checks for a ClipRect</a>
                    </li>
                    
                    <li>
                        <a href="#accfa14c-6aeb-41e0-a3aa-4169b50c6046">isClipRect() checks for a ClipRect</a>
                    </li>
                    
                    <li>
                        <a href="#d1016d8e-7fec-45a9-9070-d336ba66b405">isClipRect() checks for a ClipRect</a>
                    </li>
                    
                    <li>
                        <a href="#807e136c-13f3-4465-ae44-e9a1510479f2">isClipRect() checks for a ClipRect</a>
                    </li>
                    
                    <li>
                        <a href="#184d0dc1-1a9d-4c99-9ea0-6bde95e3a9ae">isClipRect() checks for a ClipRect</a>
                    </li>
                    
                </ul>
            </li>
            </ul>
            </li>
        </ul>
        
            <hr size="2"/>
            <h2>Test Results</h2>
            <div class="testclasses">
            
        <hr size="2"/>
        <a name="7d9b706d-2fcb-4593-9cf3-2530cc68f5d8">
        <div class="testclass">
            <div>Test Class: tests/suites/utils</div>
            <div class="testcases">
            
    <a name="a7bfe5d3-f4b4-44ec-988a-5f9d23af0ed7">
        <div class="testcase">
            <div class="details">
                <span class="testname"><b>isClipRect() checks for a ClipRect</b></span><br/>
                <span class="testclassname">tests/suites/utils</span><br/>
                <span class="duration">Time Taken: 0.001s</span>
            </div>
            None
            
            <hr size="1"/>
            
            <div class="stdout"><i>Stdout</i><br/>
                <pre></pre></div>
            <hr size="1"/>
            <div class="stderr"><i>Stderr</i><br/>
                <pre></pre></div>
        </div>
    </a>
        
    <a name="accfa14c-6aeb-41e0-a3aa-4169b50c6046">
        <div class="testcase">
            <div class="details">
                <span class="testname"><b>isClipRect() checks for a ClipRect</b></span><br/>
                <span class="testclassname">tests/suites/utils</span><br/>
                <span class="duration">Time Taken: 0.0s</span>
            </div>
            None
            
            <hr size="1"/>
            
            <div class="stdout"><i>Stdout</i><br/>
                <pre></pre></div>
            <hr size="1"/>
            <div class="stderr"><i>Stderr</i><br/>
                <pre></pre></div>
        </div>
    </a>
        
    <a name="d1016d8e-7fec-45a9-9070-d336ba66b405">
        <div class="testcase">
            <div class="details">
                <span class="testname"><b>isClipRect() checks for a ClipRect</b></span><br/>
                <span class="testclassname">tests/suites/utils</span><br/>
                <span class="duration">Time Taken: 0.0s</span>
            </div>
            None
            
            <hr size="1"/>
            
            <div class="stdout"><i>Stdout</i><br/>
                <pre></pre></div>
            <hr size="1"/>
            <div class="stderr"><i>Stderr</i><br/>
                <pre></pre></div>
        </div>
    </a>
        
    <a name="807e136c-13f3-4465-ae44-e9a1510479f2">
        <div class="testcase">
            <div class="details">
                <span class="testname"><b>isClipRect() checks for a ClipRect</b></span><br/>
                <span class="testclassname">tests/suites/utils</span><br/>
                <span class="duration">Time Taken: 0.0s</span>
            </div>
            None
            
            <hr size="1"/>
            
            <div class="stdout"><i>Stdout</i><br/>
                <pre></pre></div>
            <hr size="1"/>
            <div class="stderr"><i>Stderr</i><br/>
                <pre></pre></div>
        </div>
    </a>
        
    <a name="184d0dc1-1a9d-4c99-9ea0-6bde95e3a9ae">
        <div class="testcase">
            <div class="details">
                <span class="testname"><b>isClipRect() checks for a ClipRect</b></span><br/>
                <span class="testclassname">tests/suites/utils</span><br/>
                <span class="duration">Time Taken: 0.001s</span>
            </div>
            None
            
            <hr size="1"/>
            
            <div class="stdout"><i>Stdout</i><br/>
                <pre></pre></div>
            <hr size="1"/>
            <div class="stderr"><i>Stderr</i><br/>
                <pre></pre></div>
        </div>
    </a>
        
            </div>
        </div>
        </a>
        
            </div>
        </div>
        
        <div class="testsuite">
            <h2>Test Suite: isHTTPResource() tests</h2><a name="44b85cdd-dd37-4e15-b7b4-c5a9d4762398">
            Package: tests/suites/utils<br/>
            
            <table>
            <tr><th align="left">Duration</th><td align="right">0.001 sec</td></tr>
            <tr><th align="left">Test Cases</th><td align="right">6</td></tr>
            <tr><th align="left">Failures</th><td align="right">0</td></tr>
            </table>
            <a name="toc"></a>
            <h2>Results Index</h2>
            
        <ul>
            
            
            <li>All Test Classes
            <ul>
            <li>
                <a href="#2d2805ef-54cb-44de-96c6-033cabaf22c0">tests/suites/utils</a>
                <ul>
                
                    <li>
                        <a href="#a8f3fae0-423f-4776-8562-0b9b8673e7b2">isHTTPResource() checks for an HTTP resource</a>
                    </li>
                    
                    <li>
                        <a href="#5059c0a9-2157-4eb3-85b6-8a4f29cc9c6a">isHTTPResource() checks for an HTTP resource</a>
                    </li>
                    
                    <li>
                        <a href="#841ec201-a03a-4e7a-8dfc-adba3b714550">isHTTPResource() checks for an HTTP resource</a>
                    </li>
                    
                    <li>
                        <a href="#bc227b21-052c-42eb-8c90-7545fa20e2a3">isHTTPResource() checks for an HTTP resource</a>
                    </li>
                    
                    <li>
                        <a href="#45ac5a11-6164-43fa-b985-1620b29f0964">isHTTPResource() checks for an HTTP resource</a>
                    </li>
                    
                    <li>
                        <a href="#f7db33bd-48dc-42c7-a85c-862f66953823">isHTTPResource() checks for an HTTP resource</a>
                    </li>
                    
                </ul>
            </li>
            </ul>
            </li>
        </ul>
        
            <hr size="2"/>
            <h2>Test Results</h2>
            <div class="testclasses">
            
        <hr size="2"/>
        <a name="2d2805ef-54cb-44de-96c6-033cabaf22c0">
        <div class="testclass">
            <div>Test Class: tests/suites/utils</div>
            <div class="testcases">
            
    <a name="a8f3fae0-423f-4776-8562-0b9b8673e7b2">
        <div class="testcase">
            <div class="details">
                <span class="testname"><b>isHTTPResource() checks for an HTTP resource</b></span><br/>
                <span class="testclassname">tests/suites/utils</span><br/>
                <span class="duration">Time Taken: 0.0s</span>
            </div>
            None
            
            <hr size="1"/>
            
            <div class="stdout"><i>Stdout</i><br/>
                <pre></pre></div>
            <hr size="1"/>
            <div class="stderr"><i>Stderr</i><br/>
                <pre></pre></div>
        </div>
    </a>
        
    <a name="5059c0a9-2157-4eb3-85b6-8a4f29cc9c6a">
        <div class="testcase">
            <div class="details">
                <span class="testname"><b>isHTTPResource() checks for an HTTP resource</b></span><br/>
                <span class="testclassname">tests/suites/utils</span><br/>
                <span class="duration">Time Taken: 0.0s</span>
            </div>
            None
            
            <hr size="1"/>
            
            <div class="stdout"><i>Stdout</i><br/>
                <pre></pre></div>
            <hr size="1"/>
            <div class="stderr"><i>Stderr</i><br/>
                <pre></pre></div>
        </div>
    </a>
        
    <a name="841ec201-a03a-4e7a-8dfc-adba3b714550">
        <div class="testcase">
            <div class="details">
                <span class="testname"><b>isHTTPResource() checks for an HTTP resource</b></span><br/>
                <span class="testclassname">tests/suites/utils</span><br/>
                <span class="duration">Time Taken: 0.0s</span>
            </div>
            None
            
            <hr size="1"/>
            
            <div class="stdout"><i>Stdout</i><br/>
                <pre></pre></div>
            <hr size="1"/>
            <div class="stderr"><i>Stderr</i><br/>
                <pre></pre></div>
        </div>
    </a>
        
    <a name="bc227b21-052c-42eb-8c90-7545fa20e2a3">
        <div class="testcase">
            <div class="details">
                <span class="testname"><b>isHTTPResource() checks for an HTTP resource</b></span><br/>
                <span class="testclassname">tests/suites/utils</span><br/>
                <span class="duration">Time Taken: 0.0s</span>
            </div>
            None
            
            <hr size="1"/>
            
            <div class="stdout"><i>Stdout</i><br/>
                <pre></pre></div>
            <hr size="1"/>
            <div class="stderr"><i>Stderr</i><br/>
                <pre></pre></div>
        </div>
    </a>
        
    <a name="45ac5a11-6164-43fa-b985-1620b29f0964">
        <div class="testcase">
            <div class="details">
                <span class="testname"><b>isHTTPResource() checks for an HTTP resource</b></span><br/>
                <span class="testclassname">tests/suites/utils</span><br/>
                <span class="duration">Time Taken: 0.001s</span>
            </div>
            None
            
            <hr size="1"/>
            
            <div class="stdout"><i>Stdout</i><br/>
                <pre></pre></div>
            <hr size="1"/>
            <div class="stderr"><i>Stderr</i><br/>
                <pre></pre></div>
        </div>
    </a>
        
    <a name="f7db33bd-48dc-42c7-a85c-862f66953823">
        <div class="testcase">
            <div class="details">
                <span class="testname"><b>isHTTPResource() checks for an HTTP resource</b></span><br/>
                <span class="testclassname">tests/suites/utils</span><br/>
                <span class="duration">Time Taken: 0.0s</span>
            </div>
            None
            
            <hr size="1"/>
            
            <div class="stdout"><i>Stdout</i><br/>
                <pre></pre></div>
            <hr size="1"/>
            <div class="stderr"><i>Stderr</i><br/>
                <pre></pre></div>
        </div>
    </a>
        
            </div>
        </div>
        </a>
        
            </div>
        </div>
        
        <div class="testsuite">
            <h2>Test Suite: isObject() tests</h2><a name="4cfa23b8-b137-4625-aaa5-070e0218c639">
            Package: tests/suites/utils<br/>
            
            <table>
            <tr><th align="left">Duration</th><td align="right">0.004 sec</td></tr>
            <tr><th align="left">Test Cases</th><td align="right">8</td></tr>
            <tr><th align="left">Failures</th><td align="right">0</td></tr>
            </table>
            <a name="toc"></a>
            <h2>Results Index</h2>
            
        <ul>
            
            
            <li>All Test Classes
            <ul>
            <li>
                <a href="#1dd48e0b-bfc0-4c1b-a73c-8e3cd9c622ca">tests/suites/utils</a>
                <ul>
                
                    <li>
                        <a href="#ca8d6031-50ad-4b34-a3bd-8fbfa24c6e0c">isObject() checks for an Object</a>
                    </li>
                    
                    <li>
                        <a href="#caf0fbe3-12f8-4bf0-90d2-52195a4fb669">isObject() checks for an Object</a>
                    </li>
                    
                    <li>
                        <a href="#068575a3-0e01-43f7-9834-9338f3559652">isObject() checks for an Object</a>
                    </li>
                    
                    <li>
                        <a href="#c39520e1-9dfe-46b6-89b5-53ed9c1b7882">isObject() checks for an Object</a>
                    </li>
                    
                    <li>
                        <a href="#e5377a75-3c15-44d3-a706-6c1ad1cb607f">isObject() checks for an Object</a>
                    </li>
                    
                    <li>
                        <a href="#e53099ca-5811-4974-b005-56b04815768f">isObject() checks for an Object</a>
                    </li>
                    
                    <li>
                        <a href="#84f3f0f8-0828-42ca-8cfd-ce950629e369">isObject() checks for an Object</a>
                    </li>
                    
                    <li>
                        <a href="#16a30faa-fa06-4d8c-baab-2d2e37cebf05">isObject() checks for an Object</a>
                    </li>
                    
                </ul>
            </li>
            </ul>
            </li>
        </ul>
        
            <hr size="2"/>
            <h2>Test Results</h2>
            <div class="testclasses">
            
        <hr size="2"/>
        <a name="1dd48e0b-bfc0-4c1b-a73c-8e3cd9c622ca">
        <div class="testclass">
            <div>Test Class: tests/suites/utils</div>
            <div class="testcases">
            
    <a name="ca8d6031-50ad-4b34-a3bd-8fbfa24c6e0c">
        <div class="testcase">
            <div class="details">
                <span class="testname"><b>isObject() checks for an Object</b></span><br/>
                <span class="testclassname">tests/suites/utils</span><br/>
                <span class="duration">Time Taken: 0.0s</span>
            </div>
            None
            
            <hr size="1"/>
            
            <div class="stdout"><i>Stdout</i><br/>
                <pre></pre></div>
            <hr size="1"/>
            <div class="stderr"><i>Stderr</i><br/>
                <pre></pre></div>
        </div>
    </a>
        
    <a name="caf0fbe3-12f8-4bf0-90d2-52195a4fb669">
        <div class="testcase">
            <div class="details">
                <span class="testname"><b>isObject() checks for an Object</b></span><br/>
                <span class="testclassname">tests/suites/utils</span><br/>
                <span class="duration">Time Taken: 0.0s</span>
            </div>
            None
            
            <hr size="1"/>
            
            <div class="stdout"><i>Stdout</i><br/>
                <pre></pre></div>
            <hr size="1"/>
            <div class="stderr"><i>Stderr</i><br/>
                <pre></pre></div>
        </div>
    </a>
        
    <a name="068575a3-0e01-43f7-9834-9338f3559652">
        <div class="testcase">
            <div class="details">
                <span class="testname"><b>isObject() checks for an Object</b></span><br/>
                <span class="testclassname">tests/suites/utils</span><br/>
                <span class="duration">Time Taken: 0.001s</span>
            </div>
            None
            
            <hr size="1"/>
            
            <div class="stdout"><i>Stdout</i><br/>
                <pre></pre></div>
            <hr size="1"/>
            <div class="stderr"><i>Stderr</i><br/>
                <pre></pre></div>
        </div>
    </a>
        
    <a name="c39520e1-9dfe-46b6-89b5-53ed9c1b7882">
        <div class="testcase">
            <div class="details">
                <span class="testname"><b>isObject() checks for an Object</b></span><br/>
                <span class="testclassname">tests/suites/utils</span><br/>
                <span class="duration">Time Taken: 0.0s</span>
            </div>
            None
            
            <hr size="1"/>
            
            <div class="stdout"><i>Stdout</i><br/>
                <pre></pre></div>
            <hr size="1"/>
            <div class="stderr"><i>Stderr</i><br/>
                <pre></pre></div>
        </div>
    </a>
        
    <a name="e5377a75-3c15-44d3-a706-6c1ad1cb607f">
        <div class="testcase">
            <div class="details">
                <span class="testname"><b>isObject() checks for an Object</b></span><br/>
                <span class="testclassname">tests/suites/utils</span><br/>
                <span class="duration">Time Taken: 0.0s</span>
            </div>
            None
            
            <hr size="1"/>
            
            <div class="stdout"><i>Stdout</i><br/>
                <pre></pre></div>
            <hr size="1"/>
            <div class="stderr"><i>Stderr</i><br/>
                <pre></pre></div>
        </div>
    </a>
        
    <a name="e53099ca-5811-4974-b005-56b04815768f">
        <div class="testcase">
            <div class="details">
                <span class="testname"><b>isObject() checks for an Object</b></span><br/>
                <span class="testclassname">tests/suites/utils</span><br/>
                <span class="duration">Time Taken: 0.0s</span>
            </div>
            None
            
            <hr size="1"/>
            
            <div class="stdout"><i>Stdout</i><br/>
                <pre></pre></div>
            <hr size="1"/>
            <div class="stderr"><i>Stderr</i><br/>
                <pre></pre></div>
        </div>
    </a>
        
    <a name="84f3f0f8-0828-42ca-8cfd-ce950629e369">
        <div class="testcase">
            <div class="details">
                <span class="testname"><b>isObject() checks for an Object</b></span><br/>
                <span class="testclassname">tests/suites/utils</span><br/>
                <span class="duration">Time Taken: 0.002s</span>
            </div>
            None
            
            <hr size="1"/>
            
            <div class="stdout"><i>Stdout</i><br/>
                <pre></pre></div>
            <hr size="1"/>
            <div class="stderr"><i>Stderr</i><br/>
                <pre></pre></div>
        </div>
    </a>
        
    <a name="16a30faa-fa06-4d8c-baab-2d2e37cebf05">
        <div class="testcase">
            <div class="details">
                <span class="testname"><b>isObject() checks for an Object</b></span><br/>
                <span class="testclassname">tests/suites/utils</span><br/>
                <span class="duration">Time Taken: 0.001s</span>
            </div>
            None
            
            <hr size="1"/>
            
            <div class="stdout"><i>Stdout</i><br/>
                <pre></pre></div>
            <hr size="1"/>
            <div class="stderr"><i>Stderr</i><br/>
                <pre></pre></div>
        </div>
    </a>
        
            </div>
        </div>
        </a>
        
            </div>
        </div>
        
        <div class="testsuite">
            <h2>Test Suite: isValidSelector() tests</h2><a name="5939c018-b5b3-4941-a901-bbc8d812aedc">
            Package: tests/suites/utils<br/>
            
            <table>
            <tr><th align="left">Duration</th><td align="right">0.002 sec</td></tr>
            <tr><th align="left">Test Cases</th><td align="right">10</td></tr>
            <tr><th align="left">Failures</th><td align="right">0</td></tr>
            </table>
            <a name="toc"></a>
            <h2>Results Index</h2>
            
        <ul>
            
            
            <li>All Test Classes
            <ul>
            <li>
                <a href="#c716e07d-5599-4c9d-a6c2-96298d554740">tests/suites/utils</a>
                <ul>
                
                    <li>
                        <a href="#0b1e633f-fbf5-4b7a-b6c9-69579fa34aac">isValidSelector() checks for a valid selector</a>
                    </li>
                    
                    <li>
                        <a href="#3cf9dffb-a9b8-484a-ac82-5712dcc52b9d">isValidSelector() checks for a valid selector</a>
                    </li>
                    
                    <li>
                        <a href="#0ccad4bf-afe9-4a54-811a-40b2b7db7fda">isValidSelector() checks for a valid selector</a>
                    </li>
                    
                    <li>
                        <a href="#a8b77ba5-879e-4a03-b5ec-ca568136ff72">isValidSelector() checks for a valid selector</a>
                    </li>
                    
                    <li>
                        <a href="#c6e184cc-4673-4374-b581-7d7a6d97d371">isValidSelector() checks for a valid selector</a>
                    </li>
                    
                    <li>
                        <a href="#d1d6ac3e-45c5-472c-9265-bc636b98beaf">isValidSelector() checks for a valid selector</a>
                    </li>
                    
                    <li>
                        <a href="#214d6c01-6a49-4407-9a06-cdeb9d89cd9d">isValidSelector() checks for a valid selector</a>
                    </li>
                    
                    <li>
                        <a href="#944183fb-22e2-4373-b4d1-cb46240e69b9">isValidSelector() checks for a valid selector</a>
                    </li>
                    
                    <li>
                        <a href="#1b45195f-c629-4f4c-b254-1f547d47623a">isValidSelector() checks for a valid selector</a>
                    </li>
                    
                    <li>
                        <a href="#cffa615a-c627-4b20-8474-7219679f3964">isValidSelector() checks for a valid selector</a>
                    </li>
                    
                </ul>
            </li>
            </ul>
            </li>
        </ul>
        
            <hr size="2"/>
            <h2>Test Results</h2>
            <div class="testclasses">
            
        <hr size="2"/>
        <a name="c716e07d-5599-4c9d-a6c2-96298d554740">
        <div class="testclass">
            <div>Test Class: tests/suites/utils</div>
            <div class="testcases">
            
    <a name="0b1e633f-fbf5-4b7a-b6c9-69579fa34aac">
        <div class="testcase">
            <div class="details">
                <span class="testname"><b>isValidSelector() checks for a valid selector</b></span><br/>
                <span class="testclassname">tests/suites/utils</span><br/>
                <span class="duration">Time Taken: 0.0s</span>
            </div>
            None
            
            <hr size="1"/>
            
            <div class="stdout"><i>Stdout</i><br/>
                <pre></pre></div>
            <hr size="1"/>
            <div class="stderr"><i>Stderr</i><br/>
                <pre></pre></div>
        </div>
    </a>
        
    <a name="3cf9dffb-a9b8-484a-ac82-5712dcc52b9d">
        <div class="testcase">
            <div class="details">
                <span class="testname"><b>isValidSelector() checks for a valid selector</b></span><br/>
                <span class="testclassname">tests/suites/utils</span><br/>
                <span class="duration">Time Taken: 0.0s</span>
            </div>
            None
            
            <hr size="1"/>
            
            <div class="stdout"><i>Stdout</i><br/>
                <pre></pre></div>
            <hr size="1"/>
            <div class="stderr"><i>Stderr</i><br/>
                <pre></pre></div>
        </div>
    </a>
        
    <a name="0ccad4bf-afe9-4a54-811a-40b2b7db7fda">
        <div class="testcase">
            <div class="details">
                <span class="testname"><b>isValidSelector() checks for a valid selector</b></span><br/>
                <span class="testclassname">tests/suites/utils</span><br/>
                <span class="duration">Time Taken: 0.001s</span>
            </div>
            None
            
            <hr size="1"/>
            
            <div class="stdout"><i>Stdout</i><br/>
                <pre></pre></div>
            <hr size="1"/>
            <div class="stderr"><i>Stderr</i><br/>
                <pre></pre></div>
        </div>
    </a>
        
    <a name="a8b77ba5-879e-4a03-b5ec-ca568136ff72">
        <div class="testcase">
            <div class="details">
                <span class="testname"><b>isValidSelector() checks for a valid selector</b></span><br/>
                <span class="testclassname">tests/suites/utils</span><br/>
                <span class="duration">Time Taken: 0.0s</span>
            </div>
            None
            
            <hr size="1"/>
            
            <div class="stdout"><i>Stdout</i><br/>
                <pre></pre></div>
            <hr size="1"/>
            <div class="stderr"><i>Stderr</i><br/>
                <pre></pre></div>
        </div>
    </a>
        
    <a name="c6e184cc-4673-4374-b581-7d7a6d97d371">
        <div class="testcase">
            <div class="details">
                <span class="testname"><b>isValidSelector() checks for a valid selector</b></span><br/>
                <span class="testclassname">tests/suites/utils</span><br/>
                <span class="duration">Time Taken: 0.0s</span>
            </div>
            None
            
            <hr size="1"/>
            
            <div class="stdout"><i>Stdout</i><br/>
                <pre></pre></div>
            <hr size="1"/>
            <div class="stderr"><i>Stderr</i><br/>
                <pre></pre></div>
        </div>
    </a>
        
    <a name="d1d6ac3e-45c5-472c-9265-bc636b98beaf">
        <div class="testcase">
            <div class="details">
                <span class="testname"><b>isValidSelector() checks for a valid selector</b></span><br/>
                <span class="testclassname">tests/suites/utils</span><br/>
                <span class="duration">Time Taken: 0.0s</span>
            </div>
            None
            
            <hr size="1"/>
            
            <div class="stdout"><i>Stdout</i><br/>
                <pre></pre></div>
            <hr size="1"/>
            <div class="stderr"><i>Stderr</i><br/>
                <pre></pre></div>
        </div>
    </a>
        
    <a name="214d6c01-6a49-4407-9a06-cdeb9d89cd9d">
        <div class="testcase">
            <div class="details">
                <span class="testname"><b>isValidSelector() checks for a valid selector</b></span><br/>
                <span class="testclassname">tests/suites/utils</span><br/>
                <span class="duration">Time Taken: 0.0s</span>
            </div>
            None
            
            <hr size="1"/>
            
            <div class="stdout"><i>Stdout</i><br/>
                <pre></pre></div>
            <hr size="1"/>
            <div class="stderr"><i>Stderr</i><br/>
                <pre></pre></div>
        </div>
    </a>
        
    <a name="944183fb-22e2-4373-b4d1-cb46240e69b9">
        <div class="testcase">
            <div class="details">
                <span class="testname"><b>isValidSelector() checks for a valid selector</b></span><br/>
                <span class="testclassname">tests/suites/utils</span><br/>
                <span class="duration">Time Taken: 0.0s</span>
            </div>
            None
            
            <hr size="1"/>
            
            <div class="stdout"><i>Stdout</i><br/>
                <pre></pre></div>
            <hr size="1"/>
            <div class="stderr"><i>Stderr</i><br/>
                <pre></pre></div>
        </div>
    </a>
        
    <a name="1b45195f-c629-4f4c-b254-1f547d47623a">
        <div class="testcase">
            <div class="details">
                <span class="testname"><b>isValidSelector() checks for a valid selector</b></span><br/>
                <span class="testclassname">tests/suites/utils</span><br/>
                <span class="duration">Time Taken: 0.001s</span>
            </div>
            None
            
            <hr size="1"/>
            
            <div class="stdout"><i>Stdout</i><br/>
                <pre></pre></div>
            <hr size="1"/>
            <div class="stderr"><i>Stderr</i><br/>
                <pre></pre></div>
        </div>
    </a>
        
    <a name="cffa615a-c627-4b20-8474-7219679f3964">
        <div class="testcase">
            <div class="details">
                <span class="testname"><b>isValidSelector() checks for a valid selector</b></span><br/>
                <span class="testclassname">tests/suites/utils</span><br/>
                <span class="duration">Time Taken: 0.0s</span>
            </div>
            None
            
            <hr size="1"/>
            
            <div class="stdout"><i>Stdout</i><br/>
                <pre></pre></div>
            <hr size="1"/>
            <div class="stderr"><i>Stderr</i><br/>
                <pre></pre></div>
        </div>
    </a>
        
            </div>
        </div>
        </a>
        
            </div>
        </div>
        
        <div class="testsuite">
            <h2>Test Suite: isWebPage() tests</h2><a name="87e3224e-06e5-4c44-9be1-908b29ef35c7">
            Package: tests/suites/utils<br/>
            
            <table>
            <tr><th align="left">Duration</th><td align="right">0.002 sec</td></tr>
            <tr><th align="left">Test Cases</th><td align="right">3</td></tr>
            <tr><th align="left">Failures</th><td align="right">0</td></tr>
            </table>
            <a name="toc"></a>
            <h2>Results Index</h2>
            
        <ul>
            
            
            <li>All Test Classes
            <ul>
            <li>
                <a href="#0fb07d20-758a-4cf6-83c0-7b8805d2358c">tests/suites/utils</a>
                <ul>
                
                    <li>
                        <a href="#b170b28e-a7df-4c6e-9f39-3896cd335819">isWebPage() checks for a WebPage instance</a>
                    </li>
                    
                    <li>
                        <a href="#f4dcb205-2e4d-4972-a768-023d6ab851cb">isWebPage() checks for a WebPage instance</a>
                    </li>
                    
                    <li>
                        <a href="#a278c0f8-759a-420a-8047-123e7aef28de">isWebPage() checks for a WebPage instance</a>
                    </li>
                    
                </ul>
            </li>
            </ul>
            </li>
        </ul>
        
            <hr size="2"/>
            <h2>Test Results</h2>
            <div class="testclasses">
            
        <hr size="2"/>
        <a name="0fb07d20-758a-4cf6-83c0-7b8805d2358c">
        <div class="testclass">
            <div>Test Class: tests/suites/utils</div>
            <div class="testcases">
            
    <a name="b170b28e-a7df-4c6e-9f39-3896cd335819">
        <div class="testcase">
            <div class="details">
                <span class="testname"><b>isWebPage() checks for a WebPage instance</b></span><br/>
                <span class="testclassname">tests/suites/utils</span><br/>
                <span class="duration">Time Taken: 0.0s</span>
            </div>
            None
            
            <hr size="1"/>
            
            <div class="stdout"><i>Stdout</i><br/>
                <pre></pre></div>
            <hr size="1"/>
            <div class="stderr"><i>Stderr</i><br/>
                <pre></pre></div>
        </div>
    </a>
        
    <a name="f4dcb205-2e4d-4972-a768-023d6ab851cb">
        <div class="testcase">
            <div class="details">
                <span class="testname"><b>isWebPage() checks for a WebPage instance</b></span><br/>
                <span class="testclassname">tests/suites/utils</span><br/>
                <span class="duration">Time Taken: 0.002s</span>
            </div>
            None
            
            <hr size="1"/>
            
            <div class="stdout"><i>Stdout</i><br/>
                <pre></pre></div>
            <hr size="1"/>
            <div class="stderr"><i>Stderr</i><br/>
                <pre></pre></div>
        </div>
    </a>
        
    <a name="a278c0f8-759a-420a-8047-123e7aef28de">
        <div class="testcase">
            <div class="details">
                <span class="testname"><b>isWebPage() checks for a WebPage instance</b></span><br/>
                <span class="testclassname">tests/suites/utils</span><br/>
                <span class="duration">Time Taken: 0.0s</span>
            </div>
            None
            
            <hr size="1"/>
            
            <div class="stdout"><i>Stdout</i><br/>
                <pre></pre></div>
            <hr size="1"/>
            <div class="stderr"><i>Stderr</i><br/>
                <pre></pre></div>
        </div>
    </a>
        
            </div>
        </div>
        </a>
        
            </div>
        </div>
        
        <div class="testsuite">
            <h2>Test Suite: isJsFile() tests</h2><a name="21d70213-6b1a-41bb-bff4-6b23a0ecf05b">
            Package: tests/suites/utils<br/>
            
            <table>
            <tr><th align="left">Duration</th><td align="right">0.001 sec</td></tr>
            <tr><th align="left">Test Cases</th><td align="right">5</td></tr>
            <tr><th align="left">Failures</th><td align="right">0</td></tr>
            </table>
            <a name="toc"></a>
            <h2>Results Index</h2>
            
        <ul>
            
            
            <li>All Test Classes
            <ul>
            <li>
                <a href="#aae28500-8680-472a-a6a3-33109992d45d">tests/suites/utils</a>
                <ul>
                
                    <li>
                        <a href="#7bf76ded-2cd5-4977-bfb2-67858cbcda53">isJsFile() checks for js file</a>
                    </li>
                    
                    <li>
                        <a href="#95bfd541-3c95-41d0-bd86-a4eb2976fac2">isJsFile() checks for js file</a>
                    </li>
                    
                    <li>
                        <a href="#193a3a0a-0606-4b93-84e6-d3f12bc2bf7b">isJsFile() checks for js file</a>
                    </li>
                    
                    <li>
                        <a href="#ee90786d-1694-42a7-aa1a-725e61113765">isJsFile() checks for js file</a>
                    </li>
                    
                    <li>
                        <a href="#b4f6e8b7-a2f3-4590-a867-93b7322bae51">isJsFile() checks for js file</a>
                    </li>
                    
                </ul>
            </li>
            </ul>
            </li>
        </ul>
        
            <hr size="2"/>
            <h2>Test Results</h2>
            <div class="testclasses">
            
        <hr size="2"/>
        <a name="aae28500-8680-472a-a6a3-33109992d45d">
        <div class="testclass">
            <div>Test Class: tests/suites/utils</div>
            <div class="testcases">
            
    <a name="7bf76ded-2cd5-4977-bfb2-67858cbcda53">
        <div class="testcase">
            <div class="details">
                <span class="testname"><b>isJsFile() checks for js file</b></span><br/>
                <span class="testclassname">tests/suites/utils</span><br/>
                <span class="duration">Time Taken: 0.0s</span>
            </div>
            None
            
            <hr size="1"/>
            
            <div class="stdout"><i>Stdout</i><br/>
                <pre></pre></div>
            <hr size="1"/>
            <div class="stderr"><i>Stderr</i><br/>
                <pre></pre></div>
        </div>
    </a>
        
    <a name="95bfd541-3c95-41d0-bd86-a4eb2976fac2">
        <div class="testcase">
            <div class="details">
                <span class="testname"><b>isJsFile() checks for js file</b></span><br/>
                <span class="testclassname">tests/suites/utils</span><br/>
                <span class="duration">Time Taken: 0.0s</span>
            </div>
            None
            
            <hr size="1"/>
            
            <div class="stdout"><i>Stdout</i><br/>
                <pre></pre></div>
            <hr size="1"/>
            <div class="stderr"><i>Stderr</i><br/>
                <pre></pre></div>
        </div>
    </a>
        
    <a name="193a3a0a-0606-4b93-84e6-d3f12bc2bf7b">
        <div class="testcase">
            <div class="details">
                <span class="testname"><b>isJsFile() checks for js file</b></span><br/>
                <span class="testclassname">tests/suites/utils</span><br/>
                <span class="duration">Time Taken: 0.001s</span>
            </div>
            None
            
            <hr size="1"/>
            
            <div class="stdout"><i>Stdout</i><br/>
                <pre></pre></div>
            <hr size="1"/>
            <div class="stderr"><i>Stderr</i><br/>
                <pre></pre></div>
        </div>
    </a>
        
    <a name="ee90786d-1694-42a7-aa1a-725e61113765">
        <div class="testcase">
            <div class="details">
                <span class="testname"><b>isJsFile() checks for js file</b></span><br/>
                <span class="testclassname">tests/suites/utils</span><br/>
                <span class="duration">Time Taken: 0.0s</span>
            </div>
            None
            
            <hr size="1"/>
            
            <div class="stdout"><i>Stdout</i><br/>
                <pre></pre></div>
            <hr size="1"/>
            <div class="stderr"><i>Stderr</i><br/>
                <pre></pre></div>
        </div>
    </a>
        
    <a name="b4f6e8b7-a2f3-4590-a867-93b7322bae51">
        <div class="testcase">
            <div class="details">
                <span class="testname"><b>isJsFile() checks for js file</b></span><br/>
                <span class="testclassname">tests/suites/utils</span><br/>
                <span class="duration">Time Taken: 0.0s</span>
            </div>
            None
            
            <hr size="1"/>
            
            <div class="stdout"><i>Stdout</i><br/>
                <pre></pre></div>
            <hr size="1"/>
            <div class="stderr"><i>Stderr</i><br/>
                <pre></pre></div>
        </div>
    </a>
        
            </div>
        </div>
        </a>
        
            </div>
        </div>
        
        <div class="testsuite">
            <h2>Test Suite: mergeObjects() tests</h2><a name="5f851f4e-19e3-4e24-9297-a45f251e6310">
            Package: tests/suites/utils<br/>
            
            <table>
            <tr><th align="left">Duration</th><td align="right">0.002 sec</td></tr>
            <tr><th align="left">Test Cases</th><td align="right">5</td></tr>
            <tr><th align="left">Failures</th><td align="right">0</td></tr>
            </table>
            <a name="toc"></a>
            <h2>Results Index</h2>
            
        <ul>
            
            
            <li>All Test Classes
            <ul>
            <li>
                <a href="#c006a92e-bbe7-4338-b5ac-b24bdda13d5b">tests/suites/utils</a>
                <ul>
                
                    <li>
                        <a href="#5d95335c-3af7-4969-a520-351d7b84ff8a">mergeObjects() can merge objects</a>
                    </li>
                    
                    <li>
                        <a href="#d9a21428-4b97-455c-8b8c-038d1ba0f69a">mergeObjects() can merge objects</a>
                    </li>
                    
                    <li>
                        <a href="#9e62b0ae-89d6-4ef3-b013-0568486e25b9">mergeObjects() can merge objects</a>
                    </li>
                    
                    <li>
                        <a href="#d42d46b8-9a5d-4ac7-a05a-b947d01df473">mergeObjects() can merge objects</a>
                    </li>
                    
                    <li>
                        <a href="#15d395cd-3528-4428-949b-5eedb416d68c">mergeObjects() can merge objects</a>
                    </li>
                    
                </ul>
            </li>
            </ul>
            </li>
        </ul>
        
            <hr size="2"/>
            <h2>Test Results</h2>
            <div class="testclasses">
            
        <hr size="2"/>
        <a name="c006a92e-bbe7-4338-b5ac-b24bdda13d5b">
        <div class="testclass">
            <div>Test Class: tests/suites/utils</div>
            <div class="testcases">
            
    <a name="5d95335c-3af7-4969-a520-351d7b84ff8a">
        <div class="testcase">
            <div class="details">
                <span class="testname"><b>mergeObjects() can merge objects</b></span><br/>
                <span class="testclassname">tests/suites/utils</span><br/>
                <span class="duration">Time Taken: 0.001s</span>
            </div>
            None
            
            <hr size="1"/>
            
            <div class="stdout"><i>Stdout</i><br/>
                <pre></pre></div>
            <hr size="1"/>
            <div class="stderr"><i>Stderr</i><br/>
                <pre></pre></div>
        </div>
    </a>
        
    <a name="d9a21428-4b97-455c-8b8c-038d1ba0f69a">
        <div class="testcase">
            <div class="details">
                <span class="testname"><b>mergeObjects() can merge objects</b></span><br/>
                <span class="testclassname">tests/suites/utils</span><br/>
                <span class="duration">Time Taken: 0.0s</span>
            </div>
            None
            
            <hr size="1"/>
            
            <div class="stdout"><i>Stdout</i><br/>
                <pre></pre></div>
            <hr size="1"/>
            <div class="stderr"><i>Stderr</i><br/>
                <pre></pre></div>
        </div>
    </a>
        
    <a name="9e62b0ae-89d6-4ef3-b013-0568486e25b9">
        <div class="testcase">
            <div class="details">
                <span class="testname"><b>mergeObjects() can merge objects</b></span><br/>
                <span class="testclassname">tests/suites/utils</span><br/>
                <span class="duration">Time Taken: 0.0s</span>
            </div>
            None
            
            <hr size="1"/>
            
            <div class="stdout"><i>Stdout</i><br/>
                <pre></pre></div>
            <hr size="1"/>
            <div class="stderr"><i>Stderr</i><br/>
                <pre></pre></div>
        </div>
    </a>
        
    <a name="d42d46b8-9a5d-4ac7-a05a-b947d01df473">
        <div class="testcase">
            <div class="details">
                <span class="testname"><b>mergeObjects() can merge objects</b></span><br/>
                <span class="testclassname">tests/suites/utils</span><br/>
                <span class="duration">Time Taken: 0.0s</span>
            </div>
            None
            
            <hr size="1"/>
            
            <div class="stdout"><i>Stdout</i><br/>
                <pre></pre></div>
            <hr size="1"/>
            <div class="stderr"><i>Stderr</i><br/>
                <pre></pre></div>
        </div>
    </a>
        
    <a name="15d395cd-3528-4428-949b-5eedb416d68c">
        <div class="testcase">
            <div class="details">
                <span class="testname"><b>mergeObjects() can merge objects</b></span><br/>
                <span class="testclassname">tests/suites/utils</span><br/>
                <span class="duration">Time Taken: 0.001s</span>
            </div>
            None
            
            <hr size="1"/>
            
            <div class="stdout"><i>Stdout</i><br/>
                <pre></pre></div>
            <hr size="1"/>
            <div class="stderr"><i>Stderr</i><br/>
                <pre></pre></div>
        </div>
    </a>
        
            </div>
        </div>
        </a>
        
            </div>
        </div>
        
        <div class="testsuite">
            <h2>Test Suite: unique() tests</h2><a name="6e02569c-3512-4ea8-85fc-d8e47d1d5094">
            Package: tests/suites/utils<br/>
            
            <table>
            <tr><th align="left">Duration</th><td align="right">0.001 sec</td></tr>
            <tr><th align="left">Test Cases</th><td align="right">4</td></tr>
            <tr><th align="left">Failures</th><td align="right">0</td></tr>
            </table>
            <a name="toc"></a>
            <h2>Results Index</h2>
            
        <ul>
            
            
            <li>All Test Classes
            <ul>
            <li>
                <a href="#de875b90-ca78-4ed5-958a-017ca149d25c">tests/suites/utils</a>
                <ul>
                
                    <li>
                        <a href="#6d34e0b1-0190-4733-8662-7494b6e337a2">unique() computes unique values of an array</a>
                    </li>
                    
                    <li>
                        <a href="#da9cd3d1-47cf-4868-99b3-cd07262f338d">unique() computes unique values of an array</a>
                    </li>
                    
                    <li>
                        <a href="#a9eda8df-315c-4369-84e5-b4ee339c2a79">unique() computes unique values of an array</a>
                    </li>
                    
                    <li>
                        <a href="#d243c1a9-c2da-4932-b410-a5d39710a4d6">unique() computes unique values of an array</a>
                    </li>
                    
                </ul>
            </li>
            </ul>
            </li>
        </ul>
        
            <hr size="2"/>
            <h2>Test Results</h2>
            <div class="testclasses">
            
        <hr size="2"/>
        <a name="de875b90-ca78-4ed5-958a-017ca149d25c">
        <div class="testclass">
            <div>Test Class: tests/suites/utils</div>
            <div class="testcases">
            
    <a name="6d34e0b1-0190-4733-8662-7494b6e337a2">
        <div class="testcase">
            <div class="details">
                <span class="testname"><b>unique() computes unique values of an array</b></span><br/>
                <span class="testclassname">tests/suites/utils</span><br/>
                <span class="duration">Time Taken: 0.001s</span>
            </div>
            None
            
            <hr size="1"/>
            
            <div class="stdout"><i>Stdout</i><br/>
                <pre></pre></div>
            <hr size="1"/>
            <div class="stderr"><i>Stderr</i><br/>
                <pre></pre></div>
        </div>
    </a>
        
    <a name="da9cd3d1-47cf-4868-99b3-cd07262f338d">
        <div class="testcase">
            <div class="details">
                <span class="testname"><b>unique() computes unique values of an array</b></span><br/>
                <span class="testclassname">tests/suites/utils</span><br/>
                <span class="duration">Time Taken: 0.0s</span>
            </div>
            None
            
            <hr size="1"/>
            
            <div class="stdout"><i>Stdout</i><br/>
                <pre></pre></div>
            <hr size="1"/>
            <div class="stderr"><i>Stderr</i><br/>
                <pre></pre></div>
        </div>
    </a>
        
    <a name="a9eda8df-315c-4369-84e5-b4ee339c2a79">
        <div class="testcase">
            <div class="details">
                <span class="testname"><b>unique() computes unique values of an array</b></span><br/>
                <span class="testclassname">tests/suites/utils</span><br/>
                <span class="duration">Time Taken: 0.0s</span>
            </div>
            None
            
            <hr size="1"/>
            
            <div class="stdout"><i>Stdout</i><br/>
                <pre></pre></div>
            <hr size="1"/>
            <div class="stderr"><i>Stderr</i><br/>
                <pre></pre></div>
        </div>
    </a>
        
    <a name="d243c1a9-c2da-4932-b410-a5d39710a4d6">
        <div class="testcase">
            <div class="details">
                <span class="testname"><b>unique() computes unique values of an array</b></span><br/>
                <span class="testclassname">tests/suites/utils</span><br/>
                <span class="duration">Time Taken: 0.0s</span>
            </div>
            None
            
            <hr size="1"/>
            
            <div class="stdout"><i>Stdout</i><br/>
                <pre></pre></div>
            <hr size="1"/>
            <div class="stderr"><i>Stderr</i><br/>
                <pre></pre></div>
        </div>
    </a>
        
            </div>
        </div>
        </a>
        
            </div>
        </div>
        
        <div class="testsuite">
            <h2>Test Suite: XUnitReporter() initialization</h2><a name="ae996284-ec5b-4ad3-90c0-1900b5951511">
            Package: tests/suites/xunit<br/>
            
            <table>
            <tr><th align="left">Duration</th><td align="right">0.075 sec</td></tr>
            <tr><th align="left">Test Cases</th><td align="right">1</td></tr>
            <tr><th align="left">Failures</th><td align="right">0</td></tr>
            </table>
            <a name="toc"></a>
            <h2>Results Index</h2>
            
        <ul>
            
            
            <li>All Test Classes
            <ul>
            <li>
                <a href="#cf69973c-d30d-439c-bb1a-f351a1722512">tests/suites/xunit</a>
                <ul>
                
                    <li>
                        <a href="#dedd36fd-cab1-4199-8e89-705c19014c83">Subject is truthy</a>
                    </li>
                    
                </ul>
            </li>
            </ul>
            </li>
        </ul>
        
            <hr size="2"/>
            <h2>Test Results</h2>
            <div class="testclasses">
            
        <hr size="2"/>
        <a name="cf69973c-d30d-439c-bb1a-f351a1722512">
        <div class="testclass">
            <div>Test Class: tests/suites/xunit</div>
            <div class="testcases">
            
    <a name="dedd36fd-cab1-4199-8e89-705c19014c83">
        <div class="testcase">
            <div class="details">
                <span class="testname"><b>Subject is truthy</b></span><br/>
                <span class="testclassname">tests/suites/xunit</span><br/>
                <span class="duration">Time Taken: 0.075s</span>
            </div>
            None
            
            <hr size="1"/>
            
            <div class="stdout"><i>Stdout</i><br/>
                <pre></pre></div>
            <hr size="1"/>
            <div class="stderr"><i>Stderr</i><br/>
                <pre></pre></div>
        </div>
    </a>
        
            </div>
        </div>
        </a>
        
            </div>
        </div>
        
        <div class="testsuite">
            <h2>Test Suite: XUnitReporter() can hold test suites</h2><a name="96454a86-6647-4a0c-9a9e-cc17514ca257">
            Package: tests/suites/xunit<br/>
            
            <table>
            <tr><th align="left">Duration</th><td align="right">0.008 sec</td></tr>
            <tr><th align="left">Test Cases</th><td align="right">4</td></tr>
            <tr><th align="left">Failures</th><td align="right">0</td></tr>
            </table>
            <a name="toc"></a>
            <h2>Results Index</h2>
            
        <ul>
            
            
            <li>All Test Classes
            <ul>
            <li>
                <a href="#a070e5bd-9751-4fca-91bb-57b5fb46adc2">tests/suites/xunit</a>
                <ul>
                
                    <li>
                        <a href="#ad8bc854-1d1f-4760-8eea-02779405a23c">Evaluated function returns the expected value</a>
                    </li>
                    
                    <li>
                        <a href="#fdd4923f-57f3-47f7-8590-4a8041b7218a">Found an element matching: testsuites[duration]</a>
                    </li>
                    
                    <li>
                        <a href="#c245407d-d851-41c7-b666-d2bf4c5b4f01">Found an element matching: testsuite[name="foo"][package="foo"]</a>
                    </li>
                    
                    <li>
                        <a href="#55cef4d4-0997-425f-b46b-df2384141807">Found an element matching: testsuite[name="bar"][package="bar"]</a>
                    </li>
                    
                </ul>
            </li>
            </ul>
            </li>
        </ul>
        
            <hr size="2"/>
            <h2>Test Results</h2>
            <div class="testclasses">
            
        <hr size="2"/>
        <a name="a070e5bd-9751-4fca-91bb-57b5fb46adc2">
        <div class="testclass">
            <div>Test Class: tests/suites/xunit</div>
            <div class="testcases">
            
    <a name="ad8bc854-1d1f-4760-8eea-02779405a23c">
        <div class="testcase">
            <div class="details">
                <span class="testname"><b>Evaluated function returns the expected value</b></span><br/>
                <span class="testclassname">tests/suites/xunit</span><br/>
                <span class="duration">Time Taken: 0.007s</span>
            </div>
            None
            
            <hr size="1"/>
            
            <div class="stdout"><i>Stdout</i><br/>
                <pre></pre></div>
            <hr size="1"/>
            <div class="stderr"><i>Stderr</i><br/>
                <pre></pre></div>
        </div>
    </a>
        
    <a name="fdd4923f-57f3-47f7-8590-4a8041b7218a">
        <div class="testcase">
            <div class="details">
                <span class="testname"><b>Found an element matching: testsuites[duration]</b></span><br/>
                <span class="testclassname">tests/suites/xunit</span><br/>
                <span class="duration">Time Taken: 0.0s</span>
            </div>
            None
            
            <hr size="1"/>
            
            <div class="stdout"><i>Stdout</i><br/>
                <pre></pre></div>
            <hr size="1"/>
            <div class="stderr"><i>Stderr</i><br/>
                <pre></pre></div>
        </div>
    </a>
        
    <a name="c245407d-d851-41c7-b666-d2bf4c5b4f01">
        <div class="testcase">
            <div class="details">
                <span class="testname"><b>Found an element matching: testsuite[name="foo"][package="foo"]</b></span><br/>
                <span class="testclassname">tests/suites/xunit</span><br/>
                <span class="duration">Time Taken: 0.001s</span>
            </div>
            None
            
            <hr size="1"/>
            
            <div class="stdout"><i>Stdout</i><br/>
                <pre></pre></div>
            <hr size="1"/>
            <div class="stderr"><i>Stderr</i><br/>
                <pre></pre></div>
        </div>
    </a>
        
    <a name="55cef4d4-0997-425f-b46b-df2384141807">
        <div class="testcase">
            <div class="details">
                <span class="testname"><b>Found an element matching: testsuite[name="bar"][package="bar"]</b></span><br/>
                <span class="testclassname">tests/suites/xunit</span><br/>
                <span class="duration">Time Taken: 0.0s</span>
            </div>
            None
            
            <hr size="1"/>
            
            <div class="stdout"><i>Stdout</i><br/>
                <pre></pre></div>
            <hr size="1"/>
            <div class="stderr"><i>Stderr</i><br/>
                <pre></pre></div>
        </div>
    </a>
        
            </div>
        </div>
        </a>
        
            </div>
        </div>
        
        <div class="testsuite">
            <h2>Test Suite: XUnitReporter() can hold a suite with a succesful test</h2><a name="d9c2609b-dbfe-43b9-97bb-6aa45223bc51">
            Package: tests/suites/xunit<br/>
            
            <table>
            <tr><th align="left">Duration</th><td align="right">0.005 sec</td></tr>
            <tr><th align="left">Test Cases</th><td align="right">1</td></tr>
            <tr><th align="left">Failures</th><td align="right">0</td></tr>
            </table>
            <a name="toc"></a>
            <h2>Results Index</h2>
            
        <ul>
            
            
            <li>All Test Classes
            <ul>
            <li>
                <a href="#581541c3-7ec2-4965-9f43-54de428a2e1e">tests/suites/xunit</a>
                <ul>
                
                    <li>
                        <a href="#858da649-9634-4e39-bdcc-f28a44dbfd46">Found an element matching: testsuite[name="foo"][package="foo"][tests="1"][failures="0"] testcase[name="footext"]</a>
                    </li>
                    
                </ul>
            </li>
            </ul>
            </li>
        </ul>
        
            <hr size="2"/>
            <h2>Test Results</h2>
            <div class="testclasses">
            
        <hr size="2"/>
        <a name="581541c3-7ec2-4965-9f43-54de428a2e1e">
        <div class="testclass">
            <div>Test Class: tests/suites/xunit</div>
            <div class="testcases">
            
    <a name="858da649-9634-4e39-bdcc-f28a44dbfd46">
        <div class="testcase">
            <div class="details">
                <span class="testname"><b>Found an element matching: testsuite[name="foo"][package="foo"][tests="1"][failures="0"] testcase[name="footext"]</b></span><br/>
                <span class="testclassname">tests/suites/xunit</span><br/>
                <span class="duration">Time Taken: 0.005s</span>
            </div>
            None
            
            <hr size="1"/>
            
            <div class="stdout"><i>Stdout</i><br/>
                <pre></pre></div>
            <hr size="1"/>
            <div class="stderr"><i>Stderr</i><br/>
                <pre></pre></div>
        </div>
    </a>
        
            </div>
        </div>
        </a>
        
            </div>
        </div>
        
        <div class="testsuite">
            <h2>Test Suite: XUnitReporter() can handle a failed test</h2><a name="bfe74f7a-d14a-4dd4-a2c8-0f5cff2e775f">
            Package: tests/suites/xunit<br/>
            
            <table>
            <tr><th align="left">Duration</th><td align="right">0.005 sec</td></tr>
            <tr><th align="left">Test Cases</th><td align="right">1</td></tr>
            <tr><th align="left">Failures</th><td align="right">0</td></tr>
            </table>
            <a name="toc"></a>
            <h2>Results Index</h2>
            
        <ul>
            
            
            <li>All Test Classes
            <ul>
            <li>
                <a href="#3c3fb7ce-9b3d-4d29-b87a-a714228472ff">tests/suites/xunit</a>
                <ul>
                
                    <li>
                        <a href="#b22c413f-b9af-4e39-b64a-2c836bfc0439">Found an element matching: testsuite[name="foo"][package="foo"][tests="1"][failures="1"] testcase[name="footext"] failure[type="footype"]</a>
                    </li>
                    
                </ul>
            </li>
            </ul>
            </li>
        </ul>
        
            <hr size="2"/>
            <h2>Test Results</h2>
            <div class="testclasses">
            
        <hr size="2"/>
        <a name="3c3fb7ce-9b3d-4d29-b87a-a714228472ff">
        <div class="testclass">
            <div>Test Class: tests/suites/xunit</div>
            <div class="testcases">
            
    <a name="b22c413f-b9af-4e39-b64a-2c836bfc0439">
        <div class="testcase">
            <div class="details">
                <span class="testname"><b>Found an element matching: testsuite[name="foo"][package="foo"][tests="1"][failures="1"] testcase[name="footext"] failure[type="footype"]</b></span><br/>
                <span class="testclassname">tests/suites/xunit</span><br/>
                <span class="duration">Time Taken: 0.005s</span>
            </div>
            None
            
            <hr size="1"/>
            
            <div class="stdout"><i>Stdout</i><br/>
                <pre></pre></div>
            <hr size="1"/>
            <div class="stderr"><i>Stderr</i><br/>
                <pre></pre></div>
        </div>
    </a>
        
            </div>
        </div>
        </a>
        
            </div>
        </div>
        </body></html>